Arguments: 
  /usr/local/bin/node /usr/local/bin/yarn add -D uglifyjs-webpack-plugin

PATH: 
  /usr/local/bin:/usr/bin:/bin:/usr/sbin:/sbin

Yarn version: 
  1.17.3

Node version: 
  10.16.1

Platform: 
  darwin x64

Trace: 
  Error: getaddrinfo ENOTFOUND bnpm.byted.org bnpm.byted.org:80
      at GetAddrInfoReqWrap.onlookup [as oncomplete] (dns.js:56:26)

npm manifest: 
  {
    "name": "codes",
    "version": "1.0.0",
    "description": "",
    "main": "index.js",
    "dependencies": {},
    "devDependencies": {
      "eslint": "^5.16.0"
    },
    "scripts": {
      "test": "echo \"Error: no test specified\" && exit 1"
    },
    "repository": {
      "type": "git",
      "url": "git+https://github.com/LingLingxia/codes.git"
    },
    "author": "",
    "license": "ISC",
    "bugs": {
      "url": "https://github.com/LingLingxia/codes/issues"
    },
    "homepage": "https://github.com/LingLingxia/codes#readme"
  }

yarn manifest: 
  No manifest

Lockfile: 
  No lockfile
