2019-05-04 23:49:24 [INFO] pandownload version: 2.1.0 beta
2019-05-04 23:49:25 [WARN] aria2 websocket connection failed (127.0.0.1:6808), state: 3 (websocketpp.transport:7 - End of File)
	local close code: 1006 (Abnormal close), local close reason: End of File
	remote close code: 1006 (Abnormal close), remote close reason: 
2019-05-04 23:49:25 [WARN] rpc error (0): connection failed
2019-05-04 23:49:26 [WARN] rpc error (0): connection failed
2019-05-04 23:49:26 [INFO] aria2 websocket connection opened (127.0.0.1:6808)
2019-05-04 23:49:26 [INFO] aria2 version: 1.34.0
2019-05-04 23:49:26 [INFO] aria2 json-rpc path: http://token:pandownload@127.0.0.1:6808/jsonrpc
2019-05-04 23:49:26 [INFO] create main window
2019-05-04 23:49:27 [INFO] verify cookie (600)
2019-05-04 23:49:28 [INFO] user login success (4052464532): zji739
2019-05-04 23:54:27 [WARN] request error (0x200007c58): https://pan.baidu.com/share/list {"error_code":31832, "error_msg":"Unsupported open api"}
2019-05-05 03:50:21 [WARN] request error (0x200000001): https://pan.baidu.com/api/quota {"errno":1,"request_id":2879619373164231572}
2019-05-05 08:30:05 [WARN] request error (0x100000006): https://pan.baidu.com/api/quota 
2019-05-05 08:30:25 [WARN] request error (0x100000006): https://pan.baidu.com/api/quota 
2019-05-05 08:30:46 [WARN] request error (0x100000006): https://pan.baidu.com/api/quota 
2019-05-05 08:30:57 [WARN] account error (-1): http请求错误 0x6
2019-05-05 08:31:07 [WARN] request error (0x100000006): https://pan.baidu.com/api/quota 
2019-05-05 08:31:27 [WARN] request error (0x100000006): https://pan.baidu.com/api/quota 
2019-05-05 08:31:48 [WARN] request error (0x100000006): https://pan.baidu.com/api/quota 
2019-05-05 08:31:58 [WARN] account error (-1): http请求错误 0x6
2019-05-05 08:32:09 [WARN] request error (0x100000006): https://pan.baidu.com/api/quota 
2019-05-05 08:32:29 [WARN] request error (0x100000006): https://pan.baidu.com/api/quota 
2019-05-05 08:32:50 [WARN] request error (0x100000006): https://pan.baidu.com/api/quota 
2019-05-05 08:32:59 [WARN] account error (-1): http请求错误 0x6
2019-05-05 08:33:11 [WARN] request error (0x100000006): https://pan.baidu.com/api/quota 
2019-05-05 08:33:31 [WARN] request error (0x100000006): https://pan.baidu.com/api/quota 
2019-05-05 08:33:52 [WARN] request error (0x100000006): https://pan.baidu.com/api/quota 
2019-05-05 08:34:00 [WARN] account error (-1): http请求错误 0x6
2019-05-05 08:34:13 [WARN] request error (0x100000006): https://pan.baidu.com/api/quota 
2019-05-05 08:34:33 [WARN] request error (0x100000006): https://pan.baidu.com/api/quota 
2019-05-05 08:34:54 [WARN] request error (0x100000006): https://pan.baidu.com/api/quota 
2019-05-05 08:35:01 [WARN] account error (-1): http请求错误 0x6
2019-05-05 08:35:15 [WARN] request error (0x100000006): https://pan.baidu.com/api/quota 
2019-05-05 08:35:35 [WARN] request error (0x100000006): https://pan.baidu.com/api/quota 
2019-05-05 08:35:56 [WARN] request error (0x100000006): https://pan.baidu.com/api/quota 
2019-05-05 08:36:02 [WARN] account error (-1): http请求错误 0x6
2019-05-05 08:36:17 [WARN] request error (0x100000006): https://pan.baidu.com/api/quota 
2019-05-05 08:36:37 [WARN] request error (0x100000006): https://pan.baidu.com/api/quota 
2019-05-05 08:36:58 [WARN] request error (0x100000006): https://pan.baidu.com/api/quota 
2019-05-05 08:37:03 [WARN] account error (-1): http请求错误 0x6
2019-05-05 08:37:19 [WARN] request error (0x100000006): https://pan.baidu.com/api/quota 
2019-05-05 08:37:39 [WARN] request error (0x100000006): https://pan.baidu.com/api/quota 
2019-05-05 08:38:00 [WARN] request error (0x100000006): https://pan.baidu.com/api/quota 
2019-05-05 08:38:04 [WARN] account error (-1): http请求错误 0x6
2019-05-05 08:38:21 [WARN] request error (0x100000006): https://pan.baidu.com/api/quota 
2019-05-05 08:38:41 [WARN] request error (0x100000006): https://pan.baidu.com/api/quota 
2019-05-05 08:39:02 [WARN] request error (0x100000006): https://pan.baidu.com/api/quota 
2019-05-05 08:39:05 [WARN] account error (-1): http请求错误 0x6
2019-05-05 08:39:23 [WARN] request error (0x100000006): https://pan.baidu.com/api/quota 
2019-05-05 08:39:43 [WARN] request error (0x100000006): https://pan.baidu.com/api/quota 
2019-05-05 08:40:04 [WARN] request error (0x100000006): https://pan.baidu.com/api/quota 
2019-05-05 08:40:06 [WARN] account error (-1): http请求错误 0x6
2019-05-05 08:40:25 [WARN] request error (0x100000006): https://pan.baidu.com/api/quota 
2019-05-05 08:40:45 [WARN] request error (0x100000006): https://pan.baidu.com/api/quota 
2019-05-05 08:41:06 [WARN] request error (0x100000006): https://pan.baidu.com/api/quota 
2019-05-05 08:41:07 [WARN] account error (-1): http请求错误 0x6
2019-05-05 08:41:27 [WARN] request error (0x100000006): https://pan.baidu.com/api/quota 
2019-05-05 08:41:47 [WARN] request error (0x100000006): https://pan.baidu.com/api/quota 
2019-05-05 08:42:08 [WARN] account error (-1): http请求错误 0x6
2019-05-05 08:42:08 [WARN] request error (0x100000006): https://pan.baidu.com/api/quota 
2019-05-05 08:42:29 [WARN] request error (0x100000006): https://pan.baidu.com/api/quota 
2019-05-05 08:42:49 [WARN] request error (0x100000006): https://pan.baidu.com/api/quota 
2019-05-05 08:43:09 [WARN] account error (-1): http请求错误 0x6
2019-05-05 08:43:10 [WARN] request error (0x100000006): https://pan.baidu.com/api/quota 
2019-05-05 08:43:31 [WARN] request error (0x100000006): https://pan.baidu.com/api/quota 
2019-05-05 08:43:51 [WARN] request error (0x100000006): https://pan.baidu.com/api/quota 
2019-05-05 08:44:10 [WARN] account error (-1): http请求错误 0x6
2019-05-05 08:44:12 [WARN] request error (0x100000006): https://pan.baidu.com/api/quota 
2019-05-05 08:44:33 [WARN] request error (0x100000006): https://pan.baidu.com/api/quota 
2019-05-05 08:44:53 [WARN] request error (0x100000006): https://pan.baidu.com/api/quota 
2019-05-05 08:45:11 [WARN] account error (-1): http请求错误 0x6
2019-05-05 08:45:14 [WARN] request error (0x100000006): https://pan.baidu.com/api/quota 
2019-05-05 08:45:35 [WARN] request error (0x100000006): https://pan.baidu.com/api/quota 
2019-05-05 08:45:55 [WARN] request error (0x100000006): https://pan.baidu.com/api/quota 
2019-05-05 08:46:12 [WARN] account error (-1): http请求错误 0x6
2019-05-05 08:46:16 [WARN] request error (0x100000006): https://pan.baidu.com/api/quota 
2019-05-05 08:46:37 [WARN] request error (0x100000006): https://pan.baidu.com/api/quota 
2019-05-05 08:46:57 [WARN] request error (0x100000006): https://pan.baidu.com/api/quota 
2019-05-05 08:47:13 [WARN] account error (-1): http请求错误 0x6
2019-05-05 08:47:18 [WARN] request error (0x100000006): https://pan.baidu.com/api/quota 
2019-05-05 08:47:39 [WARN] request error (0x100000006): https://pan.baidu.com/api/quota 
2019-05-05 08:47:59 [WARN] request error (0x100000006): https://pan.baidu.com/api/quota 
2019-05-05 08:48:14 [WARN] account error (-1): http请求错误 0x6
2019-05-05 08:48:20 [WARN] request error (0x100000006): https://pan.baidu.com/api/quota 
2019-05-05 08:48:41 [WARN] request error (0x100000006): https://pan.baidu.com/api/quota 
2019-05-05 08:49:01 [WARN] request error (0x100000006): https://pan.baidu.com/api/quota 
2019-05-05 08:49:15 [WARN] account error (-1): http请求错误 0x6
2019-05-05 08:49:22 [WARN] request error (0x100000006): https://pan.baidu.com/api/quota 
2019-05-05 08:49:43 [WARN] request error (0x100000006): https://pan.baidu.com/api/quota 
2019-05-05 08:50:03 [WARN] request error (0x100000006): https://pan.baidu.com/api/quota 
2019-05-05 08:50:16 [WARN] account error (-1): http请求错误 0x6
2019-05-05 08:50:24 [WARN] request error (0x100000006): https://pan.baidu.com/api/quota 
2019-05-05 08:50:45 [WARN] request error (0x100000006): https://pan.baidu.com/api/quota 
2019-05-05 08:51:05 [WARN] request error (0x100000006): https://pan.baidu.com/api/quota 
2019-05-05 08:51:17 [WARN] account error (-1): http请求错误 0x6
2019-05-05 08:51:26 [WARN] request error (0x100000006): https://pan.baidu.com/api/quota 
2019-05-05 08:51:47 [WARN] request error (0x100000006): https://pan.baidu.com/api/quota 
2019-05-05 08:52:07 [WARN] request error (0x100000006): https://pan.baidu.com/api/quota 
2019-05-05 08:52:18 [WARN] account error (-1): http请求错误 0x6
2019-05-05 08:52:28 [WARN] request error (0x100000006): https://pan.baidu.com/api/quota 
2019-05-05 08:53:01 [WARN] request error (0x100000006): https://pan.baidu.com/api/quota 
2019-05-05 08:53:19 [WARN] account error (-1): http请求错误 0x6
2019-05-05 08:53:21 [WARN] request error (0x100000006): https://pan.baidu.com/api/quota 
2019-05-05 09:45:59 [INFO] close main window
2019-05-05 09:45:59 [WARN] aria2 websocket connection closed (127.0.0.1:6808), code: 1000 (Normal close), reason: aria2 shutdown
2019-05-05 09:46:00 [INFO] websocket client stop
2019-05-05 09:46:00 [INFO] exit
