2019-03-14 19:33:04 [INFO] pandownload version: 2.0.6 beta
2019-03-14 19:33:07 [INFO] aria2 websocket connection opened
2019-03-14 19:33:07 [INFO] aria2 version: 1.34.0
2019-03-14 19:33:07 [INFO] aria2 json-rpc path: http://token:pandownload@127.0.0.1:6808/jsonrpc
2019-03-14 19:33:07 [INFO] create main window
2019-03-14 19:33:08 [INFO] verify cookie (601)
2019-03-14 19:33:08 [INFO] verify cookie (575)
2019-03-14 19:33:08 [INFO] verify cookie (571)
2019-03-14 19:33:09 [INFO] user login success (4052464532): zji739
2019-03-14 19:33:09 [INFO] user login success (1320229889): 810642693a
2019-03-14 19:33:10 [INFO] user login success (3678112201): Nr
2019-03-14 19:45:26 [WARN] account error (-2): json解析失败
2019-03-14 19:46:27 [WARN] account error (-1): http请求错误 0x6
2019-03-14 19:47:29 [WARN] account error (-1): http请求错误 0x34
2019-03-14 19:48:30 [WARN] account error (-2): json解析失败
2019-03-14 19:49:32 [WARN] account error (-2): json解析失败
2019-03-14 19:50:33 [WARN] account error (-2): json解析失败
2019-03-14 19:51:34 [WARN] account error (-2): json解析失败
2019-03-14 19:52:36 [WARN] account error (-2): json解析失败
2019-03-14 19:53:37 [WARN] account error (-2): json解析失败
2019-03-14 19:54:38 [WARN] account error (-2): json解析失败
2019-03-14 19:55:39 [WARN] account error (-2): json解析失败
2019-03-14 19:56:40 [WARN] account error (-2): json解析失败
2019-03-14 19:57:41 [WARN] account error (-2): json解析失败
2019-03-14 19:58:42 [WARN] account error (-2): json解析失败
2019-03-14 19:59:43 [WARN] account error (-2): json解析失败
2019-03-14 20:00:28 [WARN] aria2 websocket connection closed, code: 1006 (Abnormal close), reason: 
