2019-05-13 09:01:20 [INFO] pandownload version: 2.1.0 beta
2019-05-13 09:01:21 [INFO] aria2 websocket connection opened (127.0.0.1:6808)
2019-05-13 09:01:21 [INFO] aria2 version: 1.34.0
2019-05-13 09:01:21 [INFO] aria2 json-rpc path: http://token:pandownload@127.0.0.1:6808/jsonrpc
2019-05-13 09:01:22 [INFO] create main window
2019-05-13 09:01:22 [INFO] verify cookie (600)
2019-05-13 09:01:23 [INFO] user login success (4052464532): zji739
2019-05-13 09:02:12 [WARN] request error (0x10000001c): https://pan.baidu.com/api/quota 
2019-05-13 09:03:02 [WARN] account error (-1): http请求错误 0x1c
2019-05-13 09:03:03 [WARN] request error (0x10000001c): https://pan.baidu.com/api/quota 
2019-05-13 09:03:54 [WARN] request error (0x10000001c): https://pan.baidu.com/api/quota 
2019-05-13 09:04:44 [WARN] request error (0x10000001c): https://pan.baidu.com/api/quota 
2019-05-13 09:06:35 [WARN] request error (0x10000001c): https://pan.baidu.com/api/quota 
2019-05-13 09:07:26 [WARN] request error (0x10000001c): https://pan.baidu.com/api/quota 
2019-05-13 09:07:42 [WARN] request error (0x10000001c): https://pan.baidu.com/rest/2.0/membership/speeds/freqctrl?method=get 
2019-05-13 09:08:16 [WARN] request error (0x10000001c): https://pan.baidu.com/api/quota 
2019-05-13 09:09:07 [WARN] request error (0x10000001c): https://pan.baidu.com/api/quota 
2019-05-13 09:16:47 [INFO] close main window
2019-05-13 09:16:47 [WARN] aria2 websocket connection closed (127.0.0.1:6808), code: 1000 (Normal close), reason: aria2 shutdown
2019-05-13 09:16:48 [INFO] websocket client stop
2019-05-13 09:16:48 [INFO] exit
