2019-06-22 11:35:42 [INFO] pandownload version: 2.1.1 beta
2019-06-22 11:35:43 [INFO] aria2 websocket connection opened (127.0.0.1:36941)
2019-06-22 11:35:43 [INFO] aria2 version: 1.34.0
2019-06-22 11:35:43 [INFO] aria2 json-rpc path: http://token:pandownload@127.0.0.1:36941/jsonrpc
2019-06-22 11:35:44 [INFO] create main window
2019-06-22 11:35:44 [INFO] verify cookie (600)
2019-06-22 11:35:45 [INFO] user login success (4052464532): zji739
2019-06-22 11:36:55 [WARN] request error (0x10000001c): https://pan.baidu.com/api/quota 
2019-06-22 11:37:46 [WARN] request error (0x10000001c): https://pan.baidu.com/api/quota 
2019-06-22 11:38:03 [WARN] account error (403): Access Denied
2019-06-22 11:38:36 [WARN] request error (0x10000001c): https://pan.baidu.com/api/quota 
2019-06-22 11:40:27 [WARN] request error (0x10000001c): https://pan.baidu.com/api/quota 
2019-06-22 11:41:16 [WARN] request error (0x100000006): https://pan.baidu.com/api/quota 
2019-06-22 11:42:05 [WARN] request error (0x100000006): https://pan.baidu.com/api/quota 
2019-06-22 11:42:47 [WARN] ID#1 - Authorization failed.(24) FILE="C:/Users/Administrator/Desktop/Java电商秒杀系统深度优化 从容应对亿级流量挑战/8-5 库存流水状态（3）.ev4" SIZE="334359328"
2019-06-22 11:42:47 [WARN] ID#2 - Authorization failed.(24) FILE="C:/Users/Administrator/Desktop/Java电商秒杀系统深度优化 从容应对亿级流量挑战/8-4 库存流水状态（2）.ev4" SIZE="253370880"
2019-06-22 11:42:47 [WARN] ID#4 - Authorization failed.(24) FILE="C:/Users/Administrator/Desktop/Java电商秒杀系统深度优化 从容应对亿级流量挑战/8-2 事务型消息应用（下）.ev4" SIZE="592960688"
2019-06-22 11:42:47 [WARN] ID#5 - Authorization failed.(24) FILE="C:/Users/Administrator/Desktop/Java电商秒杀系统深度优化 从容应对亿级流量挑战/8-1 事务型消息（上）.ev4" SIZE="365940944"
2019-06-22 11:43:37 [WARN] request error (0x10000001c): https://pan.baidu.com/api/quota 
2019-06-22 11:44:27 [WARN] request error (0x10000001c): https://pan.baidu.com/api/quota 
2019-06-22 11:45:18 [WARN] request error (0x10000001c): https://pan.baidu.com/api/quota 
2019-06-22 11:47:32 [WARN] request error (0x10000001c): https://pan.baidu.com/api/quota 
2019-06-22 11:49:43 [WARN] ID#5 - No URI available.(24) FILE="C:/Users/Administrator/Desktop/Java电商秒杀系统深度优化 从容应对亿级流量挑战/8-1 事务型消息（上）.ev4" SIZE="365940944"
2019-06-22 11:50:18 [WARN] ID#1 - No URI available.(24) FILE="C:/Users/Administrator/Desktop/Java电商秒杀系统深度优化 从容应对亿级流量挑战/8-5 库存流水状态（3）.ev4" SIZE="334359328"
2019-06-22 11:50:34 [WARN] ID#4 - No URI available.(24) FILE="C:/Users/Administrator/Desktop/Java电商秒杀系统深度优化 从容应对亿级流量挑战/8-2 事务型消息应用（下）.ev4" SIZE="592960688"
2019-06-22 11:55:48 [WARN] request error (0x10000001c): https://pan.baidu.com/api/quota 
2019-06-22 11:56:38 [WARN] request error (0x10000001c): https://pan.baidu.com/api/quota 
2019-06-22 11:57:29 [WARN] request error (0x10000001c): https://pan.baidu.com/api/quota 
2019-06-22 11:59:20 [WARN] request error (0x10000001c): https://pan.baidu.com/api/quota 
2019-06-22 12:00:10 [WARN] request error (0x10000001c): https://pan.baidu.com/api/quota 
2019-06-22 12:01:01 [WARN] request error (0x10000001c): https://pan.baidu.com/api/quota 
2019-06-22 12:01:52 [WARN] request error (0x10000001c): https://pan.baidu.com/api/quota 
2019-06-22 12:05:39 [WARN] account error (403): Access Denied
2019-06-22 12:17:53 [INFO] close main window
2019-06-22 12:17:53 [WARN] aria2 websocket connection closed (127.0.0.1:36941), code: 1000 (Normal close), reason: aria2 shutdown
2019-06-22 12:17:54 [INFO] websocket client stop
2019-06-22 12:17:54 [INFO] exit
