2019-05-02 23:42:22 [INFO] pandownload version: 2.1.0 beta
2019-05-02 23:42:23 [INFO] aria2 websocket connection opened (127.0.0.1:6808)
2019-05-02 23:42:23 [INFO] aria2 version: 1.34.0
2019-05-02 23:42:23 [INFO] aria2 json-rpc path: http://token:pandownload@127.0.0.1:6808/jsonrpc
2019-05-02 23:42:23 [INFO] create main window
2019-05-02 23:42:23 [INFO] verify cookie (600)
2019-05-02 23:42:25 [INFO] user login success (4052464532): zji739
2019-05-02 23:43:47 [WARN] insert download history error: database or disk is full
2019-05-02 23:44:50 [WARN] rpc error (0): connection failed
2019-05-02 23:44:50 [WARN] ID#116 - connection failed(0) FILE="C:/Users/Administrator/Desktop/从零起步 系统入门Python爬虫工程师-v/8-3 python的GIL真的会导致多线程.vep" SIZE="157319445"
2019-05-02 23:44:51 [WARN] rpc error (0): connection failed
2019-05-02 23:44:51 [WARN] ID#122 - connection failed(0) FILE="C:/Users/Administrator/Desktop/从零起步 系统入门Python爬虫工程师-v/7-7 分析和获取所有的版块 - 2.vep" SIZE="76627205"
2019-05-02 23:44:52 [WARN] rpc error (0): connection failed
2019-05-02 23:44:52 [WARN] ID#131 - connection failed(0) FILE="C:/Users/Administrator/Desktop/从零起步 系统入门Python爬虫工程师-v/7-10 获取和解析详情页 - 1.vep" SIZE="120443987"
2019-05-02 23:44:52 [WARN] rpc error (0): connection failed
2019-05-02 23:44:52 [WARN] ID#130 - connection failed(0) FILE="C:/Users/Administrator/Desktop/从零起步 系统入门Python爬虫工程师-v/7-11 获取和解析详情页 - 2.vep" SIZE="95601667"
2019-05-02 23:44:55 [WARN] rpc error (0): connection failed
2019-05-02 23:44:55 [WARN] ID#133 - connection failed(0) FILE="C:/Users/Administrator/Desktop/从零起步 系统入门Python爬虫工程师-v/6-8 xpath基本语法 - 2.vep" SIZE="96686427"
2019-05-02 23:44:55 [WARN] rpc error (0): connection failed
2019-05-02 23:44:55 [WARN] ID#126 - connection failed(0) FILE="C:/Users/Administrator/Desktop/从零起步 系统入门Python爬虫工程师-v/7-3 peewee自动生成表_1.vep" SIZE="122510859"
2019-05-02 23:45:00 [WARN] rpc error (0): connection failed
2019-05-02 23:45:00 [WARN] ID#132 - connection failed(0) FILE="C:/Users/Administrator/Desktop/从零起步 系统入门Python爬虫工程师-v/7-1 需求分析.vep" SIZE="117097005"
2019-05-02 23:45:00 [WARN] rpc error (0): connection failed
2019-05-02 23:45:00 [WARN] ID#127 - connection failed(0) FILE="C:/Users/Administrator/Desktop/从零起步 系统入门Python爬虫工程师-v/7-2 pymysql的简单使用.vep" SIZE="126322557"
2019-05-02 23:45:02 [WARN] rpc error (0): connection failed
2019-05-02 23:45:02 [WARN] ID#128 - connection failed(0) FILE="C:/Users/Administrator/Desktop/从零起步 系统入门Python爬虫工程师-v/7-13 获取个人信息详情 - 2.vep" SIZE="71196071"
2019-05-02 23:45:04 [WARN] rpc error (0): connection failed
2019-05-02 23:45:04 [WARN] ID#131 - connection failed(0) FILE="C:/Users/Administrator/Desktop/从零起步 系统入门Python爬虫工程师-v/7-10 获取和解析详情页 - 1.vep" SIZE="120443987"
2019-05-02 23:45:05 [WARN] rpc error (0): connection failed
2019-05-02 23:45:05 [WARN] ID#129 - connection failed(0) FILE="C:/Users/Administrator/Desktop/从零起步 系统入门Python爬虫工程师-v/7-12 获取个人信息详情-1.vep" SIZE="81806223"
2019-05-02 23:45:06 [WARN] rpc error (0): connection failed
2019-05-02 23:45:06 [WARN] ID#133 - connection failed(0) FILE="C:/Users/Administrator/Desktop/从零起步 系统入门Python爬虫工程师-v/6-8 xpath基本语法 - 2.vep" SIZE="96686427"
2019-05-02 23:45:09 [WARN] rpc error (0): connection failed
2019-05-02 23:45:09 [WARN] ID#135 - connection failed(0) FILE="C:/Users/Administrator/Desktop/从零起步 系统入门Python爬虫工程师-v/6-6 beautifulsoup用法 - 父子节点和兄弟节点获取.vep" SIZE="93368071"
2019-05-02 23:45:10 [WARN] rpc error (0): connection failed
2019-05-02 23:45:10 [WARN] ID#134 - connection failed(0) FILE="C:/Users/Administrator/Desktop/从零起步 系统入门Python爬虫工程师-v/6-7 xpath基本语法 - 1.vep" SIZE="98035515"
2019-05-02 23:45:11 [WARN] rpc error (0): connection failed
2019-05-02 23:45:11 [WARN] ID#130 - connection failed(0) FILE="C:/Users/Administrator/Desktop/从零起步 系统入门Python爬虫工程师-v/7-11 获取和解析详情页 - 2.vep" SIZE="95601667"
2019-05-02 23:45:13 [WARN] rpc error (0): connection failed
2019-05-02 23:45:13 [WARN] rpc error (0): connection failed
2019-05-02 23:45:13 [WARN] rpc error (0): connection failed
2019-05-02 23:45:13 [WARN] rpc error (0): connection failed
2019-05-02 23:45:13 [WARN] rpc error (0): connection failed
2019-05-02 23:45:13 [WARN] rpc error (0): connection failed
2019-05-02 23:45:13 [WARN] rpc error (0): connection failed
2019-05-02 23:45:13 [WARN] rpc error (0): connection failed
2019-05-02 23:45:13 [WARN] rpc error (0): connection failed
2019-05-02 23:45:13 [WARN] rpc error (0): connection failed
2019-05-02 23:45:13 [WARN] rpc error (0): connection failed
2019-05-02 23:45:13 [WARN] rpc error (0): connection failed
2019-05-02 23:45:14 [WARN] rpc error (0): connection failed
2019-05-02 23:45:14 [WARN] rpc error (0): connection failed
2019-05-02 23:45:14 [WARN] rpc error (0): connection failed
2019-05-02 23:45:14 [WARN] rpc error (0): connection failed
2019-05-02 23:45:14 [WARN] rpc error (0): connection failed
2019-05-02 23:45:14 [WARN] rpc error (0): connection failed
2019-05-02 23:45:16 [WARN] rpc error (0): connection failed
2019-05-02 23:45:16 [WARN] rpc error (0): connection failed
2019-05-02 23:45:16 [WARN] rpc error (0): connection failed
2019-05-02 23:45:16 [WARN] rpc error (0): connection failed
2019-05-02 23:45:16 [WARN] rpc error (0): connection failed
2019-05-02 23:45:16 [WARN] rpc error (0): connection failed
2019-05-02 23:45:16 [WARN] rpc error (0): connection failed
2019-05-02 23:45:16 [WARN] rpc error (0): connection failed
2019-05-02 23:45:16 [WARN] rpc error (0): connection failed
2019-05-02 23:45:16 [WARN] rpc error (0): connection failed
2019-05-02 23:45:16 [WARN] rpc error (0): connection failed
2019-05-02 23:45:16 [WARN] rpc error (0): connection failed
2019-05-02 23:45:22 [WARN] rpc error (0): connection failed
2019-05-02 23:45:22 [WARN] rpc error (0): connection failed
2019-05-02 23:45:22 [WARN] rpc error (0): connection failed
2019-05-02 23:45:22 [WARN] rpc error (0): connection failed
2019-05-02 23:45:22 [WARN] rpc error (0): connection failed
2019-05-02 23:45:22 [WARN] rpc error (0): connection failed
2019-05-02 23:45:22 [WARN] rpc error (0): connection failed
2019-05-02 23:45:22 [WARN] rpc error (0): connection failed
2019-05-02 23:45:22 [WARN] rpc error (0): connection failed
2019-05-02 23:45:22 [WARN] rpc error (0): connection failed
2019-05-02 23:45:22 [WARN] rpc error (0): connection failed
2019-05-02 23:45:22 [WARN] rpc error (0): connection failed
2019-05-02 23:45:26 [INFO] close main window
2019-05-02 23:45:26 [WARN] rpc error (0): connection failed
2019-05-02 23:45:26 [WARN] rpc error (0): connection failed
2019-05-02 23:45:26 [WARN] rpc error (0): connection failed
2019-05-02 23:45:26 [WARN] rpc error (0): connection failed
2019-05-02 23:45:26 [WARN] rpc error (0): connection failed
2019-05-02 23:45:26 [WARN] rpc error (0): connection failed
2019-05-02 23:45:26 [WARN] rpc error (0): connection failed
2019-05-02 23:45:27 [INFO] websocket client stop
2019-05-02 23:45:27 [INFO] exit
