2019-06-21 18:28:46 [INFO] pandownload version: 2.1.1 beta
2019-06-21 18:28:47 [INFO] aria2 websocket connection opened (127.0.0.1:36974)
2019-06-21 18:28:47 [INFO] aria2 version: 1.34.0
2019-06-21 18:28:47 [INFO] aria2 json-rpc path: http://token:pandownload@127.0.0.1:36974/jsonrpc
2019-06-21 18:28:47 [INFO] create main window
2019-06-21 18:28:47 [INFO] verify cookie (600)
2019-06-21 18:28:53 [INFO] user login success (4052464532): zji739
2019-06-21 18:29:10 [WARN] ID#28 - 下载链接过期或系统时间不正确，请删除任务重新下载(-5) FILE="C:/Users/Administrator/Desktop/新建文件夹 (2)/第12章 【附录篇】应用SpringBoot搭建电商秒杀的基础项目实战/12-13 用户模型管理--getotp页面实现.ev4" SIZE="175911184"
2019-06-21 18:29:10 [WARN] ID#51 - 下载链接过期或系统时间不正确，请删除任务重新下载(-5) FILE="C:/Users/Administrator/Desktop/Java电商秒杀系统深度优化 从容应对亿级流量挑战/第8章 交易优化技术之事务型消息【保证最终一致性的利器】/8-4 库存流水状态（2）.ev4" SIZE="253370880"
2019-06-21 18:29:10 [WARN] ID#52 - 下载链接过期或系统时间不正确，请删除任务重新下载(-5) FILE="C:/Users/Administrator/Desktop/Java电商秒杀系统深度优化 从容应对亿级流量挑战/第8章 交易优化技术之事务型消息【保证最终一致性的利器】/8-3 库存流水状态（1）.ev4" SIZE="130681984"
2019-06-21 18:29:10 [WARN] ID#56 - 下载链接过期或系统时间不正确，请删除任务重新下载(-5) FILE="C:/Users/Administrator/Desktop/Java电商秒杀系统深度优化 从容应对亿级流量挑战/dianshangmiaosha-master(1).zip" SIZE="210986354"
2019-06-21 18:29:10 [WARN] ID#28 - 下载链接过期或系统时间不正确，请删除任务重新下载(-5) FILE="C:/Users/Administrator/Desktop/新建文件夹 (2)/第12章 【附录篇】应用SpringBoot搭建电商秒杀的基础项目实战/12-13 用户模型管理--getotp页面实现.ev4" SIZE="175911184"
2019-06-21 18:29:10 [WARN] ID#51 - 下载链接过期或系统时间不正确，请删除任务重新下载(-5) FILE="C:/Users/Administrator/Desktop/Java电商秒杀系统深度优化 从容应对亿级流量挑战/第8章 交易优化技术之事务型消息【保证最终一致性的利器】/8-4 库存流水状态（2）.ev4" SIZE="253370880"
2019-06-21 18:29:10 [WARN] ID#52 - 下载链接过期或系统时间不正确，请删除任务重新下载(-5) FILE="C:/Users/Administrator/Desktop/Java电商秒杀系统深度优化 从容应对亿级流量挑战/第8章 交易优化技术之事务型消息【保证最终一致性的利器】/8-3 库存流水状态（1）.ev4" SIZE="130681984"
2019-06-21 18:29:10 [WARN] ID#56 - 下载链接过期或系统时间不正确，请删除任务重新下载(-5) FILE="C:/Users/Administrator/Desktop/Java电商秒杀系统深度优化 从容应对亿级流量挑战/dianshangmiaosha-master(1).zip" SIZE="210986354"
2019-06-21 18:29:11 [WARN] ID#28 - 下载链接过期或系统时间不正确，请删除任务重新下载(-5) FILE="C:/Users/Administrator/Desktop/新建文件夹 (2)/第12章 【附录篇】应用SpringBoot搭建电商秒杀的基础项目实战/12-13 用户模型管理--getotp页面实现.ev4" SIZE="175911184"
2019-06-21 18:29:11 [WARN] ID#51 - 下载链接过期或系统时间不正确，请删除任务重新下载(-5) FILE="C:/Users/Administrator/Desktop/Java电商秒杀系统深度优化 从容应对亿级流量挑战/第8章 交易优化技术之事务型消息【保证最终一致性的利器】/8-4 库存流水状态（2）.ev4" SIZE="253370880"
2019-06-21 18:29:11 [WARN] ID#52 - 下载链接过期或系统时间不正确，请删除任务重新下载(-5) FILE="C:/Users/Administrator/Desktop/Java电商秒杀系统深度优化 从容应对亿级流量挑战/第8章 交易优化技术之事务型消息【保证最终一致性的利器】/8-3 库存流水状态（1）.ev4" SIZE="130681984"
2019-06-21 18:29:11 [WARN] ID#56 - 下载链接过期或系统时间不正确，请删除任务重新下载(-5) FILE="C:/Users/Administrator/Desktop/Java电商秒杀系统深度优化 从容应对亿级流量挑战/dianshangmiaosha-master(1).zip" SIZE="210986354"
2019-06-21 18:32:50 [WARN] request error (0x10000001c): https://pan.baidu.com/api/quota 
2019-06-21 18:32:56 [WARN] ID#2 - The response status is not successful. status=503(29) FILE="C:/Users/Administrator/Desktop/Java电商秒杀系统深度优化 从容应对亿级流量挑战/第12章 【附录篇】应用SpringBoot搭建电商秒杀的基础项目实战/12-8 定义通用的返回对象--返回错误信息.ev4" SIZE="209873888"
2019-06-21 18:33:41 [WARN] request error (0x10000001c): https://pan.baidu.com/api/quota 
2019-06-21 18:34:14 [WARN] ID#27 - The response status is not successful. status=503(29) FILE="C:/Users/Administrator/Desktop/Java电商秒杀系统深度优化 从容应对亿级流量挑战/第12章 【附录篇】应用SpringBoot搭建电商秒杀的基础项目实战/12-14 用户模型管理--getotp页面美化.ev4" SIZE="68539824"
2019-06-21 18:34:27 [WARN] ID#21 - The response status is not successful. status=503(29) FILE="C:/Users/Administrator/Desktop/Java电商秒杀系统深度优化 从容应对亿级流量挑战/第12章 【附录篇】应用SpringBoot搭建电商秒杀的基础项目实战/12-2 使用IDEA创建MAVEN项目.ev4" SIZE="71253568"
2019-06-21 18:34:32 [WARN] request error (0x10000001c): https://pan.baidu.com/api/quota 
2019-06-21 18:34:44 [WARN] ID#30 - The response status is not successful. status=503(29) FILE="C:/Users/Administrator/Desktop/Java电商秒杀系统深度优化 从容应对亿级流量挑战/第12章 【附录篇】应用SpringBoot搭建电商秒杀的基础项目实战/12-11 用户模型管理--otp验证码获取.ev4" SIZE="139360576"
2019-06-21 18:35:22 [WARN] request error (0x10000001c): https://pan.baidu.com/api/quota 
2019-06-21 18:35:44 [WARN] ID#35 - The response status is not successful. status=503(29) FILE="C:/Users/Administrator/Desktop/Java电商秒杀系统深度优化 从容应对亿级流量挑战/第10章 防刷限流技术【保护系统，免于过载】/10-4 限流目的介绍.ev4" SIZE="8259456"
2019-06-21 18:35:44 [WARN] ID#36 - The response status is not successful. status=503(29) FILE="C:/Users/Administrator/Desktop/Java电商秒杀系统深度优化 从容应对亿级流量挑战/第10章 防刷限流技术【保护系统，免于过载】/10-3 验证码技术（下）.ev4" SIZE="244721424"
2019-06-21 18:37:33 [WARN] ID#36 - The response status is not successful. status=503(29) FILE="C:/Users/Administrator/Desktop/Java电商秒杀系统深度优化 从容应对亿级流量挑战/第10章 防刷限流技术【保护系统，免于过载】/10-3 验证码技术（下）.ev4" SIZE="244721424"
2019-06-21 18:37:40 [WARN] ID#35 - The response status is not successful. status=503(29) FILE="C:/Users/Administrator/Desktop/Java电商秒杀系统深度优化 从容应对亿级流量挑战/第10章 防刷限流技术【保护系统，免于过载】/10-4 限流目的介绍.ev4" SIZE="8259456"
2019-06-21 18:39:23 [WARN] ID#35 - The response status is not successful. status=503(29) FILE="C:/Users/Administrator/Desktop/Java电商秒杀系统深度优化 从容应对亿级流量挑战/第10章 防刷限流技术【保护系统，免于过载】/10-4 限流目的介绍.ev4" SIZE="8259456"
2019-06-21 19:21:50 [WARN] request error (0x200000070): https://pan.baidu.com/api/sharedownload {"errno":112,"request_id":3984684515823815991,"server_time":1561116106}
2019-06-21 21:54:19 [WARN] aria2 websocket connection closed (127.0.0.1:36974), code: 1006 (Abnormal close), reason: 
