2019-06-27 23:17:39 [INFO] pandownload version: 2.1.1 beta
2019-06-27 23:17:41 [INFO] aria2 websocket connection opened (127.0.0.1:36954)
2019-06-27 23:17:41 [INFO] aria2 version: 1.34.0
2019-06-27 23:17:41 [INFO] aria2 json-rpc path: http://token:pandownload@127.0.0.1:36954/jsonrpc
2019-06-27 23:17:41 [INFO] create main window
2019-06-27 23:17:41 [INFO] verify cookie (600)
2019-06-27 23:17:43 [INFO] user login success (4052464532): zji739
2019-06-27 23:18:01 [WARN] ID#74 - 下载链接过期或系统时间不正确，请删除任务重新下载(-5) FILE="C:/Users/Administrator/Desktop/Kubernetes（k8s）生产级实践指南 从部署到核心应用vep/10-7 打包分析_batch.vep" SIZE="94227003"
2019-06-27 23:18:01 [WARN] ID#76 - 下载链接过期或系统时间不正确，请删除任务重新下载(-5) FILE="C:/Users/Administrator/Desktop/Kubernetes（k8s）生产级实践指南 从部署到核心应用vep/10-5 获取markdown内容并转义_batch.vep" SIZE="45736628"
2019-06-27 23:18:01 [WARN] ID#85 - 下载链接过期或系统时间不正确，请删除任务重新下载(-5) FILE="C:/Users/Administrator/Desktop/阿里新零售数据库设计与实战/第8章 新零售系统数据库新能调优【只学有用的】/8-5 本章总结.ev4" SIZE="5594816"
2019-06-27 23:18:01 [WARN] ID#86 - 下载链接过期或系统时间不正确，请删除任务重新下载(-5) FILE="C:/Users/Administrator/Desktop/阿里新零售数据库设计与实战/第8章 新零售系统数据库新能调优【只学有用的】/8-4 MySQL慢查询日志.ev4" SIZE="48496992"
2019-06-27 23:18:01 [WARN] ID#87 - 下载链接过期或系统时间不正确，请删除任务重新下载(-5) FILE="C:/Users/Administrator/Desktop/阿里新零售数据库设计与实战/第8章 新零售系统数据库新能调优【只学有用的】/8-3 MySQL参数优化.ev4" SIZE="103967232"
2019-06-27 23:18:01 [WARN] ID#88 - 下载链接过期或系统时间不正确，请删除任务重新下载(-5) FILE="C:/Users/Administrator/Desktop/阿里新零售数据库设计与实战/第8章 新零售系统数据库新能调优【只学有用的】/8-2 SQL语句的优化.ev4" SIZE="34894688"
2019-06-27 23:18:02 [WARN] ID#90 - 下载链接过期或系统时间不正确，请删除任务重新下载(-5) FILE="C:/Users/Administrator/Desktop/阿里新零售数据库设计与实战/第7章 【高阶】常见问题与企业级解决方案【高薪Offer的神助攻】/7-7 本章总结【“项目面试”高薪保障】.ev4" SIZE="5991440"
2019-06-27 23:18:02 [WARN] ID#91 - 下载链接过期或系统时间不正确，请删除任务重新下载(-5) FILE="C:/Users/Administrator/Desktop/阿里新零售数据库设计与实战/第7章 【高阶】常见问题与企业级解决方案【高薪Offer的神助攻】/7-6 中文分词技术（三）.ev4" SIZE="216622848"
2019-06-27 23:18:02 [WARN] ID#92 - 下载链接过期或系统时间不正确，请删除任务重新下载(-5) FILE="C:/Users/Administrator/Desktop/阿里新零售数据库设计与实战/第7章 【高阶】常见问题与企业级解决方案【高薪Offer的神助攻】/7-5 中文分词技术（二）.ev4" SIZE="183551216"
2019-06-27 23:18:02 [WARN] ID#93 - 下载链接过期或系统时间不正确，请删除任务重新下载(-5) FILE="C:/Users/Administrator/Desktop/阿里新零售数据库设计与实战/第7章 【高阶】常见问题与企业级解决方案【高薪Offer的神助攻】/7-4 中文分词技术（一）.ev4" SIZE="88606288"
2019-06-27 23:18:02 [WARN] ID#94 - 下载链接过期或系统时间不正确，请删除任务重新下载(-5) FILE="C:/Users/Administrator/Desktop/阿里新零售数据库设计与实战/第7章 【高阶】常见问题与企业级解决方案【高薪Offer的神助攻】/7-3 新零售系统的智能拆分订单（二）.ev4" SIZE="281131104"
2019-06-27 23:18:02 [WARN] ID#95 - 下载链接过期或系统时间不正确，请删除任务重新下载(-5) FILE="C:/Users/Administrator/Desktop/阿里新零售数据库设计与实战/第7章 【高阶】常见问题与企业级解决方案【高薪Offer的神助攻】/7-2 新零售系统的智能拆分订单（一）.ev4" SIZE="165295312"
2019-06-27 23:18:03 [WARN] ID#96 - 下载链接过期或系统时间不正确，请删除任务重新下载(-5) FILE="C:/Users/Administrator/Desktop/阿里新零售数据库设计与实战/第7章 【高阶】常见问题与企业级解决方案【高薪Offer的神助攻】/7-1 数据库缓存、程序缓存应该选择哪个？.ev4" SIZE="51442384"
2019-06-27 23:18:03 [WARN] ID#97 - 下载链接过期或系统时间不正确，请删除任务重新下载(-5) FILE="C:/Users/Administrator/Desktop/阿里新零售数据库设计与实战/第6章 【进阶】常见问题与企业级解决方案【适用于与“项目面试官”正面硬钢】/6-9 如何抵御XSS攻击？.ev4" SIZE="240150480"
2019-06-27 23:18:03 [WARN] ID#98 - 下载链接过期或系统时间不正确，请删除任务重新下载(-5) FILE="C:/Users/Administrator/Desktop/阿里新零售数据库设计与实战/第6章 【进阶】常见问题与企业级解决方案【适用于与“项目面试官”正面硬钢】/6-8 如何避免偷换交易中的商品信息？.ev4" SIZE="113601856"
2019-06-27 23:18:03 [WARN] ID#99 - 下载链接过期或系统时间不正确，请删除任务重新下载(-5) FILE="C:/Users/Administrator/Desktop/阿里新零售数据库设计与实战/第6章 【进阶】常见问题与企业级解决方案【适用于与“项目面试官”正面硬钢】/6-7 为什么放弃存储过程、触发器和自定义函数？.ev4" SIZE="21314896"
2019-06-27 23:18:03 [WARN] ID#100 - 下载链接过期或系统时间不正确，请删除任务重新下载(-5) FILE="C:/Users/Administrator/Desktop/阿里新零售数据库设计与实战/第6章 【进阶】常见问题与企业级解决方案【适用于与“项目面试官”正面硬钢】/6-6 什么是触发器？.ev4" SIZE="38350544"
2019-06-27 23:18:03 [WARN] ID#101 - 下载链接过期或系统时间不正确，请删除任务重新下载(-5) FILE="C:/Users/Administrator/Desktop/阿里新零售数据库设计与实战/第6章 【进阶】常见问题与企业级解决方案【适用于与“项目面试官”正面硬钢】/6-5 什么是函数？.ev4" SIZE="89357408"
2019-06-27 23:18:04 [WARN] ID#102 - 下载链接过期或系统时间不正确，请删除任务重新下载(-5) FILE="C:/Users/Administrator/Desktop/阿里新零售数据库设计与实战/第6章 【进阶】常见问题与企业级解决方案【适用于与“项目面试官”正面硬钢】/6-4 什么是存储过程？2.ev4" SIZE="54097360"
2019-06-27 23:18:04 [WARN] ID#103 - 下载链接过期或系统时间不正确，请删除任务重新下载(-5) FILE="C:/Users/Administrator/Desktop/阿里新零售数据库设计与实战/第6章 【进阶】常见问题与企业级解决方案【适用于与“项目面试官”正面硬钢】/6-4 什么是存储过程？1.ev4" SIZE="57312560"
2019-06-27 23:18:04 [WARN] ID#104 - 下载链接过期或系统时间不正确，请删除任务重新下载(-5) FILE="C:/Users/Administrator/Desktop/阿里新零售数据库设计与实战/第6章 【进阶】常见问题与企业级解决方案【适用于与“项目面试官”正面硬钢】/6-3 如何实现商品秒杀？（三）.ev4" SIZE="175835328"
2019-06-27 23:18:04 [WARN] ID#105 - 下载链接过期或系统时间不正确，请删除任务重新下载(-5) FILE="C:/Users/Administrator/Desktop/阿里新零售数据库设计与实战/第6章 【进阶】常见问题与企业级解决方案【适用于与“项目面试官”正面硬钢】/6-2 如何实现商品秒杀？（二）.ev4" SIZE="226584512"
2019-06-27 23:18:04 [WARN] ID#106 - 下载链接过期或系统时间不正确，请删除任务重新下载(-5) FILE="C:/Users/Administrator/Desktop/阿里新零售数据库设计与实战/第6章 【进阶】常见问题与企业级解决方案【适用于与“项目面试官”正面硬钢】/6-10 本章总结【“项目面试”高阶技能】.ev4" SIZE="7536960"
2019-06-27 23:18:04 [WARN] ID#107 - 下载链接过期或系统时间不正确，请删除任务重新下载(-5) FILE="C:/Users/Administrator/Desktop/阿里新零售数据库设计与实战/第6章 【进阶】常见问题与企业级解决方案【适用于与“项目面试官”正面硬钢】/6-1 如何实现商品秒杀？（一）.ev4" SIZE="51212944"
2019-06-27 23:18:04 [WARN] ID#108 - 下载链接过期或系统时间不正确，请删除任务重新下载(-5) FILE="C:/Users/Administrator/Desktop/阿里新零售数据库设计与实战/第5章 常见问题与企业级解决方案【适用于“直面”项目面试官】/5-8 本章总结【“项目面试”初级必备】.ev4" SIZE="25588576"
2019-06-27 23:18:04 [WARN] ID#109 - 下载链接过期或系统时间不正确，请删除任务重新下载(-5) FILE="C:/Users/Administrator/Desktop/阿里新零售数据库设计与实战/第5章 常见问题与企业级解决方案【适用于“直面”项目面试官】/5-7 删改数据如何避免锁表？.ev4" SIZE="75729632"
2019-06-27 23:18:05 [WARN] ID#110 - 下载链接过期或系统时间不正确，请删除任务重新下载(-5) FILE="C:/Users/Administrator/Desktop/阿里新零售数据库设计与实战/第5章 常见问题与企业级解决方案【适用于“直面”项目面试官】/5-6 读多写少和读多写多？.ev4" SIZE="36237520"
2019-06-27 23:18:05 [WARN] ID#111 - 下载链接过期或系统时间不正确，请删除任务重新下载(-5) FILE="C:/Users/Administrator/Desktop/阿里新零售数据库设计与实战/第5章 常见问题与企业级解决方案【适用于“直面”项目面试官】/5-5 逻辑删除还是物理删除？.ev4" SIZE="81536320"
2019-06-27 23:18:05 [WARN] ID#112 - 下载链接过期或系统时间不正确，请删除任务重新下载(-5) FILE="C:/Users/Administrator/Desktop/阿里新零售数据库设计与实战/第5章 常见问题与企业级解决方案【适用于“直面”项目面试官】/5-4 千万记录，如何快速商品分页？.ev4" SIZE="141110624"
2019-06-27 23:18:05 [WARN] ID#113 - 下载链接过期或系统时间不正确，请删除任务重新下载(-5) FILE="C:/Users/Administrator/Desktop/阿里新零售数据库设计与实战/第5章 常见问题与企业级解决方案【适用于“直面”项目面试官】/5-3 谈谈订单号和流水号的关系？.ev4" SIZE="134500960"
2019-06-27 23:18:05 [WARN] ID#114 - 下载链接过期或系统时间不正确，请删除任务重新下载(-5) FILE="C:/Users/Administrator/Desktop/阿里新零售数据库设计与实战/第5章 常见问题与企业级解决方案【适用于“直面”项目面试官】/5-2 如何在线修改表结构？.ev4" SIZE="110937648"
2019-06-27 23:18:05 [WARN] ID#115 - 下载链接过期或系统时间不正确，请删除任务重新下载(-5) FILE="C:/Users/Administrator/Desktop/阿里新零售数据库设计与实战/第5章 常见问题与企业级解决方案【适用于“直面”项目面试官】/5-1 表的主键用数字还是UUID？.ev4" SIZE="33414624"
2019-06-27 23:18:05 [WARN] ID#116 - 下载链接过期或系统时间不正确，请删除任务重新下载(-5) FILE="C:/Users/Administrator/Desktop/阿里新零售数据库设计与实战/第4章 前导知识【九层之台，起于累土】/4-8 本章总结.ev4" SIZE="8202304"
2019-06-27 23:18:05 [WARN] ID#117 - 下载链接过期或系统时间不正确，请删除任务重新下载(-5) FILE="C:/Users/Administrator/Desktop/阿里新零售数据库设计与实战/第4章 前导知识【九层之台，起于累土】/4-7 事务机制.ev4" SIZE="80585408"
2019-06-27 23:18:06 [WARN] ID#118 - 下载链接过期或系统时间不正确，请删除任务重新下载(-5) FILE="C:/Users/Administrator/Desktop/阿里新零售数据库设计与实战/第4章 前导知识【九层之台，起于累土】/4-6 CRUD操作（二）.ev4" SIZE="70922144"
2019-06-27 23:18:06 [WARN] ID#119 - 下载链接过期或系统时间不正确，请删除任务重新下载(-5) FILE="C:/Users/Administrator/Desktop/阿里新零售数据库设计与实战/第4章 前导知识【九层之台，起于累土】/4-5 CRUD操作（一）.ev4" SIZE="103238480"
2019-06-27 23:18:06 [WARN] ID#120 - 下载链接过期或系统时间不正确，请删除任务重新下载(-5) FILE="C:/Users/Administrator/Desktop/阿里新零售数据库设计与实战/第4章 前导知识【九层之台，起于累土】/4-4 如何看懂ER图（二）.ev4" SIZE="33540512"
2019-06-27 23:18:06 [WARN] ID#121 - 下载链接过期或系统时间不正确，请删除任务重新下载(-5) FILE="C:/Users/Administrator/Desktop/阿里新零售数据库设计与实战/第4章 前导知识【九层之台，起于累土】/4-3 如何看懂ER图（一）.ev4" SIZE="51189760"
2019-06-27 23:18:06 [WARN] ID#122 - 下载链接过期或系统时间不正确，请删除任务重新下载(-5) FILE="C:/Users/Administrator/Desktop/阿里新零售数据库设计与实战/第4章 前导知识【九层之台，起于累土】/4-2 配置MySQL数据库.ev4" SIZE="60566304"
2019-06-27 23:18:06 [WARN] ID#123 - 下载链接过期或系统时间不正确，请删除任务重新下载(-5) FILE="C:/Users/Administrator/Desktop/阿里新零售数据库设计与实战/第4章 前导知识【九层之台，起于累土】/4-1 安装MySQL数据库.ev4" SIZE="97596624"
2019-06-27 23:18:06 [WARN] ID#125 - 下载链接过期或系统时间不正确，请删除任务重新下载(-5) FILE="C:/Users/Administrator/Desktop/阿里新零售数据库设计与实战/第3章 新零售数据结构设计【立足需求，转化成果，向优秀致敬！】/3-8 如何设计商品的库存？（二）.ev4" SIZE="127382704"
2019-06-27 23:18:06 [WARN] ID#126 - 下载链接过期或系统时间不正确，请删除任务重新下载(-5) FILE="C:/Users/Administrator/Desktop/阿里新零售数据库设计与实战/第3章 新零售数据结构设计【立足需求，转化成果，向优秀致敬！】/3-7 如何设计商品的库存？（一）.ev4" SIZE="60174368"
2019-06-27 23:18:07 [WARN] ID#127 - 下载链接过期或系统时间不正确，请删除任务重新下载(-5) FILE="C:/Users/Administrator/Desktop/阿里新零售数据库设计与实战/第3章 新零售数据结构设计【立足需求，转化成果，向优秀致敬！】/3-6 设计产品表和商品表（二）.ev4" SIZE="100539104"
2019-06-27 23:18:07 [WARN] ID#128 - 下载链接过期或系统时间不正确，请删除任务重新下载(-5) FILE="C:/Users/Administrator/Desktop/阿里新零售数据库设计与实战/第3章 新零售数据结构设计【立足需求，转化成果，向优秀致敬！】/3-5 设计产品表和商品表（一.ev4" SIZE="132882416"
2019-06-27 23:18:07 [WARN] ID#129 - 下载链接过期或系统时间不正确，请删除任务重新下载(-5) FILE="C:/Users/Administrator/Desktop/阿里新零售数据库设计与实战/第3章 新零售数据结构设计【立足需求，转化成果，向优秀致敬！】/3-4 设计品牌和分类关系.ev4" SIZE="170090192"
2019-06-27 23:18:07 [WARN] ID#130 - 下载链接过期或系统时间不正确，请删除任务重新下载(-5) FILE="C:/Users/Administrator/Desktop/阿里新零售数据库设计与实战/第3章 新零售数据结构设计【立足需求，转化成果，向优秀致敬！】/3-3 设计品类和参数表.ev4" SIZE="115694688"
2019-06-27 23:18:07 [WARN] ID#131 - 下载链接过期或系统时间不正确，请删除任务重新下载(-5) FILE="C:/Users/Administrator/Desktop/阿里新零售数据库设计与实战/第3章 新零售数据结构设计【立足需求，转化成果，向优秀致敬！】/3-2 什么是SKU？.ev4" SIZE="50065248"
2019-06-27 23:18:07 [WARN] ID#132 - 下载链接过期或系统时间不正确，请删除任务重新下载(-5) FILE="C:/Users/Administrator/Desktop/阿里新零售数据库设计与实战/第3章 新零售数据结构设计【立足需求，转化成果，向优秀致敬！】/3-19 本章总结.ev4" SIZE="5282960"
2019-06-27 23:18:07 [WARN] ID#133 - 下载链接过期或系统时间不正确，请删除任务重新下载(-5) FILE="C:/Users/Administrator/Desktop/阿里新零售数据库设计与实战/第3章 新零售数据结构设计【立足需求，转化成果，向优秀致敬！】/3-18 设计采购与入库数据表.ev4" SIZE="123649872"
2019-06-27 23:18:07 [WARN] ID#134 - 下载链接过期或系统时间不正确，请删除任务重新下载(-5) FILE="C:/Users/Administrator/Desktop/阿里新零售数据库设计与实战/第3章 新零售数据结构设计【立足需求，转化成果，向优秀致敬！】/3-17 设计供应商数据表.ev4" SIZE="86207856"
2019-06-27 23:18:08 [WARN] ID#135 - 下载链接过期或系统时间不正确，请删除任务重新下载(-5) FILE="C:/Users/Administrator/Desktop/阿里新零售数据库设计与实战/第3章 新零售数据结构设计【立足需求，转化成果，向优秀致敬！】/3-16 设计评价表.ev4" SIZE="36385056"
2019-06-27 23:18:08 [WARN] ID#136 - 下载链接过期或系统时间不正确，请删除任务重新下载(-5) FILE="C:/Users/Administrator/Desktop/阿里新零售数据库设计与实战/第3章 新零售数据结构设计【立足需求，转化成果，向优秀致敬！】/3-15 设计快递表和退货表.ev4" SIZE="135229232"
2019-06-27 23:18:08 [WARN] ID#137 - 下载链接过期或系统时间不正确，请删除任务重新下载(-5) FILE="C:/Users/Administrator/Desktop/阿里新零售数据库设计与实战/第3章 新零售数据结构设计【立足需求，转化成果，向优秀致敬！】/3-14 设计员工与用户表（二）.ev4" SIZE="60716704"
2019-06-27 23:18:08 [WARN] ID#138 - 下载链接过期或系统时间不正确，请删除任务重新下载(-5) FILE="C:/Users/Administrator/Desktop/阿里新零售数据库设计与实战/第3章 新零售数据结构设计【立足需求，转化成果，向优秀致敬！】/3-13 设计员工与用户表（一）.ev4" SIZE="102935696"
2019-06-27 23:18:08 [WARN] ID#139 - 下载链接过期或系统时间不正确，请删除任务重新下载(-5) FILE="C:/Users/Administrator/Desktop/阿里新零售数据库设计与实战/第3章 新零售数据结构设计【立足需求，转化成果，向优秀致敬！】/3-12 设计订单表.ev4" SIZE="145211584"
2019-06-27 23:18:08 [WARN] ID#141 - 下载链接过期或系统时间不正确，请删除任务重新下载(-5) FILE="C:/Users/Administrator/Desktop/阿里新零售数据库设计与实战/第3章 新零售数据结构设计【立足需求，转化成果，向优秀致敬！】/3-10 设计客户表（二）.ev4" SIZE="87334208"
2019-06-27 23:18:09 [WARN] ID#142 - 下载链接过期或系统时间不正确，请删除任务重新下载(-5) FILE="C:/Users/Administrator/Desktop/阿里新零售数据库设计与实战/第3章 新零售数据结构设计【立足需求，转化成果，向优秀致敬！】/3-1 什么是SPU？.ev4" SIZE="37808512"
2019-06-27 23:18:09 [WARN] ID#143 - 下载链接过期或系统时间不正确，请删除任务重新下载(-5) FILE="C:/Users/Administrator/Desktop/阿里新零售数据库设计与实战/第2章 前置准备【磨刀不误砍柴工】/2-5 本章总结.ev4" SIZE="6442960"
2019-06-27 23:18:09 [WARN] ID#144 - 下载链接过期或系统时间不正确，请删除任务重新下载(-5) FILE="C:/Users/Administrator/Desktop/阿里新零售数据库设计与实战/第2章 前置准备【磨刀不误砍柴工】/2-4 Linux基础知识.ev4" SIZE="99712688"
2019-06-27 23:18:09 [WARN] ID#145 - 下载链接过期或系统时间不正确，请删除任务重新下载(-5) FILE="C:/Users/Administrator/Desktop/阿里新零售数据库设计与实战/第2章 前置准备【磨刀不误砍柴工】/2-3 搭建VM虚拟机，安装Linux系统.ev4" SIZE="126245584"
2019-06-27 23:18:09 [WARN] ID#74 - 下载链接过期或系统时间不正确，请删除任务重新下载(-5) FILE="C:/Users/Administrator/Desktop/Kubernetes（k8s）生产级实践指南 从部署到核心应用vep/10-7 打包分析_batch.vep" SIZE="94227003"
2019-06-27 23:18:09 [WARN] ID#146 - 下载链接过期或系统时间不正确，请删除任务重新下载(-5) FILE="C:/Users/Administrator/Desktop/阿里新零售数据库设计与实战/第2章 前置准备【磨刀不误砍柴工】/2-2 前置知识与环境要求.ev4" SIZE="19881264"
2019-06-27 23:18:09 [WARN] ID#147 - 下载链接过期或系统时间不正确，请删除任务重新下载(-5) FILE="C:/Users/Administrator/Desktop/阿里新零售数据库设计与实战/第2章 前置准备【磨刀不误砍柴工】/2-1 新零售业务介绍.ev4" SIZE="45485008"
2019-06-27 23:18:10 [WARN] ID#76 - 下载链接过期或系统时间不正确，请删除任务重新下载(-5) FILE="C:/Users/Administrator/Desktop/Kubernetes（k8s）生产级实践指南 从部署到核心应用vep/10-5 获取markdown内容并转义_batch.vep" SIZE="45736628"
2019-06-27 23:18:10 [WARN] ID#148 - 下载链接过期或系统时间不正确，请删除任务重新下载(-5) FILE="C:/Users/Administrator/Desktop/阿里新零售数据库设计与实战/第1章 新零售数据库序章【6.21优惠券过期啦，适用于618薅羊毛の压轴课】/1-2 【迈出第一步】开门见山.ev4" SIZE="73305648"
2019-06-27 23:18:10 [WARN] ID#149 - 下载链接过期或系统时间不正确，请删除任务重新下载(-5) FILE="C:/Users/Administrator/Desktop/阿里新零售数据库设计与实战/第1章 新零售数据库序章【6.21优惠券过期啦，适用于618薅羊毛の压轴课】/1-1 【卷首语】没有梦想，何必远方？【选看】.ev4" SIZE="3192736"
2019-06-27 23:18:10 [WARN] ID#163 - The response status is not successful. status=403(22) FILE="C:/Users/Administrator/Desktop/Kubernetes（k8s）生产级实践指南 从部署到核心应用vep/10-2 仓库布局开发_batch.vep" SIZE="70512466"
2019-06-27 23:18:10 [WARN] ID#164 - The response status is not successful. status=403(22) FILE="C:/Users/Administrator/Desktop/Kubernetes（k8s）生产级实践指南 从部署到核心应用vep/10-3 提取布局成为一个HOC_batch.vep" SIZE="74320383"
2019-06-27 23:18:10 [WARN] ID#168 - The response status is not successful. status=503(29) FILE="C:/Users/Administrator/Desktop/Kubernetes（k8s）生产级实践指南 从部署到核心应用vep/10-9 创建用户搜索组件_batch.vep" SIZE="105875003"
2019-06-27 23:18:10 [WARN] ID#85 - 下载链接过期或系统时间不正确，请删除任务重新下载(-5) FILE="C:/Users/Administrator/Desktop/阿里新零售数据库设计与实战/第8章 新零售系统数据库新能调优【只学有用的】/8-5 本章总结.ev4" SIZE="5594816"
2019-06-27 23:18:10 [WARN] ID#150 - 下载链接过期或系统时间不正确，请删除任务重新下载(-5) FILE="C:/Users/Administrator/Desktop/阿里新零售数据库设计与实战/播放器/win/EVPlayer_v3.4.0.exe" SIZE="17726704"
2019-06-27 23:18:10 [WARN] ID#151 - 下载链接过期或系统时间不正确，请删除任务重新下载(-5) FILE="C:/Users/Administrator/Desktop/阿里新零售数据库设计与实战/播放器/mac/EVPlayer_Mac1.4.1.dmg" SIZE="27992503"
2019-06-27 23:18:10 [WARN] ID#74 - 下载链接过期或系统时间不正确，请删除任务重新下载(-5) FILE="C:/Users/Administrator/Desktop/Kubernetes（k8s）生产级实践指南 从部署到核心应用vep/10-7 打包分析_batch.vep" SIZE="94227003"
2019-06-27 23:18:10 [WARN] ID#76 - 下载链接过期或系统时间不正确，请删除任务重新下载(-5) FILE="C:/Users/Administrator/Desktop/Kubernetes（k8s）生产级实践指南 从部署到核心应用vep/10-5 获取markdown内容并转义_batch.vep" SIZE="45736628"
2019-06-27 23:18:10 [WARN] ID#86 - 下载链接过期或系统时间不正确，请删除任务重新下载(-5) FILE="C:/Users/Administrator/Desktop/阿里新零售数据库设计与实战/第8章 新零售系统数据库新能调优【只学有用的】/8-4 MySQL慢查询日志.ev4" SIZE="48496992"
2019-06-27 23:18:10 [WARN] ID#87 - 下载链接过期或系统时间不正确，请删除任务重新下载(-5) FILE="C:/Users/Administrator/Desktop/阿里新零售数据库设计与实战/第8章 新零售系统数据库新能调优【只学有用的】/8-3 MySQL参数优化.ev4" SIZE="103967232"
2019-06-27 23:18:10 [WARN] ID#152 - 下载链接过期或系统时间不正确，请删除任务重新下载(-5) FILE="C:/Users/Administrator/Desktop/阿里新零售数据库设计与实战/播放器/Android/cn.ieway.evplayer_1.4.1_141.apk" SIZE="19765055"
2019-06-27 23:18:10 [WARN] ID#153 - 下载链接过期或系统时间不正确，请删除任务重新下载(-5) FILE="C:/Users/Administrator/Desktop/阿里新零售数据库设计与实战/播放器/下载必看.txt" SIZE="106"
2019-06-27 23:18:11 [WARN] ID#85 - 下载链接过期或系统时间不正确，请删除任务重新下载(-5) FILE="C:/Users/Administrator/Desktop/阿里新零售数据库设计与实战/第8章 新零售系统数据库新能调优【只学有用的】/8-5 本章总结.ev4" SIZE="5594816"
2019-06-27 23:18:11 [WARN] ID#88 - 下载链接过期或系统时间不正确，请删除任务重新下载(-5) FILE="C:/Users/Administrator/Desktop/阿里新零售数据库设计与实战/第8章 新零售系统数据库新能调优【只学有用的】/8-2 SQL语句的优化.ev4" SIZE="34894688"
2019-06-27 23:18:11 [WARN] ID#90 - 下载链接过期或系统时间不正确，请删除任务重新下载(-5) FILE="C:/Users/Administrator/Desktop/阿里新零售数据库设计与实战/第7章 【高阶】常见问题与企业级解决方案【高薪Offer的神助攻】/7-7 本章总结【“项目面试”高薪保障】.ev4" SIZE="5991440"
2019-06-27 23:18:11 [WARN] ID#91 - 下载链接过期或系统时间不正确，请删除任务重新下载(-5) FILE="C:/Users/Administrator/Desktop/阿里新零售数据库设计与实战/第7章 【高阶】常见问题与企业级解决方案【高薪Offer的神助攻】/7-6 中文分词技术（三）.ev4" SIZE="216622848"
2019-06-27 23:18:11 [WARN] ID#154 - 下载链接过期或系统时间不正确，请删除任务重新下载(-5) FILE="C:/Users/Administrator/Desktop/阿里新零售数据库设计与实战/播放器/ev播放器使用教程.docx" SIZE="12590"
2019-06-27 23:18:11 [WARN] ID#155 - 下载链接过期或系统时间不正确，请删除任务重新下载(-5) FILE="C:/Users/Administrator/Desktop/阿里新零售数据库设计与实战/新零售数据库适合谁学And学完的收获是什么.png" SIZE="211904"
2019-06-27 23:18:11 [WARN] ID#86 - 下载链接过期或系统时间不正确，请删除任务重新下载(-5) FILE="C:/Users/Administrator/Desktop/阿里新零售数据库设计与实战/第8章 新零售系统数据库新能调优【只学有用的】/8-4 MySQL慢查询日志.ev4" SIZE="48496992"
2019-06-27 23:18:11 [WARN] ID#92 - 下载链接过期或系统时间不正确，请删除任务重新下载(-5) FILE="C:/Users/Administrator/Desktop/阿里新零售数据库设计与实战/第7章 【高阶】常见问题与企业级解决方案【高薪Offer的神助攻】/7-5 中文分词技术（二）.ev4" SIZE="183551216"
2019-06-27 23:18:11 [WARN] ID#93 - 下载链接过期或系统时间不正确，请删除任务重新下载(-5) FILE="C:/Users/Administrator/Desktop/阿里新零售数据库设计与实战/第7章 【高阶】常见问题与企业级解决方案【高薪Offer的神助攻】/7-4 中文分词技术（一）.ev4" SIZE="88606288"
2019-06-27 23:18:11 [WARN] ID#94 - 下载链接过期或系统时间不正确，请删除任务重新下载(-5) FILE="C:/Users/Administrator/Desktop/阿里新零售数据库设计与实战/第7章 【高阶】常见问题与企业级解决方案【高薪Offer的神助攻】/7-3 新零售系统的智能拆分订单（二）.ev4" SIZE="281131104"
2019-06-27 23:18:11 [WARN] ID#156 - 下载链接过期或系统时间不正确，请删除任务重新下载(-5) FILE="C:/Users/Administrator/Desktop/阿里新零售数据库设计与实战/本课硬核知识基础与拔高兼顾内外兼修.jpeg" SIZE="317864"
2019-06-27 23:18:11 [WARN] ID#157 - 下载链接过期或系统时间不正确，请删除任务重新下载(-5) FILE="C:/Users/Administrator/Desktop/阿里新零售数据库设计与实战/document-master.zip" SIZE="694321845"
2019-06-27 23:18:11 [WARN] ID#87 - 下载链接过期或系统时间不正确，请删除任务重新下载(-5) FILE="C:/Users/Administrator/Desktop/阿里新零售数据库设计与实战/第8章 新零售系统数据库新能调优【只学有用的】/8-3 MySQL参数优化.ev4" SIZE="103967232"
2019-06-27 23:18:11 [WARN] ID#95 - 下载链接过期或系统时间不正确，请删除任务重新下载(-5) FILE="C:/Users/Administrator/Desktop/阿里新零售数据库设计与实战/第7章 【高阶】常见问题与企业级解决方案【高薪Offer的神助攻】/7-2 新零售系统的智能拆分订单（一）.ev4" SIZE="165295312"
2019-06-27 23:18:11 [WARN] ID#96 - 下载链接过期或系统时间不正确，请删除任务重新下载(-5) FILE="C:/Users/Administrator/Desktop/阿里新零售数据库设计与实战/第7章 【高阶】常见问题与企业级解决方案【高薪Offer的神助攻】/7-1 数据库缓存、程序缓存应该选择哪个？.ev4" SIZE="51442384"
2019-06-27 23:18:11 [WARN] ID#97 - 下载链接过期或系统时间不正确，请删除任务重新下载(-5) FILE="C:/Users/Administrator/Desktop/阿里新零售数据库设计与实战/第6章 【进阶】常见问题与企业级解决方案【适用于与“项目面试官”正面硬钢】/6-9 如何抵御XSS攻击？.ev4" SIZE="240150480"
2019-06-27 23:18:11 [WARN] ID#88 - 下载链接过期或系统时间不正确，请删除任务重新下载(-5) FILE="C:/Users/Administrator/Desktop/阿里新零售数据库设计与实战/第8章 新零售系统数据库新能调优【只学有用的】/8-2 SQL语句的优化.ev4" SIZE="34894688"
2019-06-27 23:18:11 [WARN] ID#98 - 下载链接过期或系统时间不正确，请删除任务重新下载(-5) FILE="C:/Users/Administrator/Desktop/阿里新零售数据库设计与实战/第6章 【进阶】常见问题与企业级解决方案【适用于与“项目面试官”正面硬钢】/6-8 如何避免偷换交易中的商品信息？.ev4" SIZE="113601856"
2019-06-27 23:18:11 [WARN] ID#99 - 下载链接过期或系统时间不正确，请删除任务重新下载(-5) FILE="C:/Users/Administrator/Desktop/阿里新零售数据库设计与实战/第6章 【进阶】常见问题与企业级解决方案【适用于与“项目面试官”正面硬钢】/6-7 为什么放弃存储过程、触发器和自定义函数？.ev4" SIZE="21314896"
2019-06-27 23:18:11 [WARN] ID#100 - 下载链接过期或系统时间不正确，请删除任务重新下载(-5) FILE="C:/Users/Administrator/Desktop/阿里新零售数据库设计与实战/第6章 【进阶】常见问题与企业级解决方案【适用于与“项目面试官”正面硬钢】/6-6 什么是触发器？.ev4" SIZE="38350544"
2019-06-27 23:18:12 [WARN] ID#90 - 下载链接过期或系统时间不正确，请删除任务重新下载(-5) FILE="C:/Users/Administrator/Desktop/阿里新零售数据库设计与实战/第7章 【高阶】常见问题与企业级解决方案【高薪Offer的神助攻】/7-7 本章总结【“项目面试”高薪保障】.ev4" SIZE="5991440"
2019-06-27 23:18:12 [WARN] ID#101 - 下载链接过期或系统时间不正确，请删除任务重新下载(-5) FILE="C:/Users/Administrator/Desktop/阿里新零售数据库设计与实战/第6章 【进阶】常见问题与企业级解决方案【适用于与“项目面试官”正面硬钢】/6-5 什么是函数？.ev4" SIZE="89357408"
2019-06-27 23:18:12 [WARN] ID#102 - 下载链接过期或系统时间不正确，请删除任务重新下载(-5) FILE="C:/Users/Administrator/Desktop/阿里新零售数据库设计与实战/第6章 【进阶】常见问题与企业级解决方案【适用于与“项目面试官”正面硬钢】/6-4 什么是存储过程？2.ev4" SIZE="54097360"
2019-06-27 23:18:12 [WARN] ID#103 - 下载链接过期或系统时间不正确，请删除任务重新下载(-5) FILE="C:/Users/Administrator/Desktop/阿里新零售数据库设计与实战/第6章 【进阶】常见问题与企业级解决方案【适用于与“项目面试官”正面硬钢】/6-4 什么是存储过程？1.ev4" SIZE="57312560"
2019-06-27 23:18:12 [WARN] ID#91 - 下载链接过期或系统时间不正确，请删除任务重新下载(-5) FILE="C:/Users/Administrator/Desktop/阿里新零售数据库设计与实战/第7章 【高阶】常见问题与企业级解决方案【高薪Offer的神助攻】/7-6 中文分词技术（三）.ev4" SIZE="216622848"
2019-06-27 23:18:12 [WARN] ID#104 - 下载链接过期或系统时间不正确，请删除任务重新下载(-5) FILE="C:/Users/Administrator/Desktop/阿里新零售数据库设计与实战/第6章 【进阶】常见问题与企业级解决方案【适用于与“项目面试官”正面硬钢】/6-3 如何实现商品秒杀？（三）.ev4" SIZE="175835328"
2019-06-27 23:18:12 [WARN] ID#105 - 下载链接过期或系统时间不正确，请删除任务重新下载(-5) FILE="C:/Users/Administrator/Desktop/阿里新零售数据库设计与实战/第6章 【进阶】常见问题与企业级解决方案【适用于与“项目面试官”正面硬钢】/6-2 如何实现商品秒杀？（二）.ev4" SIZE="226584512"
2019-06-27 23:18:12 [WARN] ID#106 - 下载链接过期或系统时间不正确，请删除任务重新下载(-5) FILE="C:/Users/Administrator/Desktop/阿里新零售数据库设计与实战/第6章 【进阶】常见问题与企业级解决方案【适用于与“项目面试官”正面硬钢】/6-10 本章总结【“项目面试”高阶技能】.ev4" SIZE="7536960"
2019-06-27 23:18:12 [WARN] ID#92 - 下载链接过期或系统时间不正确，请删除任务重新下载(-5) FILE="C:/Users/Administrator/Desktop/阿里新零售数据库设计与实战/第7章 【高阶】常见问题与企业级解决方案【高薪Offer的神助攻】/7-5 中文分词技术（二）.ev4" SIZE="183551216"
2019-06-27 23:18:12 [WARN] ID#107 - 下载链接过期或系统时间不正确，请删除任务重新下载(-5) FILE="C:/Users/Administrator/Desktop/阿里新零售数据库设计与实战/第6章 【进阶】常见问题与企业级解决方案【适用于与“项目面试官”正面硬钢】/6-1 如何实现商品秒杀？（一）.ev4" SIZE="51212944"
2019-06-27 23:18:12 [WARN] ID#108 - 下载链接过期或系统时间不正确，请删除任务重新下载(-5) FILE="C:/Users/Administrator/Desktop/阿里新零售数据库设计与实战/第5章 常见问题与企业级解决方案【适用于“直面”项目面试官】/5-8 本章总结【“项目面试”初级必备】.ev4" SIZE="25588576"
2019-06-27 23:18:12 [WARN] ID#109 - 下载链接过期或系统时间不正确，请删除任务重新下载(-5) FILE="C:/Users/Administrator/Desktop/阿里新零售数据库设计与实战/第5章 常见问题与企业级解决方案【适用于“直面”项目面试官】/5-7 删改数据如何避免锁表？.ev4" SIZE="75729632"
2019-06-27 23:18:13 [WARN] ID#93 - 下载链接过期或系统时间不正确，请删除任务重新下载(-5) FILE="C:/Users/Administrator/Desktop/阿里新零售数据库设计与实战/第7章 【高阶】常见问题与企业级解决方案【高薪Offer的神助攻】/7-4 中文分词技术（一）.ev4" SIZE="88606288"
2019-06-27 23:18:13 [WARN] ID#110 - 下载链接过期或系统时间不正确，请删除任务重新下载(-5) FILE="C:/Users/Administrator/Desktop/阿里新零售数据库设计与实战/第5章 常见问题与企业级解决方案【适用于“直面”项目面试官】/5-6 读多写少和读多写多？.ev4" SIZE="36237520"
2019-06-27 23:18:13 [WARN] ID#111 - 下载链接过期或系统时间不正确，请删除任务重新下载(-5) FILE="C:/Users/Administrator/Desktop/阿里新零售数据库设计与实战/第5章 常见问题与企业级解决方案【适用于“直面”项目面试官】/5-5 逻辑删除还是物理删除？.ev4" SIZE="81536320"
2019-06-27 23:18:13 [WARN] ID#112 - 下载链接过期或系统时间不正确，请删除任务重新下载(-5) FILE="C:/Users/Administrator/Desktop/阿里新零售数据库设计与实战/第5章 常见问题与企业级解决方案【适用于“直面”项目面试官】/5-4 千万记录，如何快速商品分页？.ev4" SIZE="141110624"
2019-06-27 23:18:13 [WARN] ID#94 - 下载链接过期或系统时间不正确，请删除任务重新下载(-5) FILE="C:/Users/Administrator/Desktop/阿里新零售数据库设计与实战/第7章 【高阶】常见问题与企业级解决方案【高薪Offer的神助攻】/7-3 新零售系统的智能拆分订单（二）.ev4" SIZE="281131104"
2019-06-27 23:18:13 [WARN] ID#113 - 下载链接过期或系统时间不正确，请删除任务重新下载(-5) FILE="C:/Users/Administrator/Desktop/阿里新零售数据库设计与实战/第5章 常见问题与企业级解决方案【适用于“直面”项目面试官】/5-3 谈谈订单号和流水号的关系？.ev4" SIZE="134500960"
2019-06-27 23:18:13 [WARN] ID#114 - 下载链接过期或系统时间不正确，请删除任务重新下载(-5) FILE="C:/Users/Administrator/Desktop/阿里新零售数据库设计与实战/第5章 常见问题与企业级解决方案【适用于“直面”项目面试官】/5-2 如何在线修改表结构？.ev4" SIZE="110937648"
2019-06-27 23:18:13 [WARN] ID#115 - 下载链接过期或系统时间不正确，请删除任务重新下载(-5) FILE="C:/Users/Administrator/Desktop/阿里新零售数据库设计与实战/第5章 常见问题与企业级解决方案【适用于“直面”项目面试官】/5-1 表的主键用数字还是UUID？.ev4" SIZE="33414624"
2019-06-27 23:18:13 [WARN] ID#95 - 下载链接过期或系统时间不正确，请删除任务重新下载(-5) FILE="C:/Users/Administrator/Desktop/阿里新零售数据库设计与实战/第7章 【高阶】常见问题与企业级解决方案【高薪Offer的神助攻】/7-2 新零售系统的智能拆分订单（一）.ev4" SIZE="165295312"
2019-06-27 23:18:13 [WARN] ID#116 - 下载链接过期或系统时间不正确，请删除任务重新下载(-5) FILE="C:/Users/Administrator/Desktop/阿里新零售数据库设计与实战/第4章 前导知识【九层之台，起于累土】/4-8 本章总结.ev4" SIZE="8202304"
2019-06-27 23:18:13 [WARN] ID#117 - 下载链接过期或系统时间不正确，请删除任务重新下载(-5) FILE="C:/Users/Administrator/Desktop/阿里新零售数据库设计与实战/第4章 前导知识【九层之台，起于累土】/4-7 事务机制.ev4" SIZE="80585408"
2019-06-27 23:18:13 [WARN] ID#118 - 下载链接过期或系统时间不正确，请删除任务重新下载(-5) FILE="C:/Users/Administrator/Desktop/阿里新零售数据库设计与实战/第4章 前导知识【九层之台，起于累土】/4-6 CRUD操作（二）.ev4" SIZE="70922144"
2019-06-27 23:18:14 [WARN] ID#96 - 下载链接过期或系统时间不正确，请删除任务重新下载(-5) FILE="C:/Users/Administrator/Desktop/阿里新零售数据库设计与实战/第7章 【高阶】常见问题与企业级解决方案【高薪Offer的神助攻】/7-1 数据库缓存、程序缓存应该选择哪个？.ev4" SIZE="51442384"
2019-06-27 23:18:14 [WARN] ID#119 - 下载链接过期或系统时间不正确，请删除任务重新下载(-5) FILE="C:/Users/Administrator/Desktop/阿里新零售数据库设计与实战/第4章 前导知识【九层之台，起于累土】/4-5 CRUD操作（一）.ev4" SIZE="103238480"
2019-06-27 23:18:14 [WARN] ID#120 - 下载链接过期或系统时间不正确，请删除任务重新下载(-5) FILE="C:/Users/Administrator/Desktop/阿里新零售数据库设计与实战/第4章 前导知识【九层之台，起于累土】/4-4 如何看懂ER图（二）.ev4" SIZE="33540512"
2019-06-27 23:18:14 [WARN] ID#121 - 下载链接过期或系统时间不正确，请删除任务重新下载(-5) FILE="C:/Users/Administrator/Desktop/阿里新零售数据库设计与实战/第4章 前导知识【九层之台，起于累土】/4-3 如何看懂ER图（一）.ev4" SIZE="51189760"
2019-06-27 23:18:14 [WARN] ID#97 - 下载链接过期或系统时间不正确，请删除任务重新下载(-5) FILE="C:/Users/Administrator/Desktop/阿里新零售数据库设计与实战/第6章 【进阶】常见问题与企业级解决方案【适用于与“项目面试官”正面硬钢】/6-9 如何抵御XSS攻击？.ev4" SIZE="240150480"
2019-06-27 23:18:14 [WARN] ID#122 - 下载链接过期或系统时间不正确，请删除任务重新下载(-5) FILE="C:/Users/Administrator/Desktop/阿里新零售数据库设计与实战/第4章 前导知识【九层之台，起于累土】/4-2 配置MySQL数据库.ev4" SIZE="60566304"
2019-06-27 23:18:14 [WARN] ID#123 - 下载链接过期或系统时间不正确，请删除任务重新下载(-5) FILE="C:/Users/Administrator/Desktop/阿里新零售数据库设计与实战/第4章 前导知识【九层之台，起于累土】/4-1 安装MySQL数据库.ev4" SIZE="97596624"
2019-06-27 23:18:14 [WARN] ID#125 - 下载链接过期或系统时间不正确，请删除任务重新下载(-5) FILE="C:/Users/Administrator/Desktop/阿里新零售数据库设计与实战/第3章 新零售数据结构设计【立足需求，转化成果，向优秀致敬！】/3-8 如何设计商品的库存？（二）.ev4" SIZE="127382704"
2019-06-27 23:18:14 [WARN] ID#98 - 下载链接过期或系统时间不正确，请删除任务重新下载(-5) FILE="C:/Users/Administrator/Desktop/阿里新零售数据库设计与实战/第6章 【进阶】常见问题与企业级解决方案【适用于与“项目面试官”正面硬钢】/6-8 如何避免偷换交易中的商品信息？.ev4" SIZE="113601856"
2019-06-27 23:18:14 [WARN] ID#126 - 下载链接过期或系统时间不正确，请删除任务重新下载(-5) FILE="C:/Users/Administrator/Desktop/阿里新零售数据库设计与实战/第3章 新零售数据结构设计【立足需求，转化成果，向优秀致敬！】/3-7 如何设计商品的库存？（一）.ev4" SIZE="60174368"
2019-06-27 23:18:14 [WARN] ID#127 - 下载链接过期或系统时间不正确，请删除任务重新下载(-5) FILE="C:/Users/Administrator/Desktop/阿里新零售数据库设计与实战/第3章 新零售数据结构设计【立足需求，转化成果，向优秀致敬！】/3-6 设计产品表和商品表（二）.ev4" SIZE="100539104"
2019-06-27 23:18:14 [WARN] ID#128 - 下载链接过期或系统时间不正确，请删除任务重新下载(-5) FILE="C:/Users/Administrator/Desktop/阿里新零售数据库设计与实战/第3章 新零售数据结构设计【立足需求，转化成果，向优秀致敬！】/3-5 设计产品表和商品表（一.ev4" SIZE="132882416"
2019-06-27 23:18:15 [WARN] ID#99 - 下载链接过期或系统时间不正确，请删除任务重新下载(-5) FILE="C:/Users/Administrator/Desktop/阿里新零售数据库设计与实战/第6章 【进阶】常见问题与企业级解决方案【适用于与“项目面试官”正面硬钢】/6-7 为什么放弃存储过程、触发器和自定义函数？.ev4" SIZE="21314896"
2019-06-27 23:18:15 [WARN] ID#129 - 下载链接过期或系统时间不正确，请删除任务重新下载(-5) FILE="C:/Users/Administrator/Desktop/阿里新零售数据库设计与实战/第3章 新零售数据结构设计【立足需求，转化成果，向优秀致敬！】/3-4 设计品牌和分类关系.ev4" SIZE="170090192"
2019-06-27 23:18:15 [WARN] ID#130 - 下载链接过期或系统时间不正确，请删除任务重新下载(-5) FILE="C:/Users/Administrator/Desktop/阿里新零售数据库设计与实战/第3章 新零售数据结构设计【立足需求，转化成果，向优秀致敬！】/3-3 设计品类和参数表.ev4" SIZE="115694688"
2019-06-27 23:18:15 [WARN] ID#131 - 下载链接过期或系统时间不正确，请删除任务重新下载(-5) FILE="C:/Users/Administrator/Desktop/阿里新零售数据库设计与实战/第3章 新零售数据结构设计【立足需求，转化成果，向优秀致敬！】/3-2 什么是SKU？.ev4" SIZE="50065248"
2019-06-27 23:18:15 [WARN] ID#100 - 下载链接过期或系统时间不正确，请删除任务重新下载(-5) FILE="C:/Users/Administrator/Desktop/阿里新零售数据库设计与实战/第6章 【进阶】常见问题与企业级解决方案【适用于与“项目面试官”正面硬钢】/6-6 什么是触发器？.ev4" SIZE="38350544"
2019-06-27 23:18:15 [WARN] ID#132 - 下载链接过期或系统时间不正确，请删除任务重新下载(-5) FILE="C:/Users/Administrator/Desktop/阿里新零售数据库设计与实战/第3章 新零售数据结构设计【立足需求，转化成果，向优秀致敬！】/3-19 本章总结.ev4" SIZE="5282960"
2019-06-27 23:18:15 [WARN] ID#133 - 下载链接过期或系统时间不正确，请删除任务重新下载(-5) FILE="C:/Users/Administrator/Desktop/阿里新零售数据库设计与实战/第3章 新零售数据结构设计【立足需求，转化成果，向优秀致敬！】/3-18 设计采购与入库数据表.ev4" SIZE="123649872"
2019-06-27 23:18:15 [WARN] ID#134 - 下载链接过期或系统时间不正确，请删除任务重新下载(-5) FILE="C:/Users/Administrator/Desktop/阿里新零售数据库设计与实战/第3章 新零售数据结构设计【立足需求，转化成果，向优秀致敬！】/3-17 设计供应商数据表.ev4" SIZE="86207856"
2019-06-27 23:18:15 [WARN] ID#101 - 下载链接过期或系统时间不正确，请删除任务重新下载(-5) FILE="C:/Users/Administrator/Desktop/阿里新零售数据库设计与实战/第6章 【进阶】常见问题与企业级解决方案【适用于与“项目面试官”正面硬钢】/6-5 什么是函数？.ev4" SIZE="89357408"
2019-06-27 23:18:15 [WARN] ID#135 - 下载链接过期或系统时间不正确，请删除任务重新下载(-5) FILE="C:/Users/Administrator/Desktop/阿里新零售数据库设计与实战/第3章 新零售数据结构设计【立足需求，转化成果，向优秀致敬！】/3-16 设计评价表.ev4" SIZE="36385056"
2019-06-27 23:18:15 [WARN] ID#136 - 下载链接过期或系统时间不正确，请删除任务重新下载(-5) FILE="C:/Users/Administrator/Desktop/阿里新零售数据库设计与实战/第3章 新零售数据结构设计【立足需求，转化成果，向优秀致敬！】/3-15 设计快递表和退货表.ev4" SIZE="135229232"
2019-06-27 23:18:15 [WARN] ID#137 - 下载链接过期或系统时间不正确，请删除任务重新下载(-5) FILE="C:/Users/Administrator/Desktop/阿里新零售数据库设计与实战/第3章 新零售数据结构设计【立足需求，转化成果，向优秀致敬！】/3-14 设计员工与用户表（二）.ev4" SIZE="60716704"
2019-06-27 23:18:16 [WARN] ID#102 - 下载链接过期或系统时间不正确，请删除任务重新下载(-5) FILE="C:/Users/Administrator/Desktop/阿里新零售数据库设计与实战/第6章 【进阶】常见问题与企业级解决方案【适用于与“项目面试官”正面硬钢】/6-4 什么是存储过程？2.ev4" SIZE="54097360"
2019-06-27 23:18:16 [WARN] ID#138 - 下载链接过期或系统时间不正确，请删除任务重新下载(-5) FILE="C:/Users/Administrator/Desktop/阿里新零售数据库设计与实战/第3章 新零售数据结构设计【立足需求，转化成果，向优秀致敬！】/3-13 设计员工与用户表（一）.ev4" SIZE="102935696"
2019-06-27 23:18:16 [WARN] ID#139 - 下载链接过期或系统时间不正确，请删除任务重新下载(-5) FILE="C:/Users/Administrator/Desktop/阿里新零售数据库设计与实战/第3章 新零售数据结构设计【立足需求，转化成果，向优秀致敬！】/3-12 设计订单表.ev4" SIZE="145211584"
2019-06-27 23:18:16 [WARN] ID#141 - 下载链接过期或系统时间不正确，请删除任务重新下载(-5) FILE="C:/Users/Administrator/Desktop/阿里新零售数据库设计与实战/第3章 新零售数据结构设计【立足需求，转化成果，向优秀致敬！】/3-10 设计客户表（二）.ev4" SIZE="87334208"
2019-06-27 23:18:16 [WARN] ID#103 - 下载链接过期或系统时间不正确，请删除任务重新下载(-5) FILE="C:/Users/Administrator/Desktop/阿里新零售数据库设计与实战/第6章 【进阶】常见问题与企业级解决方案【适用于与“项目面试官”正面硬钢】/6-4 什么是存储过程？1.ev4" SIZE="57312560"
2019-06-27 23:18:16 [WARN] ID#142 - 下载链接过期或系统时间不正确，请删除任务重新下载(-5) FILE="C:/Users/Administrator/Desktop/阿里新零售数据库设计与实战/第3章 新零售数据结构设计【立足需求，转化成果，向优秀致敬！】/3-1 什么是SPU？.ev4" SIZE="37808512"
2019-06-27 23:18:16 [WARN] ID#143 - 下载链接过期或系统时间不正确，请删除任务重新下载(-5) FILE="C:/Users/Administrator/Desktop/阿里新零售数据库设计与实战/第2章 前置准备【磨刀不误砍柴工】/2-5 本章总结.ev4" SIZE="6442960"
2019-06-27 23:18:16 [WARN] ID#144 - 下载链接过期或系统时间不正确，请删除任务重新下载(-5) FILE="C:/Users/Administrator/Desktop/阿里新零售数据库设计与实战/第2章 前置准备【磨刀不误砍柴工】/2-4 Linux基础知识.ev4" SIZE="99712688"
2019-06-27 23:18:16 [WARN] ID#104 - 下载链接过期或系统时间不正确，请删除任务重新下载(-5) FILE="C:/Users/Administrator/Desktop/阿里新零售数据库设计与实战/第6章 【进阶】常见问题与企业级解决方案【适用于与“项目面试官”正面硬钢】/6-3 如何实现商品秒杀？（三）.ev4" SIZE="175835328"
2019-06-27 23:18:16 [WARN] ID#145 - 下载链接过期或系统时间不正确，请删除任务重新下载(-5) FILE="C:/Users/Administrator/Desktop/阿里新零售数据库设计与实战/第2章 前置准备【磨刀不误砍柴工】/2-3 搭建VM虚拟机，安装Linux系统.ev4" SIZE="126245584"
2019-06-27 23:18:16 [WARN] ID#146 - 下载链接过期或系统时间不正确，请删除任务重新下载(-5) FILE="C:/Users/Administrator/Desktop/阿里新零售数据库设计与实战/第2章 前置准备【磨刀不误砍柴工】/2-2 前置知识与环境要求.ev4" SIZE="19881264"
2019-06-27 23:18:16 [WARN] ID#147 - 下载链接过期或系统时间不正确，请删除任务重新下载(-5) FILE="C:/Users/Administrator/Desktop/阿里新零售数据库设计与实战/第2章 前置准备【磨刀不误砍柴工】/2-1 新零售业务介绍.ev4" SIZE="45485008"
2019-06-27 23:18:17 [WARN] ID#105 - 下载链接过期或系统时间不正确，请删除任务重新下载(-5) FILE="C:/Users/Administrator/Desktop/阿里新零售数据库设计与实战/第6章 【进阶】常见问题与企业级解决方案【适用于与“项目面试官”正面硬钢】/6-2 如何实现商品秒杀？（二）.ev4" SIZE="226584512"
2019-06-27 23:18:17 [WARN] ID#148 - 下载链接过期或系统时间不正确，请删除任务重新下载(-5) FILE="C:/Users/Administrator/Desktop/阿里新零售数据库设计与实战/第1章 新零售数据库序章【6.21优惠券过期啦，适用于618薅羊毛の压轴课】/1-2 【迈出第一步】开门见山.ev4" SIZE="73305648"
2019-06-27 23:18:17 [WARN] ID#149 - 下载链接过期或系统时间不正确，请删除任务重新下载(-5) FILE="C:/Users/Administrator/Desktop/阿里新零售数据库设计与实战/第1章 新零售数据库序章【6.21优惠券过期啦，适用于618薅羊毛の压轴课】/1-1 【卷首语】没有梦想，何必远方？【选看】.ev4" SIZE="3192736"
2019-06-27 23:18:17 [WARN] ID#150 - 下载链接过期或系统时间不正确，请删除任务重新下载(-5) FILE="C:/Users/Administrator/Desktop/阿里新零售数据库设计与实战/播放器/win/EVPlayer_v3.4.0.exe" SIZE="17726704"
2019-06-27 23:18:17 [WARN] ID#106 - 下载链接过期或系统时间不正确，请删除任务重新下载(-5) FILE="C:/Users/Administrator/Desktop/阿里新零售数据库设计与实战/第6章 【进阶】常见问题与企业级解决方案【适用于与“项目面试官”正面硬钢】/6-10 本章总结【“项目面试”高阶技能】.ev4" SIZE="7536960"
2019-06-27 23:18:17 [WARN] ID#151 - 下载链接过期或系统时间不正确，请删除任务重新下载(-5) FILE="C:/Users/Administrator/Desktop/阿里新零售数据库设计与实战/播放器/mac/EVPlayer_Mac1.4.1.dmg" SIZE="27992503"
2019-06-27 23:18:17 [WARN] ID#152 - 下载链接过期或系统时间不正确，请删除任务重新下载(-5) FILE="C:/Users/Administrator/Desktop/阿里新零售数据库设计与实战/播放器/Android/cn.ieway.evplayer_1.4.1_141.apk" SIZE="19765055"
2019-06-27 23:18:17 [WARN] ID#153 - 下载链接过期或系统时间不正确，请删除任务重新下载(-5) FILE="C:/Users/Administrator/Desktop/阿里新零售数据库设计与实战/播放器/下载必看.txt" SIZE="106"
2019-06-27 23:18:17 [WARN] ID#107 - 下载链接过期或系统时间不正确，请删除任务重新下载(-5) FILE="C:/Users/Administrator/Desktop/阿里新零售数据库设计与实战/第6章 【进阶】常见问题与企业级解决方案【适用于与“项目面试官”正面硬钢】/6-1 如何实现商品秒杀？（一）.ev4" SIZE="51212944"
2019-06-27 23:18:17 [WARN] ID#154 - 下载链接过期或系统时间不正确，请删除任务重新下载(-5) FILE="C:/Users/Administrator/Desktop/阿里新零售数据库设计与实战/播放器/ev播放器使用教程.docx" SIZE="12590"
2019-06-27 23:18:17 [WARN] ID#155 - 下载链接过期或系统时间不正确，请删除任务重新下载(-5) FILE="C:/Users/Administrator/Desktop/阿里新零售数据库设计与实战/新零售数据库适合谁学And学完的收获是什么.png" SIZE="211904"
2019-06-27 23:18:17 [WARN] ID#156 - 下载链接过期或系统时间不正确，请删除任务重新下载(-5) FILE="C:/Users/Administrator/Desktop/阿里新零售数据库设计与实战/本课硬核知识基础与拔高兼顾内外兼修.jpeg" SIZE="317864"
2019-06-27 23:18:17 [WARN] ID#108 - 下载链接过期或系统时间不正确，请删除任务重新下载(-5) FILE="C:/Users/Administrator/Desktop/阿里新零售数据库设计与实战/第5章 常见问题与企业级解决方案【适用于“直面”项目面试官】/5-8 本章总结【“项目面试”初级必备】.ev4" SIZE="25588576"
2019-06-27 23:18:17 [WARN] ID#157 - 下载链接过期或系统时间不正确，请删除任务重新下载(-5) FILE="C:/Users/Administrator/Desktop/阿里新零售数据库设计与实战/document-master.zip" SIZE="694321845"
2019-06-27 23:18:18 [WARN] ID#109 - 下载链接过期或系统时间不正确，请删除任务重新下载(-5) FILE="C:/Users/Administrator/Desktop/阿里新零售数据库设计与实战/第5章 常见问题与企业级解决方案【适用于“直面”项目面试官】/5-7 删改数据如何避免锁表？.ev4" SIZE="75729632"
2019-06-27 23:18:18 [WARN] ID#110 - 下载链接过期或系统时间不正确，请删除任务重新下载(-5) FILE="C:/Users/Administrator/Desktop/阿里新零售数据库设计与实战/第5章 常见问题与企业级解决方案【适用于“直面”项目面试官】/5-6 读多写少和读多写多？.ev4" SIZE="36237520"
2019-06-27 23:18:43 [WARN] ID#7 - SSL/TLS handshake failure: Error: 操作成功完成。
(0)(1) FILE="C:/Users/Administrator/Desktop/Kubernetes（k8s）生产级实践指南 从部署到核心应用vep/9-1 健康检查---高可用的守护者_batch.vep" SIZE="62233474"
2019-06-27 23:19:27 [WARN] ID#30 - SSL/TLS handshake failure: Error: 操作成功完成。
(0)(1) FILE="C:/Users/Administrator/Desktop/Kubernetes（k8s）生产级实践指南 从部署到核心应用vep/6-3 springboot的web服务迁移kubernetes.vep" SIZE="61641565"
2019-06-27 23:20:38 [WARN] ID#76 - Write disk cache flush failure index=18(9) FILE="C:/Users/Administrator/Desktop/Kubernetes（k8s）生产级实践指南 从部署到核心应用vep/10-5 获取markdown内容并转义_batch.vep" SIZE="45736628"
2019-06-27 23:20:39 [WARN] ID#83 - Write disk cache flush failure index=27(9) FILE="C:/Users/Administrator/Desktop/Kubernetes（k8s）生产级实践指南 从部署到核心应用vep/10-1 ingress --- 四层代理、session保持、定制配置、流量控制（上）_batch.vep" SIZE="54745148"
2019-06-27 23:20:39 [WARN] ID#75 - Write disk cache flush failure index=51(9) FILE="C:/Users/Administrator/Desktop/Kubernetes（k8s）生产级实践指南 从部署到核心应用vep/10-6 使用markdown-it来转换markdown_batch.vep" SIZE="85559284"
2019-06-27 23:20:40 [WARN] ID#82 - Write disk cache flush failure index=0(9) FILE="C:/Users/Administrator/Desktop/Kubernetes（k8s）生产级实践指南 从部署到核心应用vep/10-10 完成issue搜索功能的开发_batch.vep" SIZE="111971483"
2019-06-27 23:20:43 [WARN] ID#84 - Write disk cache flush failure index=0(9) FILE="C:/Users/Administrator/Desktop/Kubernetes（k8s）生产级实践指南 从部署到核心应用vep/1-1  课程介绍.vep" SIZE="65291539"
2019-06-27 23:20:43 [WARN] insert share record error: database or disk is full
2019-06-27 23:20:43 [WARN] ID#76 - Write disk cache flush failure index=12(9) FILE="C:/Users/Administrator/Desktop/Kubernetes（k8s）生产级实践指南 从部署到核心应用vep/10-5 获取markdown内容并转义_batch.vep" SIZE="45736628"
2019-06-27 23:20:44 [WARN] delete download task error: database or disk is full
2019-06-27 23:20:44 [WARN] insert download history error: database or disk is full
2019-06-27 23:20:45 [WARN] ID#75 - Write disk cache flush failure index=64(9) FILE="C:/Users/Administrator/Desktop/Kubernetes（k8s）生产级实践指南 从部署到核心应用vep/10-6 使用markdown-it来转换markdown_batch.vep" SIZE="85559284"
2019-06-27 23:20:45 [WARN] insert share record error: database or disk is full
2019-06-27 23:20:46 [WARN] ID#83 - Write disk cache flush failure index=0(9) FILE="C:/Users/Administrator/Desktop/Kubernetes（k8s）生产级实践指南 从部署到核心应用vep/10-1 ingress --- 四层代理、session保持、定制配置、流量控制（上）_batch.vep" SIZE="54745148"
2019-06-27 23:20:49 [WARN] ID#82 - Write disk cache flush failure index=0(9) FILE="C:/Users/Administrator/Desktop/Kubernetes（k8s）生产级实践指南 从部署到核心应用vep/10-10 完成issue搜索功能的开发_batch.vep" SIZE="111971483"
2019-06-27 23:20:49 [WARN] ID#84 - Write disk cache flush failure index=56(9) FILE="C:/Users/Administrator/Desktop/Kubernetes（k8s）生产级实践指南 从部署到核心应用vep/1-1  课程介绍.vep" SIZE="65291539"
2019-06-27 23:20:49 [WARN] ID#75 - Write disk cache flush failure index=33(9) FILE="C:/Users/Administrator/Desktop/Kubernetes（k8s）生产级实践指南 从部署到核心应用vep/10-6 使用markdown-it来转换markdown_batch.vep" SIZE="85559284"
2019-06-27 23:20:50 [WARN] ID#76 - Write disk cache flush failure index=8(9) FILE="C:/Users/Administrator/Desktop/Kubernetes（k8s）生产级实践指南 从部署到核心应用vep/10-5 获取markdown内容并转义_batch.vep" SIZE="45736628"
2019-06-27 23:20:50 [WARN] ID#83 - Write disk cache flush failure index=0(9) FILE="C:/Users/Administrator/Desktop/Kubernetes（k8s）生产级实践指南 从部署到核心应用vep/10-1 ingress --- 四层代理、session保持、定制配置、流量控制（上）_batch.vep" SIZE="54745148"
2019-06-27 23:20:53 [WARN] ID#84 - Write disk cache flush failure index=48(9) FILE="C:/Users/Administrator/Desktop/Kubernetes（k8s）生产级实践指南 从部署到核心应用vep/1-1  课程介绍.vep" SIZE="65291539"
2019-06-27 23:20:59 [WARN] ID#82 - Write disk cache flush failure index=54(9) FILE="C:/Users/Administrator/Desktop/Kubernetes（k8s）生产级实践指南 从部署到核心应用vep/10-10 完成issue搜索功能的开发_batch.vep" SIZE="111971483"
2019-06-27 23:20:59 [WARN] insert download task error: database or disk is full
2019-06-27 23:21:04 [WARN] insert share record error: database or disk is full
2019-06-27 23:21:04 [WARN] ID#0 - Write disk cache flush failure index=0(9) FILE="C:/Users/Administrator/Desktop/资料.rar" SIZE="366190"
2019-06-27 23:21:08 [WARN] ID#0 - Write disk cache flush failure index=0(9) FILE="C:/Users/Administrator/Desktop/资料.rar" SIZE="366190"
2019-06-27 23:21:11 [WARN] ID#0 - Write disk cache flush failure index=0(9) FILE="C:/Users/Administrator/Desktop/资料.rar" SIZE="366190"
2019-06-27 23:21:36 [WARN] ID#23 - The response status is not successful. status=503(29) FILE="C:/Users/Administrator/Desktop/Kubernetes（k8s）生产级实践指南 从部署到核心应用vep/7-12 koa中处理post请求的数据_batch.vep" SIZE="15883446"
2019-06-27 23:21:54 [WARN] insert share record error: database or disk is full
2019-06-27 23:22:00 [WARN] ID#66 - The response status is not successful. status=503(29) FILE="C:/Users/Administrator/Desktop/Kubernetes（k8s）生产级实践指南 从部署到核心应用vep/12-1 什么是ServiceMesh？什么是Istio？_batch.vep" SIZE="7336007"
2019-06-27 23:22:05 [WARN] insert share record error: database or disk is full
2019-06-27 23:22:08 [WARN] insert share record error: database or disk is full
2019-06-27 23:22:09 [WARN] delete download task error: database or disk is full
2019-06-27 23:22:09 [WARN] insert download history error: database or disk is full
2019-06-27 23:22:20 [WARN] ID#79 - The response status is not successful. status=503(29) FILE="C:/Users/Administrator/Desktop/Kubernetes（k8s）生产级实践指南 从部署到核心应用vep/10-2 仓库布局开发_batch.vep" SIZE="70512466"
2019-06-27 23:23:20 [WARN] insert download task error: database or disk is full
2019-06-27 23:23:23 [WARN] ID#0 - 无可用下载链接(-1) FILE="C:/Users/Administrator/Desktop/coding-279-master.zip" SIZE="2139026"
2019-06-27 23:23:24 [WARN] ID#0 - 无可用下载链接(-1) FILE="C:/Users/Administrator/Desktop/coding-279-master.zip" SIZE="2139026"
2019-06-27 23:23:25 [WARN] ID#0 - 无可用下载链接(-1) FILE="C:/Users/Administrator/Desktop/coding-279-master.zip" SIZE="2139026"
2019-06-27 23:23:34 [WARN] ID#0 - 无可用下载链接(-1) FILE="C:/Users/Administrator/Desktop/coding-279-master.zip" SIZE="2139026"
2019-06-27 23:23:36 [WARN] ID#0 - Download aborted.(1) FILE="C:/Users/Administrator/Desktop/资料.rar" SIZE="366190"
2019-06-27 23:23:36 [WARN] ID#0 - 无可用下载链接(-1) FILE="C:/Users/Administrator/Desktop/coding-279-master.zip" SIZE="2139026"
2019-06-27 23:23:37 [WARN] ID#82 - Write disk cache flush failure index=27(9) FILE="C:/Users/Administrator/Desktop/Kubernetes（k8s）生产级实践指南 从部署到核心应用vep/10-10 完成issue搜索功能的开发_batch.vep" SIZE="111971483"
2019-06-27 23:23:37 [WARN] ID#76 - Write disk cache flush failure index=8(9) FILE="C:/Users/Administrator/Desktop/Kubernetes（k8s）生产级实践指南 从部署到核心应用vep/10-5 获取markdown内容并转义_batch.vep" SIZE="45736628"
2019-06-27 23:23:38 [WARN] ID#83 - Write disk cache flush failure index=0(9) FILE="C:/Users/Administrator/Desktop/Kubernetes（k8s）生产级实践指南 从部署到核心应用vep/10-1 ingress --- 四层代理、session保持、定制配置、流量控制（上）_batch.vep" SIZE="54745148"
2019-06-27 23:23:38 [WARN] ID#84 - Write disk cache flush failure index=32(9) FILE="C:/Users/Administrator/Desktop/Kubernetes（k8s）生产级实践指南 从部署到核心应用vep/1-1  课程介绍.vep" SIZE="65291539"
2019-06-27 23:23:38 [WARN] ID#75 - Write disk cache flush failure index=13(9) FILE="C:/Users/Administrator/Desktop/Kubernetes（k8s）生产级实践指南 从部署到核心应用vep/10-6 使用markdown-it来转换markdown_batch.vep" SIZE="85559284"
2019-06-27 23:23:39 [WARN] ID#0 - 无可用下载链接(-1) FILE="C:/Users/Administrator/Desktop/coding-279-master.zip" SIZE="2139026"
2019-06-27 23:23:40 [WARN] ID#82 - Write disk cache flush failure index=81(9) FILE="C:/Users/Administrator/Desktop/Kubernetes（k8s）生产级实践指南 从部署到核心应用vep/10-10 完成issue搜索功能的开发_batch.vep" SIZE="111971483"
2019-06-27 23:23:40 [WARN] ID#76 - Write disk cache flush failure index=36(9) FILE="C:/Users/Administrator/Desktop/Kubernetes（k8s）生产级实践指南 从部署到核心应用vep/10-5 获取markdown内容并转义_batch.vep" SIZE="45736628"
2019-06-27 23:23:55 [WARN] delete download task error: database or disk is full
2019-06-27 23:25:25 [WARN] request error (0x2ffffffec): https://pan.baidu.com/api/sharedownload {"errno":-20,"request_id":4127764572508825854,"server_time":1561649121}
2019-06-27 23:27:40 [WARN] request error (0x100000006): https://pan.baidu.com/api/quota 
2019-06-27 23:28:16 [WARN] account error (-1): http请求错误 0x6
2019-06-27 23:28:29 [WARN] request error (0x100000006): https://pan.baidu.com/api/quota 
2019-06-27 23:29:18 [WARN] request error (0x100000006): https://pan.baidu.com/api/quota 
2019-06-27 23:29:41 [WARN] account error (-1): http请求错误 0x6
2019-06-27 23:30:51 [WARN] request error (0x100000006): https://pan.baidu.com/api/quota 
2019-06-27 23:31:05 [WARN] account error (-1): http请求错误 0x6
2019-06-27 23:31:40 [WARN] request error (0x100000006): https://pan.baidu.com/api/quota 
2019-06-27 23:32:30 [WARN] request error (0x100000006): https://pan.baidu.com/api/quota 
2019-06-27 23:32:31 [WARN] account error (-1): http请求错误 0x6
2019-06-27 23:33:19 [WARN] request error (0x100000006): https://pan.baidu.com/api/quota 
2019-06-27 23:33:55 [WARN] account error (-1): http请求错误 0x6
2019-06-27 23:34:51 [WARN] request error (0x100000006): https://pan.baidu.com/api/quota 
2019-06-27 23:35:21 [WARN] account error (-1): http请求错误 0x6
2019-06-27 23:35:40 [WARN] request error (0x100000006): https://pan.baidu.com/api/quota 
2019-06-27 23:36:29 [WARN] request error (0x100000006): https://pan.baidu.com/api/quota 
2019-06-27 23:36:51 [WARN] aria2 websocket connection closed (127.0.0.1:36954), code: 1006 (Abnormal close), reason: 
