2019-05-05 19:09:37 [INFO] pandownload version: 2.1.0 beta
2019-05-05 19:09:39 [INFO] aria2 websocket connection opened (127.0.0.1:6808)
2019-05-05 19:09:39 [INFO] aria2 version: 1.34.0
2019-05-05 19:09:39 [INFO] aria2 json-rpc path: http://token:pandownload@127.0.0.1:6808/jsonrpc
2019-05-05 19:09:39 [INFO] create main window
2019-05-05 19:09:39 [INFO] verify cookie (600)
2019-05-05 19:09:45 [INFO] user login success (4052464532): zji739
2019-05-05 19:12:19 [WARN] request error (0x10000001c): https://pan.baidu.com/api/quota 
2019-05-05 19:12:19 [WARN] rpc error (0): timeout
2019-05-05 19:12:22 [WARN] account error (-1): http请求错误 0x6
2019-05-05 19:13:27 [WARN] ID#2 - No URI available.(22) FILE="C:/Users/Administrator/Desktop/直播/15-3 【协议规范.vep" SIZE="49052101"
2019-05-05 19:14:27 [WARN] request error (0x100000006): https://pan.baidu.com/api/quota 
2019-05-05 19:16:18 [WARN] request error (0x100000006): https://pan.baidu.com/api/quota 
2019-05-05 19:16:51 [WARN] account error (-1): http请求错误 0x6
2019-05-05 19:17:07 [WARN] request error (0x100000006): https://pan.baidu.com/api/quota 
2019-05-05 19:17:57 [WARN] request error (0x100000006): https://pan.baidu.com/api/quota 
2019-05-05 19:18:16 [WARN] account error (-1): http请求错误 0x6
2019-05-05 19:18:46 [WARN] request error (0x100000006): https://pan.baidu.com/api/quota 
2019-05-05 19:19:41 [WARN] account error (-1): http请求错误 0x6
2019-05-05 19:20:19 [WARN] request error (0x100000006): https://pan.baidu.com/api/quota 
2019-05-05 19:21:06 [WARN] account error (-1): http请求错误 0x6
2019-05-05 19:21:08 [WARN] request error (0x100000006): https://pan.baidu.com/api/quota 
2019-05-05 19:21:57 [WARN] request error (0x100000006): https://pan.baidu.com/api/quota 
2019-05-05 19:22:31 [WARN] account error (-1): http请求错误 0x6
2019-05-05 19:22:47 [WARN] request error (0x100000006): https://pan.baidu.com/api/quota 
2019-05-05 19:23:56 [WARN] account error (-1): http请求错误 0x6
2019-05-05 19:24:19 [WARN] request error (0x100000006): https://pan.baidu.com/api/quota 
2019-05-05 19:25:08 [WARN] request error (0x100000006): https://pan.baidu.com/api/quota 
2019-05-05 19:25:21 [WARN] account error (-1): http请求错误 0x6
2019-05-05 19:25:58 [WARN] request error (0x100000006): https://pan.baidu.com/api/quota 
2019-05-05 19:26:46 [WARN] account error (-1): http请求错误 0x6
2019-05-05 19:26:47 [WARN] request error (0x100000006): https://pan.baidu.com/api/quota 
2019-05-05 19:28:11 [WARN] account error (-1): http请求错误 0x6
2019-05-05 19:28:19 [WARN] request error (0x100000006): https://pan.baidu.com/api/quota 
2019-05-05 19:29:08 [WARN] request error (0x100000006): https://pan.baidu.com/api/quota 
2019-05-05 19:29:36 [WARN] account error (-1): http请求错误 0x6
2019-05-05 19:29:57 [WARN] request error (0x100000006): https://pan.baidu.com/api/quota 
2019-05-05 19:30:47 [WARN] request error (0x100000006): https://pan.baidu.com/api/quota 
2019-05-05 19:31:01 [WARN] account error (-1): http请求错误 0x6
2019-05-05 19:32:19 [WARN] request error (0x100000006): https://pan.baidu.com/api/quota 
2019-05-05 19:32:26 [WARN] account error (-1): http请求错误 0x6
2019-05-05 19:33:08 [WARN] request error (0x100000006): https://pan.baidu.com/api/quota 
2019-05-05 19:33:51 [WARN] account error (-1): http请求错误 0x6
2019-05-05 19:33:57 [WARN] request error (0x100000006): https://pan.baidu.com/api/quota 
2019-05-05 19:34:47 [WARN] request error (0x100000006): https://pan.baidu.com/api/quota 
2019-05-05 19:35:16 [WARN] account error (-1): http请求错误 0x6
2019-05-05 19:36:19 [WARN] request error (0x100000006): https://pan.baidu.com/api/quota 
2019-05-05 19:36:41 [WARN] account error (-1): http请求错误 0x6
2019-05-05 19:37:08 [WARN] request error (0x100000006): https://pan.baidu.com/api/quota 
2019-05-05 19:37:41 [WARN] request error (0x100000006): https://pan.baidu.com/api/quota 
2019-05-05 19:37:42 [WARN] account error (-1): http请求错误 0x6
2019-05-05 19:38:02 [WARN] request error (0x100000006): https://pan.baidu.com/api/quota 
2019-05-05 19:38:22 [WARN] request error (0x100000006): https://pan.baidu.com/api/quota 
2019-05-05 19:39:37 [WARN] request error (0x100000006): https://pan.baidu.com/api/quota 
2019-05-05 19:40:08 [WARN] account error (-1): http请求错误 0x6
2019-05-05 19:40:26 [WARN] request error (0x100000006): https://pan.baidu.com/api/quota 
2019-05-05 19:41:33 [WARN] account error (-1): http请求错误 0x6
2019-05-05 19:41:58 [WARN] request error (0x100000006): https://pan.baidu.com/api/quota 
2019-05-05 19:42:47 [WARN] request error (0x100000006): https://pan.baidu.com/api/quota 
2019-05-05 19:42:58 [WARN] account error (-1): http请求错误 0x6
2019-05-05 19:43:36 [WARN] request error (0x100000006): https://pan.baidu.com/api/quota 
2019-05-05 19:44:23 [WARN] account error (-1): http请求错误 0x6
2019-05-05 19:44:26 [WARN] request error (0x100000006): https://pan.baidu.com/api/quota 
2019-05-05 19:45:48 [WARN] account error (-1): http请求错误 0x6
2019-05-05 19:45:58 [WARN] request error (0x100000006): https://pan.baidu.com/api/quota 
2019-05-05 19:46:47 [WARN] request error (0x100000006): https://pan.baidu.com/api/quota 
2019-05-05 19:47:13 [WARN] account error (-1): http请求错误 0x6
2019-05-05 19:47:36 [WARN] request error (0x100000006): https://pan.baidu.com/api/quota 
2019-05-05 19:48:26 [WARN] request error (0x100000006): https://pan.baidu.com/api/quota 
2019-05-05 19:48:38 [WARN] account error (-1): http请求错误 0x6
2019-05-05 19:49:58 [WARN] request error (0x100000006): https://pan.baidu.com/api/quota 
2019-05-05 19:50:03 [WARN] account error (-1): http请求错误 0x6
2019-05-05 19:50:47 [WARN] request error (0x100000006): https://pan.baidu.com/api/quota 
2019-05-05 19:51:28 [WARN] account error (-1): http请求错误 0x6
2019-05-05 19:51:37 [WARN] request error (0x100000006): https://pan.baidu.com/api/quota 
2019-05-05 19:52:26 [WARN] request error (0x100000006): https://pan.baidu.com/api/quota 
2019-05-05 19:52:53 [WARN] account error (-1): http请求错误 0x6
2019-05-05 19:53:58 [WARN] request error (0x100000006): https://pan.baidu.com/api/quota 
2019-05-05 19:54:18 [WARN] account error (-1): http请求错误 0x6
2019-05-05 19:54:48 [WARN] request error (0x100000006): https://pan.baidu.com/api/quota 
2019-05-05 19:55:37 [WARN] request error (0x100000006): https://pan.baidu.com/api/quota 
2019-05-05 19:55:43 [WARN] account error (-1): http请求错误 0x6
2019-05-05 19:56:26 [WARN] request error (0x100000006): https://pan.baidu.com/api/quota 
2019-05-05 19:57:08 [WARN] account error (-1): http请求错误 0x6
2019-05-05 19:57:58 [WARN] request error (0x100000006): https://pan.baidu.com/api/quota 
2019-05-05 19:58:33 [WARN] account error (-1): http请求错误 0x6
2019-05-05 19:58:48 [WARN] request error (0x100000006): https://pan.baidu.com/api/quota 
2019-05-05 19:59:37 [WARN] request error (0x100000006): https://pan.baidu.com/api/quota 
2019-05-05 19:59:58 [WARN] account error (-1): http请求错误 0x6
2019-05-05 20:00:26 [WARN] request error (0x100000006): https://pan.baidu.com/api/quota 
2019-05-05 20:01:23 [WARN] account error (-1): http请求错误 0x6
2019-05-05 20:01:58 [WARN] request error (0x100000006): https://pan.baidu.com/api/quota 
2019-05-05 20:02:48 [WARN] request error (0x100000006): https://pan.baidu.com/api/quota 
2019-05-05 20:02:48 [WARN] account error (-1): http请求错误 0x6
2019-05-05 20:03:37 [WARN] request error (0x100000006): https://pan.baidu.com/api/quota 
2019-05-05 20:04:13 [WARN] account error (-1): http请求错误 0x6
2019-05-05 20:04:26 [WARN] request error (0x100000006): https://pan.baidu.com/api/quota 
2019-05-05 20:05:38 [WARN] account error (-1): http请求错误 0x6
2019-05-05 20:05:58 [WARN] request error (0x100000006): https://pan.baidu.com/api/quota 
2019-05-05 20:06:48 [WARN] request error (0x100000006): https://pan.baidu.com/api/quota 
2019-05-05 20:07:03 [WARN] account error (-1): http请求错误 0x6
2019-05-05 20:07:37 [WARN] request error (0x100000006): https://pan.baidu.com/api/quota 
2019-05-05 20:08:27 [WARN] request error (0x100000006): https://pan.baidu.com/api/quota 
2019-05-05 20:08:28 [WARN] account error (-1): http请求错误 0x6
2019-05-05 20:09:53 [WARN] account error (-1): http请求错误 0x6
2019-05-05 20:09:59 [WARN] request error (0x100000006): https://pan.baidu.com/api/quota 
2019-05-05 20:10:48 [WARN] request error (0x100000006): https://pan.baidu.com/api/quota 
2019-05-05 20:11:18 [WARN] account error (-1): http请求错误 0x6
2019-05-05 20:11:38 [WARN] request error (0x100000006): https://pan.baidu.com/api/quota 
2019-05-05 20:12:27 [WARN] request error (0x100000006): https://pan.baidu.com/api/quota 
2019-05-05 20:12:43 [WARN] account error (-1): http请求错误 0x6
2019-05-05 20:14:00 [WARN] request error (0x100000006): https://pan.baidu.com/api/quota 
2019-05-05 20:14:08 [WARN] account error (-1): http请求错误 0x6
2019-05-05 20:14:49 [WARN] request error (0x100000006): https://pan.baidu.com/api/quota 
2019-05-05 20:15:33 [WARN] account error (-1): http请求错误 0x6
2019-05-05 20:15:38 [WARN] request error (0x100000006): https://pan.baidu.com/api/quota 
2019-05-05 20:16:28 [WARN] request error (0x100000006): https://pan.baidu.com/api/quota 
2019-05-05 20:16:58 [WARN] account error (-1): http请求错误 0x6
2019-05-05 20:18:00 [WARN] request error (0x100000006): https://pan.baidu.com/api/quota 
2019-05-05 20:18:23 [WARN] account error (-1): http请求错误 0x6
2019-05-05 20:18:50 [WARN] request error (0x100000006): https://pan.baidu.com/api/quota 
2019-05-05 20:19:39 [WARN] request error (0x100000006): https://pan.baidu.com/api/quota 
2019-05-05 20:19:48 [WARN] account error (-1): http请求错误 0x6
2019-05-05 20:20:28 [WARN] request error (0x100000006): https://pan.baidu.com/api/quota 
2019-05-05 20:21:13 [WARN] account error (-1): http请求错误 0x6
2019-05-05 20:22:01 [WARN] request error (0x100000006): https://pan.baidu.com/api/quota 
2019-05-05 20:22:38 [WARN] account error (-1): http请求错误 0x6
2019-05-05 20:22:50 [WARN] request error (0x100000006): https://pan.baidu.com/api/quota 
2019-05-05 20:23:39 [WARN] request error (0x100000006): https://pan.baidu.com/api/quota 
2019-05-05 20:24:03 [WARN] account error (-1): http请求错误 0x6
2019-05-05 20:24:28 [WARN] request error (0x100000006): https://pan.baidu.com/api/quota 
2019-05-05 20:25:28 [WARN] account error (-1): http请求错误 0x6
2019-05-05 20:26:01 [WARN] request error (0x100000006): https://pan.baidu.com/api/quota 
2019-05-05 20:26:50 [WARN] request error (0x100000006): https://pan.baidu.com/api/quota 
2019-05-05 20:26:53 [WARN] account error (-1): http请求错误 0x6
2019-05-05 20:27:39 [WARN] request error (0x100000006): https://pan.baidu.com/api/quota 
2019-05-05 20:28:18 [WARN] account error (-1): http请求错误 0x6
2019-05-05 20:28:28 [WARN] request error (0x100000006): https://pan.baidu.com/api/quota 
2019-05-05 20:29:43 [WARN] account error (-1): http请求错误 0x6
2019-05-05 20:30:01 [WARN] request error (0x100000006): https://pan.baidu.com/api/quota 
2019-05-05 20:30:50 [WARN] request error (0x100000006): https://pan.baidu.com/api/quota 
2019-05-05 20:31:08 [WARN] account error (-1): http请求错误 0x6
2019-05-05 20:31:39 [WARN] request error (0x100000006): https://pan.baidu.com/api/quota 
2019-05-05 20:32:29 [WARN] request error (0x100000006): https://pan.baidu.com/api/quota 
2019-05-05 20:32:33 [WARN] account error (-1): http请求错误 0x6
2019-05-05 20:33:58 [WARN] account error (-1): http请求错误 0x6
2019-05-05 20:34:01 [WARN] request error (0x100000006): https://pan.baidu.com/api/quota 
2019-05-05 20:34:51 [WARN] request error (0x100000006): https://pan.baidu.com/api/quota 
2019-05-05 20:35:23 [WARN] account error (-1): http请求错误 0x6
2019-05-05 20:35:40 [WARN] request error (0x100000006): https://pan.baidu.com/api/quota 
2019-05-05 20:36:29 [WARN] request error (0x100000006): https://pan.baidu.com/api/quota 
2019-05-05 20:36:48 [WARN] account error (-1): http请求错误 0x6
2019-05-05 20:38:01 [WARN] request error (0x100000006): https://pan.baidu.com/api/quota 
2019-05-05 20:38:13 [WARN] account error (-1): http请求错误 0x6
2019-05-05 20:38:50 [WARN] request error (0x100000006): https://pan.baidu.com/api/quota 
2019-05-05 20:39:38 [WARN] account error (-1): http请求错误 0x6
2019-05-05 20:39:39 [WARN] request error (0x100000006): https://pan.baidu.com/api/quota 
2019-05-05 20:40:28 [WARN] request error (0x100000006): https://pan.baidu.com/api/quota 
2019-05-05 20:41:03 [WARN] account error (-1): http请求错误 0x6
2019-05-05 20:42:00 [WARN] request error (0x100000006): https://pan.baidu.com/api/quota 
2019-05-05 20:42:28 [WARN] account error (-1): http请求错误 0x6
2019-05-05 20:42:49 [WARN] request error (0x100000006): https://pan.baidu.com/api/quota 
2019-05-05 20:43:38 [WARN] request error (0x100000006): https://pan.baidu.com/api/quota 
2019-05-05 20:43:53 [WARN] account error (-1): http请求错误 0x6
2019-05-05 20:44:27 [WARN] request error (0x100000006): https://pan.baidu.com/api/quota 
2019-05-05 20:45:18 [WARN] account error (-1): http请求错误 0x6
2019-05-05 20:45:59 [WARN] request error (0x100000006): https://pan.baidu.com/api/quota 
2019-05-05 20:46:43 [WARN] account error (-1): http请求错误 0x6
2019-05-05 20:46:48 [WARN] request error (0x100000006): https://pan.baidu.com/api/quota 
2019-05-05 20:47:37 [WARN] request error (0x100000006): https://pan.baidu.com/api/quota 
2019-05-05 20:48:08 [WARN] account error (-1): http请求错误 0x6
2019-05-05 20:48:26 [WARN] request error (0x100000006): https://pan.baidu.com/api/quota 
2019-05-05 20:49:33 [WARN] account error (-1): http请求错误 0x6
2019-05-05 20:49:58 [WARN] request error (0x100000006): https://pan.baidu.com/api/quota 
2019-05-05 20:50:47 [WARN] request error (0x100000006): https://pan.baidu.com/api/quota 
2019-05-05 20:50:58 [WARN] account error (-1): http请求错误 0x6
2019-05-05 20:51:36 [WARN] request error (0x100000006): https://pan.baidu.com/api/quota 
2019-05-05 20:52:23 [WARN] account error (-1): http请求错误 0x6
2019-05-05 20:52:25 [WARN] request error (0x100000006): https://pan.baidu.com/api/quota 
2019-05-05 20:53:48 [WARN] account error (-1): http请求错误 0x6
2019-05-05 20:53:57 [WARN] request error (0x100000006): https://pan.baidu.com/api/quota 
2019-05-05 20:54:47 [WARN] request error (0x100000006): https://pan.baidu.com/api/quota 
2019-05-05 20:55:13 [WARN] account error (-1): http请求错误 0x6
2019-05-05 20:55:36 [WARN] request error (0x100000006): https://pan.baidu.com/api/quota 
2019-05-05 20:56:25 [WARN] request error (0x100000006): https://pan.baidu.com/api/quota 
2019-05-05 20:56:38 [WARN] account error (-1): http请求错误 0x6
2019-05-05 20:57:58 [WARN] request error (0x100000006): https://pan.baidu.com/api/quota 
2019-05-05 20:58:03 [WARN] account error (-1): http请求错误 0x6
2019-05-05 20:58:47 [WARN] request error (0x100000006): https://pan.baidu.com/api/quota 
2019-05-05 20:59:28 [WARN] account error (-1): http请求错误 0x6
2019-05-05 20:59:36 [WARN] request error (0x100000006): https://pan.baidu.com/api/quota 
2019-05-05 21:00:26 [WARN] request error (0x100000006): https://pan.baidu.com/api/quota 
2019-05-05 21:00:53 [WARN] account error (-1): http请求错误 0x6
2019-05-05 21:01:58 [WARN] request error (0x100000006): https://pan.baidu.com/api/quota 
2019-05-05 21:02:18 [WARN] account error (-1): http请求错误 0x6
2019-05-05 21:02:47 [WARN] request error (0x100000006): https://pan.baidu.com/api/quota 
2019-05-05 21:03:37 [WARN] request error (0x100000006): https://pan.baidu.com/api/quota 
2019-05-05 21:03:43 [WARN] account error (-1): http请求错误 0x6
2019-05-05 21:04:26 [WARN] request error (0x100000006): https://pan.baidu.com/api/quota 
2019-05-05 21:05:08 [WARN] account error (-1): http请求错误 0x6
2019-05-05 21:05:58 [WARN] request error (0x100000006): https://pan.baidu.com/api/quota 
2019-05-05 21:06:33 [WARN] account error (-1): http请求错误 0x6
2019-05-05 21:06:48 [WARN] request error (0x100000006): https://pan.baidu.com/api/quota 
2019-05-05 21:07:37 [WARN] request error (0x100000006): https://pan.baidu.com/api/quota 
2019-05-05 21:07:58 [WARN] account error (-1): http请求错误 0x6
2019-05-05 21:08:26 [WARN] request error (0x100000006): https://pan.baidu.com/api/quota 
2019-05-05 21:09:23 [WARN] account error (-1): http请求错误 0x6
2019-05-05 21:09:58 [WARN] request error (0x100000006): https://pan.baidu.com/api/quota 
2019-05-05 21:10:48 [WARN] request error (0x100000006): https://pan.baidu.com/api/quota 
2019-05-05 21:10:48 [WARN] account error (-1): http请求错误 0x6
2019-05-05 21:11:37 [WARN] request error (0x100000006): https://pan.baidu.com/api/quota 
2019-05-05 21:12:13 [WARN] account error (-1): http请求错误 0x6
2019-05-05 21:12:26 [WARN] request error (0x100000006): https://pan.baidu.com/api/quota 
2019-05-05 21:13:38 [WARN] account error (-1): http请求错误 0x6
2019-05-05 21:13:59 [WARN] request error (0x100000006): https://pan.baidu.com/api/quota 
2019-05-05 21:14:48 [WARN] request error (0x100000006): https://pan.baidu.com/api/quota 
2019-05-05 21:15:03 [WARN] account error (-1): http请求错误 0x6
2019-05-05 21:15:37 [WARN] request error (0x100000006): https://pan.baidu.com/api/quota 
2019-05-05 21:16:27 [WARN] request error (0x100000006): https://pan.baidu.com/api/quota 
2019-05-05 21:16:28 [WARN] account error (-1): http请求错误 0x6
2019-05-05 21:17:53 [WARN] account error (-1): http请求错误 0x6
2019-05-05 21:17:59 [WARN] request error (0x100000006): https://pan.baidu.com/api/quota 
2019-05-05 21:18:49 [WARN] request error (0x100000006): https://pan.baidu.com/api/quota 
2019-05-05 21:19:18 [WARN] account error (-1): http请求错误 0x6
2019-05-05 21:19:38 [WARN] request error (0x100000006): https://pan.baidu.com/api/quota 
2019-05-05 21:20:27 [WARN] request error (0x100000006): https://pan.baidu.com/api/quota 
2019-05-05 21:20:43 [WARN] account error (-1): http请求错误 0x6
2019-05-05 21:21:59 [WARN] request error (0x100000006): https://pan.baidu.com/api/quota 
2019-05-05 21:22:08 [WARN] account error (-1): http请求错误 0x6
2019-05-05 21:22:49 [WARN] request error (0x100000006): https://pan.baidu.com/api/quota 
2019-05-05 21:23:33 [WARN] account error (-1): http请求错误 0x6
2019-05-05 21:23:38 [WARN] request error (0x100000006): https://pan.baidu.com/api/quota 
2019-05-05 21:24:27 [WARN] request error (0x100000006): https://pan.baidu.com/api/quota 
2019-05-05 21:24:58 [WARN] account error (-1): http请求错误 0x6
2019-05-05 21:26:00 [WARN] request error (0x100000006): https://pan.baidu.com/api/quota 
2019-05-05 21:26:23 [WARN] account error (-1): http请求错误 0x6
2019-05-05 21:26:49 [WARN] request error (0x100000006): https://pan.baidu.com/api/quota 
2019-05-05 21:27:39 [WARN] request error (0x100000006): https://pan.baidu.com/api/quota 
2019-05-05 21:27:48 [WARN] account error (-1): http请求错误 0x6
2019-05-05 21:28:28 [WARN] request error (0x100000006): https://pan.baidu.com/api/quota 
2019-05-05 21:29:13 [WARN] account error (-1): http请求错误 0x6
2019-05-05 21:30:01 [WARN] request error (0x100000006): https://pan.baidu.com/api/quota 
2019-05-05 21:30:38 [WARN] account error (-1): http请求错误 0x6
2019-05-05 21:30:50 [WARN] request error (0x100000006): https://pan.baidu.com/api/quota 
2019-05-05 21:31:39 [WARN] request error (0x100000006): https://pan.baidu.com/api/quota 
2019-05-05 21:32:03 [WARN] account error (-1): http请求错误 0x6
2019-05-05 21:32:29 [WARN] request error (0x100000006): https://pan.baidu.com/api/quota 
2019-05-05 21:33:28 [WARN] account error (-1): http请求错误 0x6
2019-05-05 21:34:01 [WARN] request error (0x100000006): https://pan.baidu.com/api/quota 
2019-05-05 21:34:50 [WARN] request error (0x100000006): https://pan.baidu.com/api/quota 
2019-05-05 21:34:53 [WARN] account error (-1): http请求错误 0x6
2019-05-05 21:35:39 [WARN] request error (0x100000006): https://pan.baidu.com/api/quota 
2019-05-05 21:36:18 [WARN] account error (-1): http请求错误 0x6
2019-05-05 21:36:29 [WARN] request error (0x100000006): https://pan.baidu.com/api/quota 
2019-05-05 21:37:43 [WARN] account error (-1): http请求错误 0x6
2019-05-05 21:38:01 [WARN] request error (0x100000006): https://pan.baidu.com/api/quota 
2019-05-05 21:38:51 [WARN] request error (0x100000006): https://pan.baidu.com/api/quota 
2019-05-05 21:39:08 [WARN] account error (-1): http请求错误 0x6
2019-05-05 21:39:40 [WARN] request error (0x100000006): https://pan.baidu.com/api/quota 
2019-05-05 21:40:29 [WARN] request error (0x100000006): https://pan.baidu.com/api/quota 
2019-05-05 21:40:33 [WARN] account error (-1): http请求错误 0x6
2019-05-05 21:41:58 [WARN] account error (-1): http请求错误 0x6
2019-05-05 21:42:01 [WARN] request error (0x100000006): https://pan.baidu.com/api/quota 
2019-05-05 21:42:50 [WARN] request error (0x100000006): https://pan.baidu.com/api/quota 
2019-05-05 21:43:23 [WARN] account error (-1): http请求错误 0x6
2019-05-05 21:43:39 [WARN] request error (0x100000006): https://pan.baidu.com/api/quota 
2019-05-05 21:47:44 [WARN] request error (0x100000006): https://pan.baidu.com/api/quota 
2019-05-05 21:47:51 [WARN] account error (-1): http请求错误 0x6
2019-05-05 21:48:52 [WARN] account error (-1): http请求错误 0x6
2019-05-05 21:49:00 [WARN] request error (0x100000006): https://pan.baidu.com/api/quota 
2019-05-05 21:50:13 [WARN] request error (0x10000001c): https://pan.baidu.com/api/quota 
2019-05-05 21:50:33 [WARN] account error (-1): http请求错误 0x1c
2019-05-05 21:52:59 [WARN] account error (-1): http请求错误 0x6
2019-05-05 21:53:11 [WARN] request error (0x100000006): https://pan.baidu.com/api/quota 
2019-05-05 21:54:00 [WARN] request error (0x100000006): https://pan.baidu.com/api/quota 
2019-05-05 21:54:24 [WARN] account error (-1): http请求错误 0x6
2019-05-05 21:54:49 [WARN] request error (0x100000006): https://pan.baidu.com/api/quota 
2019-05-05 21:55:38 [WARN] request error (0x100000006): https://pan.baidu.com/api/quota 
2019-05-05 21:55:49 [WARN] account error (-1): http请求错误 0x6
2019-05-05 21:57:11 [WARN] request error (0x100000006): https://pan.baidu.com/api/quota 
2019-05-05 21:57:14 [WARN] account error (-1): http请求错误 0x6
2019-05-05 21:58:00 [WARN] request error (0x100000006): https://pan.baidu.com/api/quota 
2019-05-05 21:58:39 [WARN] account error (-1): http请求错误 0x6
2019-05-05 21:58:49 [WARN] request error (0x100000006): https://pan.baidu.com/api/quota 
2019-05-05 21:59:38 [WARN] request error (0x100000006): https://pan.baidu.com/api/quota 
2019-05-05 22:00:04 [WARN] account error (-1): http请求错误 0x6
2019-05-05 22:25:21 [WARN] request error (0x200000001): https://pan.baidu.com/api/quota {"errno":1,"request_id":2897577241658079431}
2019-05-05 22:36:47 [WARN] request error (0x100000006): https://pan.baidu.com/api/quota 
2019-05-05 22:37:06 [WARN] account error (-1): http请求错误 0x6
2019-05-05 22:38:18 [WARN] request error (0x100000006): https://pan.baidu.com/api/quota 
2019-05-05 22:38:36 [WARN] account error (-1): http请求错误 0x6
2019-05-05 22:39:07 [WARN] request error (0x100000006): https://pan.baidu.com/api/quota 
2019-05-05 22:39:56 [WARN] request error (0x100000006): https://pan.baidu.com/api/quota 
2019-05-05 22:40:01 [WARN] account error (-1): http请求错误 0x6
2019-05-05 22:40:46 [WARN] request error (0x100000006): https://pan.baidu.com/api/quota 
2019-05-05 22:41:26 [WARN] account error (-1): http请求错误 0x6
2019-05-05 22:42:18 [WARN] request error (0x100000006): https://pan.baidu.com/api/quota 
2019-05-05 22:42:51 [WARN] account error (-1): http请求错误 0x6
2019-05-05 22:43:07 [WARN] request error (0x100000006): https://pan.baidu.com/api/quota 
2019-05-05 22:43:56 [WARN] request error (0x100000006): https://pan.baidu.com/api/quota 
2019-05-05 22:44:16 [WARN] account error (-1): http请求错误 0x6
2019-05-05 22:44:45 [WARN] request error (0x100000006): https://pan.baidu.com/api/quota 
2019-05-05 22:45:41 [WARN] account error (-1): http请求错误 0x6
2019-05-05 22:46:18 [WARN] request error (0x100000006): https://pan.baidu.com/api/quota 
2019-05-05 22:47:06 [WARN] account error (-1): http请求错误 0x6
2019-05-05 22:47:07 [WARN] request error (0x100000006): https://pan.baidu.com/api/quota 
2019-05-05 22:47:56 [WARN] request error (0x100000006): https://pan.baidu.com/api/quota 
2019-05-05 22:48:31 [WARN] account error (-1): http请求错误 0x6
2019-05-05 22:48:45 [WARN] request error (0x100000006): https://pan.baidu.com/api/quota 
2019-05-05 22:49:56 [WARN] account error (-1): http请求错误 0x6
2019-05-05 22:50:18 [WARN] request error (0x100000006): https://pan.baidu.com/api/quota 
2019-05-05 22:51:07 [WARN] request error (0x100000006): https://pan.baidu.com/api/quota 
2019-05-05 22:51:21 [WARN] account error (-1): http请求错误 0x6
2019-05-05 22:51:56 [WARN] request error (0x100000006): https://pan.baidu.com/api/quota 
2019-05-05 22:52:45 [WARN] request error (0x100000006): https://pan.baidu.com/api/quota 
2019-05-05 22:52:46 [WARN] account error (-1): http请求错误 0x6
2019-05-05 22:54:11 [WARN] account error (-1): http请求错误 0x6
2019-05-05 22:54:17 [WARN] request error (0x100000006): https://pan.baidu.com/api/quota 
2019-05-05 22:55:06 [WARN] request error (0x100000006): https://pan.baidu.com/api/quota 
2019-05-05 23:11:27 [WARN] aria2 websocket connection closed (127.0.0.1:6808), code: 1006 (Abnormal close), reason: 
