2019-05-11 10:26:09 [INFO] pandownload version: 2.1.0 beta
2019-05-11 10:26:11 [INFO] aria2 websocket connection opened (127.0.0.1:6808)
2019-05-11 10:26:11 [INFO] aria2 version: 1.34.0
2019-05-11 10:26:11 [INFO] aria2 json-rpc path: http://token:pandownload@127.0.0.1:6808/jsonrpc
2019-05-11 10:26:11 [INFO] create main window
2019-05-11 10:26:11 [INFO] verify cookie (600)
2019-05-11 10:26:13 [INFO] user login success (4052464532): zji739
2019-05-11 10:29:04 [WARN] request error (0x10000001c): https://pan.baidu.com/api/quota 
2019-05-11 10:30:55 [WARN] request error (0x10000001c): https://pan.baidu.com/api/quota 
2019-05-11 10:31:39 [WARN] ID#7 - No URI available.(2) FILE="C:/Users/Administrator/Desktop/解锁MySQL8.0（最新版）从入门到实战vep/5-8 【工作填坑技能】为数据库用户授权时易犯错.vep" SIZE="13893873"
2019-05-11 10:34:09 [WARN] request error (0x10000001c): https://pan.baidu.com/api/quota 
2019-05-11 10:35:40 [WARN] account error (-1): http请求错误 0x1c
2019-05-11 10:35:46 [WARN] ID#31 - The response status is not successful. status=403(22) FILE="C:/Users/Administrator/Desktop/解锁MySQL8.0（最新版）从入门到实战vep/4-4 实战部署Python的MySQL驱动类.vep" SIZE="21488695"
2019-05-11 10:38:21 [WARN] ID#36 - No URI available.(1) FILE="C:/Users/Administrator/Desktop/解锁MySQL8.0（最新版）从入门到实战vep/3-8  数据库第一设计范.vep" SIZE="10859531"
2019-05-11 10:40:38 [WARN] request error (0x10000001c): https://pan.baidu.com/api/quota 
2019-05-11 10:42:06 [WARN] ID#65 - SSL/TLS handshake failure: Error: 您的主机中的软件中止了一个已建立的连接。
(2745)(1) FILE="C:/Users/Administrator/Desktop/解锁MySQL8.0（最新版）从入门到实战vep/3-17 范式化设计存在的问.vep" SIZE="10557041"
2019-05-11 10:42:59 [WARN] request error (0x10000001c): https://pan.baidu.com/api/report/user 
2019-05-11 11:23:10 [WARN] request error (0x10000001c): https://pan.baidu.com/api/quota 
2019-05-11 12:09:35 [WARN] request error (0x10000001c): https://pan.baidu.com/api/quota 
2019-05-11 12:29:55 [WARN] request error (0x10000001c): https://pan.baidu.com/api/quota 
2019-05-11 13:17:27 [WARN] account error (-1): http请求错误 0x7
2019-05-11 13:17:28 [WARN] request error (0x10000001c): https://pan.baidu.com/api/quota 
2019-05-11 13:25:20 [WARN] account error (-1): http请求错误 0x6
2019-05-11 13:25:29 [WARN] request error (0x100000006): https://pan.baidu.com/api/quota 
2019-05-11 13:26:18 [WARN] request error (0x100000006): https://pan.baidu.com/api/quota 
2019-05-11 13:26:45 [WARN] account error (-1): http请求错误 0x6
2019-05-11 13:27:51 [WARN] request error (0x100000006): https://pan.baidu.com/api/quota 
2019-05-11 13:28:10 [WARN] account error (-1): http请求错误 0x6
2019-05-11 13:28:40 [WARN] request error (0x100000006): https://pan.baidu.com/api/quota 
2019-05-11 13:29:29 [WARN] request error (0x100000006): https://pan.baidu.com/api/quota 
2019-05-11 13:29:35 [WARN] account error (-1): http请求错误 0x6
2019-05-11 13:30:18 [WARN] request error (0x100000006): https://pan.baidu.com/api/quota 
2019-05-11 13:31:00 [WARN] account error (-1): http请求错误 0x6
2019-05-11 13:31:51 [WARN] request error (0x100000006): https://pan.baidu.com/api/quota 
2019-05-11 13:32:25 [WARN] account error (-1): http请求错误 0x6
2019-05-11 13:32:40 [WARN] request error (0x100000006): https://pan.baidu.com/api/quota 
2019-05-11 13:33:29 [WARN] request error (0x100000006): https://pan.baidu.com/api/quota 
2019-05-11 13:33:50 [WARN] account error (-1): http请求错误 0x6
2019-05-11 13:34:18 [WARN] request error (0x100000006): https://pan.baidu.com/api/quota 
2019-05-11 13:35:15 [WARN] account error (-1): http请求错误 0x6
2019-05-11 13:35:50 [WARN] request error (0x100000006): https://pan.baidu.com/api/quota 
2019-05-11 13:36:39 [WARN] request error (0x100000006): https://pan.baidu.com/api/quota 
2019-05-11 13:36:40 [WARN] account error (-1): http请求错误 0x6
2019-05-11 13:37:28 [WARN] request error (0x100000006): https://pan.baidu.com/api/quota 
2019-05-11 13:38:05 [WARN] account error (-1): http请求错误 0x6
2019-05-11 13:38:17 [WARN] request error (0x100000006): https://pan.baidu.com/api/quota 
2019-05-11 13:39:30 [WARN] account error (-1): http请求错误 0x6
2019-05-11 13:39:50 [WARN] request error (0x100000006): https://pan.baidu.com/api/quota 
2019-05-11 13:40:39 [WARN] request error (0x100000006): https://pan.baidu.com/api/quota 
2019-05-11 13:40:55 [WARN] account error (-1): http请求错误 0x6
2019-05-11 13:41:28 [WARN] request error (0x100000006): https://pan.baidu.com/api/quota 
2019-05-11 13:42:17 [WARN] request error (0x100000006): https://pan.baidu.com/api/quota 
2019-05-11 13:42:20 [WARN] account error (-1): http请求错误 0x6
2019-05-11 13:43:45 [WARN] account error (-1): http请求错误 0x6
2019-05-11 13:43:50 [WARN] request error (0x100000006): https://pan.baidu.com/api/quota 
2019-05-11 13:44:39 [WARN] request error (0x100000006): https://pan.baidu.com/api/quota 
2019-05-11 13:45:10 [WARN] account error (-1): http请求错误 0x6
2019-05-11 13:45:28 [WARN] request error (0x100000006): https://pan.baidu.com/api/quota 
2019-05-11 13:46:18 [WARN] request error (0x100000006): https://pan.baidu.com/api/quota 
2019-05-11 13:46:35 [WARN] account error (-1): http请求错误 0x6
2019-05-11 13:47:50 [WARN] request error (0x100000006): https://pan.baidu.com/api/quota 
2019-05-11 13:48:00 [WARN] account error (-1): http请求错误 0x6
2019-05-11 13:48:39 [WARN] request error (0x100000006): https://pan.baidu.com/api/quota 
2019-05-11 13:49:25 [WARN] account error (-1): http请求错误 0x6
2019-05-11 13:49:29 [WARN] request error (0x100000006): https://pan.baidu.com/api/quota 
2019-05-11 13:50:18 [WARN] request error (0x100000006): https://pan.baidu.com/api/quota 
2019-05-11 13:50:50 [WARN] account error (-1): http请求错误 0x6
2019-05-11 13:51:50 [WARN] request error (0x100000006): https://pan.baidu.com/api/quota 
2019-05-11 13:52:15 [WARN] account error (-1): http请求错误 0x6
2019-05-11 13:52:40 [WARN] request error (0x100000006): https://pan.baidu.com/api/quota 
2019-05-11 13:53:29 [WARN] request error (0x100000006): https://pan.baidu.com/api/quota 
2019-05-11 13:53:41 [WARN] account error (-1): http请求错误 0x6
2019-05-11 13:54:18 [WARN] request error (0x100000006): https://pan.baidu.com/api/quota 
2019-05-11 13:55:05 [WARN] account error (-1): http请求错误 0x6
2019-05-11 13:55:50 [WARN] request error (0x100000006): https://pan.baidu.com/api/quota 
2019-05-11 13:56:31 [WARN] account error (-1): http请求错误 0x6
2019-05-11 13:56:39 [WARN] request error (0x100000006): https://pan.baidu.com/api/quota 
2019-05-11 13:57:28 [WARN] request error (0x100000006): https://pan.baidu.com/api/quota 
2019-05-11 13:57:55 [WARN] account error (-1): http请求错误 0x6
2019-05-11 13:58:17 [WARN] request error (0x100000006): https://pan.baidu.com/api/quota 
2019-05-11 13:59:20 [WARN] account error (-1): http请求错误 0x6
2019-05-11 13:59:49 [WARN] request error (0x100000006): https://pan.baidu.com/api/quota 
2019-05-11 14:00:38 [WARN] request error (0x100000006): https://pan.baidu.com/api/quota 
2019-05-11 14:00:45 [WARN] account error (-1): http请求错误 0x6
2019-05-11 14:01:27 [WARN] request error (0x100000006): https://pan.baidu.com/api/quota 
2019-05-11 14:02:10 [WARN] account error (-1): http请求错误 0x6
2019-05-11 14:02:16 [WARN] request error (0x100000006): https://pan.baidu.com/api/quota 
2019-05-11 14:03:35 [WARN] account error (-1): http请求错误 0x6
2019-05-11 14:03:48 [WARN] request error (0x100000006): https://pan.baidu.com/api/quota 
2019-05-11 14:04:37 [WARN] request error (0x100000006): https://pan.baidu.com/api/quota 
2019-05-11 14:05:00 [WARN] account error (-1): http请求错误 0x6
2019-05-11 14:05:27 [WARN] request error (0x100000006): https://pan.baidu.com/api/quota 
2019-05-11 14:06:16 [WARN] request error (0x100000006): https://pan.baidu.com/api/quota 
2019-05-11 14:06:25 [WARN] account error (-1): http请求错误 0x6
2019-05-11 14:07:48 [WARN] request error (0x100000006): https://pan.baidu.com/api/quota 
2019-05-11 14:07:50 [WARN] account error (-1): http请求错误 0x6
2019-05-11 14:08:38 [WARN] request error (0x100000006): https://pan.baidu.com/api/quota 
2019-05-11 14:09:15 [WARN] account error (-1): http请求错误 0x6
2019-05-11 14:09:27 [WARN] request error (0x100000006): https://pan.baidu.com/api/quota 
2019-05-11 14:10:16 [WARN] request error (0x100000006): https://pan.baidu.com/api/quota 
2019-05-11 14:10:40 [WARN] account error (-1): http请求错误 0x6
2019-05-11 14:11:48 [WARN] request error (0x100000006): https://pan.baidu.com/api/quota 
2019-05-11 14:12:06 [WARN] account error (-1): http请求错误 0x6
2019-05-11 14:12:37 [WARN] request error (0x100000006): https://pan.baidu.com/api/quota 
2019-05-11 14:13:26 [WARN] request error (0x100000006): https://pan.baidu.com/api/quota 
2019-05-11 14:13:30 [WARN] account error (-1): http请求错误 0x6
2019-05-11 14:14:15 [WARN] request error (0x100000006): https://pan.baidu.com/api/quota 
2019-05-11 14:14:56 [WARN] account error (-1): http请求错误 0x6
2019-05-11 14:15:48 [WARN] request error (0x100000006): https://pan.baidu.com/api/quota 
2019-05-11 14:16:20 [WARN] account error (-1): http请求错误 0x6
2019-05-11 14:16:37 [WARN] request error (0x100000006): https://pan.baidu.com/api/quota 
2019-05-11 14:17:26 [WARN] request error (0x100000006): https://pan.baidu.com/api/quota 
2019-05-11 14:17:45 [WARN] account error (-1): http请求错误 0x6
2019-05-11 14:18:15 [WARN] request error (0x100000006): https://pan.baidu.com/api/quota 
2019-05-11 14:19:10 [WARN] account error (-1): http请求错误 0x6
2019-05-11 14:19:48 [WARN] request error (0x100000006): https://pan.baidu.com/api/quota 
2019-05-11 14:20:35 [WARN] account error (-1): http请求错误 0x6
2019-05-11 14:20:37 [WARN] request error (0x100000006): https://pan.baidu.com/api/quota 
2019-05-11 14:21:26 [WARN] request error (0x100000006): https://pan.baidu.com/api/quota 
2019-05-11 14:22:00 [WARN] account error (-1): http请求错误 0x6
2019-05-11 14:22:15 [WARN] request error (0x100000006): https://pan.baidu.com/api/quota 
2019-05-11 14:23:25 [WARN] account error (-1): http请求错误 0x6
2019-05-11 14:23:47 [WARN] request error (0x100000006): https://pan.baidu.com/api/quota 
2019-05-11 14:24:35 [WARN] request error (0x100000006): https://pan.baidu.com/api/quota 
2019-05-11 14:24:50 [WARN] account error (-1): http请求错误 0x6
2019-05-11 14:25:24 [WARN] request error (0x100000006): https://pan.baidu.com/api/quota 
2019-05-11 14:26:13 [WARN] request error (0x100000006): https://pan.baidu.com/api/quota 
2019-05-11 14:26:15 [WARN] account error (-1): http请求错误 0x6
2019-05-11 14:27:40 [WARN] account error (-1): http请求错误 0x6
2019-05-11 14:27:45 [WARN] request error (0x100000006): https://pan.baidu.com/api/quota 
2019-05-11 14:28:35 [WARN] request error (0x100000006): https://pan.baidu.com/api/quota 
2019-05-11 14:29:05 [WARN] account error (-1): http请求错误 0x6
2019-05-11 14:29:22 [WARN] request error (0x100000006): https://pan.baidu.com/api/quota 
2019-05-11 14:30:11 [WARN] request error (0x100000006): https://pan.baidu.com/api/quota 
2019-05-11 14:30:30 [WARN] account error (-1): http请求错误 0x6
2019-05-11 14:31:27 [WARN] request error (0x100000006): https://pan.baidu.com/api/quota 
2019-05-11 14:31:31 [WARN] account error (-1): http请求错误 0x6
2019-05-11 14:32:16 [WARN] request error (0x100000006): https://pan.baidu.com/api/quota 
2019-05-11 14:32:56 [WARN] account error (-1): http请求错误 0x6
2019-05-11 14:33:06 [WARN] request error (0x100000006): https://pan.baidu.com/api/quota 
2019-05-11 14:33:55 [WARN] request error (0x100000006): https://pan.baidu.com/api/quota 
2019-05-11 14:34:21 [WARN] account error (-1): http请求错误 0x6
2019-05-11 14:35:27 [WARN] request error (0x100000006): https://pan.baidu.com/api/quota 
2019-05-11 14:35:46 [WARN] account error (-1): http请求错误 0x6
2019-05-11 14:36:16 [WARN] request error (0x100000006): https://pan.baidu.com/api/quota 
2019-05-11 14:37:05 [WARN] request error (0x100000006): https://pan.baidu.com/api/quota 
2019-05-11 14:37:11 [WARN] account error (-1): http请求错误 0x6
2019-05-11 14:37:54 [WARN] request error (0x100000006): https://pan.baidu.com/api/quota 
2019-05-11 14:38:36 [WARN] account error (-1): http请求错误 0x6
2019-05-11 14:39:27 [WARN] request error (0x100000006): https://pan.baidu.com/api/quota 
2019-05-11 14:40:01 [WARN] account error (-1): http请求错误 0x6
2019-05-11 14:40:16 [WARN] request error (0x100000006): https://pan.baidu.com/api/quota 
2019-05-11 14:41:05 [WARN] request error (0x100000006): https://pan.baidu.com/api/quota 
2019-05-11 14:41:26 [WARN] account error (-1): http请求错误 0x6
2019-05-11 14:41:54 [WARN] request error (0x100000006): https://pan.baidu.com/api/quota 
2019-05-11 14:42:51 [WARN] account error (-1): http请求错误 0x6
2019-05-11 14:43:26 [WARN] request error (0x100000006): https://pan.baidu.com/api/quota 
2019-05-11 14:44:15 [WARN] request error (0x100000006): https://pan.baidu.com/api/quota 
2019-05-11 14:44:17 [WARN] account error (-1): http请求错误 0x6
2019-05-11 14:45:05 [WARN] request error (0x100000006): https://pan.baidu.com/api/quota 
2019-05-11 14:45:41 [WARN] account error (-1): http请求错误 0x6
2019-05-11 14:45:54 [WARN] request error (0x100000006): https://pan.baidu.com/api/quota 
2019-05-11 14:47:06 [WARN] account error (-1): http请求错误 0x6
2019-05-11 14:47:26 [WARN] request error (0x100000006): https://pan.baidu.com/api/quota 
2019-05-11 14:48:15 [WARN] request error (0x100000006): https://pan.baidu.com/api/quota 
2019-05-11 14:48:32 [WARN] account error (-1): http请求错误 0x6
2019-05-11 14:49:05 [WARN] request error (0x100000006): https://pan.baidu.com/api/quota 
2019-05-11 14:49:54 [WARN] request error (0x100000006): https://pan.baidu.com/api/quota 
2019-05-11 14:49:56 [WARN] account error (-1): http请求错误 0x6
2019-05-11 14:51:21 [WARN] account error (-1): http请求错误 0x6
2019-05-11 14:51:26 [WARN] request error (0x100000006): https://pan.baidu.com/api/quota 
2019-05-11 14:52:15 [WARN] request error (0x100000006): https://pan.baidu.com/api/quota 
2019-05-11 14:52:46 [WARN] account error (-1): http请求错误 0x6
2019-05-11 14:53:04 [WARN] request error (0x100000006): https://pan.baidu.com/api/quota 
2019-05-11 14:53:53 [WARN] request error (0x100000006): https://pan.baidu.com/api/quota 
2019-05-11 14:54:11 [WARN] account error (-1): http请求错误 0x6
2019-05-11 14:55:26 [WARN] request error (0x100000006): https://pan.baidu.com/api/quota 
2019-05-11 14:55:36 [WARN] account error (-1): http请求错误 0x6
2019-05-11 14:56:15 [WARN] request error (0x100000006): https://pan.baidu.com/api/quota 
2019-05-11 14:57:01 [WARN] account error (-1): http请求错误 0x6
2019-05-11 14:57:04 [WARN] request error (0x100000006): https://pan.baidu.com/api/quota 
2019-05-11 14:57:53 [WARN] request error (0x100000006): https://pan.baidu.com/api/quota 
2019-05-11 14:58:26 [WARN] account error (-1): http请求错误 0x6
2019-05-11 14:59:26 [WARN] request error (0x100000006): https://pan.baidu.com/api/quota 
2019-05-11 14:59:51 [WARN] account error (-1): http请求错误 0x6
2019-05-11 15:00:15 [WARN] request error (0x100000006): https://pan.baidu.com/api/quota 
2019-05-11 15:01:04 [WARN] request error (0x100000006): https://pan.baidu.com/api/quota 
2019-05-11 15:01:16 [WARN] account error (-1): http请求错误 0x6
2019-05-11 15:01:53 [WARN] request error (0x100000006): https://pan.baidu.com/api/quota 
2019-05-11 15:02:41 [WARN] account error (-1): http请求错误 0x6
2019-05-11 15:03:26 [WARN] request error (0x100000006): https://pan.baidu.com/api/quota 
2019-05-11 15:04:06 [WARN] account error (-1): http请求错误 0x6
2019-05-11 15:04:15 [WARN] request error (0x100000006): https://pan.baidu.com/api/quota 
2019-05-11 15:05:04 [WARN] request error (0x100000006): https://pan.baidu.com/api/quota 
2019-05-11 15:05:31 [WARN] account error (-1): http请求错误 0x6
2019-05-11 15:05:53 [WARN] request error (0x100000006): https://pan.baidu.com/api/quota 
2019-05-11 15:06:57 [WARN] account error (-1): http请求错误 0x6
2019-05-11 15:07:25 [WARN] request error (0x100000006): https://pan.baidu.com/api/quota 
2019-05-11 15:08:14 [WARN] request error (0x100000006): https://pan.baidu.com/api/quota 
2019-05-11 15:08:21 [WARN] account error (-1): http请求错误 0x6
2019-05-11 15:09:04 [WARN] request error (0x100000006): https://pan.baidu.com/api/quota 
2019-05-11 15:09:46 [WARN] account error (-1): http请求错误 0x6
2019-05-11 15:09:53 [WARN] request error (0x100000006): https://pan.baidu.com/api/quota 
2019-05-11 15:11:11 [WARN] account error (-1): http请求错误 0x6
2019-05-11 15:11:25 [WARN] request error (0x100000006): https://pan.baidu.com/api/quota 
2019-05-11 15:12:14 [WARN] request error (0x100000006): https://pan.baidu.com/api/quota 
2019-05-11 15:12:36 [WARN] account error (-1): http请求错误 0x6
2019-05-11 15:13:04 [WARN] request error (0x100000006): https://pan.baidu.com/api/quota 
2019-05-11 15:13:53 [WARN] request error (0x100000006): https://pan.baidu.com/api/quota 
2019-05-11 15:14:01 [WARN] account error (-1): http请求错误 0x6
2019-05-11 15:15:25 [WARN] request error (0x100000006): https://pan.baidu.com/api/quota 
2019-05-11 15:15:26 [WARN] account error (-1): http请求错误 0x6
2019-05-11 15:16:14 [WARN] request error (0x100000006): https://pan.baidu.com/api/quota 
2019-05-11 15:16:52 [WARN] account error (-1): http请求错误 0x6
2019-05-11 15:17:03 [WARN] request error (0x100000006): https://pan.baidu.com/api/quota 
2019-05-11 15:17:52 [WARN] request error (0x100000006): https://pan.baidu.com/api/quota 
2019-05-11 15:18:16 [WARN] account error (-1): http请求错误 0x6
2019-05-11 15:19:24 [WARN] request error (0x100000006): https://pan.baidu.com/api/quota 
2019-05-11 15:19:41 [WARN] account error (-1): http请求错误 0x6
2019-05-11 15:20:13 [WARN] request error (0x100000006): https://pan.baidu.com/api/quota 
2019-05-11 15:21:02 [WARN] request error (0x100000006): https://pan.baidu.com/api/quota 
2019-05-11 15:21:06 [WARN] account error (-1): http请求错误 0x6
2019-05-11 15:21:51 [WARN] request error (0x100000006): https://pan.baidu.com/api/quota 
2019-05-11 15:22:31 [WARN] account error (-1): http请求错误 0x6
2019-05-11 15:23:23 [WARN] request error (0x100000006): https://pan.baidu.com/api/quota 
2019-05-11 15:23:56 [WARN] account error (-1): http请求错误 0x6
2019-05-11 15:24:12 [WARN] request error (0x100000006): https://pan.baidu.com/api/quota 
2019-05-11 15:25:01 [WARN] request error (0x100000006): https://pan.baidu.com/api/quota 
2019-05-11 15:25:21 [WARN] account error (-1): http请求错误 0x6
2019-05-11 15:25:50 [WARN] request error (0x100000006): https://pan.baidu.com/api/quota 
2019-05-11 15:26:46 [WARN] account error (-1): http请求错误 0x6
2019-05-11 15:27:22 [WARN] request error (0x100000006): https://pan.baidu.com/api/quota 
2019-05-11 15:28:11 [WARN] request error (0x100000006): https://pan.baidu.com/api/quota 
2019-05-11 15:28:11 [WARN] account error (-1): http请求错误 0x6
2019-05-11 15:29:00 [WARN] request error (0x100000006): https://pan.baidu.com/api/quota 
2019-05-11 15:29:36 [WARN] account error (-1): http请求错误 0x6
2019-05-11 15:29:49 [WARN] request error (0x100000006): https://pan.baidu.com/api/quota 
2019-05-11 15:31:01 [WARN] account error (-1): http请求错误 0x6
2019-05-11 15:31:21 [WARN] request error (0x100000006): https://pan.baidu.com/api/quota 
2019-05-11 15:32:10 [WARN] request error (0x100000006): https://pan.baidu.com/api/quota 
2019-05-11 15:32:26 [WARN] account error (-1): http请求错误 0x6
2019-05-11 15:32:59 [WARN] request error (0x100000006): https://pan.baidu.com/api/quota 
2019-05-11 15:33:48 [WARN] request error (0x100000006): https://pan.baidu.com/api/quota 
2019-05-11 15:33:51 [WARN] account error (-1): http请求错误 0x6
2019-05-11 15:35:16 [WARN] account error (-1): http请求错误 0x6
2019-05-11 15:35:20 [WARN] request error (0x100000006): https://pan.baidu.com/api/quota 
2019-05-11 15:36:09 [WARN] request error (0x100000006): https://pan.baidu.com/api/quota 
2019-05-11 15:36:41 [WARN] account error (-1): http请求错误 0x6
2019-05-11 15:36:58 [WARN] request error (0x100000006): https://pan.baidu.com/api/quota 
2019-05-11 15:37:47 [WARN] request error (0x100000006): https://pan.baidu.com/api/quota 
2019-05-11 15:38:06 [WARN] account error (-1): http请求错误 0x6
2019-05-11 15:39:19 [WARN] request error (0x100000006): https://pan.baidu.com/api/quota 
2019-05-11 15:39:31 [WARN] account error (-1): http请求错误 0x6
2019-05-11 15:40:08 [WARN] request error (0x100000006): https://pan.baidu.com/api/quota 
2019-05-11 15:40:56 [WARN] account error (-1): http请求错误 0x6
2019-05-11 15:40:57 [WARN] request error (0x100000006): https://pan.baidu.com/api/quota 
2019-05-11 15:41:46 [WARN] request error (0x100000006): https://pan.baidu.com/api/quota 
2019-05-11 15:42:21 [WARN] account error (-1): http请求错误 0x6
2019-05-11 15:43:18 [WARN] request error (0x100000006): https://pan.baidu.com/api/quota 
2019-05-11 15:43:46 [WARN] account error (-1): http请求错误 0x6
2019-05-11 15:44:07 [WARN] request error (0x100000006): https://pan.baidu.com/api/quota 
2019-05-11 15:44:56 [WARN] request error (0x100000006): https://pan.baidu.com/api/quota 
2019-05-11 15:45:11 [WARN] account error (-1): http请求错误 0x6
2019-05-11 15:45:45 [WARN] request error (0x100000006): https://pan.baidu.com/api/quota 
2019-05-11 15:46:36 [WARN] account error (-1): http请求错误 0x6
2019-05-11 15:47:17 [WARN] request error (0x100000006): https://pan.baidu.com/api/quota 
2019-05-11 15:48:01 [WARN] account error (-1): http请求错误 0x6
2019-05-11 15:48:06 [WARN] request error (0x100000006): https://pan.baidu.com/api/quota 
2019-05-11 15:48:55 [WARN] request error (0x100000006): https://pan.baidu.com/api/quota 
2019-05-11 15:49:26 [WARN] account error (-1): http请求错误 0x6
2019-05-11 15:49:44 [WARN] request error (0x100000006): https://pan.baidu.com/api/quota 
2019-05-11 15:50:51 [WARN] account error (-1): http请求错误 0x6
2019-05-11 15:51:16 [WARN] request error (0x100000006): https://pan.baidu.com/api/quota 
2019-05-11 15:52:05 [WARN] request error (0x100000006): https://pan.baidu.com/api/quota 
2019-05-11 15:52:16 [WARN] account error (-1): http请求错误 0x6
2019-05-11 15:52:54 [WARN] request error (0x100000006): https://pan.baidu.com/api/quota 
2019-05-11 15:53:41 [WARN] account error (-1): http请求错误 0x6
2019-05-11 15:53:43 [WARN] request error (0x100000006): https://pan.baidu.com/api/quota 
2019-05-11 15:55:06 [WARN] account error (-1): http请求错误 0x6
2019-05-11 15:55:15 [WARN] request error (0x100000006): https://pan.baidu.com/api/quota 
2019-05-11 15:56:04 [WARN] request error (0x100000006): https://pan.baidu.com/api/quota 
2019-05-11 15:56:31 [WARN] account error (-1): http请求错误 0x6
2019-05-11 15:56:53 [WARN] request error (0x100000006): https://pan.baidu.com/api/quota 
2019-05-11 15:57:42 [WARN] request error (0x100000006): https://pan.baidu.com/api/quota 
2019-05-11 15:57:56 [WARN] account error (-1): http请求错误 0x6
2019-05-11 15:59:14 [WARN] request error (0x100000006): https://pan.baidu.com/api/quota 
2019-05-11 15:59:21 [WARN] account error (-1): http请求错误 0x6
2019-05-11 16:00:03 [WARN] request error (0x100000006): https://pan.baidu.com/api/quota 
2019-05-11 16:00:46 [WARN] account error (-1): http请求错误 0x6
2019-05-11 16:00:52 [WARN] request error (0x100000006): https://pan.baidu.com/api/quota 
2019-05-11 16:01:41 [WARN] request error (0x100000006): https://pan.baidu.com/api/quota 
2019-05-11 16:02:11 [WARN] account error (-1): http请求错误 0x6
2019-05-11 16:03:13 [WARN] request error (0x100000006): https://pan.baidu.com/api/quota 
2019-05-11 16:03:36 [WARN] account error (-1): http请求错误 0x6
2019-05-11 16:04:02 [WARN] request error (0x100000006): https://pan.baidu.com/api/quota 
2019-05-11 16:04:51 [WARN] request error (0x100000006): https://pan.baidu.com/api/quota 
2019-05-11 16:05:01 [WARN] account error (-1): http请求错误 0x6
2019-05-11 16:05:40 [WARN] request error (0x100000006): https://pan.baidu.com/api/quota 
2019-05-11 16:06:26 [WARN] account error (-1): http请求错误 0x6
2019-05-11 16:07:12 [WARN] request error (0x100000006): https://pan.baidu.com/api/quota 
2019-05-11 16:07:51 [WARN] account error (-1): http请求错误 0x6
2019-05-11 16:08:01 [WARN] request error (0x100000006): https://pan.baidu.com/api/quota 
2019-05-11 16:08:50 [WARN] request error (0x100000006): https://pan.baidu.com/api/quota 
2019-05-11 16:09:16 [WARN] account error (-1): http请求错误 0x6
2019-05-11 16:09:39 [WARN] request error (0x100000006): https://pan.baidu.com/api/quota 
2019-05-11 16:10:41 [WARN] account error (-1): http请求错误 0x6
2019-05-11 16:11:11 [WARN] request error (0x100000006): https://pan.baidu.com/api/quota 
2019-05-11 16:12:00 [WARN] request error (0x100000006): https://pan.baidu.com/api/quota 
2019-05-11 16:12:06 [WARN] account error (-1): http请求错误 0x6
2019-05-11 16:12:49 [WARN] request error (0x100000006): https://pan.baidu.com/api/quota 
2019-05-11 16:13:31 [WARN] account error (-1): http请求错误 0x6
2019-05-11 16:13:38 [WARN] request error (0x100000006): https://pan.baidu.com/api/quota 
2019-05-11 16:14:56 [WARN] account error (-1): http请求错误 0x6
2019-05-11 16:15:10 [WARN] request error (0x100000006): https://pan.baidu.com/api/quota 
2019-05-11 16:15:59 [WARN] request error (0x100000006): https://pan.baidu.com/api/quota 
2019-05-11 16:16:21 [WARN] account error (-1): http请求错误 0x6
2019-05-11 16:16:48 [WARN] request error (0x100000006): https://pan.baidu.com/api/quota 
2019-05-11 16:17:37 [WARN] request error (0x100000006): https://pan.baidu.com/api/quota 
2019-05-11 16:17:46 [WARN] account error (-1): http请求错误 0x6
2019-05-11 16:19:09 [WARN] request error (0x100000006): https://pan.baidu.com/api/quota 
2019-05-11 16:19:11 [WARN] account error (-1): http请求错误 0x6
2019-05-11 16:19:58 [WARN] request error (0x100000006): https://pan.baidu.com/api/quota 
2019-05-11 16:20:36 [WARN] account error (-1): http请求错误 0x6
2019-05-11 16:20:47 [WARN] request error (0x100000006): https://pan.baidu.com/api/quota 
2019-05-11 16:21:36 [WARN] request error (0x100000006): https://pan.baidu.com/api/quota 
2019-05-11 16:22:01 [WARN] account error (-1): http请求错误 0x6
2019-05-11 16:23:08 [WARN] request error (0x100000006): https://pan.baidu.com/api/quota 
2019-05-11 16:23:26 [WARN] account error (-1): http请求错误 0x6
2019-05-11 16:23:57 [WARN] request error (0x100000006): https://pan.baidu.com/api/quota 
2019-05-11 16:24:46 [WARN] request error (0x100000006): https://pan.baidu.com/api/quota 
2019-05-11 16:24:51 [WARN] account error (-1): http请求错误 0x6
2019-05-11 16:25:35 [WARN] request error (0x100000006): https://pan.baidu.com/api/quota 
2019-05-11 16:26:16 [WARN] account error (-1): http请求错误 0x6
2019-05-11 16:27:07 [WARN] request error (0x100000006): https://pan.baidu.com/api/quota 
2019-05-11 16:27:41 [WARN] account error (-1): http请求错误 0x6
2019-05-11 16:27:56 [WARN] request error (0x100000006): https://pan.baidu.com/api/quota 
2019-05-11 16:28:45 [WARN] request error (0x100000006): https://pan.baidu.com/api/quota 
2019-05-11 16:29:06 [WARN] account error (-1): http请求错误 0x6
2019-05-11 16:29:34 [WARN] request error (0x100000006): https://pan.baidu.com/api/quota 
2019-05-11 16:30:31 [WARN] account error (-1): http请求错误 0x6
2019-05-11 16:31:06 [WARN] request error (0x100000006): https://pan.baidu.com/api/quota 
2019-05-11 16:31:55 [WARN] request error (0x100000006): https://pan.baidu.com/api/quota 
2019-05-11 16:31:56 [WARN] account error (-1): http请求错误 0x6
2019-05-11 16:32:44 [WARN] request error (0x100000006): https://pan.baidu.com/api/quota 
2019-05-11 16:33:21 [WARN] account error (-1): http请求错误 0x6
2019-05-11 16:33:33 [WARN] request error (0x100000006): https://pan.baidu.com/api/quota 
2019-05-11 16:34:46 [WARN] account error (-1): http请求错误 0x6
2019-05-11 16:35:05 [WARN] request error (0x100000006): https://pan.baidu.com/api/quota 
2019-05-11 16:35:54 [WARN] request error (0x100000006): https://pan.baidu.com/api/quota 
2019-05-11 16:36:11 [WARN] account error (-1): http请求错误 0x6
2019-05-11 16:36:43 [WARN] request error (0x100000006): https://pan.baidu.com/api/quota 
2019-05-11 16:37:32 [WARN] request error (0x100000006): https://pan.baidu.com/api/quota 
2019-05-11 16:37:36 [WARN] account error (-1): http请求错误 0x6
2019-05-11 16:39:01 [WARN] account error (-1): http请求错误 0x6
2019-05-11 16:39:04 [WARN] request error (0x100000006): https://pan.baidu.com/api/quota 
2019-05-11 16:39:53 [WARN] request error (0x100000006): https://pan.baidu.com/api/quota 
2019-05-11 16:40:26 [WARN] account error (-1): http请求错误 0x6
2019-05-11 16:40:42 [WARN] request error (0x100000006): https://pan.baidu.com/api/quota 
2019-05-11 16:41:31 [WARN] request error (0x100000006): https://pan.baidu.com/api/quota 
2019-05-11 16:41:51 [WARN] account error (-1): http请求错误 0x6
2019-05-11 16:43:03 [WARN] request error (0x100000006): https://pan.baidu.com/api/quota 
2019-05-11 16:43:16 [WARN] account error (-1): http请求错误 0x6
2019-05-11 16:43:52 [WARN] request error (0x100000006): https://pan.baidu.com/api/quota 
2019-05-11 16:44:41 [WARN] request error (0x100000006): https://pan.baidu.com/api/quota 
2019-05-11 16:44:41 [WARN] account error (-1): http请求错误 0x6
2019-05-11 16:45:30 [WARN] request error (0x100000006): https://pan.baidu.com/api/quota 
2019-05-11 16:46:06 [WARN] account error (-1): http请求错误 0x6
2019-05-11 16:47:02 [WARN] request error (0x100000006): https://pan.baidu.com/api/quota 
2019-05-11 16:47:31 [WARN] account error (-1): http请求错误 0x6
2019-05-11 16:47:51 [WARN] request error (0x100000006): https://pan.baidu.com/api/quota 
2019-05-11 16:48:40 [WARN] request error (0x100000006): https://pan.baidu.com/api/quota 
2019-05-11 16:48:56 [WARN] account error (-1): http请求错误 0x6
2019-05-11 16:49:29 [WARN] request error (0x100000006): https://pan.baidu.com/api/quota 
2019-05-11 16:50:21 [WARN] account error (-1): http请求错误 0x6
2019-05-11 16:51:01 [WARN] request error (0x100000006): https://pan.baidu.com/api/quota 
2019-05-11 16:51:46 [WARN] account error (-1): http请求错误 0x6
2019-05-11 16:51:50 [WARN] request error (0x100000006): https://pan.baidu.com/api/quota 
2019-05-11 16:52:39 [WARN] request error (0x100000006): https://pan.baidu.com/api/quota 
2019-05-11 16:53:11 [WARN] account error (-1): http请求错误 0x6
2019-05-11 16:53:28 [WARN] request error (0x100000006): https://pan.baidu.com/api/quota 
2019-05-11 16:54:36 [WARN] account error (-1): http请求错误 0x6
2019-05-11 16:55:00 [WARN] request error (0x100000006): https://pan.baidu.com/api/quota 
2019-05-11 16:55:49 [WARN] request error (0x100000006): https://pan.baidu.com/api/quota 
2019-05-11 16:56:01 [WARN] account error (-1): http请求错误 0x6
2019-05-11 16:56:38 [WARN] request error (0x100000006): https://pan.baidu.com/api/quota 
2019-05-11 16:57:26 [WARN] account error (-1): http请求错误 0x6
2019-05-11 16:57:27 [WARN] request error (0x100000006): https://pan.baidu.com/api/quota 
2019-05-11 16:58:51 [WARN] account error (-1): http请求错误 0x6
2019-05-11 16:58:59 [WARN] request error (0x100000006): https://pan.baidu.com/api/quota 
2019-05-11 16:59:48 [WARN] request error (0x100000006): https://pan.baidu.com/api/quota 
2019-05-11 17:00:16 [WARN] account error (-1): http请求错误 0x6
2019-05-11 17:00:37 [WARN] request error (0x100000006): https://pan.baidu.com/api/quota 
2019-05-11 17:01:26 [WARN] request error (0x100000006): https://pan.baidu.com/api/quota 
2019-05-11 17:01:41 [WARN] account error (-1): http请求错误 0x6
2019-05-11 17:02:58 [WARN] request error (0x100000006): https://pan.baidu.com/api/quota 
2019-05-11 17:03:06 [WARN] account error (-1): http请求错误 0x6
2019-05-11 17:03:47 [WARN] request error (0x100000006): https://pan.baidu.com/api/quota 
2019-05-11 17:04:31 [WARN] account error (-1): http请求错误 0x6
2019-05-11 17:04:36 [WARN] request error (0x100000006): https://pan.baidu.com/api/quota 
2019-05-11 17:05:25 [WARN] request error (0x100000006): https://pan.baidu.com/api/quota 
2019-05-11 17:05:56 [WARN] account error (-1): http请求错误 0x6
2019-05-11 17:06:57 [WARN] request error (0x100000006): https://pan.baidu.com/api/quota 
2019-05-11 17:07:21 [WARN] account error (-1): http请求错误 0x6
2019-05-11 17:07:46 [WARN] request error (0x100000006): https://pan.baidu.com/api/quota 
2019-05-11 17:08:35 [WARN] request error (0x100000006): https://pan.baidu.com/api/quota 
2019-05-11 17:08:46 [WARN] account error (-1): http请求错误 0x6
2019-05-11 17:09:24 [WARN] request error (0x100000006): https://pan.baidu.com/api/quota 
2019-05-11 17:10:11 [WARN] account error (-1): http请求错误 0x6
2019-05-11 17:10:56 [WARN] request error (0x100000006): https://pan.baidu.com/api/quota 
2019-05-11 17:11:36 [WARN] account error (-1): http请求错误 0x6
2019-05-11 17:11:45 [WARN] request error (0x100000006): https://pan.baidu.com/api/quota 
2019-05-11 17:12:34 [WARN] request error (0x100000006): https://pan.baidu.com/api/quota 
2019-05-11 17:13:01 [WARN] account error (-1): http请求错误 0x6
2019-05-11 17:13:23 [WARN] request error (0x100000006): https://pan.baidu.com/api/quota 
2019-05-11 17:14:26 [WARN] account error (-1): http请求错误 0x6
2019-05-11 17:14:55 [WARN] request error (0x100000006): https://pan.baidu.com/api/quota 
2019-05-11 17:15:44 [WARN] request error (0x100000006): https://pan.baidu.com/api/quota 
2019-05-11 17:15:51 [WARN] account error (-1): http请求错误 0x6
2019-05-11 17:16:33 [WARN] request error (0x100000006): https://pan.baidu.com/api/quota 
2019-05-11 17:17:16 [WARN] account error (-1): http请求错误 0x6
2019-05-11 17:17:22 [WARN] request error (0x100000006): https://pan.baidu.com/api/quota 
2019-05-11 17:18:41 [WARN] account error (-1): http请求错误 0x6
2019-05-11 17:18:54 [WARN] request error (0x100000006): https://pan.baidu.com/api/quota 
2019-05-11 17:19:43 [WARN] request error (0x100000006): https://pan.baidu.com/api/quota 
2019-05-11 17:20:06 [WARN] account error (-1): http请求错误 0x6
2019-05-11 17:20:32 [WARN] request error (0x100000006): https://pan.baidu.com/api/quota 
2019-05-11 17:21:21 [WARN] request error (0x100000006): https://pan.baidu.com/api/quota 
2019-05-11 17:21:31 [WARN] account error (-1): http请求错误 0x6
2019-05-11 17:22:53 [WARN] request error (0x100000006): https://pan.baidu.com/api/quota 
2019-05-11 17:22:56 [WARN] account error (-1): http请求错误 0x6
2019-05-11 17:23:42 [WARN] request error (0x100000006): https://pan.baidu.com/api/quota 
2019-05-11 17:24:21 [WARN] account error (-1): http请求错误 0x6
2019-05-11 17:24:31 [WARN] request error (0x100000006): https://pan.baidu.com/api/quota 
2019-05-11 17:25:20 [WARN] request error (0x100000006): https://pan.baidu.com/api/quota 
2019-05-11 17:25:46 [WARN] account error (-1): http请求错误 0x6
2019-05-11 17:26:52 [WARN] request error (0x100000006): https://pan.baidu.com/api/quota 
2019-05-11 17:27:11 [WARN] account error (-1): http请求错误 0x6
2019-05-11 17:27:41 [WARN] request error (0x100000006): https://pan.baidu.com/api/quota 
2019-05-11 17:28:30 [WARN] request error (0x100000006): https://pan.baidu.com/api/quota 
2019-05-11 17:28:36 [WARN] account error (-1): http请求错误 0x6
2019-05-11 17:29:19 [WARN] request error (0x100000006): https://pan.baidu.com/api/quota 
2019-05-11 17:30:01 [WARN] account error (-1): http请求错误 0x6
2019-05-11 17:30:51 [WARN] request error (0x100000006): https://pan.baidu.com/api/quota 
2019-05-11 17:31:26 [WARN] account error (-1): http请求错误 0x6
2019-05-11 17:31:40 [WARN] request error (0x100000006): https://pan.baidu.com/api/quota 
2019-05-11 17:32:29 [WARN] request error (0x100000006): https://pan.baidu.com/api/quota 
2019-05-11 17:32:51 [WARN] account error (-1): http请求错误 0x6
2019-05-11 17:33:18 [WARN] request error (0x100000006): https://pan.baidu.com/api/quota 
2019-05-11 17:34:16 [WARN] account error (-1): http请求错误 0x6
2019-05-11 17:34:50 [WARN] request error (0x100000006): https://pan.baidu.com/api/quota 
2019-05-11 17:35:39 [WARN] request error (0x100000006): https://pan.baidu.com/api/quota 
2019-05-11 17:35:41 [WARN] account error (-1): http请求错误 0x6
2019-05-11 17:36:28 [WARN] request error (0x100000006): https://pan.baidu.com/api/quota 
2019-05-11 17:37:06 [WARN] account error (-1): http请求错误 0x6
2019-05-11 17:37:17 [WARN] request error (0x100000006): https://pan.baidu.com/api/quota 
2019-05-11 17:38:31 [WARN] account error (-1): http请求错误 0x6
2019-05-11 17:38:49 [WARN] request error (0x100000006): https://pan.baidu.com/api/quota 
2019-05-11 17:39:38 [WARN] request error (0x100000006): https://pan.baidu.com/api/quota 
2019-05-11 17:39:56 [WARN] account error (-1): http请求错误 0x6
2019-05-11 17:40:27 [WARN] request error (0x100000006): https://pan.baidu.com/api/quota 
2019-05-11 17:41:16 [WARN] request error (0x100000006): https://pan.baidu.com/api/quota 
2019-05-11 17:41:21 [WARN] account error (-1): http请求错误 0x6
2019-05-11 17:42:46 [WARN] account error (-1): http请求错误 0x6
2019-05-11 17:42:48 [WARN] request error (0x100000006): https://pan.baidu.com/api/quota 
2019-05-11 17:43:37 [WARN] request error (0x100000006): https://pan.baidu.com/api/quota 
2019-05-11 17:44:11 [WARN] account error (-1): http请求错误 0x6
2019-05-11 17:44:26 [WARN] request error (0x100000006): https://pan.baidu.com/api/quota 
2019-05-11 17:45:15 [WARN] request error (0x100000006): https://pan.baidu.com/api/quota 
2019-05-11 17:45:36 [WARN] account error (-1): http请求错误 0x6
2019-05-11 17:46:47 [WARN] request error (0x100000006): https://pan.baidu.com/api/quota 
2019-05-11 17:47:01 [WARN] account error (-1): http请求错误 0x6
2019-05-11 17:47:36 [WARN] request error (0x100000006): https://pan.baidu.com/api/quota 
2019-05-11 17:48:25 [WARN] request error (0x100000006): https://pan.baidu.com/api/quota 
2019-05-11 17:48:26 [WARN] account error (-1): http请求错误 0x6
2019-05-11 17:49:14 [WARN] request error (0x100000006): https://pan.baidu.com/api/quota 
2019-05-11 17:49:51 [WARN] account error (-1): http请求错误 0x6
2019-05-11 17:50:46 [WARN] request error (0x100000006): https://pan.baidu.com/api/quota 
2019-05-11 17:51:16 [WARN] account error (-1): http请求错误 0x6
2019-05-11 17:51:35 [WARN] request error (0x100000006): https://pan.baidu.com/api/quota 
2019-05-11 17:52:24 [WARN] request error (0x100000006): https://pan.baidu.com/api/quota 
2019-05-11 17:52:41 [WARN] account error (-1): http请求错误 0x6
2019-05-11 17:53:13 [WARN] request error (0x100000006): https://pan.baidu.com/api/quota 
2019-05-11 17:54:06 [WARN] account error (-1): http请求错误 0x6
2019-05-11 17:54:45 [WARN] request error (0x100000006): https://pan.baidu.com/api/quota 
2019-05-11 17:55:31 [WARN] account error (-1): http请求错误 0x6
2019-05-11 17:55:34 [WARN] request error (0x100000006): https://pan.baidu.com/api/quota 
2019-05-11 17:56:23 [WARN] request error (0x100000006): https://pan.baidu.com/api/quota 
2019-05-11 17:56:56 [WARN] account error (-1): http请求错误 0x6
2019-05-11 17:57:12 [WARN] request error (0x100000006): https://pan.baidu.com/api/quota 
2019-05-11 17:58:21 [WARN] account error (-1): http请求错误 0x6
2019-05-11 17:58:44 [WARN] request error (0x100000006): https://pan.baidu.com/api/quota 
2019-05-11 17:59:33 [WARN] request error (0x100000006): https://pan.baidu.com/api/quota 
2019-05-11 17:59:46 [WARN] account error (-1): http请求错误 0x6
2019-05-11 18:00:22 [WARN] request error (0x100000006): https://pan.baidu.com/api/quota 
2019-05-11 18:01:11 [WARN] request error (0x100000006): https://pan.baidu.com/api/quota 
2019-05-11 18:01:11 [WARN] account error (-1): http请求错误 0x6
2019-05-11 18:02:36 [WARN] account error (-1): http请求错误 0x6
2019-05-11 18:02:43 [WARN] request error (0x100000006): https://pan.baidu.com/api/quota 
2019-05-11 18:03:32 [WARN] request error (0x100000006): https://pan.baidu.com/api/quota 
2019-05-11 18:04:01 [WARN] account error (-1): http请求错误 0x6
2019-05-11 18:04:21 [WARN] request error (0x100000006): https://pan.baidu.com/api/quota 
2019-05-11 18:05:10 [WARN] request error (0x100000006): https://pan.baidu.com/api/quota 
2019-05-11 18:05:26 [WARN] account error (-1): http请求错误 0x6
2019-05-11 18:06:42 [WARN] request error (0x100000006): https://pan.baidu.com/api/quota 
2019-05-11 18:06:51 [WARN] account error (-1): http请求错误 0x6
2019-05-11 18:07:31 [WARN] request error (0x100000006): https://pan.baidu.com/api/quota 
2019-05-11 18:08:16 [WARN] account error (-1): http请求错误 0x6
2019-05-11 18:08:20 [WARN] request error (0x100000006): https://pan.baidu.com/api/quota 
2019-05-11 18:09:09 [WARN] request error (0x100000006): https://pan.baidu.com/api/quota 
2019-05-11 18:09:41 [WARN] account error (-1): http请求错误 0x6
2019-05-11 18:10:41 [WARN] request error (0x100000006): https://pan.baidu.com/api/quota 
2019-05-11 18:11:06 [WARN] account error (-1): http请求错误 0x6
2019-05-11 18:11:30 [WARN] request error (0x100000006): https://pan.baidu.com/api/quota 
2019-05-11 18:12:19 [WARN] request error (0x100000006): https://pan.baidu.com/api/quota 
2019-05-11 18:12:31 [WARN] account error (-1): http请求错误 0x6
2019-05-11 18:13:08 [WARN] request error (0x100000006): https://pan.baidu.com/api/quota 
2019-05-11 18:13:56 [WARN] account error (-1): http请求错误 0x6
2019-05-11 18:14:40 [WARN] request error (0x100000006): https://pan.baidu.com/api/quota 
2019-05-11 18:15:21 [WARN] account error (-1): http请求错误 0x6
2019-05-11 18:15:29 [WARN] request error (0x100000006): https://pan.baidu.com/api/quota 
2019-05-11 18:16:18 [WARN] request error (0x100000006): https://pan.baidu.com/api/quota 
2019-05-11 18:16:46 [WARN] account error (-1): http请求错误 0x6
2019-05-11 18:17:07 [WARN] request error (0x100000006): https://pan.baidu.com/api/quota 
2019-05-11 18:18:11 [WARN] account error (-1): http请求错误 0x6
2019-05-11 18:18:39 [WARN] request error (0x100000006): https://pan.baidu.com/api/quota 
2019-05-11 18:19:28 [WARN] request error (0x100000006): https://pan.baidu.com/api/quota 
2019-05-11 18:19:36 [WARN] account error (-1): http请求错误 0x6
2019-05-11 18:20:17 [WARN] request error (0x100000006): https://pan.baidu.com/api/quota 
2019-05-11 18:21:01 [WARN] account error (-1): http请求错误 0x6
2019-05-11 18:21:06 [WARN] request error (0x100000006): https://pan.baidu.com/api/quota 
2019-05-11 18:22:26 [WARN] account error (-1): http请求错误 0x6
2019-05-11 18:22:38 [WARN] request error (0x100000006): https://pan.baidu.com/api/quota 
2019-05-11 18:23:27 [WARN] request error (0x100000006): https://pan.baidu.com/api/quota 
2019-05-11 18:23:51 [WARN] account error (-1): http请求错误 0x6
2019-05-11 18:24:16 [WARN] request error (0x100000006): https://pan.baidu.com/api/quota 
2019-05-11 18:25:05 [WARN] request error (0x100000006): https://pan.baidu.com/api/quota 
2019-05-11 18:25:16 [WARN] account error (-1): http请求错误 0x6
2019-05-11 18:26:37 [WARN] request error (0x100000006): https://pan.baidu.com/api/quota 
2019-05-11 18:26:41 [WARN] account error (-1): http请求错误 0x6
2019-05-11 18:27:26 [WARN] request error (0x100000006): https://pan.baidu.com/api/quota 
2019-05-11 18:28:06 [WARN] account error (-1): http请求错误 0x6
2019-05-11 18:28:15 [WARN] request error (0x100000006): https://pan.baidu.com/api/quota 
2019-05-11 18:29:04 [WARN] request error (0x100000006): https://pan.baidu.com/api/quota 
2019-05-11 18:29:31 [WARN] account error (-1): http请求错误 0x6
2019-05-11 18:30:36 [WARN] request error (0x100000006): https://pan.baidu.com/api/quota 
2019-05-11 18:30:56 [WARN] account error (-1): http请求错误 0x6
2019-05-11 18:31:25 [WARN] request error (0x100000006): https://pan.baidu.com/api/quota 
2019-05-11 18:32:14 [WARN] request error (0x100000006): https://pan.baidu.com/api/quota 
2019-05-11 18:32:21 [WARN] account error (-1): http请求错误 0x6
2019-05-11 18:33:03 [WARN] request error (0x100000006): https://pan.baidu.com/api/quota 
2019-05-11 18:33:46 [WARN] account error (-1): http请求错误 0x6
2019-05-11 18:34:35 [WARN] request error (0x100000006): https://pan.baidu.com/api/quota 
2019-05-11 18:35:11 [WARN] account error (-1): http请求错误 0x6
2019-05-11 18:35:24 [WARN] request error (0x100000006): https://pan.baidu.com/api/quota 
2019-05-11 18:36:13 [WARN] request error (0x100000006): https://pan.baidu.com/api/quota 
2019-05-11 18:36:36 [WARN] account error (-1): http请求错误 0x6
2019-05-11 18:37:02 [WARN] request error (0x100000006): https://pan.baidu.com/api/quota 
2019-05-11 18:38:01 [WARN] account error (-1): http请求错误 0x6
2019-05-11 18:38:34 [WARN] request error (0x100000006): https://pan.baidu.com/api/quota 
2019-05-11 18:39:23 [WARN] request error (0x100000006): https://pan.baidu.com/api/quota 
2019-05-11 18:39:26 [WARN] account error (-1): http请求错误 0x6
2019-05-11 18:40:12 [WARN] request error (0x100000006): https://pan.baidu.com/api/quota 
2019-05-11 18:40:51 [WARN] account error (-1): http请求错误 0x6
2019-05-11 18:41:01 [WARN] request error (0x100000006): https://pan.baidu.com/api/quota 
2019-05-11 18:42:16 [WARN] account error (-1): http请求错误 0x6
2019-05-11 18:42:33 [WARN] request error (0x100000006): https://pan.baidu.com/api/quota 
2019-05-11 18:43:22 [WARN] request error (0x100000006): https://pan.baidu.com/api/quota 
2019-05-11 18:43:41 [WARN] account error (-1): http请求错误 0x6
2019-05-11 18:44:11 [WARN] request error (0x100000006): https://pan.baidu.com/api/quota 
2019-05-11 18:45:00 [WARN] request error (0x100000006): https://pan.baidu.com/api/quota 
2019-05-11 18:45:06 [WARN] account error (-1): http请求错误 0x6
2019-05-11 18:46:31 [WARN] account error (-1): http请求错误 0x6
2019-05-11 18:46:32 [WARN] request error (0x100000006): https://pan.baidu.com/api/quota 
2019-05-11 18:47:21 [WARN] request error (0x100000006): https://pan.baidu.com/api/quota 
2019-05-11 18:47:56 [WARN] account error (-1): http请求错误 0x6
2019-05-11 18:48:10 [WARN] request error (0x100000006): https://pan.baidu.com/api/quota 
2019-05-11 18:48:59 [WARN] request error (0x100000006): https://pan.baidu.com/api/quota 
2019-05-11 18:49:21 [WARN] account error (-1): http请求错误 0x6
2019-05-11 18:50:31 [WARN] request error (0x100000006): https://pan.baidu.com/api/quota 
2019-05-11 18:50:46 [WARN] account error (-1): http请求错误 0x6
2019-05-11 18:51:20 [WARN] request error (0x100000006): https://pan.baidu.com/api/quota 
2019-05-11 18:52:09 [WARN] request error (0x100000006): https://pan.baidu.com/api/quota 
2019-05-11 18:52:11 [WARN] account error (-1): http请求错误 0x6
2019-05-11 18:52:58 [WARN] request error (0x100000006): https://pan.baidu.com/api/quota 
2019-05-11 18:53:36 [WARN] account error (-1): http请求错误 0x6
2019-05-11 18:54:30 [WARN] request error (0x100000006): https://pan.baidu.com/api/quota 
2019-05-11 18:55:01 [WARN] account error (-1): http请求错误 0x6
2019-05-11 18:55:19 [WARN] request error (0x100000006): https://pan.baidu.com/api/quota 
2019-05-11 18:56:08 [WARN] request error (0x100000006): https://pan.baidu.com/api/quota 
2019-05-11 18:56:26 [WARN] account error (-1): http请求错误 0x6
2019-05-11 18:56:57 [WARN] request error (0x100000006): https://pan.baidu.com/api/quota 
2019-05-11 18:57:51 [WARN] account error (-1): http请求错误 0x6
2019-05-11 18:58:29 [WARN] request error (0x100000006): https://pan.baidu.com/api/quota 
2019-05-11 18:59:16 [WARN] account error (-1): http请求错误 0x6
2019-05-11 18:59:18 [WARN] request error (0x100000006): https://pan.baidu.com/api/quota 
2019-05-11 19:00:07 [WARN] request error (0x100000006): https://pan.baidu.com/api/quota 
2019-05-11 19:00:41 [WARN] account error (-1): http请求错误 0x6
2019-05-11 19:00:56 [WARN] request error (0x100000006): https://pan.baidu.com/api/quota 
2019-05-11 19:02:06 [WARN] account error (-1): http请求错误 0x6
2019-05-11 19:02:28 [WARN] request error (0x100000006): https://pan.baidu.com/api/quota 
2019-05-11 19:03:17 [WARN] request error (0x100000006): https://pan.baidu.com/api/quota 
2019-05-11 19:03:31 [WARN] account error (-1): http请求错误 0x6
2019-05-11 19:04:06 [WARN] request error (0x100000006): https://pan.baidu.com/api/quota 
2019-05-11 19:04:55 [WARN] request error (0x100000006): https://pan.baidu.com/api/quota 
2019-05-11 19:04:56 [WARN] account error (-1): http请求错误 0x6
2019-05-11 19:06:21 [WARN] account error (-1): http请求错误 0x6
2019-05-11 19:06:27 [WARN] request error (0x100000006): https://pan.baidu.com/api/quota 
2019-05-11 19:07:16 [WARN] request error (0x100000006): https://pan.baidu.com/api/quota 
2019-05-11 19:07:46 [WARN] account error (-1): http请求错误 0x6
2019-05-11 19:08:05 [WARN] request error (0x100000006): https://pan.baidu.com/api/quota 
2019-05-11 19:08:54 [WARN] request error (0x100000006): https://pan.baidu.com/api/quota 
2019-05-11 19:09:11 [WARN] account error (-1): http请求错误 0x6
2019-05-11 19:10:26 [WARN] request error (0x100000006): https://pan.baidu.com/api/quota 
2019-05-11 19:10:36 [WARN] account error (-1): http请求错误 0x6
2019-05-11 19:11:15 [WARN] request error (0x100000006): https://pan.baidu.com/api/quota 
2019-05-11 19:12:01 [WARN] account error (-1): http请求错误 0x6
2019-05-11 19:12:04 [WARN] request error (0x100000006): https://pan.baidu.com/api/quota 
2019-05-11 19:12:53 [WARN] request error (0x100000006): https://pan.baidu.com/api/quota 
2019-05-11 19:13:26 [WARN] account error (-1): http请求错误 0x6
2019-05-11 19:14:25 [WARN] request error (0x100000006): https://pan.baidu.com/api/quota 
2019-05-11 19:14:51 [WARN] account error (-1): http请求错误 0x6
2019-05-11 19:15:14 [WARN] request error (0x100000006): https://pan.baidu.com/api/quota 
2019-05-11 19:16:03 [WARN] request error (0x100000006): https://pan.baidu.com/api/quota 
2019-05-11 19:16:16 [WARN] account error (-1): http请求错误 0x6
2019-05-11 19:16:52 [WARN] request error (0x100000006): https://pan.baidu.com/api/quota 
2019-05-11 19:17:41 [WARN] account error (-1): http请求错误 0x6
2019-05-11 19:18:24 [WARN] request error (0x100000006): https://pan.baidu.com/api/quota 
2019-05-11 19:19:06 [WARN] account error (-1): http请求错误 0x6
2019-05-11 19:19:13 [WARN] request error (0x100000006): https://pan.baidu.com/api/quota 
2019-05-11 19:20:02 [WARN] request error (0x100000006): https://pan.baidu.com/api/quota 
2019-05-11 19:20:31 [WARN] account error (-1): http请求错误 0x6
2019-05-11 19:20:51 [WARN] request error (0x100000006): https://pan.baidu.com/api/quota 
2019-05-11 19:21:56 [WARN] account error (-1): http请求错误 0x6
2019-05-11 19:22:23 [WARN] request error (0x100000006): https://pan.baidu.com/api/quota 
2019-05-11 19:23:12 [WARN] request error (0x100000006): https://pan.baidu.com/api/quota 
2019-05-11 19:23:21 [WARN] account error (-1): http请求错误 0x6
2019-05-11 19:24:01 [WARN] request error (0x100000006): https://pan.baidu.com/api/quota 
2019-05-11 19:24:46 [WARN] account error (-1): http请求错误 0x6
2019-05-11 19:24:50 [WARN] request error (0x100000006): https://pan.baidu.com/api/quota 
2019-05-11 19:26:11 [WARN] account error (-1): http请求错误 0x6
2019-05-11 19:26:22 [WARN] request error (0x100000006): https://pan.baidu.com/api/quota 
2019-05-11 19:27:11 [WARN] request error (0x100000006): https://pan.baidu.com/api/quota 
2019-05-11 19:27:36 [WARN] account error (-1): http请求错误 0x6
2019-05-11 19:28:00 [WARN] request error (0x100000006): https://pan.baidu.com/api/quota 
2019-05-11 19:28:49 [WARN] request error (0x100000006): https://pan.baidu.com/api/quota 
2019-05-11 19:29:01 [WARN] account error (-1): http请求错误 0x6
2019-05-11 19:30:21 [WARN] request error (0x100000006): https://pan.baidu.com/api/quota 
2019-05-11 19:30:26 [WARN] account error (-1): http请求错误 0x6
2019-05-11 19:31:10 [WARN] request error (0x100000006): https://pan.baidu.com/api/quota 
2019-05-11 19:31:51 [WARN] account error (-1): http请求错误 0x6
2019-05-11 19:31:59 [WARN] request error (0x100000006): https://pan.baidu.com/api/quota 
2019-05-11 19:32:48 [WARN] request error (0x100000006): https://pan.baidu.com/api/quota 
2019-05-11 19:33:16 [WARN] account error (-1): http请求错误 0x6
2019-05-11 19:34:20 [WARN] request error (0x100000006): https://pan.baidu.com/api/quota 
2019-05-11 19:34:41 [WARN] account error (-1): http请求错误 0x6
2019-05-11 19:35:09 [WARN] request error (0x100000006): https://pan.baidu.com/api/quota 
2019-05-11 19:35:58 [WARN] request error (0x100000006): https://pan.baidu.com/api/quota 
2019-05-11 19:36:06 [WARN] account error (-1): http请求错误 0x6
2019-05-11 19:36:47 [WARN] request error (0x100000006): https://pan.baidu.com/api/quota 
2019-05-11 19:37:31 [WARN] account error (-1): http请求错误 0x6
2019-05-11 19:38:19 [WARN] request error (0x100000006): https://pan.baidu.com/api/quota 
2019-05-11 19:38:56 [WARN] account error (-1): http请求错误 0x6
2019-05-11 19:39:08 [WARN] request error (0x100000006): https://pan.baidu.com/api/quota 
2019-05-11 19:39:57 [WARN] request error (0x100000006): https://pan.baidu.com/api/quota 
2019-05-11 19:40:21 [WARN] account error (-1): http请求错误 0x6
2019-05-11 19:40:46 [WARN] request error (0x100000006): https://pan.baidu.com/api/quota 
2019-05-11 19:41:46 [WARN] account error (-1): http请求错误 0x6
2019-05-11 19:42:18 [WARN] request error (0x100000006): https://pan.baidu.com/api/quota 
2019-05-11 19:43:07 [WARN] request error (0x100000006): https://pan.baidu.com/api/quota 
2019-05-11 19:43:11 [WARN] account error (-1): http请求错误 0x6
2019-05-11 19:43:56 [WARN] request error (0x100000006): https://pan.baidu.com/api/quota 
2019-05-11 19:44:36 [WARN] account error (-1): http请求错误 0x6
2019-05-11 19:44:45 [WARN] request error (0x100000006): https://pan.baidu.com/api/quota 
2019-05-11 19:46:01 [WARN] account error (-1): http请求错误 0x6
2019-05-11 19:46:17 [WARN] request error (0x100000006): https://pan.baidu.com/api/quota 
2019-05-11 19:47:06 [WARN] request error (0x100000006): https://pan.baidu.com/api/quota 
2019-05-11 19:47:26 [WARN] account error (-1): http请求错误 0x6
2019-05-11 19:47:55 [WARN] request error (0x100000006): https://pan.baidu.com/api/quota 
2019-05-11 19:48:44 [WARN] request error (0x100000006): https://pan.baidu.com/api/quota 
2019-05-11 19:48:51 [WARN] account error (-1): http请求错误 0x6
2019-05-11 19:50:16 [WARN] request error (0x100000006): https://pan.baidu.com/api/quota 
2019-05-11 19:50:16 [WARN] account error (-1): http请求错误 0x6
2019-05-11 19:51:05 [WARN] request error (0x100000006): https://pan.baidu.com/api/quota 
2019-05-11 19:51:41 [WARN] account error (-1): http请求错误 0x6
2019-05-11 19:51:54 [WARN] request error (0x100000006): https://pan.baidu.com/api/quota 
2019-05-11 19:52:43 [WARN] request error (0x100000006): https://pan.baidu.com/api/quota 
2019-05-11 19:53:06 [WARN] account error (-1): http请求错误 0x6
2019-05-11 19:54:15 [WARN] request error (0x100000006): https://pan.baidu.com/api/quota 
2019-05-11 19:54:31 [WARN] account error (-1): http请求错误 0x6
2019-05-11 19:55:04 [WARN] request error (0x100000006): https://pan.baidu.com/api/quota 
2019-05-11 19:55:53 [WARN] request error (0x100000006): https://pan.baidu.com/api/quota 
2019-05-11 19:55:56 [WARN] account error (-1): http请求错误 0x6
2019-05-11 19:56:42 [WARN] request error (0x100000006): https://pan.baidu.com/api/quota 
2019-05-11 19:57:21 [WARN] account error (-1): http请求错误 0x6
2019-05-11 19:58:14 [WARN] request error (0x100000006): https://pan.baidu.com/api/quota 
2019-05-11 19:58:46 [WARN] account error (-1): http请求错误 0x6
2019-05-11 19:59:03 [WARN] request error (0x100000006): https://pan.baidu.com/api/quota 
2019-05-11 19:59:52 [WARN] request error (0x100000006): https://pan.baidu.com/api/quota 
2019-05-11 20:00:11 [WARN] account error (-1): http请求错误 0x6
2019-05-11 20:00:41 [WARN] request error (0x100000006): https://pan.baidu.com/api/quota 
2019-05-11 20:01:36 [WARN] account error (-1): http请求错误 0x6
2019-05-11 20:02:13 [WARN] request error (0x100000006): https://pan.baidu.com/api/quota 
2019-05-11 20:03:01 [WARN] account error (-1): http请求错误 0x6
2019-05-11 20:03:02 [WARN] request error (0x100000006): https://pan.baidu.com/api/quota 
2019-05-11 20:03:51 [WARN] request error (0x100000006): https://pan.baidu.com/api/quota 
2019-05-11 20:04:26 [WARN] account error (-1): http请求错误 0x6
2019-05-11 20:04:40 [WARN] request error (0x100000006): https://pan.baidu.com/api/quota 
2019-05-11 20:05:51 [WARN] account error (-1): http请求错误 0x6
2019-05-11 20:06:12 [WARN] request error (0x100000006): https://pan.baidu.com/api/quota 
2019-05-11 20:07:01 [WARN] request error (0x100000006): https://pan.baidu.com/api/quota 
2019-05-11 20:07:16 [WARN] account error (-1): http请求错误 0x6
2019-05-11 20:07:50 [WARN] request error (0x100000006): https://pan.baidu.com/api/quota 
2019-05-11 20:08:39 [WARN] request error (0x100000006): https://pan.baidu.com/api/quota 
2019-05-11 20:08:41 [WARN] account error (-1): http请求错误 0x6
2019-05-11 20:10:06 [WARN] account error (-1): http请求错误 0x6
2019-05-11 20:10:11 [WARN] request error (0x100000006): https://pan.baidu.com/api/quota 
2019-05-11 20:11:00 [WARN] request error (0x100000006): https://pan.baidu.com/api/quota 
2019-05-11 20:11:31 [WARN] account error (-1): http请求错误 0x6
2019-05-11 20:11:49 [WARN] request error (0x100000006): https://pan.baidu.com/api/quota 
2019-05-11 20:12:38 [WARN] request error (0x100000006): https://pan.baidu.com/api/quota 
2019-05-11 20:12:56 [WARN] account error (-1): http请求错误 0x6
2019-05-11 20:14:10 [WARN] request error (0x100000006): https://pan.baidu.com/api/quota 
2019-05-11 20:14:21 [WARN] account error (-1): http请求错误 0x6
2019-05-11 20:14:59 [WARN] request error (0x100000006): https://pan.baidu.com/api/quota 
2019-05-11 20:15:46 [WARN] account error (-1): http请求错误 0x6
2019-05-11 20:15:48 [WARN] request error (0x100000006): https://pan.baidu.com/api/quota 
2019-05-11 20:16:37 [WARN] request error (0x100000006): https://pan.baidu.com/api/quota 
2019-05-11 20:17:11 [WARN] account error (-1): http请求错误 0x6
2019-05-11 20:18:09 [WARN] request error (0x100000006): https://pan.baidu.com/api/quota 
2019-05-11 20:18:36 [WARN] account error (-1): http请求错误 0x6
2019-05-11 20:18:58 [WARN] request error (0x100000006): https://pan.baidu.com/api/quota 
2019-05-11 20:19:47 [WARN] request error (0x100000006): https://pan.baidu.com/api/quota 
2019-05-11 20:20:01 [WARN] account error (-1): http请求错误 0x6
2019-05-11 20:20:36 [WARN] request error (0x100000006): https://pan.baidu.com/api/quota 
2019-05-11 20:21:26 [WARN] account error (-1): http请求错误 0x6
2019-05-11 20:22:08 [WARN] request error (0x100000006): https://pan.baidu.com/api/quota 
2019-05-11 20:22:51 [WARN] account error (-1): http请求错误 0x6
2019-05-11 20:22:57 [WARN] request error (0x100000006): https://pan.baidu.com/api/quota 
2019-05-11 20:23:46 [WARN] request error (0x100000006): https://pan.baidu.com/api/quota 
2019-05-11 20:24:16 [WARN] account error (-1): http请求错误 0x6
2019-05-11 20:24:35 [WARN] request error (0x100000006): https://pan.baidu.com/api/quota 
2019-05-11 20:25:41 [WARN] account error (-1): http请求错误 0x6
2019-05-11 20:26:07 [WARN] request error (0x100000006): https://pan.baidu.com/api/quota 
2019-05-11 20:26:56 [WARN] request error (0x100000006): https://pan.baidu.com/api/quota 
2019-05-11 20:27:06 [WARN] account error (-1): http请求错误 0x6
2019-05-11 20:27:45 [WARN] request error (0x100000006): https://pan.baidu.com/api/quota 
2019-05-11 20:28:31 [WARN] account error (-1): http请求错误 0x6
2019-05-11 20:28:34 [WARN] request error (0x100000006): https://pan.baidu.com/api/quota 
2019-05-11 20:29:56 [WARN] account error (-1): http请求错误 0x6
2019-05-11 20:30:06 [WARN] request error (0x100000006): https://pan.baidu.com/api/quota 
2019-05-11 20:30:55 [WARN] request error (0x100000006): https://pan.baidu.com/api/quota 
2019-05-11 20:31:21 [WARN] account error (-1): http请求错误 0x6
2019-05-11 20:31:44 [WARN] request error (0x100000006): https://pan.baidu.com/api/quota 
2019-05-11 20:32:33 [WARN] request error (0x100000006): https://pan.baidu.com/api/quota 
2019-05-11 20:32:46 [WARN] account error (-1): http请求错误 0x6
2019-05-11 20:34:05 [WARN] request error (0x100000006): https://pan.baidu.com/api/quota 
2019-05-11 20:34:11 [WARN] account error (-1): http请求错误 0x6
2019-05-11 20:34:54 [WARN] request error (0x100000006): https://pan.baidu.com/api/quota 
2019-05-11 20:35:36 [WARN] account error (-1): http请求错误 0x6
2019-05-11 20:35:43 [WARN] request error (0x100000006): https://pan.baidu.com/api/quota 
2019-05-11 20:36:32 [WARN] request error (0x100000006): https://pan.baidu.com/api/quota 
2019-05-11 20:37:01 [WARN] account error (-1): http请求错误 0x6
2019-05-11 20:38:04 [WARN] request error (0x100000006): https://pan.baidu.com/api/quota 
2019-05-11 20:38:26 [WARN] account error (-1): http请求错误 0x6
2019-05-11 20:38:53 [WARN] request error (0x100000006): https://pan.baidu.com/api/quota 
2019-05-11 20:39:42 [WARN] request error (0x100000006): https://pan.baidu.com/api/quota 
2019-05-11 20:39:51 [WARN] account error (-1): http请求错误 0x6
2019-05-11 20:40:31 [WARN] request error (0x100000006): https://pan.baidu.com/api/quota 
2019-05-11 20:41:16 [WARN] account error (-1): http请求错误 0x6
2019-05-11 20:42:03 [WARN] request error (0x100000006): https://pan.baidu.com/api/quota 
2019-05-11 20:42:41 [WARN] account error (-1): http请求错误 0x6
2019-05-11 20:42:52 [WARN] request error (0x100000006): https://pan.baidu.com/api/quota 
2019-05-11 20:43:41 [WARN] request error (0x100000006): https://pan.baidu.com/api/quota 
2019-05-11 20:44:07 [WARN] account error (-1): http请求错误 0x6
2019-05-11 20:44:30 [WARN] request error (0x100000006): https://pan.baidu.com/api/quota 
2019-05-11 20:45:32 [WARN] account error (-1): http请求错误 0x6
2019-05-11 20:46:03 [WARN] request error (0x100000006): https://pan.baidu.com/api/quota 
2019-05-11 20:46:52 [WARN] request error (0x100000006): https://pan.baidu.com/api/quota 
2019-05-11 20:46:56 [WARN] account error (-1): http请求错误 0x6
2019-05-11 20:47:41 [WARN] request error (0x100000006): https://pan.baidu.com/api/quota 
2019-05-11 20:48:21 [WARN] account error (-1): http请求错误 0x6
2019-05-11 20:48:30 [WARN] request error (0x100000006): https://pan.baidu.com/api/quota 
2019-05-11 20:49:46 [WARN] account error (-1): http请求错误 0x6
2019-05-11 20:50:02 [WARN] request error (0x100000006): https://pan.baidu.com/api/quota 
2019-05-11 20:50:51 [WARN] request error (0x100000006): https://pan.baidu.com/api/quota 
2019-05-11 20:51:11 [WARN] account error (-1): http请求错误 0x6
2019-05-11 20:51:41 [WARN] request error (0x100000006): https://pan.baidu.com/api/quota 
2019-05-11 20:52:30 [WARN] request error (0x100000006): https://pan.baidu.com/api/quota 
2019-05-11 20:52:36 [WARN] account error (-1): http请求错误 0x6
2019-05-11 20:54:01 [WARN] account error (-1): http请求错误 0x6
2019-05-11 20:54:02 [WARN] request error (0x100000006): https://pan.baidu.com/api/quota 
2019-05-11 20:54:51 [WARN] request error (0x100000006): https://pan.baidu.com/api/quota 
2019-05-11 20:55:26 [WARN] account error (-1): http请求错误 0x6
2019-05-11 20:55:40 [WARN] request error (0x100000006): https://pan.baidu.com/api/quota 
2019-05-11 20:56:29 [WARN] request error (0x100000006): https://pan.baidu.com/api/quota 
2019-05-11 20:56:51 [WARN] account error (-1): http请求错误 0x6
2019-05-11 20:58:02 [WARN] request error (0x100000006): https://pan.baidu.com/api/quota 
2019-05-11 20:58:17 [WARN] account error (-1): http请求错误 0x6
2019-05-11 20:58:51 [WARN] request error (0x100000006): https://pan.baidu.com/api/quota 
2019-05-11 20:59:40 [WARN] request error (0x100000006): https://pan.baidu.com/api/quota 
2019-05-11 20:59:41 [WARN] account error (-1): http请求错误 0x6
2019-05-11 21:00:29 [WARN] request error (0x100000006): https://pan.baidu.com/api/quota 
2019-05-11 21:01:06 [WARN] account error (-1): http请求错误 0x6
2019-05-11 21:02:02 [WARN] request error (0x100000006): https://pan.baidu.com/api/quota 
2019-05-11 21:02:32 [WARN] account error (-1): http请求错误 0x6
2019-05-11 21:02:51 [WARN] request error (0x100000006): https://pan.baidu.com/api/quota 
2019-05-11 21:03:40 [WARN] request error (0x100000006): https://pan.baidu.com/api/quota 
2019-05-11 21:03:56 [WARN] account error (-1): http请求错误 0x6
2019-05-11 21:04:29 [WARN] request error (0x100000006): https://pan.baidu.com/api/quota 
2019-05-11 21:05:21 [WARN] account error (-1): http请求错误 0x6
2019-05-11 21:06:01 [WARN] request error (0x100000006): https://pan.baidu.com/api/quota 
2019-05-11 21:06:46 [WARN] account error (-1): http请求错误 0x6
2019-05-11 21:06:50 [WARN] request error (0x100000006): https://pan.baidu.com/api/quota 
2019-05-11 21:07:39 [WARN] request error (0x100000006): https://pan.baidu.com/api/quota 
2019-05-11 21:08:11 [WARN] account error (-1): http请求错误 0x6
2019-05-11 21:08:28 [WARN] request error (0x100000006): https://pan.baidu.com/api/quota 
2019-05-11 21:09:36 [WARN] account error (-1): http请求错误 0x6
2019-05-11 21:10:00 [WARN] request error (0x100000006): https://pan.baidu.com/api/quota 
2019-05-11 21:10:49 [WARN] request error (0x100000006): https://pan.baidu.com/api/quota 
2019-05-11 21:11:01 [WARN] account error (-1): http请求错误 0x6
2019-05-11 21:11:38 [WARN] request error (0x100000006): https://pan.baidu.com/api/quota 
2019-05-11 21:12:26 [WARN] account error (-1): http请求错误 0x6
2019-05-11 21:12:28 [WARN] request error (0x100000006): https://pan.baidu.com/api/quota 
2019-05-11 21:13:52 [WARN] account error (-1): http请求错误 0x6
2019-05-11 21:14:00 [WARN] request error (0x100000006): https://pan.baidu.com/api/quota 
2019-05-11 21:14:49 [WARN] request error (0x100000006): https://pan.baidu.com/api/quota 
2019-05-11 21:15:16 [WARN] account error (-1): http请求错误 0x6
2019-05-11 21:15:38 [WARN] request error (0x100000006): https://pan.baidu.com/api/quota 
2019-05-11 21:16:27 [WARN] request error (0x100000006): https://pan.baidu.com/api/quota 
2019-05-11 21:16:41 [WARN] account error (-1): http请求错误 0x6
2019-05-11 21:18:00 [WARN] request error (0x100000006): https://pan.baidu.com/api/quota 
2019-05-11 21:18:06 [WARN] account error (-1): http请求错误 0x6
2019-05-11 21:18:49 [WARN] request error (0x100000006): https://pan.baidu.com/api/quota 
2019-05-11 21:19:31 [WARN] account error (-1): http请求错误 0x6
2019-05-11 21:19:38 [WARN] request error (0x100000006): https://pan.baidu.com/api/quota 
2019-05-11 21:20:27 [WARN] request error (0x100000006): https://pan.baidu.com/api/quota 
2019-05-11 21:20:56 [WARN] account error (-1): http请求错误 0x6
2019-05-11 21:21:59 [WARN] request error (0x100000006): https://pan.baidu.com/api/quota 
2019-05-11 21:22:21 [WARN] account error (-1): http请求错误 0x6
2019-05-11 21:22:49 [WARN] request error (0x100000006): https://pan.baidu.com/api/quota 
2019-05-11 21:23:38 [WARN] request error (0x100000006): https://pan.baidu.com/api/quota 
2019-05-11 21:23:47 [WARN] account error (-1): http请求错误 0x6
2019-05-11 21:24:27 [WARN] request error (0x100000006): https://pan.baidu.com/api/quota 
2019-05-11 21:25:12 [WARN] account error (-1): http请求错误 0x6
2019-05-11 21:25:59 [WARN] request error (0x100000006): https://pan.baidu.com/api/quota 
2019-05-11 21:26:36 [WARN] account error (-1): http请求错误 0x6
2019-05-11 21:26:48 [WARN] request error (0x100000006): https://pan.baidu.com/api/quota 
2019-05-11 21:27:38 [WARN] request error (0x100000006): https://pan.baidu.com/api/quota 
2019-05-11 21:28:01 [WARN] account error (-1): http请求错误 0x6
2019-05-11 21:28:27 [WARN] request error (0x100000006): https://pan.baidu.com/api/quota 
2019-05-11 21:29:26 [WARN] account error (-1): http请求错误 0x6
2019-05-11 21:29:59 [WARN] request error (0x100000006): https://pan.baidu.com/api/quota 
2019-05-11 21:30:49 [WARN] request error (0x100000006): https://pan.baidu.com/api/quota 
2019-05-11 21:30:51 [WARN] account error (-1): http请求错误 0x6
2019-05-11 21:31:38 [WARN] request error (0x100000006): https://pan.baidu.com/api/quota 
2019-05-11 21:32:17 [WARN] account error (-1): http请求错误 0x6
2019-05-11 21:32:27 [WARN] request error (0x100000006): https://pan.baidu.com/api/quota 
2019-05-11 21:33:41 [WARN] account error (-1): http请求错误 0x6
2019-05-11 21:34:00 [WARN] request error (0x100000006): https://pan.baidu.com/api/quota 
2019-05-11 21:34:49 [WARN] request error (0x100000006): https://pan.baidu.com/api/quota 
2019-05-11 21:35:06 [WARN] account error (-1): http请求错误 0x6
2019-05-11 21:35:38 [WARN] request error (0x100000006): https://pan.baidu.com/api/quota 
2019-05-11 21:36:27 [WARN] request error (0x100000006): https://pan.baidu.com/api/quota 
2019-05-11 21:36:32 [WARN] account error (-1): http请求错误 0x6
2019-05-11 21:37:56 [WARN] account error (-1): http请求错误 0x6
2019-05-11 21:38:00 [WARN] request error (0x100000006): https://pan.baidu.com/api/quota 
2019-05-11 21:38:49 [WARN] request error (0x100000006): https://pan.baidu.com/api/quota 
2019-05-11 21:39:22 [WARN] account error (-1): http请求错误 0x6
2019-05-11 21:39:39 [WARN] request error (0x100000006): https://pan.baidu.com/api/quota 
2019-05-11 21:40:28 [WARN] request error (0x100000006): https://pan.baidu.com/api/quota 
2019-05-11 21:40:46 [WARN] account error (-1): http请求错误 0x6
2019-05-11 21:42:01 [WARN] request error (0x100000006): https://pan.baidu.com/api/quota 
2019-05-11 21:42:11 [WARN] account error (-1): http请求错误 0x6
2019-05-11 21:42:50 [WARN] request error (0x100000006): https://pan.baidu.com/api/quota 
2019-05-11 21:43:36 [WARN] account error (-1): http请求错误 0x6
2019-05-11 21:43:39 [WARN] request error (0x100000006): https://pan.baidu.com/api/quota 
2019-05-11 21:44:28 [WARN] request error (0x100000006): https://pan.baidu.com/api/quota 
2019-05-11 21:45:01 [WARN] account error (-1): http请求错误 0x6
2019-05-11 21:46:01 [WARN] request error (0x100000006): https://pan.baidu.com/api/quota 
2019-05-11 21:46:26 [WARN] account error (-1): http请求错误 0x6
2019-05-11 21:46:50 [WARN] request error (0x100000006): https://pan.baidu.com/api/quota 
2019-05-11 21:47:39 [WARN] request error (0x100000006): https://pan.baidu.com/api/quota 
2019-05-11 21:47:51 [WARN] account error (-1): http请求错误 0x6
2019-05-11 21:48:29 [WARN] request error (0x100000006): https://pan.baidu.com/api/quota 
2019-05-11 21:49:16 [WARN] account error (-1): http请求错误 0x6
2019-05-11 21:50:02 [WARN] request error (0x100000006): https://pan.baidu.com/api/quota 
2019-05-11 21:50:41 [WARN] account error (-1): http请求错误 0x6
2019-05-11 21:50:51 [WARN] request error (0x100000006): https://pan.baidu.com/api/quota 
2019-05-11 21:51:40 [WARN] request error (0x100000006): https://pan.baidu.com/api/quota 
2019-05-11 21:52:07 [WARN] account error (-1): http请求错误 0x6
2019-05-11 21:52:29 [WARN] request error (0x100000006): https://pan.baidu.com/api/quota 
2019-05-11 21:53:31 [WARN] account error (-1): http请求错误 0x6
2019-05-11 21:54:02 [WARN] request error (0x100000006): https://pan.baidu.com/api/quota 
2019-05-11 21:54:51 [WARN] request error (0x100000006): https://pan.baidu.com/api/quota 
2019-05-11 21:54:56 [WARN] account error (-1): http请求错误 0x6
2019-05-11 21:55:40 [WARN] request error (0x100000006): https://pan.baidu.com/api/quota 
2019-05-11 21:56:21 [WARN] account error (-1): http请求错误 0x6
2019-05-11 21:56:29 [WARN] request error (0x100000006): https://pan.baidu.com/api/quota 
2019-05-11 21:57:46 [WARN] account error (-1): http请求错误 0x6
2019-05-11 21:58:02 [WARN] request error (0x100000006): https://pan.baidu.com/api/quota 
2019-05-11 21:58:51 [WARN] request error (0x100000006): https://pan.baidu.com/api/quota 
2019-05-11 21:59:11 [WARN] account error (-1): http请求错误 0x6
2019-05-11 21:59:40 [WARN] request error (0x100000006): https://pan.baidu.com/api/quota 
2019-05-11 22:00:30 [WARN] request error (0x100000006): https://pan.baidu.com/api/quota 
2019-05-11 22:00:36 [WARN] account error (-1): http请求错误 0x6
2019-05-11 22:02:01 [WARN] account error (-1): http请求错误 0x6
2019-05-11 22:02:02 [WARN] request error (0x100000006): https://pan.baidu.com/api/quota 
2019-05-11 22:02:51 [WARN] request error (0x100000006): https://pan.baidu.com/api/quota 
2019-05-11 22:03:26 [WARN] account error (-1): http请求错误 0x6
2019-05-11 22:03:41 [WARN] request error (0x100000006): https://pan.baidu.com/api/quota 
2019-05-11 22:04:30 [WARN] request error (0x100000006): https://pan.baidu.com/api/quota 
2019-05-11 22:04:51 [WARN] account error (-1): http请求错误 0x6
2019-05-11 22:06:03 [WARN] request error (0x100000006): https://pan.baidu.com/api/quota 
2019-05-11 22:06:16 [WARN] account error (-1): http请求错误 0x6
2019-05-11 22:06:52 [WARN] request error (0x100000006): https://pan.baidu.com/api/quota 
2019-05-11 22:07:42 [WARN] account error (-1): http请求错误 0x6
2019-05-11 22:07:42 [WARN] request error (0x100000006): https://pan.baidu.com/api/quota 
2019-05-11 22:08:31 [WARN] request error (0x100000006): https://pan.baidu.com/api/quota 
2019-05-11 22:09:06 [WARN] account error (-1): http请求错误 0x6
2019-05-11 22:10:03 [WARN] request error (0x100000006): https://pan.baidu.com/api/quota 
2019-05-11 22:10:32 [WARN] account error (-1): http请求错误 0x6
2019-05-11 22:10:52 [WARN] request error (0x100000006): https://pan.baidu.com/api/quota 
2019-05-11 22:11:42 [WARN] request error (0x100000006): https://pan.baidu.com/api/quota 
2019-05-11 22:11:56 [WARN] account error (-1): http请求错误 0x6
2019-05-11 22:12:31 [WARN] request error (0x100000006): https://pan.baidu.com/api/quota 
2019-05-11 22:13:21 [WARN] account error (-1): http请求错误 0x6
2019-05-11 22:14:03 [WARN] request error (0x100000006): https://pan.baidu.com/api/quota 
2019-05-11 22:14:46 [WARN] account error (-1): http请求错误 0x6
2019-05-11 22:14:52 [WARN] request error (0x100000006): https://pan.baidu.com/api/quota 
2019-05-11 22:15:41 [WARN] request error (0x100000006): https://pan.baidu.com/api/quota 
2019-05-11 22:16:11 [WARN] account error (-1): http请求错误 0x6
2019-05-11 22:16:30 [WARN] request error (0x100000006): https://pan.baidu.com/api/quota 
2019-05-11 22:17:36 [WARN] account error (-1): http请求错误 0x6
2019-05-11 22:18:03 [WARN] request error (0x100000006): https://pan.baidu.com/api/quota 
2019-05-11 22:18:52 [WARN] request error (0x100000006): https://pan.baidu.com/api/quota 
2019-05-11 22:19:02 [WARN] account error (-1): http请求错误 0x6
2019-05-11 22:19:41 [WARN] request error (0x100000006): https://pan.baidu.com/api/quota 
2019-05-11 22:20:26 [WARN] account error (-1): http请求错误 0x6
2019-05-11 22:20:30 [WARN] request error (0x100000006): https://pan.baidu.com/api/quota 
2019-05-11 22:21:51 [WARN] account error (-1): http请求错误 0x6
2019-05-11 22:22:03 [WARN] request error (0x100000006): https://pan.baidu.com/api/quota 
2019-05-11 22:22:52 [WARN] request error (0x100000006): https://pan.baidu.com/api/quota 
2019-05-11 22:23:16 [WARN] account error (-1): http请求错误 0x6
2019-05-11 22:23:41 [WARN] request error (0x100000006): https://pan.baidu.com/api/quota 
2019-05-11 22:24:30 [WARN] request error (0x100000006): https://pan.baidu.com/api/quota 
2019-05-11 22:24:41 [WARN] account error (-1): http请求错误 0x6
2019-05-11 22:26:02 [WARN] request error (0x100000006): https://pan.baidu.com/api/quota 
2019-05-11 22:26:06 [WARN] account error (-1): http请求错误 0x6
2019-05-11 22:26:51 [WARN] request error (0x100000006): https://pan.baidu.com/api/quota 
2019-05-11 22:27:31 [WARN] account error (-1): http请求错误 0x6
2019-05-11 22:27:40 [WARN] request error (0x100000006): https://pan.baidu.com/api/quota 
2019-05-11 22:28:30 [WARN] request error (0x100000006): https://pan.baidu.com/api/quota 
2019-05-11 22:28:56 [WARN] account error (-1): http请求错误 0x6
2019-05-11 22:30:02 [WARN] request error (0x100000006): https://pan.baidu.com/api/quota 
2019-05-11 22:30:21 [WARN] account error (-1): http请求错误 0x6
2019-05-11 22:30:51 [WARN] request error (0x100000006): https://pan.baidu.com/api/quota 
2019-05-11 22:31:40 [WARN] request error (0x100000006): https://pan.baidu.com/api/quota 
2019-05-11 22:31:46 [WARN] account error (-1): http请求错误 0x6
2019-05-11 22:32:29 [WARN] request error (0x100000006): https://pan.baidu.com/api/quota 
2019-05-11 22:33:11 [WARN] account error (-1): http请求错误 0x6
2019-05-11 22:34:02 [WARN] request error (0x100000006): https://pan.baidu.com/api/quota 
2019-05-11 22:34:36 [WARN] account error (-1): http请求错误 0x6
2019-05-11 22:34:51 [WARN] request error (0x100000006): https://pan.baidu.com/api/quota 
2019-05-11 22:35:40 [WARN] request error (0x100000006): https://pan.baidu.com/api/quota 
2019-05-11 22:36:01 [WARN] account error (-1): http请求错误 0x6
2019-05-11 22:36:29 [WARN] request error (0x100000006): https://pan.baidu.com/api/quota 
2019-05-11 22:37:26 [WARN] account error (-1): http请求错误 0x6
2019-05-11 22:38:02 [WARN] request error (0x100000006): https://pan.baidu.com/api/quota 
2019-05-11 22:38:51 [WARN] request error (0x100000006): https://pan.baidu.com/api/quota 
2019-05-11 22:38:51 [WARN] account error (-1): http请求错误 0x6
2019-05-11 22:39:40 [WARN] request error (0x100000006): https://pan.baidu.com/api/quota 
2019-05-11 22:40:16 [WARN] account error (-1): http请求错误 0x6
2019-05-11 22:40:29 [WARN] request error (0x100000006): https://pan.baidu.com/api/quota 
2019-05-11 22:41:41 [WARN] account error (-1): http请求错误 0x6
2019-05-11 22:42:02 [WARN] request error (0x100000006): https://pan.baidu.com/api/quota 
2019-05-11 22:42:51 [WARN] request error (0x100000006): https://pan.baidu.com/api/quota 
2019-05-11 22:43:06 [WARN] account error (-1): http请求错误 0x6
2019-05-11 22:43:40 [WARN] request error (0x100000006): https://pan.baidu.com/api/quota 
2019-05-11 22:44:30 [WARN] request error (0x100000006): https://pan.baidu.com/api/quota 
2019-05-11 22:44:31 [WARN] account error (-1): http请求错误 0x6
2019-05-11 22:45:56 [WARN] account error (-1): http请求错误 0x6
2019-05-11 22:46:02 [WARN] request error (0x100000006): https://pan.baidu.com/api/quota 
2019-05-11 22:46:51 [WARN] request error (0x100000006): https://pan.baidu.com/api/quota 
2019-05-11 22:47:21 [WARN] account error (-1): http请求错误 0x6
2019-05-11 22:47:40 [WARN] request error (0x100000006): https://pan.baidu.com/api/quota 
2019-05-11 22:48:29 [WARN] request error (0x100000006): https://pan.baidu.com/api/quota 
2019-05-11 22:48:46 [WARN] account error (-1): http请求错误 0x6
2019-05-11 22:50:02 [WARN] request error (0x100000006): https://pan.baidu.com/api/quota 
2019-05-11 22:50:11 [WARN] account error (-1): http请求错误 0x6
2019-05-11 22:50:51 [WARN] request error (0x100000006): https://pan.baidu.com/api/quota 
2019-05-11 22:51:36 [WARN] account error (-1): http请求错误 0x6
2019-05-11 22:51:40 [WARN] request error (0x100000006): https://pan.baidu.com/api/quota 
2019-05-11 22:52:29 [WARN] request error (0x100000006): https://pan.baidu.com/api/quota 
2019-05-11 22:53:02 [WARN] account error (-1): http请求错误 0x6
2019-05-11 22:54:02 [WARN] request error (0x100000006): https://pan.baidu.com/api/quota 
2019-05-11 22:54:26 [WARN] account error (-1): http请求错误 0x6
2019-05-11 22:54:51 [WARN] request error (0x100000006): https://pan.baidu.com/api/quota 
2019-05-11 22:55:40 [WARN] request error (0x100000006): https://pan.baidu.com/api/quota 
2019-05-11 22:55:51 [WARN] account error (-1): http请求错误 0x6
2019-05-11 22:56:29 [WARN] request error (0x100000006): https://pan.baidu.com/api/quota 
2019-05-11 22:57:16 [WARN] account error (-1): http请求错误 0x6
2019-05-11 22:58:02 [WARN] request error (0x100000006): https://pan.baidu.com/api/quota 
2019-05-11 22:58:41 [WARN] account error (-1): http请求错误 0x6
2019-05-11 22:58:51 [WARN] request error (0x100000006): https://pan.baidu.com/api/quota 
2019-05-11 22:59:40 [WARN] request error (0x100000006): https://pan.baidu.com/api/quota 
2019-05-11 23:00:07 [WARN] account error (-1): http请求错误 0x6
2019-05-11 23:00:29 [WARN] request error (0x100000006): https://pan.baidu.com/api/quota 
2019-05-11 23:01:32 [WARN] account error (-1): http请求错误 0x6
2019-05-11 23:02:01 [WARN] request error (0x100000006): https://pan.baidu.com/api/quota 
2019-05-11 23:02:50 [WARN] request error (0x100000006): https://pan.baidu.com/api/quota 
2019-05-11 23:02:56 [WARN] account error (-1): http请求错误 0x6
2019-05-11 23:03:40 [WARN] request error (0x100000006): https://pan.baidu.com/api/quota 
2019-05-11 23:04:21 [WARN] account error (-1): http请求错误 0x6
2019-05-11 23:04:29 [WARN] request error (0x100000006): https://pan.baidu.com/api/quota 
2019-05-11 23:05:46 [WARN] account error (-1): http请求错误 0x6
2019-05-11 23:06:01 [WARN] request error (0x100000006): https://pan.baidu.com/api/quota 
2019-05-11 23:06:50 [WARN] request error (0x100000006): https://pan.baidu.com/api/quota 
2019-05-11 23:07:11 [WARN] account error (-1): http请求错误 0x6
2019-05-11 23:07:39 [WARN] request error (0x100000006): https://pan.baidu.com/api/quota 
2019-05-11 23:08:28 [WARN] request error (0x100000006): https://pan.baidu.com/api/quota 
2019-05-11 23:08:36 [WARN] account error (-1): http请求错误 0x6
2019-05-11 23:10:01 [WARN] request error (0x100000006): https://pan.baidu.com/api/quota 
2019-05-11 23:10:01 [WARN] account error (-1): http请求错误 0x6
2019-05-11 23:10:50 [WARN] request error (0x100000006): https://pan.baidu.com/api/quota 
2019-05-11 23:11:27 [WARN] account error (-1): http请求错误 0x6
2019-05-11 23:11:39 [WARN] request error (0x100000006): https://pan.baidu.com/api/quota 
2019-05-11 23:12:28 [WARN] request error (0x100000006): https://pan.baidu.com/api/quota 
2019-05-11 23:12:51 [WARN] account error (-1): http请求错误 0x6
2019-05-11 23:14:00 [WARN] request error (0x100000006): https://pan.baidu.com/api/quota 
2019-05-11 23:14:16 [WARN] account error (-1): http请求错误 0x6
2019-05-11 23:14:49 [WARN] request error (0x100000006): https://pan.baidu.com/api/quota 
2019-05-11 23:15:38 [WARN] request error (0x100000006): https://pan.baidu.com/api/quota 
2019-05-11 23:15:42 [WARN] account error (-1): http请求错误 0x6
2019-05-11 23:16:27 [WARN] request error (0x100000006): https://pan.baidu.com/api/quota 
2019-05-11 23:17:06 [WARN] account error (-1): http请求错误 0x6
2019-05-11 23:18:00 [WARN] request error (0x100000006): https://pan.baidu.com/api/quota 
2019-05-11 23:18:31 [WARN] account error (-1): http请求错误 0x6
2019-05-11 23:18:49 [WARN] request error (0x100000006): https://pan.baidu.com/api/quota 
2019-05-11 23:19:38 [WARN] request error (0x100000006): https://pan.baidu.com/api/quota 
2019-05-11 23:19:56 [WARN] account error (-1): http请求错误 0x6
2019-05-11 23:20:27 [WARN] request error (0x100000006): https://pan.baidu.com/api/quota 
2019-05-11 23:21:21 [WARN] account error (-1): http请求错误 0x6
2019-05-11 23:21:59 [WARN] request error (0x100000006): https://pan.baidu.com/api/quota 
2019-05-11 23:22:46 [WARN] account error (-1): http请求错误 0x6
2019-05-11 23:22:48 [WARN] request error (0x100000006): https://pan.baidu.com/api/quota 
2019-05-11 23:23:37 [WARN] request error (0x100000006): https://pan.baidu.com/api/quota 
2019-05-11 23:24:11 [WARN] account error (-1): http请求错误 0x6
2019-05-11 23:24:26 [WARN] request error (0x100000006): https://pan.baidu.com/api/quota 
2019-05-11 23:25:36 [WARN] account error (-1): http请求错误 0x6
2019-05-11 23:25:59 [WARN] request error (0x100000006): https://pan.baidu.com/api/quota 
2019-05-11 23:26:48 [WARN] request error (0x100000006): https://pan.baidu.com/api/quota 
2019-05-11 23:27:01 [WARN] account error (-1): http请求错误 0x6
2019-05-11 23:27:37 [WARN] request error (0x100000006): https://pan.baidu.com/api/quota 
2019-05-11 23:28:26 [WARN] account error (-1): http请求错误 0x6
2019-05-11 23:28:26 [WARN] request error (0x100000006): https://pan.baidu.com/api/quota 
2019-05-11 23:29:52 [WARN] account error (-1): http请求错误 0x6
2019-05-11 23:29:59 [WARN] request error (0x100000006): https://pan.baidu.com/api/quota 
2019-05-11 23:30:48 [WARN] request error (0x100000006): https://pan.baidu.com/api/quota 
2019-05-11 23:31:16 [WARN] account error (-1): http请求错误 0x6
2019-05-11 23:31:37 [WARN] request error (0x100000006): https://pan.baidu.com/api/quota 
2019-05-11 23:32:26 [WARN] request error (0x100000006): https://pan.baidu.com/api/quota 
2019-05-11 23:32:41 [WARN] account error (-1): http请求错误 0x6
2019-05-11 23:33:58 [WARN] request error (0x100000006): https://pan.baidu.com/api/quota 
2019-05-11 23:34:07 [WARN] account error (-1): http请求错误 0x6
2019-05-11 23:34:48 [WARN] request error (0x100000006): https://pan.baidu.com/api/quota 
2019-05-11 23:35:32 [WARN] account error (-1): http请求错误 0x6
2019-05-11 23:35:37 [WARN] request error (0x100000006): https://pan.baidu.com/api/quota 
2019-05-11 23:36:26 [WARN] request error (0x100000006): https://pan.baidu.com/api/quota 
2019-05-11 23:36:56 [WARN] account error (-1): http请求错误 0x6
2019-05-11 23:37:59 [WARN] request error (0x100000006): https://pan.baidu.com/api/quota 
2019-05-11 23:38:21 [WARN] account error (-1): http请求错误 0x6
2019-05-11 23:38:48 [WARN] request error (0x100000006): https://pan.baidu.com/api/quota 
2019-05-11 23:39:37 [WARN] request error (0x100000006): https://pan.baidu.com/api/quota 
2019-05-11 23:39:46 [WARN] account error (-1): http请求错误 0x6
2019-05-11 23:40:26 [WARN] request error (0x100000006): https://pan.baidu.com/api/quota 
2019-05-11 23:41:11 [WARN] account error (-1): http请求错误 0x6
2019-05-11 23:41:58 [WARN] request error (0x100000006): https://pan.baidu.com/api/quota 
2019-05-11 23:42:36 [WARN] account error (-1): http请求错误 0x6
2019-05-11 23:42:47 [WARN] request error (0x100000006): https://pan.baidu.com/api/quota 
2019-05-11 23:43:36 [WARN] request error (0x100000006): https://pan.baidu.com/api/quota 
2019-05-11 23:44:02 [WARN] account error (-1): http请求错误 0x6
2019-05-11 23:44:25 [WARN] request error (0x100000006): https://pan.baidu.com/api/quota 
2019-05-11 23:45:27 [WARN] account error (-1): http请求错误 0x6
2019-05-11 23:45:57 [WARN] request error (0x100000006): https://pan.baidu.com/api/quota 
2019-05-11 23:46:46 [WARN] request error (0x100000006): https://pan.baidu.com/api/quota 
2019-05-11 23:46:51 [WARN] account error (-1): http请求错误 0x6
2019-05-11 23:47:35 [WARN] request error (0x100000006): https://pan.baidu.com/api/quota 
2019-05-11 23:48:17 [WARN] account error (-1): http请求错误 0x6
2019-05-11 23:48:24 [WARN] request error (0x100000006): https://pan.baidu.com/api/quota 
2019-05-11 23:49:41 [WARN] account error (-1): http请求错误 0x6
2019-05-11 23:49:57 [WARN] request error (0x100000006): https://pan.baidu.com/api/quota 
2019-05-11 23:50:46 [WARN] request error (0x100000006): https://pan.baidu.com/api/quota 
2019-05-11 23:51:06 [WARN] account error (-1): http请求错误 0x6
2019-05-11 23:51:35 [WARN] request error (0x100000006): https://pan.baidu.com/api/quota 
2019-05-11 23:52:24 [WARN] request error (0x100000006): https://pan.baidu.com/api/quota 
2019-05-11 23:52:31 [WARN] account error (-1): http请求错误 0x6
2019-05-11 23:53:56 [WARN] account error (-1): http请求错误 0x6
2019-05-11 23:53:57 [WARN] request error (0x100000006): https://pan.baidu.com/api/quota 
2019-05-11 23:54:46 [WARN] request error (0x100000006): https://pan.baidu.com/api/quota 
2019-05-11 23:55:21 [WARN] account error (-1): http请求错误 0x6
2019-05-11 23:55:35 [WARN] request error (0x100000006): https://pan.baidu.com/api/quota 
2019-05-11 23:56:24 [WARN] request error (0x100000006): https://pan.baidu.com/api/quota 
2019-05-11 23:56:46 [WARN] account error (-1): http请求错误 0x6
2019-05-11 23:57:57 [WARN] request error (0x100000006): https://pan.baidu.com/api/quota 
2019-05-11 23:58:11 [WARN] account error (-1): http请求错误 0x6
2019-05-11 23:58:46 [WARN] request error (0x100000006): https://pan.baidu.com/api/quota 
2019-05-11 23:59:35 [WARN] request error (0x100000006): https://pan.baidu.com/api/quota 
2019-05-11 23:59:36 [WARN] account error (-1): http请求错误 0x6
2019-05-12 00:00:24 [WARN] request error (0x100000006): https://pan.baidu.com/api/quota 
2019-05-12 00:01:01 [WARN] account error (-1): http请求错误 0x6
2019-05-12 00:01:56 [WARN] request error (0x100000006): https://pan.baidu.com/api/quota 
2019-05-12 00:02:26 [WARN] account error (-1): http请求错误 0x6
2019-05-12 00:02:45 [WARN] request error (0x100000006): https://pan.baidu.com/api/quota 
2019-05-12 00:03:34 [WARN] request error (0x100000006): https://pan.baidu.com/api/quota 
2019-05-12 00:03:51 [WARN] account error (-1): http请求错误 0x6
2019-05-12 00:04:23 [WARN] request error (0x100000006): https://pan.baidu.com/api/quota 
2019-05-12 00:05:16 [WARN] account error (-1): http请求错误 0x6
2019-05-12 00:05:56 [WARN] request error (0x100000006): https://pan.baidu.com/api/quota 
2019-05-12 00:06:41 [WARN] account error (-1): http请求错误 0x6
2019-05-12 00:06:45 [WARN] request error (0x100000006): https://pan.baidu.com/api/quota 
2019-05-12 00:07:34 [WARN] request error (0x100000006): https://pan.baidu.com/api/quota 
2019-05-12 00:08:06 [WARN] account error (-1): http请求错误 0x6
2019-05-12 00:08:21 [WARN] request error (0x100000006): https://pan.baidu.com/api/quota 
2019-05-12 00:09:31 [WARN] account error (-1): http请求错误 0x6
2019-05-12 00:09:53 [WARN] request error (0x100000006): https://pan.baidu.com/api/quota 
2019-05-12 00:10:42 [WARN] request error (0x100000006): https://pan.baidu.com/api/quota 
2019-05-12 00:10:56 [WARN] account error (-1): http请求错误 0x6
2019-05-12 00:11:31 [WARN] request error (0x100000006): https://pan.baidu.com/api/quota 
2019-05-12 00:12:20 [WARN] request error (0x100000006): https://pan.baidu.com/api/quota 
2019-05-12 00:12:21 [WARN] account error (-1): http请求错误 0x6
2019-05-12 00:13:46 [WARN] account error (-1): http请求错误 0x6
2019-05-12 00:13:52 [WARN] request error (0x100000006): https://pan.baidu.com/api/quota 
2019-05-12 00:14:41 [WARN] request error (0x100000006): https://pan.baidu.com/api/quota 
2019-05-12 00:15:11 [WARN] account error (-1): http请求错误 0x6
2019-05-12 00:15:30 [WARN] request error (0x100000006): https://pan.baidu.com/api/quota 
2019-05-12 00:16:19 [WARN] request error (0x100000006): https://pan.baidu.com/api/quota 
2019-05-12 00:16:36 [WARN] account error (-1): http请求错误 0x6
2019-05-12 00:17:51 [WARN] request error (0x100000006): https://pan.baidu.com/api/quota 
2019-05-12 00:18:01 [WARN] account error (-1): http请求错误 0x6
2019-05-12 00:18:40 [WARN] request error (0x100000006): https://pan.baidu.com/api/quota 
2019-05-12 00:19:26 [WARN] account error (-1): http请求错误 0x6
2019-05-12 00:19:29 [WARN] request error (0x100000006): https://pan.baidu.com/api/quota 
2019-05-12 00:20:18 [WARN] request error (0x100000006): https://pan.baidu.com/api/quota 
2019-05-12 00:20:51 [WARN] account error (-1): http请求错误 0x6
2019-05-12 00:21:50 [WARN] request error (0x100000006): https://pan.baidu.com/api/quota 
2019-05-12 00:22:16 [WARN] account error (-1): http请求错误 0x6
2019-05-12 00:22:39 [WARN] request error (0x100000006): https://pan.baidu.com/api/quota 
2019-05-12 00:23:28 [WARN] request error (0x100000006): https://pan.baidu.com/api/quota 
2019-05-12 00:23:41 [WARN] account error (-1): http请求错误 0x6
2019-05-12 00:24:17 [WARN] request error (0x100000006): https://pan.baidu.com/api/quota 
2019-05-12 00:25:06 [WARN] account error (-1): http请求错误 0x6
2019-05-12 00:25:49 [WARN] request error (0x100000006): https://pan.baidu.com/api/quota 
2019-05-12 00:26:31 [WARN] account error (-1): http请求错误 0x6
2019-05-12 00:26:38 [WARN] request error (0x100000006): https://pan.baidu.com/api/quota 
2019-05-12 00:27:27 [WARN] request error (0x100000006): https://pan.baidu.com/api/quota 
2019-05-12 00:27:56 [WARN] account error (-1): http请求错误 0x6
2019-05-12 00:28:16 [WARN] request error (0x100000006): https://pan.baidu.com/api/quota 
2019-05-12 00:29:21 [WARN] account error (-1): http请求错误 0x6
2019-05-12 00:29:48 [WARN] request error (0x100000006): https://pan.baidu.com/api/quota 
2019-05-12 00:30:37 [WARN] request error (0x100000006): https://pan.baidu.com/api/quota 
2019-05-12 00:30:46 [WARN] account error (-1): http请求错误 0x6
2019-05-12 00:31:26 [WARN] request error (0x100000006): https://pan.baidu.com/api/quota 
2019-05-12 00:32:11 [WARN] account error (-1): http请求错误 0x6
2019-05-12 00:32:15 [WARN] request error (0x100000006): https://pan.baidu.com/api/quota 
2019-05-12 00:33:36 [WARN] account error (-1): http请求错误 0x6
2019-05-12 00:33:47 [WARN] request error (0x100000006): https://pan.baidu.com/api/quota 
2019-05-12 00:34:36 [WARN] request error (0x100000006): https://pan.baidu.com/api/quota 
2019-05-12 00:35:01 [WARN] account error (-1): http请求错误 0x6
2019-05-12 00:35:25 [WARN] request error (0x100000006): https://pan.baidu.com/api/quota 
2019-05-12 00:36:14 [WARN] request error (0x100000006): https://pan.baidu.com/api/quota 
2019-05-12 00:36:26 [WARN] account error (-1): http请求错误 0x6
2019-05-12 00:37:46 [WARN] request error (0x100000006): https://pan.baidu.com/api/quota 
2019-05-12 00:37:51 [WARN] account error (-1): http请求错误 0x6
2019-05-12 00:38:35 [WARN] request error (0x100000006): https://pan.baidu.com/api/quota 
2019-05-12 00:39:16 [WARN] account error (-1): http请求错误 0x6
2019-05-12 00:39:24 [WARN] request error (0x100000006): https://pan.baidu.com/api/quota 
2019-05-12 00:40:13 [WARN] request error (0x100000006): https://pan.baidu.com/api/quota 
2019-05-12 00:40:41 [WARN] account error (-1): http请求错误 0x6
2019-05-12 00:41:45 [WARN] request error (0x100000006): https://pan.baidu.com/api/quota 
2019-05-12 00:42:06 [WARN] account error (-1): http请求错误 0x6
2019-05-12 00:42:34 [WARN] request error (0x100000006): https://pan.baidu.com/api/quota 
2019-05-12 00:43:23 [WARN] request error (0x100000006): https://pan.baidu.com/api/quota 
2019-05-12 00:43:31 [WARN] account error (-1): http请求错误 0x6
2019-05-12 00:44:12 [WARN] request error (0x100000006): https://pan.baidu.com/api/quota 
2019-05-12 00:44:56 [WARN] account error (-1): http请求错误 0x6
2019-05-12 00:45:44 [WARN] request error (0x100000006): https://pan.baidu.com/api/quota 
2019-05-12 00:46:21 [WARN] account error (-1): http请求错误 0x6
2019-05-12 00:46:33 [WARN] request error (0x100000006): https://pan.baidu.com/api/quota 
2019-05-12 00:47:22 [WARN] request error (0x100000006): https://pan.baidu.com/api/quota 
2019-05-12 00:47:46 [WARN] account error (-1): http请求错误 0x6
2019-05-12 00:48:11 [WARN] request error (0x100000006): https://pan.baidu.com/api/quota 
2019-05-12 00:49:11 [WARN] account error (-1): http请求错误 0x6
2019-05-12 00:49:43 [WARN] request error (0x100000006): https://pan.baidu.com/api/quota 
2019-05-12 00:50:32 [WARN] request error (0x100000006): https://pan.baidu.com/api/quota 
2019-05-12 00:50:36 [WARN] account error (-1): http请求错误 0x6
2019-05-12 00:51:21 [WARN] request error (0x100000006): https://pan.baidu.com/api/quota 
2019-05-12 00:52:01 [WARN] account error (-1): http请求错误 0x6
2019-05-12 00:52:10 [WARN] request error (0x100000006): https://pan.baidu.com/api/quota 
2019-05-12 00:53:26 [WARN] account error (-1): http请求错误 0x6
2019-05-12 00:53:42 [WARN] request error (0x100000006): https://pan.baidu.com/api/quota 
2019-05-12 00:54:31 [WARN] request error (0x100000006): https://pan.baidu.com/api/quota 
2019-05-12 00:54:51 [WARN] account error (-1): http请求错误 0x6
2019-05-12 00:55:20 [WARN] request error (0x100000006): https://pan.baidu.com/api/quota 
2019-05-12 00:56:09 [WARN] request error (0x100000006): https://pan.baidu.com/api/quota 
2019-05-12 00:56:16 [WARN] account error (-1): http请求错误 0x6
2019-05-12 00:57:41 [WARN] request error (0x100000006): https://pan.baidu.com/api/quota 
2019-05-12 00:57:41 [WARN] account error (-1): http请求错误 0x6
2019-05-12 00:58:30 [WARN] request error (0x100000006): https://pan.baidu.com/api/quota 
2019-05-12 00:59:06 [WARN] account error (-1): http请求错误 0x6
2019-05-12 00:59:19 [WARN] request error (0x100000006): https://pan.baidu.com/api/quota 
2019-05-12 01:00:08 [WARN] request error (0x100000006): https://pan.baidu.com/api/quota 
2019-05-12 01:00:31 [WARN] account error (-1): http请求错误 0x6
2019-05-12 01:01:40 [WARN] request error (0x100000006): https://pan.baidu.com/api/quota 
2019-05-12 01:01:56 [WARN] account error (-1): http请求错误 0x6
2019-05-12 01:02:29 [WARN] request error (0x100000006): https://pan.baidu.com/api/quota 
2019-05-12 01:03:18 [WARN] request error (0x100000006): https://pan.baidu.com/api/quota 
2019-05-12 01:03:21 [WARN] account error (-1): http请求错误 0x6
2019-05-12 01:04:07 [WARN] request error (0x100000006): https://pan.baidu.com/api/quota 
2019-05-12 01:04:46 [WARN] account error (-1): http请求错误 0x6
2019-05-12 01:05:39 [WARN] request error (0x100000006): https://pan.baidu.com/api/quota 
2019-05-12 01:06:11 [WARN] account error (-1): http请求错误 0x6
2019-05-12 01:06:28 [WARN] request error (0x100000006): https://pan.baidu.com/api/quota 
2019-05-12 01:07:17 [WARN] request error (0x100000006): https://pan.baidu.com/api/quota 
2019-05-12 01:07:36 [WARN] account error (-1): http请求错误 0x6
2019-05-12 01:08:06 [WARN] request error (0x100000006): https://pan.baidu.com/api/quota 
2019-05-12 01:09:01 [WARN] account error (-1): http请求错误 0x6
2019-05-12 01:09:38 [WARN] request error (0x100000006): https://pan.baidu.com/api/quota 
2019-05-12 01:10:26 [WARN] account error (-1): http请求错误 0x6
2019-05-12 01:10:27 [WARN] request error (0x100000006): https://pan.baidu.com/api/quota 
2019-05-12 01:11:16 [WARN] request error (0x100000006): https://pan.baidu.com/api/quota 
2019-05-12 01:11:51 [WARN] account error (-1): http请求错误 0x6
2019-05-12 01:12:05 [WARN] request error (0x100000006): https://pan.baidu.com/api/quota 
2019-05-12 01:13:16 [WARN] account error (-1): http请求错误 0x6
2019-05-12 01:13:37 [WARN] request error (0x100000006): https://pan.baidu.com/api/quota 
2019-05-12 01:14:26 [WARN] request error (0x100000006): https://pan.baidu.com/api/quota 
2019-05-12 01:14:41 [WARN] account error (-1): http请求错误 0x6
2019-05-12 01:15:15 [WARN] request error (0x100000006): https://pan.baidu.com/api/quota 
2019-05-12 01:16:04 [WARN] request error (0x100000006): https://pan.baidu.com/api/quota 
2019-05-12 01:16:06 [WARN] account error (-1): http请求错误 0x6
2019-05-12 01:17:31 [WARN] account error (-1): http请求错误 0x6
2019-05-12 01:17:36 [WARN] request error (0x100000006): https://pan.baidu.com/api/quota 
2019-05-12 01:18:25 [WARN] request error (0x100000006): https://pan.baidu.com/api/quota 
2019-05-12 01:18:56 [WARN] account error (-1): http请求错误 0x6
2019-05-12 01:19:14 [WARN] request error (0x100000006): https://pan.baidu.com/api/quota 
2019-05-12 01:19:57 [WARN] aria2 websocket connection closed (127.0.0.1:6808), code: 1006 (Abnormal close), reason: 
