2019-07-01 19:46:40 [INFO] pandownload version: 2.1.1 beta
2019-07-01 19:46:41 [INFO] aria2 websocket connection opened (127.0.0.1:36925)
2019-07-01 19:46:41 [INFO] aria2 version: 1.34.0
2019-07-01 19:46:41 [INFO] aria2 json-rpc path: http://token:pandownload@127.0.0.1:36925/jsonrpc
2019-07-01 19:46:41 [INFO] create main window
2019-07-01 19:46:41 [INFO] verify cookie (600)
2019-07-01 19:46:43 [INFO] user login success (4052464532): zji739
2019-07-01 19:47:25 [WARN] request error (0x10000001c): https://pan.baidu.com/api/list 
2019-07-01 19:50:57 [WARN] ID#23 - 下载链接过期或系统时间不正确，请删除任务重新下载(-5) FILE="C:/Users/Administrator/Desktop/Kubernetes（k8s）生产级实践指南 从部署到核心应用vep/7-12 koa中处理post请求的数据_batch.vep" SIZE="15883446"
2019-07-01 19:50:57 [WARN] ID#66 - 下载链接过期或系统时间不正确，请删除任务重新下载(-5) FILE="C:/Users/Administrator/Desktop/Kubernetes（k8s）生产级实践指南 从部署到核心应用vep/12-1 什么是ServiceMesh？什么是Istio？_batch.vep" SIZE="7336007"
2019-07-01 19:50:57 [WARN] ID#79 - 下载链接过期或系统时间不正确，请删除任务重新下载(-5) FILE="C:/Users/Administrator/Desktop/Kubernetes（k8s）生产级实践指南 从部署到核心应用vep/10-2 仓库布局开发_batch.vep" SIZE="70512466"
2019-07-01 19:50:57 [WARN] ID#80 - 下载链接过期或系统时间不正确，请删除任务重新下载(-5) FILE="C:/Users/Administrator/Desktop/Kubernetes（k8s）生产级实践指南 从部署到核心应用vep/10-12 仓库详情页面功能概述_batch.vep" SIZE="19526236"
2019-07-01 19:50:57 [WARN] ID#84 - 下载链接过期或系统时间不正确，请删除任务重新下载(-5) FILE="C:/Users/Administrator/Desktop/Kubernetes（k8s）生产级实践指南 从部署到核心应用vep/1-1  课程介绍.vep" SIZE="65291539"
2019-07-01 19:50:58 [WARN] ID#23 - 下载链接过期或系统时间不正确，请删除任务重新下载(-5) FILE="C:/Users/Administrator/Desktop/Kubernetes（k8s）生产级实践指南 从部署到核心应用vep/7-12 koa中处理post请求的数据_batch.vep" SIZE="15883446"
2019-07-01 19:50:58 [WARN] ID#66 - 下载链接过期或系统时间不正确，请删除任务重新下载(-5) FILE="C:/Users/Administrator/Desktop/Kubernetes（k8s）生产级实践指南 从部署到核心应用vep/12-1 什么是ServiceMesh？什么是Istio？_batch.vep" SIZE="7336007"
2019-07-01 19:50:58 [WARN] ID#79 - 下载链接过期或系统时间不正确，请删除任务重新下载(-5) FILE="C:/Users/Administrator/Desktop/Kubernetes（k8s）生产级实践指南 从部署到核心应用vep/10-2 仓库布局开发_batch.vep" SIZE="70512466"
2019-07-01 19:50:58 [WARN] ID#80 - 下载链接过期或系统时间不正确，请删除任务重新下载(-5) FILE="C:/Users/Administrator/Desktop/Kubernetes（k8s）生产级实践指南 从部署到核心应用vep/10-12 仓库详情页面功能概述_batch.vep" SIZE="19526236"
2019-07-01 19:50:58 [WARN] ID#84 - 下载链接过期或系统时间不正确，请删除任务重新下载(-5) FILE="C:/Users/Administrator/Desktop/Kubernetes（k8s）生产级实践指南 从部署到核心应用vep/1-1  课程介绍.vep" SIZE="65291539"
2019-07-01 19:50:58 [WARN] ID#23 - 下载链接过期或系统时间不正确，请删除任务重新下载(-5) FILE="C:/Users/Administrator/Desktop/Kubernetes（k8s）生产级实践指南 从部署到核心应用vep/7-12 koa中处理post请求的数据_batch.vep" SIZE="15883446"
2019-07-01 19:50:58 [WARN] ID#66 - 下载链接过期或系统时间不正确，请删除任务重新下载(-5) FILE="C:/Users/Administrator/Desktop/Kubernetes（k8s）生产级实践指南 从部署到核心应用vep/12-1 什么是ServiceMesh？什么是Istio？_batch.vep" SIZE="7336007"
2019-07-01 19:50:58 [WARN] ID#79 - 下载链接过期或系统时间不正确，请删除任务重新下载(-5) FILE="C:/Users/Administrator/Desktop/Kubernetes（k8s）生产级实践指南 从部署到核心应用vep/10-2 仓库布局开发_batch.vep" SIZE="70512466"
2019-07-01 19:50:58 [WARN] ID#80 - 下载链接过期或系统时间不正确，请删除任务重新下载(-5) FILE="C:/Users/Administrator/Desktop/Kubernetes（k8s）生产级实践指南 从部署到核心应用vep/10-12 仓库详情页面功能概述_batch.vep" SIZE="19526236"
2019-07-01 19:50:58 [WARN] ID#84 - 下载链接过期或系统时间不正确，请删除任务重新下载(-5) FILE="C:/Users/Administrator/Desktop/Kubernetes（k8s）生产级实践指南 从部署到核心应用vep/1-1  课程介绍.vep" SIZE="65291539"
2019-07-01 19:53:35 [WARN] ID#17 - No URI available.(1) FILE="C:/Users/Administrator/Desktop/Node.js开发仿知乎服务端 深入理解RESTful API（vep）/8-1 Session 简介_batch.vep" SIZE="15471550"
2019-07-01 19:55:21 [WARN] ID#38 - No URI available.(1) FILE="C:/Users/Administrator/Desktop/Node.js开发仿知乎服务端 深入理解RESTful API（vep）/3-3 Koa 中间件与洋葱模型_batch.vep" SIZE="26714665"
2019-07-01 19:56:00 [WARN] ID#42 - The response status is not successful. status=503(29) FILE="C:/Users/Administrator/Desktop/Node.js开发仿知乎服务端 深入理解RESTful API（vep）/2-3 RESTful API 简介_batch.vep" SIZE="25433051"
2019-07-01 19:59:51 [WARN] ID#48 - No URI available.(1) FILE="C:/Users/Administrator/Desktop/Node.js开发仿知乎服务端 深入理解RESTful API（vep）/16-1 在服务器上安装 Git 与 Nodejs_batch.vep" SIZE="26856909"
2019-07-01 20:03:20 [WARN] ID#51 - No URI available.(1) FILE="C:/Users/Administrator/Desktop/Node.js开发仿知乎服务端 深入理解RESTful API（vep）/15-2 问题-答案-评论模块三级嵌套的增删改查接口_batch.vep" SIZE="31571095"
2019-07-01 20:26:00 [WARN] request error (0x100000006): https://pan.baidu.com/api/quota 
2019-07-01 20:26:46 [WARN] account error (-1): http请求错误 0x6
2019-07-01 20:26:49 [WARN] request error (0x100000006): https://pan.baidu.com/api/quota 
2019-07-01 20:27:38 [WARN] request error (0x100000006): https://pan.baidu.com/api/quota 
2019-07-01 20:28:10 [WARN] account error (-1): http请求错误 0x6
2019-07-01 20:28:27 [WARN] request error (0x100000006): https://pan.baidu.com/api/quota 
2019-07-01 20:29:35 [WARN] account error (-1): http请求错误 0x6
2019-07-01 20:29:59 [WARN] request error (0x100000006): https://pan.baidu.com/api/quota 
2019-07-01 20:30:48 [WARN] request error (0x100000006): https://pan.baidu.com/api/quota 
2019-07-01 20:31:00 [WARN] account error (-1): http请求错误 0x6
2019-07-01 20:31:37 [WARN] request error (0x100000006): https://pan.baidu.com/api/quota 
2019-07-01 20:32:25 [WARN] account error (-1): http请求错误 0x6
2019-07-01 20:32:26 [WARN] request error (0x100000006): https://pan.baidu.com/api/quota 
2019-07-01 20:33:50 [WARN] account error (-1): http请求错误 0x6
2019-07-01 20:33:58 [WARN] request error (0x100000006): https://pan.baidu.com/api/quota 
2019-07-01 20:34:47 [WARN] request error (0x100000006): https://pan.baidu.com/api/quota 
2019-07-01 20:35:15 [WARN] account error (-1): http请求错误 0x6
2019-07-01 20:35:36 [WARN] request error (0x100000006): https://pan.baidu.com/api/quota 
2019-07-01 20:36:25 [WARN] request error (0x100000006): https://pan.baidu.com/api/quota 
2019-07-01 20:36:40 [WARN] account error (-1): http请求错误 0x6
2019-07-01 20:37:57 [WARN] request error (0x100000006): https://pan.baidu.com/api/quota 
2019-07-01 20:38:05 [WARN] account error (-1): http请求错误 0x6
2019-07-01 20:38:46 [WARN] request error (0x100000006): https://pan.baidu.com/api/quota 
2019-07-01 20:39:31 [WARN] account error (-1): http请求错误 0x6
2019-07-01 20:39:35 [WARN] request error (0x100000006): https://pan.baidu.com/api/quota 
2019-07-01 20:40:24 [WARN] request error (0x100000006): https://pan.baidu.com/api/quota 
2019-07-01 20:40:55 [WARN] account error (-1): http请求错误 0x6
2019-07-01 20:41:56 [WARN] request error (0x100000006): https://pan.baidu.com/api/quota 
2019-07-01 20:42:20 [WARN] account error (-1): http请求错误 0x6
2019-07-01 20:42:45 [WARN] request error (0x100000006): https://pan.baidu.com/api/quota 
2019-07-01 20:43:34 [WARN] request error (0x100000006): https://pan.baidu.com/api/quota 
2019-07-01 20:43:45 [WARN] account error (-1): http请求错误 0x6
2019-07-01 20:44:23 [WARN] request error (0x100000006): https://pan.baidu.com/api/quota 
2019-07-01 20:45:10 [WARN] account error (-1): http请求错误 0x6
2019-07-01 20:45:55 [WARN] request error (0x100000006): https://pan.baidu.com/api/quota 
2019-07-01 20:46:35 [WARN] account error (-1): http请求错误 0x6
2019-07-01 20:46:45 [WARN] request error (0x100000006): https://pan.baidu.com/api/quota 
2019-07-01 20:47:34 [WARN] request error (0x100000006): https://pan.baidu.com/api/quota 
2019-07-01 20:48:01 [WARN] account error (-1): http请求错误 0x6
2019-07-01 20:48:23 [WARN] request error (0x100000006): https://pan.baidu.com/api/quota 
2019-07-01 20:49:25 [WARN] account error (-1): http请求错误 0x6
2019-07-01 20:49:55 [WARN] request error (0x100000006): https://pan.baidu.com/api/quota 
2019-07-01 20:50:44 [WARN] request error (0x100000006): https://pan.baidu.com/api/quota 
2019-07-01 20:50:50 [WARN] account error (-1): http请求错误 0x6
2019-07-01 20:51:34 [WARN] request error (0x100000006): https://pan.baidu.com/api/quota 
2019-07-01 20:52:15 [WARN] account error (-1): http请求错误 0x6
2019-07-01 20:52:23 [WARN] request error (0x100000006): https://pan.baidu.com/api/quota 
2019-07-01 20:53:40 [WARN] account error (-1): http请求错误 0x6
2019-07-01 20:53:55 [WARN] request error (0x100000006): https://pan.baidu.com/api/quota 
2019-07-01 20:54:44 [WARN] request error (0x100000006): https://pan.baidu.com/api/quota 
2019-07-01 20:55:05 [WARN] account error (-1): http请求错误 0x6
2019-07-01 20:55:33 [WARN] request error (0x100000006): https://pan.baidu.com/api/quota 
2019-07-01 20:56:22 [WARN] request error (0x100000006): https://pan.baidu.com/api/quota 
2019-07-01 20:56:30 [WARN] account error (-1): http请求错误 0x6
2019-07-01 20:57:54 [WARN] request error (0x100000006): https://pan.baidu.com/api/quota 
2019-07-01 20:57:55 [WARN] account error (-1): http请求错误 0x6
2019-07-01 20:58:43 [WARN] request error (0x100000006): https://pan.baidu.com/api/quota 
2019-07-01 20:59:20 [WARN] account error (-1): http请求错误 0x6
2019-07-01 20:59:32 [WARN] request error (0x100000006): https://pan.baidu.com/api/quota 
2019-07-01 21:00:21 [WARN] request error (0x100000006): https://pan.baidu.com/api/quota 
2019-07-01 21:00:45 [WARN] account error (-1): http请求错误 0x6
2019-07-01 21:01:54 [WARN] request error (0x100000006): https://pan.baidu.com/api/quota 
2019-07-01 21:02:10 [WARN] account error (-1): http请求错误 0x6
2019-07-01 21:02:43 [WARN] request error (0x100000006): https://pan.baidu.com/api/quota 
2019-07-01 21:03:32 [WARN] request error (0x100000006): https://pan.baidu.com/api/quota 
2019-07-01 21:03:35 [WARN] account error (-1): http请求错误 0x6
2019-07-01 21:04:21 [WARN] request error (0x100000006): https://pan.baidu.com/api/quota 
2019-07-01 21:05:00 [WARN] account error (-1): http请求错误 0x6
2019-07-01 21:05:53 [WARN] request error (0x100000006): https://pan.baidu.com/api/quota 
2019-07-01 21:06:25 [WARN] account error (-1): http请求错误 0x6
2019-07-01 21:06:42 [WARN] request error (0x100000006): https://pan.baidu.com/api/quota 
2019-07-01 21:07:31 [WARN] request error (0x100000006): https://pan.baidu.com/api/quota 
2019-07-01 21:07:50 [WARN] account error (-1): http请求错误 0x6
2019-07-01 21:08:20 [WARN] request error (0x100000006): https://pan.baidu.com/api/quota 
2019-07-01 21:09:15 [WARN] account error (-1): http请求错误 0x6
2019-07-01 21:09:52 [WARN] request error (0x100000006): https://pan.baidu.com/api/quota 
2019-07-01 21:10:40 [WARN] account error (-1): http请求错误 0x6
2019-07-01 21:10:41 [WARN] request error (0x100000006): https://pan.baidu.com/api/quota 
2019-07-01 21:11:30 [WARN] request error (0x100000006): https://pan.baidu.com/api/quota 
2019-07-01 21:12:05 [WARN] account error (-1): http请求错误 0x6
2019-07-01 21:12:19 [WARN] request error (0x100000006): https://pan.baidu.com/api/quota 
2019-07-01 21:13:30 [WARN] account error (-1): http请求错误 0x6
2019-07-01 21:13:51 [WARN] request error (0x100000006): https://pan.baidu.com/api/quota 
2019-07-01 21:14:40 [WARN] request error (0x100000006): https://pan.baidu.com/api/quota 
2019-07-01 21:14:55 [WARN] account error (-1): http请求错误 0x6
2019-07-01 21:15:29 [WARN] request error (0x100000006): https://pan.baidu.com/api/quota 
2019-07-01 21:16:18 [WARN] request error (0x100000006): https://pan.baidu.com/api/quota 
2019-07-01 21:16:20 [WARN] account error (-1): http请求错误 0x6
2019-07-01 21:17:45 [WARN] account error (-1): http请求错误 0x6
2019-07-01 21:17:50 [WARN] request error (0x100000006): https://pan.baidu.com/api/quota 
2019-07-01 21:18:39 [WARN] request error (0x100000006): https://pan.baidu.com/api/quota 
2019-07-01 21:19:10 [WARN] account error (-1): http请求错误 0x6
2019-07-01 21:19:28 [WARN] request error (0x100000006): https://pan.baidu.com/api/quota 
2019-07-01 21:20:17 [WARN] request error (0x100000006): https://pan.baidu.com/api/quota 
2019-07-01 21:20:35 [WARN] account error (-1): http请求错误 0x6
2019-07-01 21:21:49 [WARN] request error (0x100000006): https://pan.baidu.com/api/quota 
2019-07-01 21:22:00 [WARN] account error (-1): http请求错误 0x6
2019-07-01 21:22:38 [WARN] request error (0x100000006): https://pan.baidu.com/api/quota 
2019-07-01 21:23:25 [WARN] account error (-1): http请求错误 0x6
2019-07-01 21:23:27 [WARN] request error (0x100000006): https://pan.baidu.com/api/quota 
2019-07-01 21:24:16 [WARN] request error (0x100000006): https://pan.baidu.com/api/quota 
2019-07-01 21:24:50 [WARN] account error (-1): http请求错误 0x6
2019-07-01 21:25:48 [WARN] request error (0x100000006): https://pan.baidu.com/api/quota 
2019-07-01 21:26:15 [WARN] account error (-1): http请求错误 0x6
2019-07-01 21:26:37 [WARN] request error (0x100000006): https://pan.baidu.com/api/quota 
2019-07-01 21:27:26 [WARN] request error (0x100000006): https://pan.baidu.com/api/quota 
2019-07-01 21:27:40 [WARN] account error (-1): http请求错误 0x6
2019-07-01 21:28:15 [WARN] request error (0x100000006): https://pan.baidu.com/api/quota 
2019-07-01 21:29:05 [WARN] account error (-1): http请求错误 0x6
2019-07-01 21:29:47 [WARN] request error (0x100000006): https://pan.baidu.com/api/quota 
2019-07-01 21:30:30 [WARN] account error (-1): http请求错误 0x6
2019-07-01 21:30:36 [WARN] request error (0x100000006): https://pan.baidu.com/api/quota 
2019-07-01 21:31:25 [WARN] request error (0x100000006): https://pan.baidu.com/api/quota 
2019-07-01 21:31:55 [WARN] account error (-1): http请求错误 0x6
2019-07-01 21:32:14 [WARN] request error (0x100000006): https://pan.baidu.com/api/quota 
2019-07-01 21:33:20 [WARN] account error (-1): http请求错误 0x6
2019-07-01 21:33:46 [WARN] request error (0x100000006): https://pan.baidu.com/api/quota 
2019-07-01 21:34:35 [WARN] request error (0x100000006): https://pan.baidu.com/api/quota 
2019-07-01 21:34:45 [WARN] account error (-1): http请求错误 0x6
2019-07-01 21:35:24 [WARN] request error (0x100000006): https://pan.baidu.com/api/quota 
2019-07-01 21:36:10 [WARN] account error (-1): http请求错误 0x6
2019-07-01 21:36:13 [WARN] request error (0x100000006): https://pan.baidu.com/api/quota 
2019-07-01 21:37:35 [WARN] account error (-1): http请求错误 0x6
2019-07-01 21:37:45 [WARN] request error (0x100000006): https://pan.baidu.com/api/quota 
2019-07-01 21:38:34 [WARN] request error (0x100000006): https://pan.baidu.com/api/quota 
2019-07-01 21:39:00 [WARN] account error (-1): http请求错误 0x6
2019-07-01 21:39:23 [WARN] request error (0x100000006): https://pan.baidu.com/api/quota 
2019-07-01 21:40:12 [WARN] request error (0x100000006): https://pan.baidu.com/api/quota 
2019-07-01 21:40:25 [WARN] account error (-1): http请求错误 0x6
2019-07-01 21:41:44 [WARN] request error (0x100000006): https://pan.baidu.com/api/quota 
2019-07-01 21:41:50 [WARN] account error (-1): http请求错误 0x6
2019-07-01 21:42:33 [WARN] request error (0x100000006): https://pan.baidu.com/api/quota 
2019-07-01 21:43:15 [WARN] account error (-1): http请求错误 0x6
2019-07-01 21:43:22 [WARN] request error (0x100000006): https://pan.baidu.com/api/quota 
2019-07-01 21:44:11 [WARN] request error (0x100000006): https://pan.baidu.com/api/quota 
2019-07-01 21:44:40 [WARN] account error (-1): http请求错误 0x6
2019-07-01 21:45:43 [WARN] request error (0x100000006): https://pan.baidu.com/api/quota 
2019-07-01 21:46:05 [WARN] account error (-1): http请求错误 0x6
2019-07-01 21:46:32 [WARN] request error (0x100000006): https://pan.baidu.com/api/quota 
2019-07-01 21:47:21 [WARN] request error (0x100000006): https://pan.baidu.com/api/quota 
2019-07-01 21:47:30 [WARN] account error (-1): http请求错误 0x6
2019-07-01 21:48:10 [WARN] request error (0x100000006): https://pan.baidu.com/api/quota 
2019-07-01 21:48:55 [WARN] account error (-1): http请求错误 0x6
2019-07-01 21:49:42 [WARN] request error (0x100000006): https://pan.baidu.com/api/quota 
2019-07-01 21:50:20 [WARN] account error (-1): http请求错误 0x6
2019-07-01 21:50:31 [WARN] request error (0x100000006): https://pan.baidu.com/api/quota 
2019-07-01 21:51:20 [WARN] request error (0x100000006): https://pan.baidu.com/api/quota 
2019-07-01 21:51:45 [WARN] account error (-1): http请求错误 0x6
2019-07-01 21:52:09 [WARN] request error (0x100000006): https://pan.baidu.com/api/quota 
2019-07-01 21:53:10 [WARN] account error (-1): http请求错误 0x6
2019-07-01 21:53:42 [WARN] request error (0x100000006): https://pan.baidu.com/api/quota 
2019-07-01 21:54:31 [WARN] request error (0x100000006): https://pan.baidu.com/api/quota 
2019-07-01 21:54:35 [WARN] account error (-1): http请求错误 0x6
2019-07-01 21:55:20 [WARN] request error (0x100000006): https://pan.baidu.com/api/quota 
2019-07-01 21:56:00 [WARN] account error (-1): http请求错误 0x6
2019-07-01 21:56:09 [WARN] request error (0x100000006): https://pan.baidu.com/api/quota 
2019-07-01 21:57:25 [WARN] account error (-1): http请求错误 0x6
2019-07-01 21:57:41 [WARN] request error (0x100000006): https://pan.baidu.com/api/quota 
2019-07-01 21:58:30 [WARN] request error (0x100000006): https://pan.baidu.com/api/quota 
2019-07-01 21:58:50 [WARN] account error (-1): http请求错误 0x6
2019-07-01 21:59:19 [WARN] request error (0x100000006): https://pan.baidu.com/api/quota 
2019-07-01 22:00:08 [WARN] request error (0x100000006): https://pan.baidu.com/api/quota 
2019-07-01 22:00:15 [WARN] account error (-1): http请求错误 0x6
2019-07-01 22:01:40 [WARN] request error (0x100000006): https://pan.baidu.com/api/quota 
2019-07-01 22:01:40 [WARN] account error (-1): http请求错误 0x6
2019-07-01 22:02:29 [WARN] request error (0x100000006): https://pan.baidu.com/api/quota 
2019-07-01 22:03:06 [WARN] account error (-1): http请求错误 0x6
2019-07-01 22:03:18 [WARN] request error (0x100000006): https://pan.baidu.com/api/quota 
2019-07-01 22:04:07 [WARN] request error (0x100000006): https://pan.baidu.com/api/quota 
2019-07-01 22:04:30 [WARN] account error (-1): http请求错误 0x6
2019-07-01 22:05:39 [WARN] request error (0x100000006): https://pan.baidu.com/api/quota 
2019-07-01 22:05:55 [WARN] account error (-1): http请求错误 0x6
2019-07-01 22:06:28 [WARN] request error (0x100000006): https://pan.baidu.com/api/quota 
2019-07-01 22:07:17 [WARN] request error (0x100000006): https://pan.baidu.com/api/quota 
2019-07-01 22:07:20 [WARN] account error (-1): http请求错误 0x6
2019-07-01 22:08:06 [WARN] request error (0x100000006): https://pan.baidu.com/api/quota 
2019-07-01 22:08:46 [WARN] account error (-1): http请求错误 0x6
2019-07-01 22:09:38 [WARN] request error (0x100000006): https://pan.baidu.com/api/quota 
2019-07-01 22:10:10 [WARN] account error (-1): http请求错误 0x6
2019-07-01 22:10:28 [WARN] request error (0x100000006): https://pan.baidu.com/api/quota 
2019-07-01 22:11:17 [WARN] request error (0x100000006): https://pan.baidu.com/api/quota 
2019-07-01 22:11:35 [WARN] account error (-1): http请求错误 0x6
2019-07-01 22:12:06 [WARN] request error (0x100000006): https://pan.baidu.com/api/quota 
2019-07-01 22:13:00 [WARN] account error (-1): http请求错误 0x6
2019-07-01 22:13:38 [WARN] request error (0x100000006): https://pan.baidu.com/api/quota 
2019-07-01 22:14:26 [WARN] account error (-1): http请求错误 0x6
2019-07-01 22:14:27 [WARN] request error (0x100000006): https://pan.baidu.com/api/quota 
2019-07-01 22:15:16 [WARN] request error (0x100000006): https://pan.baidu.com/api/quota 
2019-07-01 22:15:50 [WARN] account error (-1): http请求错误 0x6
2019-07-01 22:16:05 [WARN] request error (0x100000006): https://pan.baidu.com/api/quota 
2019-07-01 22:17:15 [WARN] account error (-1): http请求错误 0x6
2019-07-01 22:17:37 [WARN] request error (0x100000006): https://pan.baidu.com/api/quota 
2019-07-01 22:18:27 [WARN] request error (0x100000006): https://pan.baidu.com/api/quota 
2019-07-01 22:18:40 [WARN] account error (-1): http请求错误 0x6
2019-07-01 22:19:16 [WARN] request error (0x100000006): https://pan.baidu.com/api/quota 
2019-07-01 22:20:05 [WARN] request error (0x100000006): https://pan.baidu.com/api/quota 
2019-07-01 22:20:05 [WARN] account error (-1): http请求错误 0x6
2019-07-01 22:21:30 [WARN] account error (-1): http请求错误 0x6
2019-07-01 22:21:37 [WARN] request error (0x100000006): https://pan.baidu.com/api/quota 
2019-07-01 22:22:26 [WARN] request error (0x100000006): https://pan.baidu.com/api/quota 
2019-07-01 22:22:55 [WARN] account error (-1): http请求错误 0x6
2019-07-01 22:23:16 [WARN] request error (0x100000006): https://pan.baidu.com/api/quota 
2019-07-01 22:24:05 [WARN] request error (0x100000006): https://pan.baidu.com/api/quota 
2019-07-01 22:24:20 [WARN] account error (-1): http请求错误 0x6
2019-07-01 22:25:37 [WARN] request error (0x100000006): https://pan.baidu.com/api/quota 
2019-07-01 22:25:45 [WARN] account error (-1): http请求错误 0x6
2019-07-01 22:26:26 [WARN] request error (0x100000006): https://pan.baidu.com/api/quota 
2019-07-01 22:27:11 [WARN] account error (-1): http请求错误 0x6
2019-07-01 22:27:15 [WARN] request error (0x100000006): https://pan.baidu.com/api/quota 
2019-07-01 22:28:04 [WARN] request error (0x100000006): https://pan.baidu.com/api/quota 
2019-07-01 22:28:35 [WARN] account error (-1): http请求错误 0x6
2019-07-01 22:29:36 [WARN] request error (0x100000006): https://pan.baidu.com/api/quota 
2019-07-01 22:30:00 [WARN] account error (-1): http请求错误 0x6
2019-07-01 22:30:25 [WARN] request error (0x100000006): https://pan.baidu.com/api/quota 
2019-07-01 22:31:14 [WARN] request error (0x100000006): https://pan.baidu.com/api/quota 
2019-07-01 22:31:26 [WARN] account error (-1): http请求错误 0x6
2019-07-01 22:32:03 [WARN] request error (0x100000006): https://pan.baidu.com/api/quota 
2019-07-01 22:32:50 [WARN] account error (-1): http请求错误 0x6
2019-07-01 22:33:35 [WARN] request error (0x100000006): https://pan.baidu.com/api/quota 
2019-07-01 22:34:15 [WARN] account error (-1): http请求错误 0x6
2019-07-01 22:34:24 [WARN] request error (0x100000006): https://pan.baidu.com/api/quota 
2019-07-01 22:35:13 [WARN] request error (0x100000006): https://pan.baidu.com/api/quota 
2019-07-01 22:35:40 [WARN] account error (-1): http请求错误 0x6
2019-07-01 22:36:02 [WARN] request error (0x100000006): https://pan.baidu.com/api/quota 
2019-07-01 22:37:05 [WARN] account error (-1): http请求错误 0x6
2019-07-01 22:37:34 [WARN] request error (0x100000006): https://pan.baidu.com/api/quota 
2019-07-01 22:38:23 [WARN] request error (0x100000006): https://pan.baidu.com/api/quota 
2019-07-01 22:38:31 [WARN] account error (-1): http请求错误 0x6
2019-07-01 22:39:13 [WARN] request error (0x100000006): https://pan.baidu.com/api/quota 
2019-07-01 22:39:55 [WARN] account error (-1): http请求错误 0x6
2019-07-01 22:40:02 [WARN] request error (0x100000006): https://pan.baidu.com/api/quota 
2019-07-01 22:41:20 [WARN] account error (-1): http请求错误 0x6
2019-07-01 22:41:34 [WARN] request error (0x100000006): https://pan.baidu.com/api/quota 
2019-07-01 22:42:23 [WARN] request error (0x100000006): https://pan.baidu.com/api/quota 
2019-07-01 22:42:45 [WARN] account error (-1): http请求错误 0x6
2019-07-01 22:43:12 [WARN] request error (0x100000006): https://pan.baidu.com/api/quota 
2019-07-01 22:44:01 [WARN] request error (0x100000006): https://pan.baidu.com/api/quota 
2019-07-01 22:44:10 [WARN] account error (-1): http请求错误 0x6
2019-07-01 22:45:33 [WARN] request error (0x100000006): https://pan.baidu.com/api/quota 
2019-07-01 22:45:35 [WARN] account error (-1): http请求错误 0x6
2019-07-01 22:46:22 [WARN] request error (0x100000006): https://pan.baidu.com/api/quota 
2019-07-01 22:47:00 [WARN] account error (-1): http请求错误 0x6
2019-07-01 22:47:11 [WARN] request error (0x100000006): https://pan.baidu.com/api/quota 
2019-07-01 22:48:00 [WARN] request error (0x100000006): https://pan.baidu.com/api/quota 
2019-07-01 22:48:25 [WARN] account error (-1): http请求错误 0x6
2019-07-01 22:49:32 [WARN] request error (0x100000006): https://pan.baidu.com/api/quota 
2019-07-01 22:49:51 [WARN] account error (-1): http请求错误 0x6
2019-07-01 22:50:22 [WARN] request error (0x100000006): https://pan.baidu.com/api/quota 
2019-07-01 22:51:10 [WARN] request error (0x100000006): https://pan.baidu.com/api/quota 
2019-07-01 22:51:15 [WARN] account error (-1): http请求错误 0x6
2019-07-01 22:51:59 [WARN] request error (0x100000006): https://pan.baidu.com/api/quota 
2019-07-01 22:52:40 [WARN] account error (-1): http请求错误 0x6
2019-07-01 22:53:32 [WARN] request error (0x100000006): https://pan.baidu.com/api/quota 
2019-07-01 22:54:05 [WARN] account error (-1): http请求错误 0x6
2019-07-01 22:54:21 [WARN] request error (0x100000006): https://pan.baidu.com/api/quota 
2019-07-01 22:55:10 [WARN] request error (0x100000006): https://pan.baidu.com/api/quota 
2019-07-01 22:55:31 [WARN] account error (-1): http请求错误 0x6
2019-07-01 22:55:59 [WARN] request error (0x100000006): https://pan.baidu.com/api/quota 
2019-07-01 22:56:56 [WARN] account error (-1): http请求错误 0x6
2019-07-01 22:57:31 [WARN] request error (0x100000006): https://pan.baidu.com/api/quota 
2019-07-01 22:58:20 [WARN] account error (-1): http请求错误 0x6
2019-07-01 22:58:21 [WARN] request error (0x100000006): https://pan.baidu.com/api/quota 
2019-07-01 22:59:10 [WARN] request error (0x100000006): https://pan.baidu.com/api/quota 
2019-07-01 22:59:45 [WARN] account error (-1): http请求错误 0x6
2019-07-01 22:59:59 [WARN] request error (0x100000006): https://pan.baidu.com/api/quota 
2019-07-01 23:01:11 [WARN] account error (-1): http请求错误 0x6
2019-07-01 23:01:31 [WARN] request error (0x100000006): https://pan.baidu.com/api/quota 
2019-07-01 23:02:20 [WARN] request error (0x100000006): https://pan.baidu.com/api/quota 
2019-07-01 23:02:35 [WARN] account error (-1): http请求错误 0x6
2019-07-01 23:03:09 [WARN] request error (0x100000006): https://pan.baidu.com/api/quota 
2019-07-01 23:03:58 [WARN] request error (0x100000006): https://pan.baidu.com/api/quota 
2019-07-01 23:04:01 [WARN] account error (-1): http请求错误 0x6
2019-07-01 23:05:25 [WARN] account error (-1): http请求错误 0x6
2019-07-01 23:05:31 [WARN] request error (0x100000006): https://pan.baidu.com/api/quota 
2019-07-01 23:06:20 [WARN] request error (0x100000006): https://pan.baidu.com/api/quota 
2019-07-01 23:06:50 [WARN] account error (-1): http请求错误 0x6
2019-07-01 23:07:09 [WARN] request error (0x100000006): https://pan.baidu.com/api/quota 
2019-07-01 23:07:58 [WARN] request error (0x100000006): https://pan.baidu.com/api/quota 
2019-07-01 23:08:15 [WARN] account error (-1): http请求错误 0x6
2019-07-01 23:09:30 [WARN] request error (0x100000006): https://pan.baidu.com/api/quota 
2019-07-01 23:09:40 [WARN] account error (-1): http请求错误 0x6
2019-07-01 23:10:19 [WARN] request error (0x100000006): https://pan.baidu.com/api/quota 
2019-07-01 23:11:05 [WARN] account error (-1): http请求错误 0x6
2019-07-01 23:11:08 [WARN] request error (0x100000006): https://pan.baidu.com/api/quota 
2019-07-01 23:11:57 [WARN] request error (0x100000006): https://pan.baidu.com/api/quota 
2019-07-01 23:12:30 [WARN] account error (-1): http请求错误 0x6
2019-07-01 23:13:29 [WARN] request error (0x100000006): https://pan.baidu.com/api/quota 
2019-07-01 23:13:55 [WARN] account error (-1): http请求错误 0x6
2019-07-01 23:14:18 [WARN] request error (0x100000006): https://pan.baidu.com/api/quota 
2019-07-01 23:15:07 [WARN] request error (0x100000006): https://pan.baidu.com/api/quota 
2019-07-01 23:15:20 [WARN] account error (-1): http请求错误 0x6
2019-07-01 23:15:56 [WARN] request error (0x100000006): https://pan.baidu.com/api/quota 
2019-07-01 23:16:45 [WARN] account error (-1): http请求错误 0x6
2019-07-01 23:17:28 [WARN] request error (0x100000006): https://pan.baidu.com/api/quota 
2019-07-01 23:18:11 [WARN] account error (-1): http请求错误 0x6
2019-07-01 23:18:17 [WARN] request error (0x100000006): https://pan.baidu.com/api/quota 
2019-07-01 23:19:06 [WARN] request error (0x100000006): https://pan.baidu.com/api/quota 
2019-07-01 23:19:35 [WARN] account error (-1): http请求错误 0x6
2019-07-01 23:19:55 [WARN] request error (0x100000006): https://pan.baidu.com/api/quota 
2019-07-01 23:21:00 [WARN] account error (-1): http请求错误 0x6
2019-07-01 23:21:27 [WARN] request error (0x100000006): https://pan.baidu.com/api/quota 
2019-07-01 23:22:16 [WARN] request error (0x100000006): https://pan.baidu.com/api/quota 
2019-07-01 23:22:25 [WARN] account error (-1): http请求错误 0x6
2019-07-01 23:23:05 [WARN] request error (0x100000006): https://pan.baidu.com/api/quota 
2019-07-01 23:23:50 [WARN] account error (-1): http请求错误 0x6
2019-07-01 23:23:54 [WARN] request error (0x100000006): https://pan.baidu.com/api/quota 
2019-07-01 23:25:15 [WARN] account error (-1): http请求错误 0x6
2019-07-01 23:25:26 [WARN] request error (0x100000006): https://pan.baidu.com/api/quota 
2019-07-01 23:26:15 [WARN] request error (0x100000006): https://pan.baidu.com/api/quota 
2019-07-01 23:26:40 [WARN] account error (-1): http请求错误 0x6
2019-07-01 23:27:04 [WARN] request error (0x100000006): https://pan.baidu.com/api/quota 
2019-07-01 23:27:53 [WARN] request error (0x100000006): https://pan.baidu.com/api/quota 
2019-07-01 23:28:05 [WARN] account error (-1): http请求错误 0x6
2019-07-01 23:29:25 [WARN] request error (0x100000006): https://pan.baidu.com/api/quota 
2019-07-01 23:29:30 [WARN] account error (-1): http请求错误 0x6
2019-07-01 23:30:14 [WARN] request error (0x100000006): https://pan.baidu.com/api/quota 
2019-07-01 23:30:55 [WARN] account error (-1): http请求错误 0x6
2019-07-01 23:31:03 [WARN] request error (0x100000006): https://pan.baidu.com/api/quota 
2019-07-01 23:45:11 [WARN] account error (403): Access Denied
2019-07-02 00:09:57 [WARN] request error (0x100000023): https://pan.baidu.com/api/sharedownload 
2019-07-02 00:10:15 [WARN] request error (0x2ffffffec): https://pan.baidu.com/api/sharedownload {"errno":-20,"request_id":4221258958704806506,"server_time":1561997415}
2019-07-02 00:10:45 [WARN] ID#6 - No URI available.(1) FILE="C:/Users/Administrator/Desktop/Kubernetes（k8s）生产级实践指南 从部署到核心应用vep/9-6 深入Pod - pod相关的点点滴滴（下）_batch.vep" SIZE="67333270"
2019-07-02 00:11:55 [WARN] request error (0x2ffffffec): https://pan.baidu.com/api/sharedownload {"errno":-20,"request_id":4221285705089903443,"server_time":1561997514}
2019-07-02 00:12:06 [WARN] ID#5 - No URI available.(2) FILE="C:/Users/Administrator/Desktop/Kubernetes（k8s）生产级实践指南 从部署到核心应用vep/8-3 Resources---多维度集群资源管理（下）_batch.vep" SIZE="52551744"
2019-07-02 00:12:45 [WARN] ID#13 - The response status is not successful. status=503(29) FILE="C:/Users/Administrator/Desktop/Kubernetes（k8s）生产级实践指南 从部署到核心应用vep/11-6 监控部署实战 - Helm+PrometheusOperator_batch.vep" SIZE="78813311"
2019-07-02 00:14:38 [WARN] ID#13 - The response status is not successful. status=503(29) FILE="C:/Users/Administrator/Desktop/Kubernetes（k8s）生产级实践指南 从部署到核心应用vep/11-6 监控部署实战 - Helm+PrometheusOperator_batch.vep" SIZE="78813311"
2019-07-02 00:29:23 [WARN] account error (403): Access Denied
2019-07-02 00:31:47 [WARN] request error (0x10000001c): https://pan.baidu.com/api/quota 
2019-07-02 00:33:00 [WARN] request error (0x10000001c): https://pan.baidu.com/api/quota 
2019-07-02 00:54:38 [INFO] close main window
2019-07-02 00:54:38 [WARN] aria2 websocket connection closed (127.0.0.1:36925), code: 1000 (Normal close), reason: aria2 shutdown
2019-07-02 00:54:39 [INFO] websocket client stop
2019-07-02 00:54:39 [INFO] exit
