2019-04-16 18:42:58 [INFO] pandownload version: 2.0.9 beta
2019-04-16 18:43:00 [INFO] aria2 websocket connection opened (127.0.0.1:6808)
2019-04-16 18:43:00 [INFO] aria2 version: 1.34.0
2019-04-16 18:43:00 [INFO] aria2 json-rpc path: http://token:pandownload@127.0.0.1:6808/jsonrpc
2019-04-16 18:43:00 [INFO] create main window
2019-04-16 18:43:00 [INFO] verify cookie (600)
2019-04-16 18:43:02 [INFO] user login success (4052464532): zji739
2019-04-16 18:45:22 [WARN] ID#15 - The response status is not successful. status=403(22) FILE="C:/Users/Administrator/Desktop/BAT资深工程师由浅入深分析Tp5和Tp6底层源码/3-2 【你应该掌握的底层】PHP底层ArrayAccess类巧用分析.ev4" SIZE="67396784"
2019-04-16 18:45:24 [WARN] ID#14 - The response status is not successful. status=403(22) FILE="C:/Users/Administrator/Desktop/BAT资深工程师由浅入深分析Tp5和Tp6底层源码/3-1 【配置文件的种类】配置文件概述.ev4" SIZE="56601824"
2019-04-16 18:45:24 [WARN] ID#15 - The response status is not successful. status=403(22) FILE="C:/Users/Administrator/Desktop/BAT资深工程师由浅入深分析Tp5和Tp6底层源码/3-2 【你应该掌握的底层】PHP底层ArrayAccess类巧用分析.ev4" SIZE="67396784"
2019-04-16 18:45:26 [WARN] ID#14 - The response status is not successful. status=403(22) FILE="C:/Users/Administrator/Desktop/BAT资深工程师由浅入深分析Tp5和Tp6底层源码/3-1 【配置文件的种类】配置文件概述.ev4" SIZE="56601824"
2019-04-16 18:45:26 [WARN] ID#15 - The response status is not successful. status=403(22) FILE="C:/Users/Administrator/Desktop/BAT资深工程师由浅入深分析Tp5和Tp6底层源码/3-2 【你应该掌握的底层】PHP底层ArrayAccess类巧用分析.ev4" SIZE="67396784"
2019-04-16 18:53:41 [WARN] rpc error (0): timeout
2019-04-16 19:09:42 [WARN] request error (0x100000006): https://pan.baidu.com/api/quota 
2019-04-16 19:09:43 [WARN] account error (-1): http请求错误 0x6
2019-04-16 19:10:14 [WARN] request error (0x100000006): https://pan.baidu.com/api/quota 
2019-04-16 19:10:39 [WARN] request error (0x100000006): https://pan.baidu.com/api/quota 
2019-04-16 19:10:44 [WARN] account error (-1): http请求错误 0x6
2019-04-16 19:11:04 [WARN] request error (0x100000006): https://pan.baidu.com/api/quota 
2019-04-16 19:11:29 [WARN] request error (0x100000006): https://pan.baidu.com/api/quota 
2019-04-16 19:11:45 [WARN] account error (-1): http请求错误 0x6
2019-04-16 19:12:02 [WARN] request error (0x100000006): https://pan.baidu.com/api/quota 
2019-04-16 19:12:27 [WARN] request error (0x100000006): https://pan.baidu.com/api/quota 
2019-04-16 19:12:46 [WARN] account error (-1): http请求错误 0x6
2019-04-16 19:12:52 [WARN] request error (0x100000006): https://pan.baidu.com/api/quota 
2019-04-16 19:13:17 [WARN] request error (0x100000006): https://pan.baidu.com/api/quota 
2019-04-16 19:13:47 [WARN] account error (-1): http请求错误 0x6
2019-04-16 19:13:49 [WARN] request error (0x100000006): https://pan.baidu.com/api/quota 
2019-04-16 19:14:15 [WARN] request error (0x100000006): https://pan.baidu.com/api/quota 
2019-04-16 19:14:40 [WARN] request error (0x100000006): https://pan.baidu.com/api/quota 
2019-04-16 19:14:48 [WARN] account error (-1): http请求错误 0x6
2019-04-16 19:15:05 [WARN] request error (0x100000006): https://pan.baidu.com/api/quota 
2019-04-16 19:15:37 [WARN] request error (0x100000006): https://pan.baidu.com/api/quota 
2019-04-16 19:15:49 [WARN] account error (-1): http请求错误 0x6
2019-04-16 19:16:03 [WARN] request error (0x100000006): https://pan.baidu.com/api/quota 
2019-04-16 19:16:28 [WARN] request error (0x100000006): https://pan.baidu.com/api/quota 
2019-04-16 19:16:50 [WARN] account error (-1): http请求错误 0x6
2019-04-16 19:16:53 [WARN] request error (0x100000006): https://pan.baidu.com/api/quota 
2019-04-16 19:17:25 [WARN] request error (0x100000006): https://pan.baidu.com/api/quota 
2019-04-16 19:17:51 [WARN] request error (0x100000006): https://pan.baidu.com/api/quota 
2019-04-16 19:17:51 [WARN] account error (-1): http请求错误 0x6
2019-04-16 19:18:16 [WARN] request error (0x100000006): https://pan.baidu.com/api/quota 
2019-04-16 19:18:41 [WARN] request error (0x100000006): https://pan.baidu.com/api/quota 
2019-04-16 19:18:52 [WARN] account error (-1): http请求错误 0x6
2019-04-16 19:19:14 [WARN] request error (0x100000006): https://pan.baidu.com/api/quota 
2019-04-16 19:19:39 [WARN] request error (0x100000006): https://pan.baidu.com/api/quota 
2019-04-16 19:19:53 [WARN] account error (-1): http请求错误 0x6
2019-04-16 19:20:04 [WARN] request error (0x100000006): https://pan.baidu.com/api/quota 
2019-04-16 19:20:29 [WARN] request error (0x100000006): https://pan.baidu.com/api/quota 
2019-04-16 19:20:54 [WARN] account error (-1): http请求错误 0x6
2019-04-16 19:21:01 [WARN] request error (0x100000006): https://pan.baidu.com/api/quota 
2019-04-16 19:21:26 [WARN] request error (0x100000006): https://pan.baidu.com/api/quota 
2019-04-16 19:21:51 [WARN] request error (0x100000006): https://pan.baidu.com/api/quota 
2019-04-16 19:21:55 [WARN] account error (-1): http请求错误 0x6
2019-04-16 19:22:16 [WARN] request error (0x100000006): https://pan.baidu.com/api/quota 
2019-04-16 19:22:48 [WARN] request error (0x100000006): https://pan.baidu.com/api/quota 
2019-04-16 19:22:56 [WARN] account error (-1): http请求错误 0x6
2019-04-16 19:23:13 [WARN] request error (0x100000006): https://pan.baidu.com/api/quota 
2019-04-16 19:23:38 [WARN] request error (0x100000006): https://pan.baidu.com/api/quota 
2019-04-16 19:23:57 [WARN] account error (-1): http请求错误 0x6
2019-04-16 19:24:03 [WARN] request error (0x100000006): https://pan.baidu.com/api/quota 
2019-04-16 19:24:35 [WARN] request error (0x100000006): https://pan.baidu.com/api/quota 
2019-04-16 19:24:58 [WARN] account error (-1): http请求错误 0x6
2019-04-16 19:25:00 [WARN] request error (0x100000006): https://pan.baidu.com/api/quota 
2019-04-16 19:25:25 [WARN] request error (0x100000006): https://pan.baidu.com/api/quota 
2019-04-16 19:25:50 [WARN] request error (0x100000006): https://pan.baidu.com/api/quota 
2019-04-16 19:25:59 [WARN] account error (-1): http请求错误 0x6
2019-04-16 19:26:23 [WARN] request error (0x100000006): https://pan.baidu.com/api/quota 
2019-04-16 19:26:47 [WARN] request error (0x100000006): https://pan.baidu.com/api/quota 
2019-04-16 19:27:00 [WARN] account error (-1): http请求错误 0x6
2019-04-16 19:27:12 [WARN] request error (0x100000006): https://pan.baidu.com/api/quota 
2019-04-16 19:27:37 [WARN] request error (0x100000006): https://pan.baidu.com/api/quota 
2019-04-16 19:28:01 [WARN] account error (-1): http请求错误 0x6
2019-04-16 19:28:10 [WARN] request error (0x100000006): https://pan.baidu.com/api/quota 
2019-04-16 19:28:35 [WARN] request error (0x100000006): https://pan.baidu.com/api/quota 
2019-04-16 19:29:00 [WARN] request error (0x100000006): https://pan.baidu.com/api/quota 
2019-04-16 19:29:02 [WARN] account error (-1): http请求错误 0x6
2019-04-16 19:29:25 [WARN] request error (0x100000006): https://pan.baidu.com/api/quota 
2019-04-16 19:29:57 [WARN] request error (0x100000006): https://pan.baidu.com/api/quota 
2019-04-16 19:30:03 [WARN] account error (-1): http请求错误 0x6
2019-04-16 19:30:22 [WARN] request error (0x100000006): https://pan.baidu.com/api/quota 
2019-04-16 19:30:48 [WARN] request error (0x100000006): https://pan.baidu.com/api/quota 
2019-04-16 19:31:04 [WARN] account error (-1): http请求错误 0x6
2019-04-16 19:31:13 [WARN] request error (0x100000006): https://pan.baidu.com/api/quota 
2019-04-16 19:31:45 [WARN] request error (0x100000006): https://pan.baidu.com/api/quota 
2019-04-16 19:32:05 [WARN] account error (-1): http请求错误 0x6
2019-04-16 19:32:10 [WARN] request error (0x100000006): https://pan.baidu.com/api/quota 
2019-04-16 19:32:35 [WARN] request error (0x100000006): https://pan.baidu.com/api/quota 
2019-04-16 19:33:00 [WARN] request error (0x100000006): https://pan.baidu.com/api/quota 
2019-04-16 19:33:06 [WARN] account error (-1): http请求错误 0x6
2019-04-16 19:33:32 [WARN] request error (0x100000006): https://pan.baidu.com/api/quota 
2019-04-16 19:33:57 [WARN] request error (0x100000006): https://pan.baidu.com/api/quota 
2019-04-16 19:34:07 [WARN] account error (-1): http请求错误 0x6
2019-04-16 19:34:22 [WARN] request error (0x100000006): https://pan.baidu.com/api/quota 
2019-04-16 19:34:47 [WARN] request error (0x100000006): https://pan.baidu.com/api/quota 
2019-04-16 19:35:08 [WARN] account error (-1): http请求错误 0x6
2019-04-16 19:35:19 [WARN] request error (0x100000006): https://pan.baidu.com/api/quota 
2019-04-16 19:35:44 [WARN] request error (0x100000006): https://pan.baidu.com/api/quota 
2019-04-16 19:36:09 [WARN] account error (-1): http请求错误 0x6
2019-04-16 19:36:09 [WARN] request error (0x100000006): https://pan.baidu.com/api/quota 
2019-04-16 19:36:34 [WARN] request error (0x100000006): https://pan.baidu.com/api/quota 
2019-04-16 19:37:06 [WARN] request error (0x100000006): https://pan.baidu.com/api/quota 
2019-04-16 19:37:10 [WARN] account error (-1): http请求错误 0x6
2019-04-16 19:37:31 [WARN] request error (0x100000006): https://pan.baidu.com/api/quota 
2019-04-16 19:37:57 [WARN] request error (0x100000006): https://pan.baidu.com/api/quota 
2019-04-16 19:38:11 [WARN] account error (-1): http请求错误 0x6
2019-04-16 19:38:21 [WARN] request error (0x100000006): https://pan.baidu.com/api/quota 
2019-04-16 19:38:54 [WARN] request error (0x100000006): https://pan.baidu.com/api/quota 
2019-04-16 19:39:12 [WARN] account error (-1): http请求错误 0x6
2019-04-16 19:39:19 [WARN] request error (0x100000006): https://pan.baidu.com/api/quota 
2019-04-16 19:39:44 [WARN] request error (0x100000006): https://pan.baidu.com/api/quota 
2019-04-16 19:40:09 [WARN] request error (0x100000006): https://pan.baidu.com/api/quota 
2019-04-16 19:40:13 [WARN] account error (-1): http请求错误 0x6
2019-04-16 19:40:41 [WARN] request error (0x100000006): https://pan.baidu.com/api/quota 
2019-04-16 19:41:07 [WARN] request error (0x100000006): https://pan.baidu.com/api/quota 
2019-04-16 19:41:14 [WARN] account error (-1): http请求错误 0x6
2019-04-16 19:41:32 [WARN] request error (0x100000006): https://pan.baidu.com/api/quota 
2019-04-16 19:41:57 [WARN] request error (0x100000006): https://pan.baidu.com/api/quota 
2019-04-16 19:42:15 [WARN] account error (-1): http请求错误 0x6
2019-04-16 19:42:29 [WARN] request error (0x100000006): https://pan.baidu.com/api/quota 
2019-04-16 19:42:54 [WARN] request error (0x100000006): https://pan.baidu.com/api/quota 
2019-04-16 19:43:16 [WARN] account error (-1): http请求错误 0x6
2019-04-16 19:43:20 [WARN] request error (0x100000006): https://pan.baidu.com/api/quota 
2019-04-16 19:43:44 [WARN] request error (0x100000006): https://pan.baidu.com/api/quota 
2019-04-16 19:44:17 [WARN] account error (-1): http请求错误 0x6
2019-04-16 19:44:17 [WARN] request error (0x100000006): https://pan.baidu.com/api/quota 
2019-04-16 19:44:42 [WARN] request error (0x100000006): https://pan.baidu.com/api/quota 
2019-04-16 19:45:07 [WARN] request error (0x100000006): https://pan.baidu.com/api/quota 
2019-04-16 19:45:18 [WARN] account error (-1): http请求错误 0x6
2019-04-16 19:45:32 [WARN] request error (0x100000006): https://pan.baidu.com/api/quota 
2019-04-16 19:46:04 [WARN] request error (0x100000006): https://pan.baidu.com/api/quota 
2019-04-16 19:46:19 [WARN] account error (-1): http请求错误 0x6
2019-04-16 19:46:29 [WARN] request error (0x100000006): https://pan.baidu.com/api/quota 
2019-04-16 19:46:54 [WARN] request error (0x100000006): https://pan.baidu.com/api/quota 
2019-04-16 19:47:19 [WARN] request error (0x100000006): https://pan.baidu.com/api/quota 
2019-04-16 19:47:20 [WARN] account error (-1): http请求错误 0x6
2019-04-16 19:47:51 [WARN] request error (0x100000006): https://pan.baidu.com/api/quota 
2019-04-16 19:48:16 [WARN] request error (0x100000006): https://pan.baidu.com/api/quota 
2019-04-16 19:48:21 [WARN] account error (-1): http请求错误 0x6
2019-04-16 19:48:41 [WARN] request error (0x100000006): https://pan.baidu.com/api/quota 
2019-04-16 19:49:06 [WARN] request error (0x100000006): https://pan.baidu.com/api/quota 
2019-04-16 19:49:22 [WARN] account error (-1): http请求错误 0x6
2019-04-16 19:49:38 [WARN] request error (0x100000006): https://pan.baidu.com/api/quota 
2019-04-16 19:50:03 [WARN] request error (0x100000006): https://pan.baidu.com/api/quota 
2019-04-16 19:50:23 [WARN] account error (-1): http请求错误 0x6
2019-04-16 19:50:28 [WARN] request error (0x100000006): https://pan.baidu.com/api/quota 
2019-04-16 19:50:53 [WARN] request error (0x100000006): https://pan.baidu.com/api/quota 
2019-04-16 19:51:24 [WARN] account error (-1): http请求错误 0x6
2019-04-16 19:51:25 [WARN] request error (0x100000006): https://pan.baidu.com/api/quota 
2019-04-16 19:51:50 [WARN] request error (0x100000006): https://pan.baidu.com/api/quota 
2019-04-16 19:52:15 [WARN] request error (0x100000006): https://pan.baidu.com/api/quota 
2019-04-16 19:52:25 [WARN] account error (-1): http请求错误 0x6
2019-04-16 19:52:40 [WARN] request error (0x100000006): https://pan.baidu.com/api/quota 
2019-04-16 19:53:13 [WARN] request error (0x100000006): https://pan.baidu.com/api/quota 
2019-04-16 19:53:26 [WARN] account error (-1): http请求错误 0x6
2019-04-16 19:53:37 [WARN] request error (0x100000006): https://pan.baidu.com/api/quota 
2019-04-16 19:54:03 [WARN] request error (0x100000006): https://pan.baidu.com/api/quota 
2019-04-16 19:54:27 [WARN] account error (-1): http请求错误 0x6
2019-04-16 19:54:27 [WARN] request error (0x100000006): https://pan.baidu.com/api/quota 
2019-04-16 19:54:59 [WARN] request error (0x100000006): https://pan.baidu.com/api/quota 
2019-04-16 19:55:24 [WARN] request error (0x100000006): https://pan.baidu.com/api/quota 
2019-04-16 19:55:28 [WARN] account error (-1): http请求错误 0x6
2019-04-16 19:55:50 [WARN] request error (0x100000006): https://pan.baidu.com/api/quota 
2019-04-16 19:56:15 [WARN] request error (0x100000006): https://pan.baidu.com/api/quota 
2019-04-16 19:56:29 [WARN] account error (-1): http请求错误 0x6
2019-04-16 19:56:47 [WARN] request error (0x100000006): https://pan.baidu.com/api/quota 
2019-04-16 19:57:12 [WARN] request error (0x100000006): https://pan.baidu.com/api/quota 
2019-04-16 19:57:30 [WARN] account error (-1): http请求错误 0x6
2019-04-16 19:57:37 [WARN] request error (0x100000006): https://pan.baidu.com/api/quota 
2019-04-16 19:58:02 [WARN] request error (0x100000006): https://pan.baidu.com/api/quota 
2019-04-16 19:58:31 [WARN] account error (-1): http请求错误 0x6
2019-04-16 19:58:34 [WARN] request error (0x100000006): https://pan.baidu.com/api/quota 
2019-04-16 19:58:59 [WARN] request error (0x100000006): https://pan.baidu.com/api/quota 
2019-04-16 19:59:25 [WARN] request error (0x100000006): https://pan.baidu.com/api/quota 
2019-04-16 19:59:32 [WARN] account error (-1): http请求错误 0x6
2019-04-16 19:59:50 [WARN] request error (0x100000006): https://pan.baidu.com/api/quota 
2019-04-16 20:00:22 [WARN] request error (0x100000006): https://pan.baidu.com/api/quota 
2019-04-16 20:00:33 [WARN] account error (-1): http请求错误 0x6
2019-04-16 20:00:47 [WARN] request error (0x100000006): https://pan.baidu.com/api/quota 
2019-04-16 20:01:13 [WARN] request error (0x100000006): https://pan.baidu.com/api/quota 
2019-04-16 20:01:34 [WARN] account error (-1): http请求错误 0x6
2019-04-16 20:01:38 [WARN] request error (0x100000006): https://pan.baidu.com/api/quota 
2019-04-16 20:02:10 [WARN] request error (0x100000006): https://pan.baidu.com/api/quota 
2019-04-16 20:02:35 [WARN] account error (-1): http请求错误 0x6
2019-04-16 20:02:36 [WARN] request error (0x100000006): https://pan.baidu.com/api/quota 
2019-04-16 20:03:01 [WARN] request error (0x100000006): https://pan.baidu.com/api/quota 
2019-04-16 20:03:25 [WARN] request error (0x100000006): https://pan.baidu.com/api/quota 
2019-04-16 20:03:36 [WARN] account error (-1): http请求错误 0x6
2019-04-16 20:03:58 [WARN] request error (0x100000006): https://pan.baidu.com/api/quota 
2019-04-16 20:04:24 [WARN] request error (0x100000006): https://pan.baidu.com/api/quota 
2019-04-16 20:04:37 [WARN] account error (-1): http请求错误 0x6
2019-04-16 20:04:48 [WARN] request error (0x100000006): https://pan.baidu.com/api/quota 
2019-04-16 20:05:13 [WARN] request error (0x100000006): https://pan.baidu.com/api/quota 
2019-04-16 20:05:38 [WARN] account error (-1): http请求错误 0x6
2019-04-16 20:05:45 [WARN] request error (0x100000006): https://pan.baidu.com/api/quota 
2019-04-16 20:06:10 [WARN] request error (0x100000006): https://pan.baidu.com/api/quota 
2019-04-16 20:06:36 [WARN] request error (0x100000006): https://pan.baidu.com/api/quota 
2019-04-16 20:06:39 [WARN] account error (-1): http请求错误 0x6
2019-04-16 20:07:01 [WARN] request error (0x100000006): https://pan.baidu.com/api/quota 
2019-04-16 20:07:34 [WARN] request error (0x100000006): https://pan.baidu.com/api/quota 
2019-04-16 20:07:40 [WARN] account error (-1): http请求错误 0x6
2019-04-16 20:07:59 [WARN] request error (0x100000006): https://pan.baidu.com/api/quota 
2019-04-16 20:08:23 [WARN] request error (0x100000006): https://pan.baidu.com/api/quota 
2019-04-16 20:08:41 [WARN] account error (-1): http请求错误 0x6
2019-04-16 20:08:48 [WARN] request error (0x100000006): https://pan.baidu.com/api/quota 
2019-04-16 20:09:21 [WARN] request error (0x100000006): https://pan.baidu.com/api/quota 
2019-04-16 20:09:42 [WARN] account error (-1): http请求错误 0x6
2019-04-16 20:09:46 [WARN] request error (0x100000006): https://pan.baidu.com/api/quota 
2019-04-16 20:10:11 [WARN] request error (0x100000006): https://pan.baidu.com/api/quota 
2019-04-16 20:10:36 [WARN] request error (0x100000006): https://pan.baidu.com/api/quota 
2019-04-16 20:10:43 [WARN] account error (-1): http请求错误 0x6
2019-04-16 20:11:08 [WARN] request error (0x100000006): https://pan.baidu.com/api/quota 
2019-04-16 20:11:33 [WARN] request error (0x100000006): https://pan.baidu.com/api/quota 
2019-04-16 20:11:44 [WARN] account error (-1): http请求错误 0x6
2019-04-16 20:11:58 [WARN] request error (0x100000006): https://pan.baidu.com/api/quota 
2019-04-16 20:12:24 [WARN] request error (0x100000006): https://pan.baidu.com/api/quota 
2019-04-16 20:12:45 [WARN] account error (-1): http请求错误 0x6
2019-04-16 20:12:56 [WARN] request error (0x100000006): https://pan.baidu.com/api/quota 
2019-04-16 20:13:21 [WARN] request error (0x100000006): https://pan.baidu.com/api/quota 
2019-04-16 20:13:46 [WARN] account error (-1): http请求错误 0x6
2019-04-16 20:13:46 [WARN] request error (0x100000006): https://pan.baidu.com/api/quota 
2019-04-16 20:14:11 [WARN] request error (0x100000006): https://pan.baidu.com/api/quota 
2019-04-16 20:14:43 [WARN] request error (0x100000006): https://pan.baidu.com/api/quota 
2019-04-16 20:14:47 [WARN] account error (-1): http请求错误 0x6
2019-04-16 20:15:08 [WARN] request error (0x100000006): https://pan.baidu.com/api/quota 
2019-04-16 20:15:33 [WARN] request error (0x100000006): https://pan.baidu.com/api/quota 
2019-04-16 20:15:48 [WARN] account error (-1): http请求错误 0x6
2019-04-16 20:15:58 [WARN] request error (0x100000006): https://pan.baidu.com/api/quota 
2019-04-16 20:16:30 [WARN] request error (0x100000006): https://pan.baidu.com/api/quota 
2019-04-16 20:16:49 [WARN] account error (-1): http请求错误 0x6
2019-04-16 20:16:56 [WARN] request error (0x100000006): https://pan.baidu.com/api/quota 
2019-04-16 20:17:21 [WARN] request error (0x100000006): https://pan.baidu.com/api/quota 
2019-04-16 20:17:46 [WARN] request error (0x100000006): https://pan.baidu.com/api/quota 
2019-04-16 20:17:50 [WARN] account error (-1): http请求错误 0x6
2019-04-16 20:18:18 [WARN] request error (0x100000006): https://pan.baidu.com/api/quota 
2019-04-16 20:18:43 [WARN] request error (0x100000006): https://pan.baidu.com/api/quota 
2019-04-16 20:18:51 [WARN] account error (-1): http请求错误 0x6
2019-04-16 20:19:08 [WARN] request error (0x100000006): https://pan.baidu.com/api/quota 
2019-04-16 20:19:33 [WARN] request error (0x100000006): https://pan.baidu.com/api/quota 
2019-04-16 20:19:52 [WARN] account error (-1): http请求错误 0x6
2019-04-16 20:20:05 [WARN] request error (0x100000006): https://pan.baidu.com/api/quota 
2019-04-16 20:20:30 [WARN] request error (0x100000006): https://pan.baidu.com/api/quota 
2019-04-16 20:20:53 [WARN] account error (-1): http请求错误 0x6
2019-04-16 20:20:56 [WARN] request error (0x100000006): https://pan.baidu.com/api/quota 
2019-04-16 20:21:21 [WARN] request error (0x100000006): https://pan.baidu.com/api/quota 
2019-04-16 20:21:53 [WARN] request error (0x100000006): https://pan.baidu.com/api/quota 
2019-04-16 20:21:54 [WARN] account error (-1): http请求错误 0x6
2019-04-16 20:22:19 [WARN] request error (0x100000006): https://pan.baidu.com/api/quota 
2019-04-16 20:22:43 [WARN] request error (0x100000006): https://pan.baidu.com/api/quota 
2019-04-16 20:22:55 [WARN] account error (-1): http请求错误 0x6
2019-04-16 20:23:08 [WARN] request error (0x100000006): https://pan.baidu.com/api/quota 
2019-04-16 20:23:40 [WARN] request error (0x100000006): https://pan.baidu.com/api/quota 
2019-04-16 20:23:56 [WARN] account error (-1): http请求错误 0x6
2019-04-16 20:24:05 [WARN] request error (0x100000006): https://pan.baidu.com/api/quota 
2019-04-16 20:24:30 [WARN] request error (0x100000006): https://pan.baidu.com/api/quota 
2019-04-16 20:24:55 [WARN] request error (0x100000006): https://pan.baidu.com/api/quota 
2019-04-16 20:24:57 [WARN] account error (-1): http请求错误 0x6
2019-04-16 20:25:28 [WARN] request error (0x100000006): https://pan.baidu.com/api/quota 
2019-04-16 20:25:53 [WARN] request error (0x100000006): https://pan.baidu.com/api/quota 
2019-04-16 20:25:58 [WARN] account error (-1): http请求错误 0x6
2019-04-16 20:26:18 [WARN] request error (0x100000006): https://pan.baidu.com/api/quota 
2019-04-16 20:26:43 [WARN] request error (0x100000006): https://pan.baidu.com/api/quota 
2019-04-16 20:26:59 [WARN] account error (-1): http请求错误 0x6
2019-04-16 20:27:15 [WARN] request error (0x100000006): https://pan.baidu.com/api/quota 
2019-04-16 20:27:40 [WARN] request error (0x100000006): https://pan.baidu.com/api/quota 
2019-04-16 20:28:00 [WARN] account error (-1): http请求错误 0x6
2019-04-16 20:28:05 [WARN] request error (0x100000006): https://pan.baidu.com/api/quota 
2019-04-16 20:28:30 [WARN] request error (0x100000006): https://pan.baidu.com/api/quota 
2019-04-16 20:29:01 [WARN] account error (-1): http请求错误 0x6
2019-04-16 20:29:03 [WARN] request error (0x100000006): https://pan.baidu.com/api/quota 
2019-04-16 20:29:28 [WARN] request error (0x100000006): https://pan.baidu.com/api/quota 
2019-04-16 20:29:53 [WARN] request error (0x100000006): https://pan.baidu.com/api/quota 
2019-04-16 20:30:02 [WARN] account error (-1): http请求错误 0x6
2019-04-16 20:30:18 [WARN] request error (0x100000006): https://pan.baidu.com/api/quota 
2019-04-16 20:30:50 [WARN] request error (0x100000006): https://pan.baidu.com/api/quota 
2019-04-16 20:31:03 [WARN] account error (-1): http请求错误 0x6
2019-04-16 20:31:16 [WARN] request error (0x100000006): https://pan.baidu.com/api/quota 
2019-04-16 20:31:41 [WARN] request error (0x100000006): https://pan.baidu.com/api/quota 
2019-04-16 20:32:04 [WARN] account error (-1): http请求错误 0x6
2019-04-16 20:32:06 [WARN] request error (0x100000006): https://pan.baidu.com/api/quota 
2019-04-16 20:32:38 [WARN] request error (0x100000006): https://pan.baidu.com/api/quota 
2019-04-16 20:33:03 [WARN] request error (0x100000006): https://pan.baidu.com/api/quota 
2019-04-16 20:33:05 [WARN] account error (-1): http请求错误 0x6
2019-04-16 20:33:28 [WARN] request error (0x100000006): https://pan.baidu.com/api/quota 
2019-04-16 20:33:54 [WARN] request error (0x100000006): https://pan.baidu.com/api/quota 
2019-04-16 20:34:06 [WARN] account error (-1): http请求错误 0x6
2019-04-16 20:34:26 [WARN] request error (0x100000006): https://pan.baidu.com/api/quota 
2019-04-16 20:34:52 [WARN] request error (0x100000006): https://pan.baidu.com/api/quota 
2019-04-16 20:35:07 [WARN] account error (-1): http请求错误 0x6
2019-04-16 20:35:16 [WARN] request error (0x100000006): https://pan.baidu.com/api/quota 
2019-04-16 20:35:41 [WARN] request error (0x100000006): https://pan.baidu.com/api/quota 
2019-04-16 20:36:08 [WARN] account error (-1): http请求错误 0x6
2019-04-16 20:36:14 [WARN] request error (0x100000006): https://pan.baidu.com/api/quota 
2019-04-16 20:36:39 [WARN] request error (0x100000006): https://pan.baidu.com/api/quota 
2019-04-16 20:37:04 [WARN] request error (0x100000006): https://pan.baidu.com/api/quota 
2019-04-16 20:37:09 [WARN] account error (-1): http请求错误 0x6
2019-04-16 20:37:29 [WARN] request error (0x100000006): https://pan.baidu.com/api/quota 
2019-04-16 20:38:02 [WARN] request error (0x100000006): https://pan.baidu.com/api/quota 
2019-04-16 20:38:10 [WARN] account error (-1): http请求错误 0x6
2019-04-16 20:38:27 [WARN] request error (0x100000006): https://pan.baidu.com/api/quota 
2019-04-16 20:38:52 [WARN] request error (0x100000006): https://pan.baidu.com/api/quota 
2019-04-16 20:39:11 [WARN] account error (-1): http请求错误 0x6
2019-04-16 20:39:18 [WARN] request error (0x100000006): https://pan.baidu.com/api/quota 
2019-04-16 20:39:50 [WARN] request error (0x100000006): https://pan.baidu.com/api/quota 
2019-04-16 20:40:12 [WARN] account error (-1): http请求错误 0x6
2019-04-16 20:40:15 [WARN] request error (0x100000006): https://pan.baidu.com/api/quota 
2019-04-16 20:40:40 [WARN] request error (0x100000006): https://pan.baidu.com/api/quota 
2019-04-16 20:41:05 [WARN] request error (0x100000006): https://pan.baidu.com/api/quota 
2019-04-16 20:41:13 [WARN] account error (-1): http请求错误 0x6
2019-04-16 20:41:37 [WARN] request error (0x100000006): https://pan.baidu.com/api/quota 
2019-04-16 20:42:03 [WARN] request error (0x100000006): https://pan.baidu.com/api/quota 
2019-04-16 20:42:14 [WARN] account error (-1): http请求错误 0x6
2019-04-16 20:42:28 [WARN] request error (0x100000006): https://pan.baidu.com/api/quota 
2019-04-16 20:42:53 [WARN] request error (0x100000006): https://pan.baidu.com/api/quota 
2019-04-16 20:43:15 [WARN] account error (-1): http请求错误 0x6
2019-04-16 20:43:25 [WARN] request error (0x100000006): https://pan.baidu.com/api/quota 
2019-04-16 20:43:50 [WARN] request error (0x100000006): https://pan.baidu.com/api/quota 
2019-04-16 20:44:15 [WARN] request error (0x100000006): https://pan.baidu.com/api/quota 
2019-04-16 20:44:16 [WARN] account error (-1): http请求错误 0x6
2019-04-16 20:44:41 [WARN] request error (0x100000006): https://pan.baidu.com/api/quota 
2019-04-16 20:45:12 [WARN] request error (0x100000006): https://pan.baidu.com/api/quota 
2019-04-16 20:45:17 [WARN] account error (-1): http请求错误 0x6
2019-04-16 20:45:37 [WARN] request error (0x100000006): https://pan.baidu.com/api/quota 
2019-04-16 20:46:02 [WARN] request error (0x100000006): https://pan.baidu.com/api/quota 
2019-04-16 20:46:18 [WARN] account error (-1): http请求错误 0x6
2019-04-16 20:46:27 [WARN] request error (0x100000006): https://pan.baidu.com/api/quota 
2019-04-16 20:46:59 [WARN] request error (0x100000006): https://pan.baidu.com/api/quota 
2019-04-16 20:47:19 [WARN] account error (-1): http请求错误 0x6
2019-04-16 20:47:24 [WARN] request error (0x100000006): https://pan.baidu.com/api/quota 
2019-04-16 20:47:49 [WARN] request error (0x100000006): https://pan.baidu.com/api/quota 
2019-04-16 20:48:14 [WARN] request error (0x100000006): https://pan.baidu.com/api/quota 
2019-04-16 20:48:20 [WARN] account error (-1): http请求错误 0x6
2019-04-16 20:48:47 [WARN] request error (0x100000006): https://pan.baidu.com/api/quota 
2019-04-16 20:49:12 [WARN] request error (0x100000006): https://pan.baidu.com/api/quota 
2019-04-16 20:49:21 [WARN] account error (-1): http请求错误 0x6
2019-04-16 20:49:37 [WARN] request error (0x100000006): https://pan.baidu.com/api/quota 
2019-04-16 20:50:02 [WARN] request error (0x100000006): https://pan.baidu.com/api/quota 
2019-04-16 20:50:22 [WARN] account error (-1): http请求错误 0x6
2019-04-16 20:50:35 [WARN] request error (0x100000006): https://pan.baidu.com/api/quota 
2019-04-16 20:51:00 [WARN] request error (0x100000006): https://pan.baidu.com/api/quota 
2019-04-16 20:51:23 [WARN] account error (-1): http请求错误 0x6
2019-04-16 20:51:25 [WARN] request error (0x100000006): https://pan.baidu.com/api/quota 
2019-04-16 20:51:50 [WARN] request error (0x100000006): https://pan.baidu.com/api/quota 
2019-04-16 20:52:23 [WARN] request error (0x100000006): https://pan.baidu.com/api/quota 
2019-04-16 20:52:24 [WARN] account error (-1): http请求错误 0x6
2019-04-16 20:52:48 [WARN] request error (0x100000006): https://pan.baidu.com/api/quota 
2019-04-16 20:53:13 [WARN] request error (0x100000006): https://pan.baidu.com/api/quota 
2019-04-16 20:53:25 [WARN] account error (-1): http请求错误 0x6
2019-04-16 20:53:38 [WARN] request error (0x100000006): https://pan.baidu.com/api/quota 
2019-04-16 20:54:11 [WARN] request error (0x100000006): https://pan.baidu.com/api/quota 
2019-04-16 20:54:26 [WARN] account error (-1): http请求错误 0x6
2019-04-16 20:54:35 [WARN] request error (0x100000006): https://pan.baidu.com/api/quota 
2019-04-16 20:55:00 [WARN] request error (0x100000006): https://pan.baidu.com/api/quota 
2019-04-16 20:55:26 [WARN] request error (0x100000006): https://pan.baidu.com/api/quota 
2019-04-16 20:55:27 [WARN] account error (-1): http请求错误 0x6
2019-04-16 20:55:58 [WARN] request error (0x100000006): https://pan.baidu.com/api/quota 
2019-04-16 20:56:23 [WARN] request error (0x100000006): https://pan.baidu.com/api/quota 
2019-04-16 20:56:28 [WARN] account error (-1): http请求错误 0x6
2019-04-16 20:56:48 [WARN] request error (0x100000006): https://pan.baidu.com/api/quota 
2019-04-16 20:57:13 [WARN] request error (0x100000006): https://pan.baidu.com/api/quota 
2019-04-16 20:57:29 [WARN] account error (-1): http请求错误 0x6
2019-04-16 20:57:46 [WARN] request error (0x100000006): https://pan.baidu.com/api/quota 
2019-04-16 20:58:11 [WARN] request error (0x100000006): https://pan.baidu.com/api/quota 
2019-04-16 20:58:30 [WARN] account error (-1): http请求错误 0x6
2019-04-16 20:58:36 [WARN] request error (0x100000006): https://pan.baidu.com/api/quota 
2019-04-16 20:59:01 [WARN] request error (0x100000006): https://pan.baidu.com/api/quota 
2019-04-16 20:59:31 [WARN] account error (-1): http请求错误 0x6
2019-04-16 20:59:33 [WARN] request error (0x100000006): https://pan.baidu.com/api/quota 
2019-04-16 20:59:58 [WARN] request error (0x100000006): https://pan.baidu.com/api/quota 
2019-04-16 21:00:23 [WARN] request error (0x100000006): https://pan.baidu.com/api/quota 
2019-04-16 21:00:32 [WARN] account error (-1): http请求错误 0x6
2019-04-16 21:00:48 [WARN] request error (0x100000006): https://pan.baidu.com/api/quota 
2019-04-16 21:01:21 [WARN] request error (0x100000006): https://pan.baidu.com/api/quota 
2019-04-16 21:01:33 [WARN] account error (-1): http请求错误 0x6
2019-04-16 21:01:46 [WARN] request error (0x100000006): https://pan.baidu.com/api/quota 
2019-04-16 21:02:11 [WARN] request error (0x100000006): https://pan.baidu.com/api/quota 
2019-04-16 21:02:34 [WARN] account error (-1): http请求错误 0x6
2019-04-16 21:02:36 [WARN] request error (0x100000006): https://pan.baidu.com/api/quota 
2019-04-16 21:03:09 [WARN] request error (0x100000006): https://pan.baidu.com/api/quota 
2019-04-16 21:03:34 [WARN] request error (0x100000006): https://pan.baidu.com/api/quota 
2019-04-16 21:03:35 [WARN] account error (-1): http请求错误 0x6
2019-04-16 21:03:59 [WARN] request error (0x100000006): https://pan.baidu.com/api/quota 
2019-04-16 21:04:24 [WARN] request error (0x100000006): https://pan.baidu.com/api/quota 
2019-04-16 21:04:36 [WARN] account error (-1): http请求错误 0x6
2019-04-16 21:04:56 [WARN] request error (0x100000006): https://pan.baidu.com/api/quota 
2019-04-16 21:05:22 [WARN] request error (0x100000006): https://pan.baidu.com/api/quota 
2019-04-16 21:05:37 [WARN] account error (-1): http请求错误 0x6
2019-04-16 21:05:47 [WARN] request error (0x100000006): https://pan.baidu.com/api/quota 
2019-04-16 21:06:12 [WARN] request error (0x100000006): https://pan.baidu.com/api/quota 
2019-04-16 21:06:38 [WARN] account error (-1): http请求错误 0x6
2019-04-16 21:06:44 [WARN] request error (0x100000006): https://pan.baidu.com/api/quota 
2019-04-16 21:07:09 [WARN] request error (0x100000006): https://pan.baidu.com/api/quota 
2019-04-16 21:07:34 [WARN] request error (0x100000006): https://pan.baidu.com/api/quota 
2019-04-16 21:07:39 [WARN] account error (-1): http请求错误 0x6
2019-04-16 21:08:00 [WARN] request error (0x100000006): https://pan.baidu.com/api/quota 
2019-04-16 21:08:32 [WARN] request error (0x100000006): https://pan.baidu.com/api/quota 
2019-04-16 21:08:40 [WARN] account error (-1): http请求错误 0x6
2019-04-16 21:08:57 [WARN] request error (0x100000006): https://pan.baidu.com/api/quota 
2019-04-16 21:09:22 [WARN] request error (0x100000006): https://pan.baidu.com/api/quota 
2019-04-16 21:09:41 [WARN] account error (-1): http请求错误 0x6
2019-04-16 21:09:48 [WARN] request error (0x100000006): https://pan.baidu.com/api/quota 
2019-04-16 21:10:20 [WARN] request error (0x100000006): https://pan.baidu.com/api/quota 
2019-04-16 21:10:42 [WARN] account error (-1): http请求错误 0x6
2019-04-16 21:10:45 [WARN] request error (0x100000006): https://pan.baidu.com/api/quota 
2019-04-16 21:11:10 [WARN] request error (0x100000006): https://pan.baidu.com/api/quota 
2019-04-16 21:11:35 [WARN] request error (0x100000006): https://pan.baidu.com/api/quota 
2019-04-16 21:11:43 [WARN] account error (-1): http请求错误 0x6
2019-04-16 21:12:07 [WARN] request error (0x100000006): https://pan.baidu.com/api/quota 
2019-04-16 21:12:32 [WARN] request error (0x100000006): https://pan.baidu.com/api/quota 
2019-04-16 21:12:44 [WARN] account error (-1): http请求错误 0x6
2019-04-16 21:12:58 [WARN] request error (0x100000006): https://pan.baidu.com/api/quota 
2019-04-16 21:13:23 [WARN] request error (0x100000006): https://pan.baidu.com/api/quota 
2019-04-16 21:13:45 [WARN] account error (-1): http请求错误 0x6
2019-04-16 21:13:55 [WARN] request error (0x100000006): https://pan.baidu.com/api/quota 
2019-04-16 21:14:20 [WARN] request error (0x100000006): https://pan.baidu.com/api/quota 
2019-04-16 21:14:45 [WARN] request error (0x100000006): https://pan.baidu.com/api/quota 
2019-04-16 21:14:46 [WARN] account error (-1): http请求错误 0x6
2019-04-16 21:15:10 [WARN] request error (0x100000006): https://pan.baidu.com/api/quota 
2019-04-16 21:15:42 [WARN] request error (0x100000006): https://pan.baidu.com/api/quota 
2019-04-16 21:15:47 [WARN] account error (-1): http请求错误 0x6
2019-04-16 21:16:07 [WARN] request error (0x100000006): https://pan.baidu.com/api/quota 
2019-04-16 21:16:33 [WARN] request error (0x100000006): https://pan.baidu.com/api/quota 
2019-04-16 21:16:48 [WARN] account error (-1): http请求错误 0x6
2019-04-16 21:16:58 [WARN] request error (0x100000006): https://pan.baidu.com/api/quota 
2019-04-16 21:17:30 [WARN] request error (0x100000006): https://pan.baidu.com/api/quota 
2019-04-16 21:17:49 [WARN] account error (-1): http请求错误 0x6
2019-04-16 21:17:55 [WARN] request error (0x100000006): https://pan.baidu.com/api/quota 
2019-04-16 21:18:20 [WARN] request error (0x100000006): https://pan.baidu.com/api/quota 
2019-04-16 21:18:45 [WARN] request error (0x100000006): https://pan.baidu.com/api/quota 
2019-04-16 21:18:50 [WARN] account error (-1): http请求错误 0x6
2019-04-16 21:19:17 [WARN] request error (0x100000006): https://pan.baidu.com/api/quota 
2019-04-16 21:19:42 [WARN] request error (0x100000006): https://pan.baidu.com/api/quota 
2019-04-16 21:19:51 [WARN] account error (-1): http请求错误 0x6
2019-04-16 21:20:07 [WARN] request error (0x100000006): https://pan.baidu.com/api/quota 
2019-04-16 21:20:32 [WARN] request error (0x100000006): https://pan.baidu.com/api/quota 
2019-04-16 21:20:52 [WARN] account error (-1): http请求错误 0x6
2019-04-16 21:21:04 [WARN] request error (0x100000006): https://pan.baidu.com/api/quota 
2019-04-16 21:21:29 [WARN] request error (0x100000006): https://pan.baidu.com/api/quota 
2019-04-16 21:21:53 [WARN] account error (-1): http请求错误 0x6
2019-04-16 21:21:54 [WARN] request error (0x100000006): https://pan.baidu.com/api/quota 
2019-04-16 21:22:19 [WARN] request error (0x100000006): https://pan.baidu.com/api/quota 
2019-04-16 21:22:51 [WARN] request error (0x100000006): https://pan.baidu.com/api/quota 
2019-04-16 21:22:54 [WARN] account error (-1): http请求错误 0x6
2019-04-16 21:23:16 [WARN] request error (0x100000006): https://pan.baidu.com/api/quota 
2019-04-16 21:23:41 [WARN] request error (0x100000006): https://pan.baidu.com/api/quota 
2019-04-16 21:23:55 [WARN] account error (-1): http请求错误 0x6
2019-04-16 21:24:06 [WARN] request error (0x100000006): https://pan.baidu.com/api/quota 
2019-04-16 21:24:38 [WARN] request error (0x100000006): https://pan.baidu.com/api/quota 
2019-04-16 21:24:56 [WARN] account error (-1): http请求错误 0x6
2019-04-16 21:25:03 [WARN] request error (0x100000006): https://pan.baidu.com/api/quota 
2019-04-16 21:25:28 [WARN] request error (0x100000006): https://pan.baidu.com/api/quota 
2019-04-16 21:25:54 [WARN] request error (0x100000006): https://pan.baidu.com/api/quota 
2019-04-16 21:25:57 [WARN] account error (-1): http请求错误 0x6
2019-04-16 21:26:26 [WARN] request error (0x100000006): https://pan.baidu.com/api/quota 
2019-04-16 21:26:50 [WARN] request error (0x100000006): https://pan.baidu.com/api/quota 
2019-04-16 21:26:58 [WARN] account error (-1): http请求错误 0x6
2019-04-16 21:27:16 [WARN] request error (0x100000006): https://pan.baidu.com/api/quota 
2019-04-16 21:27:40 [WARN] request error (0x100000006): https://pan.baidu.com/api/quota 
2019-04-16 21:27:59 [WARN] account error (-1): http请求错误 0x6
2019-04-16 21:28:13 [WARN] request error (0x100000006): https://pan.baidu.com/api/quota 
2019-04-16 21:28:37 [WARN] request error (0x100000006): https://pan.baidu.com/api/quota 
2019-04-16 21:29:00 [WARN] account error (-1): http请求错误 0x6
2019-04-16 21:29:03 [WARN] request error (0x100000006): https://pan.baidu.com/api/quota 
2019-04-16 21:29:27 [WARN] request error (0x100000006): https://pan.baidu.com/api/quota 
2019-04-16 21:29:59 [WARN] request error (0x100000006): https://pan.baidu.com/api/quota 
2019-04-16 21:30:01 [WARN] account error (-1): http请求错误 0x6
2019-04-16 21:30:24 [WARN] request error (0x100000006): https://pan.baidu.com/api/quota 
2019-04-16 21:30:49 [WARN] request error (0x100000006): https://pan.baidu.com/api/quota 
2019-04-16 21:31:02 [WARN] account error (-1): http请求错误 0x6
2019-04-16 21:31:14 [WARN] request error (0x100000006): https://pan.baidu.com/api/quota 
2019-04-16 21:31:47 [WARN] request error (0x100000006): https://pan.baidu.com/api/quota 
2019-04-16 21:32:03 [WARN] account error (-1): http请求错误 0x6
2019-04-16 21:32:11 [WARN] request error (0x100000006): https://pan.baidu.com/api/quota 
2019-04-16 21:32:36 [WARN] request error (0x100000006): https://pan.baidu.com/api/quota 
2019-04-16 21:33:02 [WARN] request error (0x100000006): https://pan.baidu.com/api/quota 
2019-04-16 21:33:04 [WARN] account error (-1): http请求错误 0x6
2019-04-16 21:33:34 [WARN] request error (0x100000006): https://pan.baidu.com/api/quota 
2019-04-16 21:33:59 [WARN] request error (0x100000006): https://pan.baidu.com/api/quota 
2019-04-16 21:34:05 [WARN] account error (-1): http请求错误 0x6
2019-04-16 21:34:24 [WARN] request error (0x100000006): https://pan.baidu.com/api/quota 
2019-04-16 21:34:49 [WARN] request error (0x100000006): https://pan.baidu.com/api/quota 
2019-04-16 21:35:06 [WARN] account error (-1): http请求错误 0x6
2019-04-16 21:35:22 [WARN] request error (0x100000006): https://pan.baidu.com/api/quota 
2019-04-16 21:35:47 [WARN] request error (0x100000006): https://pan.baidu.com/api/quota 
2019-04-16 21:36:07 [WARN] account error (-1): http请求错误 0x6
2019-04-16 21:36:12 [WARN] request error (0x100000006): https://pan.baidu.com/api/quota 
2019-04-16 21:36:38 [WARN] request error (0x100000006): https://pan.baidu.com/api/quota 
2019-04-16 21:37:08 [WARN] account error (-1): http请求错误 0x6
2019-04-16 21:37:10 [WARN] request error (0x100000006): https://pan.baidu.com/api/quota 
2019-04-16 21:37:36 [WARN] request error (0x100000006): https://pan.baidu.com/api/quota 
2019-04-16 21:38:01 [WARN] request error (0x100000006): https://pan.baidu.com/api/quota 
2019-04-16 21:38:09 [WARN] account error (-1): http请求错误 0x6
2019-04-16 21:38:26 [WARN] request error (0x100000006): https://pan.baidu.com/api/quota 
2019-04-16 21:38:59 [WARN] request error (0x100000006): https://pan.baidu.com/api/quota 
2019-04-16 21:39:10 [WARN] account error (-1): http请求错误 0x6
2019-04-16 21:39:24 [WARN] request error (0x100000006): https://pan.baidu.com/api/quota 
2019-04-16 21:39:49 [WARN] request error (0x100000006): https://pan.baidu.com/api/quota 
2019-04-16 21:40:11 [WARN] account error (-1): http请求错误 0x6
2019-04-16 21:40:14 [WARN] request error (0x100000006): https://pan.baidu.com/api/quota 
2019-04-16 21:40:46 [WARN] request error (0x100000006): https://pan.baidu.com/api/quota 
2019-04-16 21:41:11 [WARN] request error (0x100000006): https://pan.baidu.com/api/quota 
2019-04-16 21:41:12 [WARN] account error (-1): http请求错误 0x6
2019-04-16 21:41:37 [WARN] request error (0x100000006): https://pan.baidu.com/api/quota 
2019-04-16 21:42:02 [WARN] request error (0x100000006): https://pan.baidu.com/api/quota 
2019-04-16 21:42:13 [WARN] account error (-1): http请求错误 0x6
2019-04-16 21:42:34 [WARN] request error (0x100000006): https://pan.baidu.com/api/quota 
2019-04-16 21:43:00 [WARN] request error (0x100000006): https://pan.baidu.com/api/quota 
2019-04-16 21:43:14 [WARN] account error (-1): http请求错误 0x6
2019-04-16 21:43:25 [WARN] request error (0x100000006): https://pan.baidu.com/api/quota 
2019-04-16 21:43:50 [WARN] request error (0x100000006): https://pan.baidu.com/api/quota 
2019-04-16 21:44:15 [WARN] account error (-1): http请求错误 0x6
2019-04-16 21:44:22 [WARN] request error (0x100000006): https://pan.baidu.com/api/quota 
2019-04-16 21:44:47 [WARN] request error (0x100000006): https://pan.baidu.com/api/quota 
2019-04-16 21:45:12 [WARN] request error (0x100000006): https://pan.baidu.com/api/quota 
2019-04-16 21:45:16 [WARN] account error (-1): http请求错误 0x6
2019-04-16 21:45:37 [WARN] request error (0x100000006): https://pan.baidu.com/api/quota 
2019-04-16 21:46:10 [WARN] request error (0x100000006): https://pan.baidu.com/api/quota 
2019-04-16 21:46:17 [WARN] account error (-1): http请求错误 0x6
2019-04-16 21:46:35 [WARN] request error (0x100000006): https://pan.baidu.com/api/quota 
2019-04-16 21:47:00 [WARN] request error (0x100000006): https://pan.baidu.com/api/quota 
2019-04-16 21:47:18 [WARN] account error (-1): http请求错误 0x6
2019-04-16 21:47:25 [WARN] request error (0x100000006): https://pan.baidu.com/api/quota 
2019-04-16 21:47:57 [WARN] request error (0x100000006): https://pan.baidu.com/api/quota 
2019-04-16 21:48:19 [WARN] account error (-1): http请求错误 0x6
2019-04-16 21:48:22 [WARN] request error (0x100000006): https://pan.baidu.com/api/quota 
2019-04-16 21:48:48 [WARN] request error (0x100000006): https://pan.baidu.com/api/quota 
2019-04-16 21:49:12 [WARN] request error (0x100000006): https://pan.baidu.com/api/quota 
2019-04-16 21:49:20 [WARN] account error (-1): http请求错误 0x6
2019-04-16 21:49:44 [WARN] request error (0x100000006): https://pan.baidu.com/api/quota 
2019-04-16 21:50:09 [WARN] request error (0x100000006): https://pan.baidu.com/api/quota 
2019-04-16 21:50:21 [WARN] account error (-1): http请求错误 0x6
2019-04-16 21:50:34 [WARN] request error (0x100000006): https://pan.baidu.com/api/quota 
2019-04-16 21:50:59 [WARN] request error (0x100000006): https://pan.baidu.com/api/quota 
2019-04-16 21:51:22 [WARN] account error (-1): http请求错误 0x6
2019-04-16 21:51:32 [WARN] request error (0x100000006): https://pan.baidu.com/api/quota 
2019-04-16 21:51:56 [WARN] request error (0x100000006): https://pan.baidu.com/api/quota 
2019-04-16 21:52:22 [WARN] request error (0x100000006): https://pan.baidu.com/api/quota 
2019-04-16 21:52:23 [WARN] account error (-1): http请求错误 0x6
2019-04-16 21:52:46 [WARN] request error (0x100000006): https://pan.baidu.com/api/quota 
2019-04-16 21:53:18 [WARN] request error (0x100000006): https://pan.baidu.com/api/quota 
2019-04-16 21:53:24 [WARN] account error (-1): http请求错误 0x6
2019-04-16 21:53:44 [WARN] request error (0x100000006): https://pan.baidu.com/api/quota 
2019-04-16 21:54:09 [WARN] request error (0x100000006): https://pan.baidu.com/api/quota 
2019-04-16 21:54:25 [WARN] account error (-1): http请求错误 0x6
2019-04-16 21:54:34 [WARN] request error (0x100000006): https://pan.baidu.com/api/quota 
2019-04-16 21:55:06 [WARN] request error (0x100000006): https://pan.baidu.com/api/quota 
2019-04-16 21:55:26 [WARN] account error (-1): http请求错误 0x6
2019-04-16 21:55:31 [WARN] request error (0x100000006): https://pan.baidu.com/api/quota 
2019-04-16 21:55:56 [WARN] request error (0x100000006): https://pan.baidu.com/api/quota 
2019-04-16 21:56:22 [WARN] request error (0x100000006): https://pan.baidu.com/api/quota 
2019-04-16 21:56:27 [WARN] account error (-1): http请求错误 0x6
2019-04-16 21:56:54 [WARN] request error (0x100000006): https://pan.baidu.com/api/quota 
2019-04-16 21:57:19 [WARN] request error (0x100000006): https://pan.baidu.com/api/quota 
2019-04-16 21:57:28 [WARN] account error (-1): http请求错误 0x6
2019-04-16 21:57:44 [WARN] request error (0x100000006): https://pan.baidu.com/api/quota 
2019-04-16 21:58:09 [WARN] request error (0x100000006): https://pan.baidu.com/api/quota 
2019-04-16 21:58:29 [WARN] account error (-1): http请求错误 0x6
2019-04-16 21:58:41 [WARN] request error (0x100000006): https://pan.baidu.com/api/quota 
2019-04-16 21:59:06 [WARN] request error (0x100000006): https://pan.baidu.com/api/quota 
2019-04-16 21:59:30 [WARN] account error (-1): http请求错误 0x6
2019-04-16 21:59:31 [WARN] request error (0x100000006): https://pan.baidu.com/api/quota 
2019-04-16 21:59:56 [WARN] request error (0x100000006): https://pan.baidu.com/api/quota 
2019-04-16 22:00:28 [WARN] request error (0x100000006): https://pan.baidu.com/api/quota 
2019-04-16 22:00:31 [WARN] account error (-1): http请求错误 0x6
2019-04-16 22:00:53 [WARN] request error (0x100000006): https://pan.baidu.com/api/quota 
2019-04-16 22:01:18 [WARN] request error (0x100000006): https://pan.baidu.com/api/quota 
2019-04-16 22:01:32 [WARN] account error (-1): http请求错误 0x6
2019-04-16 22:01:43 [WARN] request error (0x100000006): https://pan.baidu.com/api/quota 
2019-04-16 22:02:15 [WARN] request error (0x100000006): https://pan.baidu.com/api/quota 
2019-04-16 22:02:33 [WARN] account error (-1): http请求错误 0x6
2019-04-16 22:02:40 [WARN] request error (0x100000006): https://pan.baidu.com/api/quota 
2019-04-16 22:03:05 [WARN] request error (0x100000006): https://pan.baidu.com/api/quota 
2019-04-16 22:03:30 [WARN] request error (0x100000006): https://pan.baidu.com/api/quota 
2019-04-16 22:03:34 [WARN] account error (-1): http请求错误 0x6
2019-04-16 22:04:03 [WARN] request error (0x100000006): https://pan.baidu.com/api/quota 
2019-04-16 22:04:29 [WARN] request error (0x100000006): https://pan.baidu.com/api/quota 
2019-04-16 22:04:35 [WARN] account error (-1): http请求错误 0x6
2019-04-16 22:04:53 [WARN] request error (0x100000006): https://pan.baidu.com/api/quota 
2019-04-16 22:05:18 [WARN] request error (0x100000006): https://pan.baidu.com/api/quota 
2019-04-16 22:05:36 [WARN] account error (-1): http请求错误 0x6
2019-04-16 22:05:51 [WARN] request error (0x100000006): https://pan.baidu.com/api/quota 
2019-04-16 22:06:16 [WARN] request error (0x100000006): https://pan.baidu.com/api/quota 
2019-04-16 22:06:37 [WARN] account error (-1): http请求错误 0x6
2019-04-16 22:06:41 [WARN] request error (0x100000006): https://pan.baidu.com/api/quota 
2019-04-16 22:07:07 [WARN] request error (0x100000006): https://pan.baidu.com/api/quota 
2019-04-16 22:07:38 [WARN] account error (-1): http请求错误 0x6
2019-04-16 22:07:39 [WARN] request error (0x100000006): https://pan.baidu.com/api/quota 
2019-04-16 22:08:05 [WARN] request error (0x100000006): https://pan.baidu.com/api/quota 
2019-04-16 22:08:29 [WARN] request error (0x100000006): https://pan.baidu.com/api/quota 
2019-04-16 22:08:39 [WARN] account error (-1): http请求错误 0x6
2019-04-16 22:08:54 [WARN] request error (0x100000006): https://pan.baidu.com/api/quota 
2019-04-16 22:09:26 [WARN] request error (0x100000006): https://pan.baidu.com/api/quota 
2019-04-16 22:09:40 [WARN] account error (-1): http请求错误 0x6
2019-04-16 22:09:51 [WARN] request error (0x100000006): https://pan.baidu.com/api/quota 
2019-04-16 22:10:17 [WARN] request error (0x100000006): https://pan.baidu.com/api/quota 
2019-04-16 22:10:41 [WARN] account error (-1): http请求错误 0x6
2019-04-16 22:10:42 [WARN] request error (0x100000006): https://pan.baidu.com/api/quota 
2019-04-16 22:11:14 [WARN] request error (0x100000006): https://pan.baidu.com/api/quota 
2019-04-16 22:11:39 [WARN] request error (0x100000006): https://pan.baidu.com/api/quota 
2019-04-16 22:11:42 [WARN] account error (-1): http请求错误 0x6
2019-04-16 22:12:04 [WARN] request error (0x100000006): https://pan.baidu.com/api/quota 
2019-04-16 22:12:29 [WARN] request error (0x100000006): https://pan.baidu.com/api/quota 
2019-04-16 22:12:43 [WARN] account error (-1): http请求错误 0x6
2019-04-16 22:13:01 [WARN] request error (0x100000006): https://pan.baidu.com/api/quota 
2019-04-16 22:13:27 [WARN] request error (0x100000006): https://pan.baidu.com/api/quota 
2019-04-16 22:13:44 [WARN] account error (-1): http请求错误 0x6
2019-04-16 22:13:52 [WARN] request error (0x100000006): https://pan.baidu.com/api/quota 
2019-04-16 22:14:17 [WARN] request error (0x100000006): https://pan.baidu.com/api/quota 
2019-04-16 22:14:45 [WARN] account error (-1): http请求错误 0x6
2019-04-16 22:14:50 [WARN] request error (0x100000006): https://pan.baidu.com/api/quota 
2019-04-16 22:15:15 [WARN] request error (0x100000006): https://pan.baidu.com/api/quota 
2019-04-16 22:15:39 [WARN] request error (0x100000006): https://pan.baidu.com/api/quota 
2019-04-16 22:15:46 [WARN] account error (-1): http请求错误 0x6
2019-04-16 22:16:05 [WARN] request error (0x100000006): https://pan.baidu.com/api/quota 
2019-04-16 22:16:37 [WARN] request error (0x100000006): https://pan.baidu.com/api/quota 
2019-04-16 22:16:47 [WARN] account error (-1): http请求错误 0x6
2019-04-16 22:17:02 [WARN] request error (0x100000006): https://pan.baidu.com/api/quota 
2019-04-16 22:17:27 [WARN] request error (0x100000006): https://pan.baidu.com/api/quota 
2019-04-16 22:17:48 [WARN] account error (-1): http请求错误 0x6
2019-04-16 22:17:52 [WARN] request error (0x100000006): https://pan.baidu.com/api/quota 
2019-04-16 22:18:24 [WARN] request error (0x100000006): https://pan.baidu.com/api/quota 
2019-04-16 22:18:49 [WARN] account error (-1): http请求错误 0x6
2019-04-16 22:18:49 [WARN] request error (0x100000006): https://pan.baidu.com/api/quota 
2019-04-16 22:19:14 [WARN] request error (0x100000006): https://pan.baidu.com/api/quota 
2019-04-16 22:19:40 [WARN] request error (0x100000006): https://pan.baidu.com/api/quota 
2019-04-16 22:19:50 [WARN] account error (-1): http请求错误 0x6
2019-04-16 22:20:12 [WARN] request error (0x100000006): https://pan.baidu.com/api/quota 
2019-04-16 22:20:38 [WARN] request error (0x100000006): https://pan.baidu.com/api/quota 
2019-04-16 22:20:51 [WARN] account error (-1): http请求错误 0x6
2019-04-16 22:21:03 [WARN] request error (0x100000006): https://pan.baidu.com/api/quota 
2019-04-16 22:21:28 [WARN] request error (0x100000006): https://pan.baidu.com/api/quota 
2019-04-16 22:21:52 [WARN] account error (-1): http请求错误 0x6
2019-04-16 22:22:00 [WARN] request error (0x100000006): https://pan.baidu.com/api/quota 
2019-04-16 22:22:25 [WARN] request error (0x100000006): https://pan.baidu.com/api/quota 
2019-04-16 22:22:50 [WARN] request error (0x100000006): https://pan.baidu.com/api/quota 
2019-04-16 22:22:53 [WARN] account error (-1): http请求错误 0x6
2019-04-16 22:23:15 [WARN] request error (0x100000006): https://pan.baidu.com/api/quota 
2019-04-16 22:23:47 [WARN] request error (0x100000006): https://pan.baidu.com/api/quota 
2019-04-16 22:23:54 [WARN] account error (-1): http请求错误 0x6
2019-04-16 22:24:13 [WARN] request error (0x100000006): https://pan.baidu.com/api/quota 
2019-04-16 22:24:38 [WARN] request error (0x100000006): https://pan.baidu.com/api/quota 
2019-04-16 22:24:55 [WARN] account error (-1): http请求错误 0x6
2019-04-16 22:25:03 [WARN] request error (0x100000006): https://pan.baidu.com/api/quota 
2019-04-16 22:25:35 [WARN] request error (0x100000006): https://pan.baidu.com/api/quota 
2019-04-16 22:25:56 [WARN] account error (-1): http请求错误 0x6
2019-04-16 22:26:01 [WARN] request error (0x100000006): https://pan.baidu.com/api/quota 
2019-04-16 22:26:25 [WARN] request error (0x100000006): https://pan.baidu.com/api/quota 
2019-04-16 22:26:50 [WARN] request error (0x100000006): https://pan.baidu.com/api/quota 
2019-04-16 22:26:57 [WARN] account error (-1): http请求错误 0x6
2019-04-16 22:27:23 [WARN] request error (0x100000006): https://pan.baidu.com/api/quota 
2019-04-16 22:27:48 [WARN] request error (0x100000006): https://pan.baidu.com/api/quota 
2019-04-16 22:27:58 [WARN] account error (-1): http请求错误 0x6
2019-04-16 22:28:13 [WARN] request error (0x100000006): https://pan.baidu.com/api/quota 
2019-04-16 22:28:38 [WARN] request error (0x100000006): https://pan.baidu.com/api/quota 
2019-04-16 22:28:59 [WARN] account error (-1): http请求错误 0x6
2019-04-16 22:29:10 [WARN] request error (0x100000006): https://pan.baidu.com/api/quota 
2019-04-16 22:29:36 [WARN] request error (0x100000006): https://pan.baidu.com/api/quota 
2019-04-16 22:30:00 [WARN] account error (-1): http请求错误 0x6
2019-04-16 22:30:01 [WARN] request error (0x100000006): https://pan.baidu.com/api/quota 
2019-04-16 22:30:26 [WARN] request error (0x100000006): https://pan.baidu.com/api/quota 
2019-04-16 22:30:58 [WARN] request error (0x100000006): https://pan.baidu.com/api/quota 
2019-04-16 22:31:01 [WARN] account error (-1): http请求错误 0x6
2019-04-16 22:31:23 [WARN] request error (0x100000006): https://pan.baidu.com/api/quota 
2019-04-16 22:31:49 [WARN] request error (0x100000006): https://pan.baidu.com/api/quota 
2019-04-16 22:32:02 [WARN] account error (-1): http请求错误 0x6
2019-04-16 22:32:14 [WARN] request error (0x100000006): https://pan.baidu.com/api/quota 
2019-04-16 22:32:46 [WARN] request error (0x100000006): https://pan.baidu.com/api/quota 
2019-04-16 22:33:03 [WARN] account error (-1): http请求错误 0x6
2019-04-16 22:33:11 [WARN] request error (0x100000006): https://pan.baidu.com/api/quota 
2019-04-16 22:33:37 [WARN] request error (0x100000006): https://pan.baidu.com/api/quota 
2019-04-16 22:34:02 [WARN] request error (0x100000006): https://pan.baidu.com/api/quota 
2019-04-16 22:34:04 [WARN] account error (-1): http请求错误 0x6
2019-04-16 22:34:34 [WARN] request error (0x100000006): https://pan.baidu.com/api/quota 
2019-04-16 22:34:59 [WARN] request error (0x100000006): https://pan.baidu.com/api/quota 
2019-04-16 22:35:05 [WARN] account error (-1): http请求错误 0x6
2019-04-16 22:35:24 [WARN] request error (0x100000006): https://pan.baidu.com/api/quota 
2019-04-16 22:35:49 [WARN] request error (0x100000006): https://pan.baidu.com/api/quota 
2019-04-16 22:36:06 [WARN] account error (-1): http请求错误 0x6
2019-04-16 22:36:21 [WARN] request error (0x100000006): https://pan.baidu.com/api/quota 
2019-04-16 22:36:46 [WARN] request error (0x100000006): https://pan.baidu.com/api/quota 
2019-04-16 22:37:07 [WARN] account error (-1): http请求错误 0x6
2019-04-16 22:37:12 [WARN] request error (0x100000006): https://pan.baidu.com/api/quota 
2019-04-16 22:37:37 [WARN] request error (0x100000006): https://pan.baidu.com/api/quota 
2019-04-16 22:38:08 [WARN] account error (-1): http请求错误 0x6
2019-04-16 22:38:09 [WARN] request error (0x100000006): https://pan.baidu.com/api/quota 
2019-04-16 22:38:35 [WARN] request error (0x100000006): https://pan.baidu.com/api/quota 
2019-04-16 22:39:00 [WARN] request error (0x100000006): https://pan.baidu.com/api/quota 
2019-04-16 22:39:09 [WARN] account error (-1): http请求错误 0x6
2019-04-16 22:39:25 [WARN] request error (0x100000006): https://pan.baidu.com/api/quota 
2019-04-16 22:39:57 [WARN] request error (0x100000006): https://pan.baidu.com/api/quota 
2019-04-16 22:40:10 [WARN] account error (-1): http请求错误 0x6
2019-04-16 22:40:22 [WARN] request error (0x100000006): https://pan.baidu.com/api/quota 
2019-04-16 22:40:47 [WARN] request error (0x100000006): https://pan.baidu.com/api/quota 
2019-04-16 22:41:11 [WARN] account error (-1): http请求错误 0x6
2019-04-16 22:41:12 [WARN] request error (0x100000006): https://pan.baidu.com/api/quota 
2019-04-16 22:41:45 [WARN] request error (0x100000006): https://pan.baidu.com/api/quota 
2019-04-16 22:42:10 [WARN] request error (0x100000006): https://pan.baidu.com/api/quota 
2019-04-16 22:42:12 [WARN] account error (-1): http请求错误 0x6
2019-04-16 22:42:35 [WARN] request error (0x100000006): https://pan.baidu.com/api/quota 
2019-04-16 22:43:00 [WARN] request error (0x100000006): https://pan.baidu.com/api/quota 
2019-04-16 22:43:13 [WARN] account error (-1): http请求错误 0x6
2019-04-16 22:43:32 [WARN] request error (0x100000006): https://pan.baidu.com/api/quota 
2019-04-16 22:43:58 [WARN] request error (0x100000006): https://pan.baidu.com/api/quota 
2019-04-16 22:44:14 [WARN] account error (-1): http请求错误 0x6
2019-04-16 22:44:23 [WARN] request error (0x100000006): https://pan.baidu.com/api/quota 
2019-04-16 22:44:48 [WARN] request error (0x100000006): https://pan.baidu.com/api/quota 
2019-04-16 22:45:15 [WARN] account error (-1): http请求错误 0x6
2019-04-16 22:45:20 [WARN] request error (0x100000006): https://pan.baidu.com/api/quota 
2019-04-16 22:45:45 [WARN] request error (0x100000006): https://pan.baidu.com/api/quota 
2019-04-16 22:46:10 [WARN] request error (0x100000006): https://pan.baidu.com/api/quota 
2019-04-16 22:46:16 [WARN] account error (-1): http请求错误 0x6
2019-04-16 22:46:35 [WARN] request error (0x100000006): https://pan.baidu.com/api/quota 
2019-04-16 22:47:08 [WARN] request error (0x100000006): https://pan.baidu.com/api/quota 
2019-04-16 22:47:17 [WARN] account error (-1): http请求错误 0x6
2019-04-16 22:47:33 [WARN] request error (0x100000006): https://pan.baidu.com/api/quota 
2019-04-16 22:47:58 [WARN] request error (0x100000006): https://pan.baidu.com/api/quota 
2019-04-16 22:48:18 [WARN] account error (-1): http请求错误 0x6
2019-04-16 22:48:24 [WARN] request error (0x100000006): https://pan.baidu.com/api/quota 
2019-04-16 22:48:56 [WARN] request error (0x100000006): https://pan.baidu.com/api/quota 
2019-04-16 22:49:19 [WARN] account error (-1): http请求错误 0x6
2019-04-16 22:49:21 [WARN] request error (0x100000006): https://pan.baidu.com/api/quota 
2019-04-16 22:49:46 [WARN] request error (0x100000006): https://pan.baidu.com/api/quota 
2019-04-16 22:50:11 [WARN] request error (0x100000006): https://pan.baidu.com/api/quota 
2019-04-16 22:50:20 [WARN] account error (-1): http请求错误 0x6
2019-04-16 22:50:43 [WARN] request error (0x100000006): https://pan.baidu.com/api/quota 
2019-04-16 22:51:09 [WARN] request error (0x100000006): https://pan.baidu.com/api/quota 
2019-04-16 22:51:21 [WARN] account error (-1): http请求错误 0x6
2019-04-16 22:51:34 [WARN] request error (0x100000006): https://pan.baidu.com/api/quota 
2019-04-16 22:51:59 [WARN] request error (0x100000006): https://pan.baidu.com/api/quota 
2019-04-16 22:52:22 [WARN] account error (-1): http请求错误 0x6
2019-04-16 22:52:31 [WARN] request error (0x100000006): https://pan.baidu.com/api/quota 
2019-04-16 22:52:56 [WARN] request error (0x100000006): https://pan.baidu.com/api/quota 
2019-04-16 22:53:21 [WARN] request error (0x100000006): https://pan.baidu.com/api/quota 
2019-04-16 22:53:23 [WARN] account error (-1): http请求错误 0x6
2019-04-16 22:53:46 [WARN] request error (0x100000006): https://pan.baidu.com/api/quota 
2019-04-16 22:54:19 [WARN] request error (0x100000006): https://pan.baidu.com/api/quota 
2019-04-16 22:54:24 [WARN] account error (-1): http请求错误 0x6
2019-04-16 22:54:43 [WARN] request error (0x100000006): https://pan.baidu.com/api/quota 
2019-04-16 22:55:08 [WARN] request error (0x100000006): https://pan.baidu.com/api/quota 
2019-04-16 22:55:25 [WARN] account error (-1): http请求错误 0x6
2019-04-16 22:55:33 [WARN] request error (0x100000006): https://pan.baidu.com/api/quota 
2019-04-16 22:56:05 [WARN] request error (0x100000006): https://pan.baidu.com/api/quota 
2019-04-16 22:56:26 [WARN] account error (-1): http请求错误 0x6
2019-04-16 22:56:31 [WARN] request error (0x100000006): https://pan.baidu.com/api/quota 
2019-04-16 22:56:56 [WARN] request error (0x100000006): https://pan.baidu.com/api/quota 
2019-04-16 22:57:21 [WARN] request error (0x100000006): https://pan.baidu.com/api/quota 
2019-04-16 22:57:27 [WARN] account error (-1): http请求错误 0x6
2019-04-16 22:57:53 [WARN] request error (0x100000006): https://pan.baidu.com/api/quota 
2019-04-16 22:58:19 [WARN] request error (0x100000006): https://pan.baidu.com/api/quota 
2019-04-16 22:58:28 [WARN] account error (-1): http请求错误 0x6
2019-04-16 22:58:43 [WARN] request error (0x100000006): https://pan.baidu.com/api/quota 
2019-04-16 22:59:09 [WARN] request error (0x100000006): https://pan.baidu.com/api/quota 
2019-04-16 22:59:29 [WARN] account error (-1): http请求错误 0x6
2019-04-16 22:59:41 [WARN] request error (0x100000006): https://pan.baidu.com/api/quota 
2019-04-16 23:00:06 [WARN] request error (0x100000006): https://pan.baidu.com/api/quota 
2019-04-16 23:00:30 [WARN] account error (-1): http请求错误 0x6
2019-04-16 23:00:31 [WARN] request error (0x100000006): https://pan.baidu.com/api/quota 
2019-04-16 23:00:57 [WARN] request error (0x100000006): https://pan.baidu.com/api/quota 
2019-04-16 23:01:29 [WARN] request error (0x100000006): https://pan.baidu.com/api/quota 
2019-04-16 23:01:31 [WARN] account error (-1): http请求错误 0x6
2019-04-16 23:01:54 [WARN] request error (0x100000006): https://pan.baidu.com/api/quota 
2019-04-16 23:02:19 [WARN] request error (0x100000006): https://pan.baidu.com/api/quota 
2019-04-16 23:02:32 [WARN] account error (-1): http请求错误 0x6
2019-04-16 23:02:44 [WARN] request error (0x100000006): https://pan.baidu.com/api/quota 
2019-04-16 23:03:16 [WARN] request error (0x100000006): https://pan.baidu.com/api/quota 
2019-04-16 23:03:33 [WARN] account error (-1): http请求错误 0x6
2019-04-16 23:03:41 [WARN] request error (0x100000006): https://pan.baidu.com/api/quota 
2019-04-16 23:04:06 [WARN] request error (0x100000006): https://pan.baidu.com/api/quota 
2019-04-16 23:04:31 [WARN] request error (0x100000006): https://pan.baidu.com/api/quota 
2019-04-16 23:04:34 [WARN] account error (-1): http请求错误 0x6
2019-04-16 23:05:03 [WARN] request error (0x100000006): https://pan.baidu.com/api/quota 
2019-04-16 23:05:28 [WARN] request error (0x100000006): https://pan.baidu.com/api/quota 
2019-04-16 23:05:35 [WARN] account error (-1): http请求错误 0x6
2019-04-16 23:05:53 [WARN] request error (0x100000006): https://pan.baidu.com/api/quota 
2019-04-16 23:06:19 [WARN] request error (0x100000006): https://pan.baidu.com/api/quota 
2019-04-16 23:06:36 [WARN] account error (-1): http请求错误 0x6
2019-04-16 23:06:51 [WARN] request error (0x100000006): https://pan.baidu.com/api/quota 
2019-04-16 23:07:16 [WARN] request error (0x100000006): https://pan.baidu.com/api/quota 
2019-04-16 23:07:37 [WARN] account error (-1): http请求错误 0x6
2019-04-16 23:07:41 [WARN] request error (0x100000006): https://pan.baidu.com/api/quota 
2019-04-16 23:08:06 [WARN] request error (0x100000006): https://pan.baidu.com/api/quota 
2019-04-16 23:08:38 [WARN] account error (-1): http请求错误 0x6
2019-04-16 23:08:38 [WARN] request error (0x100000006): https://pan.baidu.com/api/quota 
2019-04-16 23:09:03 [WARN] request error (0x100000006): https://pan.baidu.com/api/quota 
2019-04-16 23:09:28 [WARN] request error (0x100000006): https://pan.baidu.com/api/quota 
2019-04-16 23:09:39 [WARN] account error (-1): http请求错误 0x6
2019-04-16 23:09:53 [WARN] request error (0x100000006): https://pan.baidu.com/api/quota 
2019-04-16 23:10:25 [WARN] request error (0x100000006): https://pan.baidu.com/api/quota 
2019-04-16 23:10:40 [WARN] account error (-1): http请求错误 0x6
2019-04-16 23:10:50 [WARN] request error (0x100000006): https://pan.baidu.com/api/quota 
2019-04-16 23:11:16 [WARN] request error (0x100000006): https://pan.baidu.com/api/quota 
2019-04-16 23:11:41 [WARN] request error (0x100000006): https://pan.baidu.com/api/quota 
2019-04-16 23:11:41 [WARN] account error (-1): http请求错误 0x6
2019-04-16 23:12:13 [WARN] request error (0x100000006): https://pan.baidu.com/api/quota 
2019-04-16 23:12:39 [WARN] request error (0x100000006): https://pan.baidu.com/api/quota 
2019-04-16 23:12:42 [WARN] account error (-1): http请求错误 0x6
2019-04-16 23:13:04 [WARN] request error (0x100000006): https://pan.baidu.com/api/quota 
2019-04-16 23:13:29 [WARN] request error (0x100000006): https://pan.baidu.com/api/quota 
2019-04-16 23:13:43 [WARN] account error (-1): http请求错误 0x6
2019-04-16 23:14:01 [WARN] request error (0x100000006): https://pan.baidu.com/api/quota 
2019-04-16 23:14:27 [WARN] request error (0x100000006): https://pan.baidu.com/api/quota 
2019-04-16 23:14:44 [WARN] account error (-1): http请求错误 0x6
2019-04-16 23:14:52 [WARN] request error (0x100000006): https://pan.baidu.com/api/quota 
2019-04-16 23:15:17 [WARN] request error (0x100000006): https://pan.baidu.com/api/quota 
2019-04-16 23:15:45 [WARN] account error (-1): http请求错误 0x6
2019-04-16 23:15:49 [WARN] request error (0x100000006): https://pan.baidu.com/api/quota 
2019-04-16 23:16:14 [WARN] request error (0x100000006): https://pan.baidu.com/api/quota 
2019-04-16 23:16:39 [WARN] request error (0x100000006): https://pan.baidu.com/api/quota 
2019-04-16 23:16:46 [WARN] account error (-1): http请求错误 0x6
2019-04-16 23:17:04 [WARN] request error (0x100000006): https://pan.baidu.com/api/quota 
2019-04-16 23:17:36 [WARN] request error (0x100000006): https://pan.baidu.com/api/quota 
2019-04-16 23:17:47 [WARN] account error (-1): http请求错误 0x6
2019-04-16 23:18:01 [WARN] request error (0x100000006): https://pan.baidu.com/api/quota 
2019-04-16 23:18:26 [WARN] request error (0x100000006): https://pan.baidu.com/api/quota 
2019-04-16 23:18:48 [WARN] account error (-1): http请求错误 0x6
2019-04-16 23:18:51 [WARN] request error (0x100000006): https://pan.baidu.com/api/quota 
2019-04-16 23:19:24 [WARN] request error (0x100000006): https://pan.baidu.com/api/quota 
2019-04-16 23:19:49 [WARN] account error (-1): http请求错误 0x6
2019-04-16 23:19:49 [WARN] request error (0x100000006): https://pan.baidu.com/api/quota 
2019-04-16 23:20:14 [WARN] request error (0x100000006): https://pan.baidu.com/api/quota 
2019-04-16 23:20:40 [WARN] request error (0x100000006): https://pan.baidu.com/api/quota 
2019-04-16 23:20:50 [WARN] account error (-1): http请求错误 0x6
2019-04-16 23:21:12 [WARN] request error (0x100000006): https://pan.baidu.com/api/quota 
2019-04-16 23:21:37 [WARN] request error (0x100000006): https://pan.baidu.com/api/quota 
2019-04-16 23:21:51 [WARN] account error (-1): http请求错误 0x6
2019-04-16 23:22:02 [WARN] request error (0x100000006): https://pan.baidu.com/api/quota 
2019-04-16 23:22:27 [WARN] request error (0x100000006): https://pan.baidu.com/api/quota 
2019-04-16 23:22:52 [WARN] account error (-1): http请求错误 0x6
2019-04-16 23:22:59 [WARN] request error (0x100000006): https://pan.baidu.com/api/quota 
2019-04-16 23:23:25 [WARN] request error (0x100000006): https://pan.baidu.com/api/quota 
2019-04-16 23:23:50 [WARN] request error (0x100000006): https://pan.baidu.com/api/quota 
2019-04-16 23:23:53 [WARN] account error (-1): http请求错误 0x6
2019-04-16 23:24:15 [WARN] request error (0x100000006): https://pan.baidu.com/api/quota 
2019-04-16 23:24:47 [WARN] request error (0x100000006): https://pan.baidu.com/api/quota 
2019-04-16 23:24:54 [WARN] account error (-1): http请求错误 0x6
2019-04-16 23:25:12 [WARN] request error (0x100000006): https://pan.baidu.com/api/quota 
2019-04-16 23:25:38 [WARN] request error (0x100000006): https://pan.baidu.com/api/quota 
2019-04-16 23:25:55 [WARN] account error (-1): http请求错误 0x6
2019-04-16 23:26:03 [WARN] request error (0x100000006): https://pan.baidu.com/api/quota 
2019-04-16 23:26:35 [WARN] request error (0x100000006): https://pan.baidu.com/api/quota 
2019-04-16 23:26:56 [WARN] account error (-1): http请求错误 0x6
2019-04-16 23:27:00 [WARN] request error (0x100000006): https://pan.baidu.com/api/quota 
2019-04-16 23:27:25 [WARN] request error (0x100000006): https://pan.baidu.com/api/quota 
2019-04-16 23:27:50 [WARN] request error (0x100000006): https://pan.baidu.com/api/quota 
2019-04-16 23:27:57 [WARN] account error (-1): http请求错误 0x6
2019-04-16 23:28:22 [WARN] request error (0x100000006): https://pan.baidu.com/api/quota 
2019-04-16 23:28:47 [WARN] request error (0x100000006): https://pan.baidu.com/api/quota 
2019-04-16 23:28:58 [WARN] account error (-1): http请求错误 0x6
2019-04-16 23:29:12 [WARN] request error (0x100000006): https://pan.baidu.com/api/quota 
2019-04-16 23:29:37 [WARN] request error (0x100000006): https://pan.baidu.com/api/quota 
2019-04-16 23:29:59 [WARN] account error (-1): http请求错误 0x6
2019-04-16 23:30:09 [WARN] request error (0x100000006): https://pan.baidu.com/api/quota 
2019-04-16 23:30:35 [WARN] request error (0x100000006): https://pan.baidu.com/api/quota 
2019-04-16 23:30:59 [WARN] request error (0x100000006): https://pan.baidu.com/api/quota 
2019-04-16 23:31:00 [WARN] account error (-1): http请求错误 0x6
2019-04-16 23:31:24 [WARN] request error (0x100000006): https://pan.baidu.com/api/quota 
2019-04-16 23:31:56 [WARN] request error (0x100000006): https://pan.baidu.com/api/quota 
2019-04-16 23:32:01 [WARN] account error (-1): http请求错误 0x6
2019-04-16 23:32:21 [WARN] request error (0x100000006): https://pan.baidu.com/api/quota 
2019-04-16 23:32:46 [WARN] request error (0x100000006): https://pan.baidu.com/api/quota 
2019-04-16 23:33:02 [WARN] account error (-1): http请求错误 0x6
2019-04-16 23:33:11 [WARN] request error (0x100000006): https://pan.baidu.com/api/quota 
2019-04-16 23:33:43 [WARN] request error (0x100000006): https://pan.baidu.com/api/quota 
2019-04-16 23:34:03 [WARN] account error (-1): http请求错误 0x6
2019-04-16 23:34:08 [WARN] request error (0x100000006): https://pan.baidu.com/api/quota 
2019-04-16 23:34:33 [WARN] request error (0x100000006): https://pan.baidu.com/api/quota 
2019-04-16 23:34:59 [WARN] request error (0x100000006): https://pan.baidu.com/api/quota 
2019-04-16 23:35:04 [WARN] account error (-1): http请求错误 0x6
2019-04-16 23:35:30 [WARN] request error (0x100000006): https://pan.baidu.com/api/quota 
2019-04-16 23:35:55 [WARN] request error (0x100000006): https://pan.baidu.com/api/quota 
2019-04-16 23:36:05 [WARN] account error (-1): http请求错误 0x6
2019-04-16 23:36:20 [WARN] request error (0x100000006): https://pan.baidu.com/api/quota 
2019-04-16 23:36:45 [WARN] request error (0x100000006): https://pan.baidu.com/api/quota 
2019-04-16 23:37:06 [WARN] account error (-1): http请求错误 0x6
2019-04-16 23:37:18 [WARN] request error (0x100000006): https://pan.baidu.com/api/quota 
2019-04-16 23:37:43 [WARN] request error (0x100000006): https://pan.baidu.com/api/quota 
2019-04-16 23:38:07 [WARN] account error (-1): http请求错误 0x6
2019-04-16 23:38:08 [WARN] request error (0x100000006): https://pan.baidu.com/api/quota 
2019-04-16 23:38:34 [WARN] request error (0x100000006): https://pan.baidu.com/api/quota 
2019-04-16 23:39:06 [WARN] request error (0x100000006): https://pan.baidu.com/api/quota 
2019-04-16 23:39:08 [WARN] account error (-1): http请求错误 0x6
2019-04-16 23:39:31 [WARN] request error (0x100000006): https://pan.baidu.com/api/quota 
2019-04-16 23:39:56 [WARN] request error (0x100000006): https://pan.baidu.com/api/quota 
2019-04-16 23:40:09 [WARN] account error (-1): http请求错误 0x6
2019-04-16 23:40:21 [WARN] request error (0x100000006): https://pan.baidu.com/api/quota 
2019-04-16 23:40:53 [WARN] request error (0x100000006): https://pan.baidu.com/api/quota 
2019-04-16 23:41:10 [WARN] account error (-1): http请求错误 0x6
2019-04-16 23:41:19 [WARN] request error (0x100000006): https://pan.baidu.com/api/quota 
2019-04-16 23:41:44 [WARN] request error (0x100000006): https://pan.baidu.com/api/quota 
2019-04-16 23:42:09 [WARN] request error (0x100000006): https://pan.baidu.com/api/quota 
2019-04-16 23:42:11 [WARN] account error (-1): http请求错误 0x6
2019-04-16 23:42:41 [WARN] request error (0x100000006): https://pan.baidu.com/api/quota 
2019-04-16 23:43:06 [WARN] request error (0x100000006): https://pan.baidu.com/api/quota 
2019-04-16 23:43:12 [WARN] account error (-1): http请求错误 0x6
2019-04-16 23:43:31 [WARN] request error (0x100000006): https://pan.baidu.com/api/quota 
2019-04-16 23:43:57 [WARN] request error (0x100000006): https://pan.baidu.com/api/quota 
2019-04-16 23:44:13 [WARN] account error (-1): http请求错误 0x6
2019-04-16 23:44:29 [WARN] request error (0x100000006): https://pan.baidu.com/api/quota 
2019-04-16 23:44:55 [WARN] request error (0x100000006): https://pan.baidu.com/api/quota 
2019-04-16 23:45:14 [WARN] account error (-1): http请求错误 0x6
2019-04-16 23:45:20 [WARN] request error (0x100000006): https://pan.baidu.com/api/quota 
2019-04-16 23:45:45 [WARN] request error (0x100000006): https://pan.baidu.com/api/quota 
2019-04-16 23:46:15 [WARN] account error (-1): http请求错误 0x6
2019-04-16 23:46:17 [WARN] request error (0x100000006): https://pan.baidu.com/api/quota 
2019-04-16 23:46:43 [WARN] request error (0x100000006): https://pan.baidu.com/api/quota 
2019-04-16 23:47:08 [WARN] request error (0x100000006): https://pan.baidu.com/api/quota 
2019-04-16 23:47:16 [WARN] account error (-1): http请求错误 0x6
2019-04-16 23:47:33 [WARN] request error (0x100000006): https://pan.baidu.com/api/quota 
2019-04-16 23:48:05 [WARN] request error (0x100000006): https://pan.baidu.com/api/quota 
2019-04-16 23:48:17 [WARN] account error (-1): http请求错误 0x6
2019-04-16 23:48:31 [WARN] request error (0x100000006): https://pan.baidu.com/api/quota 
2019-04-16 23:48:55 [WARN] request error (0x100000006): https://pan.baidu.com/api/quota 
2019-04-16 23:49:18 [WARN] account error (-1): http请求错误 0x6
2019-04-16 23:49:21 [WARN] request error (0x100000006): https://pan.baidu.com/api/quota 
2019-04-16 23:49:53 [WARN] request error (0x100000006): https://pan.baidu.com/api/quota 
2019-04-16 23:50:18 [WARN] request error (0x100000006): https://pan.baidu.com/api/quota 
2019-04-16 23:50:19 [WARN] account error (-1): http请求错误 0x6
2019-04-16 23:50:44 [WARN] request error (0x100000006): https://pan.baidu.com/api/quota 
2019-04-16 23:51:08 [WARN] request error (0x100000006): https://pan.baidu.com/api/quota 
2019-04-16 23:51:20 [WARN] account error (-1): http请求错误 0x6
2019-04-16 23:51:41 [WARN] request error (0x100000006): https://pan.baidu.com/api/quota 
2019-04-16 23:52:05 [WARN] request error (0x100000006): https://pan.baidu.com/api/quota 
2019-04-16 23:52:21 [WARN] account error (-1): http请求错误 0x6
2019-04-16 23:52:30 [WARN] request error (0x100000006): https://pan.baidu.com/api/quota 
2019-04-16 23:52:56 [WARN] request error (0x100000006): https://pan.baidu.com/api/quota 
2019-04-16 23:53:22 [WARN] account error (-1): http请求错误 0x6
2019-04-16 23:53:28 [WARN] request error (0x100000006): https://pan.baidu.com/api/quota 
2019-04-16 23:53:53 [WARN] request error (0x100000006): https://pan.baidu.com/api/quota 
2019-04-16 23:54:18 [WARN] request error (0x100000006): https://pan.baidu.com/api/quota 
2019-04-16 23:54:23 [WARN] account error (-1): http请求错误 0x6
2019-04-16 23:54:43 [WARN] request error (0x100000006): https://pan.baidu.com/api/quota 
2019-04-16 23:55:16 [WARN] request error (0x100000006): https://pan.baidu.com/api/quota 
2019-04-16 23:55:24 [WARN] account error (-1): http请求错误 0x6
2019-04-16 23:55:41 [WARN] request error (0x100000006): https://pan.baidu.com/api/quota 
2019-04-16 23:56:06 [WARN] request error (0x100000006): https://pan.baidu.com/api/quota 
2019-04-16 23:56:25 [WARN] account error (-1): http请求错误 0x6
2019-04-16 23:56:31 [WARN] request error (0x100000006): https://pan.baidu.com/api/quota 
2019-04-16 23:57:03 [WARN] request error (0x100000006): https://pan.baidu.com/api/quota 
2019-04-16 23:57:26 [WARN] account error (-1): http请求错误 0x6
2019-04-16 23:57:29 [WARN] request error (0x100000006): https://pan.baidu.com/api/quota 
2019-04-16 23:57:54 [WARN] request error (0x100000006): https://pan.baidu.com/api/quota 
2019-04-16 23:58:19 [WARN] request error (0x100000006): https://pan.baidu.com/api/quota 
2019-04-16 23:58:27 [WARN] account error (-1): http请求错误 0x6
2019-04-16 23:58:51 [WARN] request error (0x100000006): https://pan.baidu.com/api/quota 
2019-04-16 23:59:16 [WARN] request error (0x100000006): https://pan.baidu.com/api/quota 
2019-04-16 23:59:28 [WARN] account error (-1): http请求错误 0x6
2019-04-16 23:59:41 [WARN] request error (0x100000006): https://pan.baidu.com/api/quota 
2019-04-17 00:00:07 [WARN] request error (0x100000006): https://pan.baidu.com/api/quota 
2019-04-17 00:00:29 [WARN] account error (-1): http请求错误 0x6
2019-04-17 00:00:39 [WARN] request error (0x100000006): https://pan.baidu.com/api/quota 
2019-04-17 00:01:04 [WARN] request error (0x100000006): https://pan.baidu.com/api/quota 
2019-04-17 00:01:29 [WARN] request error (0x100000006): https://pan.baidu.com/api/quota 
2019-04-17 00:01:30 [WARN] account error (-1): http请求错误 0x6
2019-04-17 00:01:54 [WARN] request error (0x100000006): https://pan.baidu.com/api/quota 
2019-04-17 00:02:26 [WARN] request error (0x100000006): https://pan.baidu.com/api/quota 
2019-04-17 00:02:31 [WARN] account error (-1): http请求错误 0x6
2019-04-17 00:02:51 [WARN] request error (0x100000006): https://pan.baidu.com/api/quota 
2019-04-17 00:03:16 [WARN] request error (0x100000006): https://pan.baidu.com/api/quota 
2019-04-17 00:03:32 [WARN] account error (-1): http请求错误 0x6
2019-04-17 00:03:42 [WARN] request error (0x100000006): https://pan.baidu.com/api/quota 
2019-04-17 00:04:14 [WARN] request error (0x100000006): https://pan.baidu.com/api/quota 
2019-04-17 00:04:33 [WARN] account error (-1): http请求错误 0x6
2019-04-17 00:04:39 [WARN] request error (0x100000006): https://pan.baidu.com/api/quota 
2019-04-17 00:05:04 [WARN] request error (0x100000006): https://pan.baidu.com/api/quota 
2019-04-17 00:05:29 [WARN] request error (0x100000006): https://pan.baidu.com/api/quota 
2019-04-17 00:05:34 [WARN] account error (-1): http请求错误 0x6
2019-04-17 00:06:01 [WARN] request error (0x100000006): https://pan.baidu.com/api/quota 
2019-04-17 00:06:27 [WARN] request error (0x100000006): https://pan.baidu.com/api/quota 
2019-04-17 00:06:35 [WARN] account error (-1): http请求错误 0x6
2019-04-17 00:06:52 [WARN] request error (0x100000006): https://pan.baidu.com/api/quota 
2019-04-17 00:07:17 [WARN] request error (0x100000006): https://pan.baidu.com/api/quota 
2019-04-17 00:07:36 [WARN] account error (-1): http请求错误 0x6
2019-04-17 00:07:49 [WARN] request error (0x100000006): https://pan.baidu.com/api/quota 
2019-04-17 00:08:14 [WARN] request error (0x100000006): https://pan.baidu.com/api/quota 
2019-04-17 00:08:37 [WARN] account error (-1): http请求错误 0x6
2019-04-17 00:08:39 [WARN] request error (0x100000006): https://pan.baidu.com/api/quota 
2019-04-17 00:09:04 [WARN] request error (0x100000006): https://pan.baidu.com/api/quota 
2019-04-17 00:09:36 [WARN] request error (0x100000006): https://pan.baidu.com/api/quota 
2019-04-17 00:09:38 [WARN] account error (-1): http请求错误 0x6
2019-04-17 00:10:01 [WARN] request error (0x100000006): https://pan.baidu.com/api/quota 
2019-04-17 00:10:26 [WARN] request error (0x100000006): https://pan.baidu.com/api/quota 
2019-04-17 00:10:39 [WARN] account error (-1): http请求错误 0x6
2019-04-17 00:10:52 [WARN] request error (0x100000006): https://pan.baidu.com/api/quota 
2019-04-17 00:11:24 [WARN] request error (0x100000006): https://pan.baidu.com/api/quota 
2019-04-17 00:11:40 [WARN] account error (-1): http请求错误 0x6
2019-04-17 00:11:49 [WARN] request error (0x100000006): https://pan.baidu.com/api/quota 
2019-04-17 00:12:14 [WARN] request error (0x100000006): https://pan.baidu.com/api/quota 
2019-04-17 00:18:43 [WARN] request error (0x100000006): https://pan.baidu.com/api/quota 
2019-04-17 00:18:47 [WARN] account error (-1): http请求错误 0x6
2019-04-17 00:19:09 [WARN] request error (0x100000006): https://pan.baidu.com/api/quota 
2019-04-17 00:19:34 [WARN] request error (0x100000006): https://pan.baidu.com/api/quota 
2019-04-17 00:19:48 [WARN] account error (-1): http请求错误 0x6
2019-04-17 00:19:59 [WARN] request error (0x100000006): https://pan.baidu.com/api/quota 
2019-04-17 00:20:31 [WARN] request error (0x100000006): https://pan.baidu.com/api/quota 
2019-04-17 00:20:49 [WARN] account error (-1): http请求错误 0x6
2019-04-17 00:20:56 [WARN] request error (0x100000006): https://pan.baidu.com/api/quota 
2019-04-17 00:21:21 [WARN] request error (0x100000006): https://pan.baidu.com/api/quota 
2019-04-17 00:21:46 [WARN] request error (0x100000006): https://pan.baidu.com/api/quota 
2019-04-17 00:21:50 [WARN] account error (-1): http请求错误 0x6
2019-04-17 00:21:53 [WARN] aria2 websocket connection closed (127.0.0.1:6808), code: 1006 (Abnormal close), reason: 
