2019-03-08 18:56:13 [INFO] pandownload version: 2.0.6 beta
2019-03-08 18:56:18 [WARN] aria2 websocket connection failed, state: 3 (websocketpp.transport:2 - Underlying Transport Error)
	local close code: 1006 (Abnormal close), local close reason: Underlying Transport Error
	remote close code: 1006 (Abnormal close), remote close reason: 
2019-03-08 18:56:19 [WARN] rpc error (0): connecting
2019-03-08 18:56:19 [INFO] aria2 websocket connection opened
2019-03-08 18:56:19 [INFO] aria2 version: 1.34.0
2019-03-08 18:56:19 [INFO] aria2 json-rpc path: http://token:pandownload@127.0.0.1:6808/jsonrpc
2019-03-08 18:56:19 [INFO] create main window
2019-03-08 18:56:19 [INFO] verify cookie (601)
2019-03-08 18:56:21 [INFO] user login success (4052464532): zji739
2019-03-08 19:01:52 [WARN] rpc error (0): timeout
2019-03-08 19:02:21 [WARN] rpc error (0): timeout
2019-03-08 19:06:56 [WARN] request error (0x10000001c): https://pan.baidu.com/api/quota 
2019-03-08 19:07:50 [WARN] request error (0x10000001c): https://pan.baidu.com/api/quota 
2019-03-08 19:08:48 [WARN] script log (默认): [CURL-EASY][OPERATION_TIMEDOUT] Timeout was reached (28)
2019-03-08 19:08:48 [WARN] ID#33 - [CURL-EASY][OPERATION_TIMEDOUT] Timeout was reached (28)(-1) FILE="C:/Users/Administrator/Desktop/Python服务端工程师就业面试指导/5-4 设计模式：结构型模式Python应用面试题.vep" SIZE="50756539"
2019-03-08 19:38:18 [WARN] rpc error (0): timeout
2019-03-08 19:48:53 [WARN] rpc error (0): timeout
2019-03-08 19:48:53 [WARN] ID#1 - timeout(0) FILE="C:/Users/Administrator/Desktop/从基础到实战 手把手带你掌握新版Webpack4.03/3-1 什么是 loader.mp4" SIZE="330715270"
2019-03-08 19:48:58 [WARN] rpc error (0): timeout
2019-03-08 19:48:58 [WARN] rpc error (0): timeout
2019-03-08 20:27:37 [INFO] close main window
2019-03-08 20:27:37 [WARN] aria2 websocket connection closed, code: 1000 (Normal close), reason: aria2 shutdown
2019-03-08 20:27:38 [INFO] websocket client stop
2019-03-08 20:27:38 [INFO] exit
