2019-04-11 20:27:05 [INFO] pandownload version: 2.0.8 beta
2019-04-11 20:27:07 [INFO] aria2 websocket connection opened (127.0.0.1:6808)
2019-04-11 20:27:07 [INFO] aria2 version: 1.34.0
2019-04-11 20:27:07 [INFO] aria2 json-rpc path: http://token:pandownload@127.0.0.1:6808/jsonrpc
2019-04-11 20:27:07 [INFO] create main window
2019-04-11 20:27:07 [INFO] verify cookie (600)
2019-04-11 20:27:11 [INFO] user login success (4052464532): zji739
2019-04-11 20:28:23 [WARN] rpc error (0): timeout
2019-04-11 20:28:37 [WARN] rpc error (0): timeout
2019-04-11 20:30:06 [WARN] rpc error (0): timeout
2019-04-11 20:35:00 [WARN] request error (0x100000006): https://pan.baidu.com/api/quota 
2019-04-11 20:35:16 [WARN] account error (-1): http请求错误 0x6
2019-04-11 20:35:32 [WARN] request error (0x100000006): https://pan.baidu.com/api/quota 
2019-04-11 20:35:57 [WARN] request error (0x100000006): https://pan.baidu.com/api/quota 
2019-04-11 20:36:17 [WARN] account error (-1): http请求错误 0x6
2019-04-11 20:36:22 [WARN] request error (0x100000006): https://pan.baidu.com/api/quota 
2019-04-11 20:36:48 [WARN] request error (0x100000006): https://pan.baidu.com/api/quota 
2019-04-11 20:37:18 [WARN] account error (-1): http请求错误 0x6
2019-04-11 20:37:20 [WARN] request error (0x100000006): https://pan.baidu.com/api/quota 
2019-04-11 20:37:45 [WARN] request error (0x100000006): https://pan.baidu.com/api/quota 
2019-04-11 20:38:10 [WARN] request error (0x100000006): https://pan.baidu.com/api/quota 
2019-04-11 20:38:19 [WARN] account error (-1): http请求错误 0x6
2019-04-11 20:38:35 [WARN] request error (0x100000006): https://pan.baidu.com/api/quota 
2019-04-11 20:39:07 [WARN] request error (0x100000006): https://pan.baidu.com/api/quota 
2019-04-11 20:39:20 [WARN] account error (-1): http请求错误 0x6
2019-04-11 20:39:33 [WARN] request error (0x100000006): https://pan.baidu.com/api/quota 
2019-04-11 20:39:57 [WARN] request error (0x100000006): https://pan.baidu.com/api/quota 
2019-04-11 20:40:21 [WARN] account error (-1): http请求错误 0x6
2019-04-11 20:40:22 [WARN] request error (0x100000006): https://pan.baidu.com/api/quota 
2019-04-11 20:40:55 [WARN] request error (0x100000006): https://pan.baidu.com/api/quota 
2019-04-11 20:41:20 [WARN] request error (0x100000006): https://pan.baidu.com/api/quota 
2019-04-11 20:41:22 [WARN] account error (-1): http请求错误 0x6
2019-04-11 20:41:45 [WARN] request error (0x100000006): https://pan.baidu.com/api/quota 
2019-04-11 20:42:10 [WARN] request error (0x100000006): https://pan.baidu.com/api/quota 
2019-04-11 20:42:23 [WARN] account error (-1): http请求错误 0x6
2019-04-11 20:42:42 [WARN] request error (0x100000006): https://pan.baidu.com/api/quota 
2019-04-11 20:43:07 [WARN] request error (0x100000006): https://pan.baidu.com/api/quota 
2019-04-11 20:43:24 [WARN] account error (-1): http请求错误 0x6
2019-04-11 20:43:32 [WARN] request error (0x100000006): https://pan.baidu.com/api/quota 
2019-04-11 20:43:57 [WARN] request error (0x100000006): https://pan.baidu.com/api/quota 
2019-04-11 20:44:25 [WARN] account error (-1): http请求错误 0x6
2019-04-11 20:44:30 [WARN] request error (0x100000006): https://pan.baidu.com/api/quota 
2019-04-11 20:44:55 [WARN] request error (0x100000006): https://pan.baidu.com/api/quota 
2019-04-11 20:45:21 [WARN] request error (0x100000006): https://pan.baidu.com/api/quota 
2019-04-11 20:45:26 [WARN] account error (-1): http请求错误 0x6
2019-04-11 20:45:46 [WARN] request error (0x100000006): https://pan.baidu.com/api/quota 
2019-04-11 20:46:18 [WARN] request error (0x100000006): https://pan.baidu.com/api/quota 
2019-04-11 20:46:27 [WARN] account error (-1): http请求错误 0x6
2019-04-11 20:46:43 [WARN] request error (0x100000006): https://pan.baidu.com/api/quota 
2019-04-11 20:47:08 [WARN] request error (0x100000006): https://pan.baidu.com/api/quota 
2019-04-11 20:47:28 [WARN] account error (-1): http请求错误 0x6
2019-04-11 20:47:33 [WARN] request error (0x100000006): https://pan.baidu.com/api/quota 
2019-04-11 20:48:05 [WARN] request error (0x100000006): https://pan.baidu.com/api/quota 
2019-04-11 20:48:29 [WARN] account error (-1): http请求错误 0x6
2019-04-11 20:48:30 [WARN] request error (0x100000006): https://pan.baidu.com/api/quota 
2019-04-11 20:48:55 [WARN] request error (0x100000006): https://pan.baidu.com/api/quota 
2019-04-11 20:49:20 [WARN] request error (0x100000006): https://pan.baidu.com/api/quota 
2019-04-11 20:49:30 [WARN] account error (-1): http请求错误 0x6
2019-04-11 20:49:52 [WARN] request error (0x100000006): https://pan.baidu.com/api/quota 
2019-04-11 20:50:18 [WARN] request error (0x100000006): https://pan.baidu.com/api/quota 
2019-04-11 20:50:31 [WARN] account error (-1): http请求错误 0x6
2019-04-11 20:50:42 [WARN] request error (0x100000006): https://pan.baidu.com/api/quota 
2019-04-11 20:51:08 [WARN] request error (0x100000006): https://pan.baidu.com/api/quota 
2019-04-11 20:51:32 [WARN] account error (-1): http请求错误 0x6
2019-04-11 20:51:40 [WARN] request error (0x100000006): https://pan.baidu.com/api/quota 
2019-04-11 20:52:04 [WARN] request error (0x100000006): https://pan.baidu.com/api/quota 
2019-04-11 20:52:29 [WARN] request error (0x100000006): https://pan.baidu.com/api/quota 
2019-04-11 20:52:33 [WARN] account error (-1): http请求错误 0x6
2019-04-11 20:52:55 [WARN] request error (0x100000006): https://pan.baidu.com/api/quota 
2019-04-11 20:53:27 [WARN] request error (0x100000006): https://pan.baidu.com/api/quota 
2019-04-11 20:53:34 [WARN] account error (-1): http请求错误 0x6
2019-04-11 20:53:52 [WARN] request error (0x100000006): https://pan.baidu.com/api/quota 
2019-04-11 20:54:17 [WARN] request error (0x100000006): https://pan.baidu.com/api/quota 
2019-04-11 20:54:35 [WARN] account error (-1): http请求错误 0x6
2019-04-11 20:54:42 [WARN] request error (0x100000006): https://pan.baidu.com/api/quota 
2019-04-11 20:55:14 [WARN] request error (0x100000006): https://pan.baidu.com/api/quota 
2019-04-11 20:55:36 [WARN] account error (-1): http请求错误 0x6
2019-04-11 20:55:39 [WARN] request error (0x100000006): https://pan.baidu.com/api/quota 
2019-04-11 20:56:04 [WARN] request error (0x100000006): https://pan.baidu.com/api/quota 
2019-04-11 20:56:29 [WARN] request error (0x100000006): https://pan.baidu.com/api/quota 
2019-04-11 20:56:37 [WARN] account error (-1): http请求错误 0x6
2019-04-11 20:57:01 [WARN] request error (0x100000006): https://pan.baidu.com/api/quota 
2019-04-11 20:57:26 [WARN] request error (0x100000006): https://pan.baidu.com/api/quota 
2019-04-11 20:57:38 [WARN] account error (-1): http请求错误 0x6
2019-04-11 20:57:51 [WARN] request error (0x100000006): https://pan.baidu.com/api/quota 
2019-04-11 20:58:16 [WARN] request error (0x100000006): https://pan.baidu.com/api/quota 
2019-04-11 20:58:39 [WARN] account error (-1): http请求错误 0x6
2019-04-11 20:58:48 [WARN] request error (0x100000006): https://pan.baidu.com/api/quota 
2019-04-11 20:59:13 [WARN] request error (0x100000006): https://pan.baidu.com/api/quota 
2019-04-11 20:59:38 [WARN] request error (0x100000006): https://pan.baidu.com/api/quota 
2019-04-11 20:59:40 [WARN] account error (-1): http请求错误 0x6
2019-04-11 21:00:03 [WARN] request error (0x100000006): https://pan.baidu.com/api/quota 
2019-04-11 21:00:36 [WARN] request error (0x100000006): https://pan.baidu.com/api/quota 
2019-04-11 21:00:41 [WARN] account error (-1): http请求错误 0x6
2019-04-11 21:01:01 [WARN] request error (0x100000006): https://pan.baidu.com/api/quota 
2019-04-11 21:01:26 [WARN] request error (0x100000006): https://pan.baidu.com/api/quota 
2019-04-11 21:01:42 [WARN] account error (-1): http请求错误 0x6
2019-04-11 21:01:51 [WARN] request error (0x100000006): https://pan.baidu.com/api/quota 
2019-04-11 21:02:24 [WARN] request error (0x100000006): https://pan.baidu.com/api/quota 
2019-04-11 21:02:43 [WARN] account error (-1): http请求错误 0x6
2019-04-11 21:02:49 [WARN] request error (0x100000006): https://pan.baidu.com/api/quota 
2019-04-11 21:03:14 [WARN] request error (0x100000006): https://pan.baidu.com/api/quota 
2019-04-11 21:03:39 [WARN] request error (0x100000006): https://pan.baidu.com/api/quota 
2019-04-11 21:03:44 [WARN] account error (-1): http请求错误 0x6
2019-04-11 21:04:11 [WARN] request error (0x100000006): https://pan.baidu.com/api/quota 
2019-04-11 21:04:36 [WARN] request error (0x100000006): https://pan.baidu.com/api/quota 
2019-04-11 21:04:45 [WARN] account error (-1): http请求错误 0x6
2019-04-11 21:05:01 [WARN] request error (0x100000006): https://pan.baidu.com/api/quota 
2019-04-11 21:05:26 [WARN] request error (0x100000006): https://pan.baidu.com/api/quota 
2019-04-11 21:05:46 [WARN] account error (-1): http请求错误 0x6
2019-04-11 21:05:58 [WARN] request error (0x100000006): https://pan.baidu.com/api/quota 
2019-04-11 21:06:23 [WARN] request error (0x100000006): https://pan.baidu.com/api/quota 
2019-04-11 21:06:47 [WARN] account error (-1): http请求错误 0x6
2019-04-11 21:06:49 [WARN] request error (0x100000006): https://pan.baidu.com/api/quota 
2019-04-11 21:07:13 [WARN] request error (0x100000006): https://pan.baidu.com/api/quota 
2019-04-11 21:07:45 [WARN] request error (0x100000006): https://pan.baidu.com/api/quota 
2019-04-11 21:07:48 [WARN] account error (-1): http请求错误 0x6
2019-04-11 21:08:10 [WARN] request error (0x100000006): https://pan.baidu.com/api/quota 
2019-04-11 21:08:35 [WARN] request error (0x100000006): https://pan.baidu.com/api/quota 
2019-04-11 21:08:49 [WARN] account error (-1): http请求错误 0x6
2019-04-11 21:09:00 [WARN] request error (0x100000006): https://pan.baidu.com/api/quota 
2019-04-11 21:09:33 [WARN] request error (0x100000006): https://pan.baidu.com/api/quota 
2019-04-11 21:09:50 [WARN] account error (-1): http请求错误 0x6
2019-04-11 21:09:58 [WARN] request error (0x100000006): https://pan.baidu.com/api/quota 
2019-04-11 21:10:23 [WARN] request error (0x100000006): https://pan.baidu.com/api/quota 
2019-04-11 21:10:48 [WARN] request error (0x100000006): https://pan.baidu.com/api/quota 
2019-04-11 21:10:51 [WARN] account error (-1): http请求错误 0x6
2019-04-11 21:11:20 [WARN] request error (0x100000006): https://pan.baidu.com/api/quota 
2019-04-11 21:11:45 [WARN] request error (0x100000006): https://pan.baidu.com/api/quota 
2019-04-11 21:11:52 [WARN] account error (-1): http请求错误 0x6
2019-04-11 21:12:11 [WARN] request error (0x100000006): https://pan.baidu.com/api/quota 
2019-04-11 21:12:36 [WARN] request error (0x100000006): https://pan.baidu.com/api/quota 
2019-04-11 21:12:53 [WARN] account error (-1): http请求错误 0x6
2019-04-11 21:13:08 [WARN] request error (0x100000006): https://pan.baidu.com/api/quota 
2019-04-11 21:13:33 [WARN] request error (0x100000006): https://pan.baidu.com/api/quota 
2019-04-11 21:13:54 [WARN] account error (-1): http请求错误 0x6
2019-04-11 21:13:58 [WARN] request error (0x100000006): https://pan.baidu.com/api/quota 
2019-04-11 21:14:23 [WARN] request error (0x100000006): https://pan.baidu.com/api/quota 
2019-04-11 21:14:55 [WARN] account error (-1): http请求错误 0x6
2019-04-11 21:14:55 [WARN] request error (0x100000006): https://pan.baidu.com/api/quota 
2019-04-11 21:15:20 [WARN] request error (0x100000006): https://pan.baidu.com/api/quota 
2019-04-11 21:15:45 [WARN] request error (0x100000006): https://pan.baidu.com/api/quota 
2019-04-11 21:15:56 [WARN] account error (-1): http请求错误 0x6
2019-04-11 21:16:10 [WARN] request error (0x100000006): https://pan.baidu.com/api/quota 
2019-04-11 21:16:43 [WARN] request error (0x100000006): https://pan.baidu.com/api/quota 
2019-04-11 21:16:57 [WARN] account error (-1): http请求错误 0x6
2019-04-11 21:17:08 [WARN] request error (0x100000006): https://pan.baidu.com/api/quota 
2019-04-11 21:17:33 [WARN] request error (0x100000006): https://pan.baidu.com/api/quota 
2019-04-11 21:17:58 [WARN] account error (-1): http请求错误 0x6
2019-04-11 21:17:58 [WARN] request error (0x100000006): https://pan.baidu.com/api/quota 
2019-04-11 21:18:30 [WARN] request error (0x100000006): https://pan.baidu.com/api/quota 
2019-04-11 21:18:56 [WARN] request error (0x100000006): https://pan.baidu.com/api/quota 
2019-04-11 21:18:59 [WARN] account error (-1): http请求错误 0x6
2019-04-11 21:19:20 [WARN] request error (0x100000006): https://pan.baidu.com/api/quota 
2019-04-11 21:19:46 [WARN] request error (0x100000006): https://pan.baidu.com/api/quota 
2019-04-11 21:20:00 [WARN] account error (-1): http请求错误 0x6
2019-04-11 21:20:17 [WARN] request error (0x100000006): https://pan.baidu.com/api/quota 
2019-04-11 21:20:42 [WARN] request error (0x100000006): https://pan.baidu.com/api/quota 
2019-04-11 21:21:01 [WARN] account error (-1): http请求错误 0x6
2019-04-11 21:21:07 [WARN] request error (0x100000006): https://pan.baidu.com/api/quota 
2019-04-11 21:21:32 [WARN] request error (0x100000006): https://pan.baidu.com/api/quota 
2019-04-11 21:22:02 [WARN] account error (-1): http请求错误 0x6
2019-04-11 21:22:04 [WARN] request error (0x100000006): https://pan.baidu.com/api/quota 
2019-04-11 21:22:29 [WARN] request error (0x100000006): https://pan.baidu.com/api/quota 
2019-04-11 21:22:54 [WARN] request error (0x100000006): https://pan.baidu.com/api/quota 
2019-04-11 21:23:03 [WARN] account error (-1): http请求错误 0x6
2019-04-11 21:23:20 [WARN] request error (0x100000006): https://pan.baidu.com/api/quota 
2019-04-11 21:23:52 [WARN] request error (0x100000006): https://pan.baidu.com/api/quota 
2019-04-11 21:24:04 [WARN] account error (-1): http请求错误 0x6
2019-04-11 21:24:17 [WARN] request error (0x100000006): https://pan.baidu.com/api/quota 
2019-04-11 21:24:43 [WARN] request error (0x100000006): https://pan.baidu.com/api/quota 
2019-04-11 21:25:05 [WARN] account error (-1): http请求错误 0x6
2019-04-11 21:25:08 [WARN] request error (0x100000006): https://pan.baidu.com/api/quota 
2019-04-11 21:25:40 [WARN] request error (0x100000006): https://pan.baidu.com/api/quota 
2019-04-11 21:26:05 [WARN] request error (0x100000006): https://pan.baidu.com/api/quota 
2019-04-11 21:26:06 [WARN] account error (-1): http请求错误 0x6
2019-04-11 21:26:30 [WARN] request error (0x100000006): https://pan.baidu.com/api/quota 
2019-04-11 21:26:55 [WARN] request error (0x100000006): https://pan.baidu.com/api/quota 
2019-04-11 21:27:07 [WARN] account error (-1): http请求错误 0x6
2019-04-11 21:27:27 [WARN] request error (0x100000006): https://pan.baidu.com/api/quota 
2019-04-11 21:27:53 [WARN] request error (0x100000006): https://pan.baidu.com/api/quota 
2019-04-11 21:28:08 [WARN] account error (-1): http请求错误 0x6
2019-04-11 21:28:18 [WARN] request error (0x100000006): https://pan.baidu.com/api/quota 
2019-04-11 21:28:43 [WARN] request error (0x100000006): https://pan.baidu.com/api/quota 
2019-04-11 21:29:09 [WARN] account error (-1): http请求错误 0x6
2019-04-11 21:29:15 [WARN] request error (0x100000006): https://pan.baidu.com/api/quota 
2019-04-11 21:29:40 [WARN] request error (0x100000006): https://pan.baidu.com/api/quota 
2019-04-11 21:30:05 [WARN] request error (0x100000006): https://pan.baidu.com/api/quota 
2019-04-11 21:30:10 [WARN] account error (-1): http请求错误 0x6
2019-04-11 21:30:30 [WARN] request error (0x100000006): https://pan.baidu.com/api/quota 
2019-04-11 21:31:03 [WARN] request error (0x100000006): https://pan.baidu.com/api/quota 
2019-04-11 21:31:11 [WARN] account error (-1): http请求错误 0x6
2019-04-11 21:31:28 [WARN] request error (0x100000006): https://pan.baidu.com/api/quota 
2019-04-11 21:31:53 [WARN] request error (0x100000006): https://pan.baidu.com/api/quota 
2019-04-11 21:32:12 [WARN] account error (-1): http请求错误 0x6
2019-04-11 21:32:18 [WARN] request error (0x100000006): https://pan.baidu.com/api/quota 
2019-04-11 21:32:51 [WARN] request error (0x100000006): https://pan.baidu.com/api/quota 
2019-04-11 21:33:13 [WARN] account error (-1): http请求错误 0x6
2019-04-11 21:33:15 [WARN] request error (0x100000006): https://pan.baidu.com/api/quota 
2019-04-11 21:33:41 [WARN] request error (0x100000006): https://pan.baidu.com/api/quota 
2019-04-11 21:34:06 [WARN] request error (0x100000006): https://pan.baidu.com/api/quota 
2019-04-11 21:34:14 [WARN] account error (-1): http请求错误 0x6
2019-04-11 21:34:38 [WARN] request error (0x100000006): https://pan.baidu.com/api/quota 
2019-04-11 21:35:04 [WARN] request error (0x100000006): https://pan.baidu.com/api/quota 
2019-04-11 21:35:15 [WARN] account error (-1): http请求错误 0x6
2019-04-11 21:35:29 [WARN] request error (0x100000006): https://pan.baidu.com/api/quota 
2019-04-11 21:35:54 [WARN] request error (0x100000006): https://pan.baidu.com/api/quota 
2019-04-11 21:36:16 [WARN] account error (-1): http请求错误 0x6
2019-04-11 21:36:26 [WARN] request error (0x100000006): https://pan.baidu.com/api/quota 
2019-04-11 21:36:51 [WARN] request error (0x100000006): https://pan.baidu.com/api/quota 
2019-04-11 21:37:17 [WARN] account error (-1): http请求错误 0x6
2019-04-11 21:37:17 [WARN] request error (0x100000006): https://pan.baidu.com/api/quota 
2019-04-11 21:37:42 [WARN] request error (0x100000006): https://pan.baidu.com/api/quota 
2019-04-11 21:38:14 [WARN] request error (0x100000006): https://pan.baidu.com/api/quota 
2019-04-11 21:38:18 [WARN] account error (-1): http请求错误 0x6
2019-04-11 21:38:40 [WARN] request error (0x100000006): https://pan.baidu.com/api/quota 
2019-04-11 21:39:05 [WARN] request error (0x100000006): https://pan.baidu.com/api/quota 
2019-04-11 21:39:19 [WARN] account error (-1): http请求错误 0x6
2019-04-11 21:39:30 [WARN] request error (0x100000006): https://pan.baidu.com/api/quota 
2019-04-11 21:40:02 [WARN] request error (0x100000006): https://pan.baidu.com/api/quota 
2019-04-11 21:40:20 [WARN] account error (-1): http请求错误 0x6
2019-04-11 21:40:27 [WARN] request error (0x100000006): https://pan.baidu.com/api/quota 
2019-04-11 21:40:52 [WARN] request error (0x100000006): https://pan.baidu.com/api/quota 
2019-04-11 21:41:17 [WARN] request error (0x100000006): https://pan.baidu.com/api/quota 
2019-04-11 21:41:21 [WARN] account error (-1): http请求错误 0x6
2019-04-11 21:41:50 [WARN] request error (0x100000006): https://pan.baidu.com/api/quota 
2019-04-11 21:42:15 [WARN] request error (0x100000006): https://pan.baidu.com/api/quota 
2019-04-11 21:42:22 [WARN] account error (-1): http请求错误 0x6
2019-04-11 21:42:40 [WARN] request error (0x100000006): https://pan.baidu.com/api/quota 
2019-04-11 21:43:05 [WARN] request error (0x100000006): https://pan.baidu.com/api/quota 
2019-04-11 21:43:23 [WARN] account error (-1): http请求错误 0x6
2019-04-11 21:43:38 [WARN] request error (0x100000006): https://pan.baidu.com/api/quota 
2019-04-11 21:44:03 [WARN] request error (0x100000006): https://pan.baidu.com/api/quota 
2019-04-11 21:44:24 [WARN] account error (-1): http请求错误 0x6
2019-04-11 21:44:28 [WARN] request error (0x100000006): https://pan.baidu.com/api/quota 
2019-04-11 21:44:53 [WARN] request error (0x100000006): https://pan.baidu.com/api/quota 
2019-04-11 21:45:25 [WARN] account error (-1): http请求错误 0x6
2019-04-11 21:45:25 [WARN] request error (0x100000006): https://pan.baidu.com/api/quota 
2019-04-11 21:45:50 [WARN] request error (0x100000006): https://pan.baidu.com/api/quota 
2019-04-11 21:46:15 [WARN] request error (0x100000006): https://pan.baidu.com/api/quota 
2019-04-11 21:46:26 [WARN] account error (-1): http请求错误 0x6
2019-04-11 21:46:40 [WARN] request error (0x100000006): https://pan.baidu.com/api/quota 
2019-04-11 21:47:13 [WARN] request error (0x100000006): https://pan.baidu.com/api/quota 
2019-04-11 21:47:27 [WARN] account error (-1): http请求错误 0x6
2019-04-11 21:47:38 [WARN] request error (0x100000006): https://pan.baidu.com/api/quota 
2019-04-11 21:48:03 [WARN] request error (0x100000006): https://pan.baidu.com/api/quota 
2019-04-11 21:48:28 [WARN] account error (-1): http请求错误 0x6
2019-04-11 21:48:28 [WARN] request error (0x100000006): https://pan.baidu.com/api/quota 
2019-04-11 21:49:01 [WARN] request error (0x100000006): https://pan.baidu.com/api/quota 
2019-04-11 21:49:26 [WARN] request error (0x100000006): https://pan.baidu.com/api/quota 
2019-04-11 21:49:29 [WARN] account error (-1): http请求错误 0x6
2019-04-11 21:49:51 [WARN] request error (0x100000006): https://pan.baidu.com/api/quota 
2019-04-11 21:50:16 [WARN] request error (0x100000006): https://pan.baidu.com/api/quota 
2019-04-11 21:50:30 [WARN] account error (-1): http请求错误 0x6
2019-04-11 21:50:48 [WARN] request error (0x100000006): https://pan.baidu.com/api/quota 
2019-04-11 21:51:14 [WARN] request error (0x100000006): https://pan.baidu.com/api/quota 
2019-04-11 21:51:31 [WARN] account error (-1): http请求错误 0x6
2019-04-11 21:51:39 [WARN] request error (0x100000006): https://pan.baidu.com/api/quota 
2019-04-11 21:52:04 [WARN] request error (0x100000006): https://pan.baidu.com/api/quota 
2019-04-11 21:52:32 [WARN] account error (-1): http请求错误 0x6
2019-04-11 21:52:36 [WARN] request error (0x100000006): https://pan.baidu.com/api/quota 
2019-04-11 21:53:01 [WARN] request error (0x100000006): https://pan.baidu.com/api/quota 
2019-04-11 21:53:26 [WARN] request error (0x100000006): https://pan.baidu.com/api/quota 
2019-04-11 21:53:33 [WARN] account error (-1): http请求错误 0x6
2019-04-11 21:53:51 [WARN] request error (0x100000006): https://pan.baidu.com/api/quota 
2019-04-11 21:54:23 [WARN] request error (0x100000006): https://pan.baidu.com/api/quota 
2019-04-11 21:54:34 [WARN] account error (-1): http请求错误 0x6
2019-04-11 21:54:48 [WARN] request error (0x100000006): https://pan.baidu.com/api/quota 
2019-04-11 21:55:13 [WARN] request error (0x100000006): https://pan.baidu.com/api/quota 
2019-04-11 21:55:35 [WARN] account error (-1): http请求错误 0x6
2019-04-11 21:55:38 [WARN] request error (0x100000006): https://pan.baidu.com/api/quota 
2019-04-11 21:56:11 [WARN] request error (0x100000006): https://pan.baidu.com/api/quota 
2019-04-11 21:56:36 [WARN] request error (0x100000006): https://pan.baidu.com/api/quota 
2019-04-11 21:56:36 [WARN] account error (-1): http请求错误 0x6
2019-04-11 21:57:01 [WARN] request error (0x100000006): https://pan.baidu.com/api/quota 
2019-04-11 21:57:26 [WARN] request error (0x100000006): https://pan.baidu.com/api/quota 
2019-04-11 21:57:37 [WARN] account error (-1): http请求错误 0x6
2019-04-11 21:57:59 [WARN] request error (0x100000006): https://pan.baidu.com/api/quota 
2019-04-11 21:58:24 [WARN] request error (0x100000006): https://pan.baidu.com/api/quota 
2019-04-11 21:58:38 [WARN] account error (-1): http请求错误 0x6
2019-04-11 21:58:49 [WARN] request error (0x100000006): https://pan.baidu.com/api/quota 
2019-04-11 21:59:14 [WARN] request error (0x100000006): https://pan.baidu.com/api/quota 
2019-04-11 21:59:39 [WARN] account error (-1): http请求错误 0x6
2019-04-11 21:59:47 [WARN] request error (0x100000006): https://pan.baidu.com/api/quota 
2019-04-11 22:00:11 [WARN] request error (0x100000006): https://pan.baidu.com/api/quota 
2019-04-11 22:00:36 [WARN] request error (0x100000006): https://pan.baidu.com/api/quota 
2019-04-11 22:00:40 [WARN] account error (-1): http请求错误 0x6
2019-04-11 22:01:01 [WARN] request error (0x100000006): https://pan.baidu.com/api/quota 
2019-04-11 22:01:34 [WARN] request error (0x100000006): https://pan.baidu.com/api/quota 
2019-04-11 22:01:41 [WARN] account error (-1): http请求错误 0x6
2019-04-11 22:01:59 [WARN] request error (0x100000006): https://pan.baidu.com/api/quota 
2019-04-11 22:02:24 [WARN] request error (0x100000006): https://pan.baidu.com/api/quota 
2019-04-11 22:02:42 [WARN] account error (-1): http请求错误 0x6
2019-04-11 22:02:50 [WARN] request error (0x100000006): https://pan.baidu.com/api/quota 
2019-04-11 22:03:22 [WARN] request error (0x100000006): https://pan.baidu.com/api/quota 
2019-04-11 22:03:43 [WARN] account error (-1): http请求错误 0x6
2019-04-11 22:03:47 [WARN] request error (0x100000006): https://pan.baidu.com/api/quota 
2019-04-11 22:04:12 [WARN] request error (0x100000006): https://pan.baidu.com/api/quota 
2019-04-11 22:04:38 [WARN] request error (0x100000006): https://pan.baidu.com/api/quota 
2019-04-11 22:04:44 [WARN] account error (-1): http请求错误 0x6
2019-04-11 22:05:09 [WARN] request error (0x100000006): https://pan.baidu.com/api/quota 
2019-04-11 22:05:34 [WARN] request error (0x100000006): https://pan.baidu.com/api/quota 
2019-04-11 22:05:45 [WARN] account error (-1): http请求错误 0x6
2019-04-11 22:05:59 [WARN] request error (0x100000006): https://pan.baidu.com/api/quota 
2019-04-11 22:06:24 [WARN] request error (0x100000006): https://pan.baidu.com/api/quota 
2019-04-11 22:06:46 [WARN] account error (-1): http请求错误 0x6
2019-04-11 22:06:56 [WARN] request error (0x100000006): https://pan.baidu.com/api/quota 
2019-04-11 22:07:21 [WARN] request error (0x100000006): https://pan.baidu.com/api/quota 
2019-04-11 22:07:46 [WARN] request error (0x100000006): https://pan.baidu.com/api/quota 
2019-04-11 22:07:47 [WARN] account error (-1): http请求错误 0x6
2019-04-11 22:08:11 [WARN] request error (0x100000006): https://pan.baidu.com/api/quota 
2019-04-11 22:08:44 [WARN] request error (0x100000006): https://pan.baidu.com/api/quota 
2019-04-11 22:08:48 [WARN] account error (-1): http请求错误 0x6
2019-04-11 22:09:09 [WARN] request error (0x100000006): https://pan.baidu.com/api/quota 
2019-04-11 22:09:34 [WARN] request error (0x100000006): https://pan.baidu.com/api/quota 
2019-04-11 22:09:49 [WARN] account error (-1): http请求错误 0x6
2019-04-11 22:10:00 [WARN] request error (0x100000006): https://pan.baidu.com/api/quota 
2019-04-11 22:10:32 [WARN] request error (0x100000006): https://pan.baidu.com/api/quota 
2019-04-11 22:10:50 [WARN] account error (-1): http请求错误 0x6
2019-04-11 22:10:57 [WARN] request error (0x100000006): https://pan.baidu.com/api/quota 
2019-04-11 22:11:22 [WARN] request error (0x100000006): https://pan.baidu.com/api/quota 
2019-04-11 22:11:48 [WARN] request error (0x100000006): https://pan.baidu.com/api/quota 
2019-04-11 22:11:51 [WARN] account error (-1): http请求错误 0x6
2019-04-11 22:12:20 [WARN] request error (0x100000006): https://pan.baidu.com/api/quota 
2019-04-11 22:12:45 [WARN] request error (0x100000006): https://pan.baidu.com/api/quota 
2019-04-11 22:12:52 [WARN] account error (-1): http请求错误 0x6
2019-04-11 22:13:10 [WARN] request error (0x100000006): https://pan.baidu.com/api/quota 
2019-04-11 22:13:35 [WARN] request error (0x100000006): https://pan.baidu.com/api/quota 
2019-04-11 22:13:53 [WARN] account error (-1): http请求错误 0x6
2019-04-11 22:14:08 [WARN] request error (0x100000006): https://pan.baidu.com/api/quota 
2019-04-11 22:14:33 [WARN] request error (0x100000006): https://pan.baidu.com/api/quota 
2019-04-11 22:14:54 [WARN] account error (-1): http请求错误 0x6
2019-04-11 22:14:58 [WARN] request error (0x100000006): https://pan.baidu.com/api/quota 
2019-04-11 22:15:23 [WARN] request error (0x100000006): https://pan.baidu.com/api/quota 
2019-04-11 22:15:55 [WARN] account error (-1): http请求错误 0x6
2019-04-11 22:15:55 [WARN] request error (0x100000006): https://pan.baidu.com/api/quota 
2019-04-11 22:16:21 [WARN] request error (0x100000006): https://pan.baidu.com/api/quota 
2019-04-11 22:16:45 [WARN] request error (0x100000006): https://pan.baidu.com/api/quota 
2019-04-11 22:16:56 [WARN] account error (-1): http请求错误 0x6
2019-04-11 22:17:11 [WARN] request error (0x100000006): https://pan.baidu.com/api/quota 
2019-04-11 22:17:42 [WARN] request error (0x100000006): https://pan.baidu.com/api/quota 
2019-04-11 22:17:57 [WARN] account error (-1): http请求错误 0x6
2019-04-11 22:18:07 [WARN] request error (0x100000006): https://pan.baidu.com/api/quota 
2019-04-11 22:18:32 [WARN] request error (0x100000006): https://pan.baidu.com/api/quota 
2019-04-11 22:18:57 [WARN] request error (0x100000006): https://pan.baidu.com/api/quota 
2019-04-11 22:18:58 [WARN] account error (-1): http请求错误 0x6
2019-04-11 22:19:30 [WARN] request error (0x100000006): https://pan.baidu.com/api/quota 
2019-04-11 22:19:55 [WARN] request error (0x100000006): https://pan.baidu.com/api/quota 
2019-04-11 22:19:59 [WARN] account error (-1): http请求错误 0x6
2019-04-11 22:20:19 [WARN] request error (0x100000006): https://pan.baidu.com/api/quota 
2019-04-11 22:20:44 [WARN] request error (0x100000006): https://pan.baidu.com/api/quota 
2019-04-11 22:21:00 [WARN] account error (-1): http请求错误 0x6
2019-04-11 22:21:17 [WARN] request error (0x100000006): https://pan.baidu.com/api/quota 
2019-04-11 22:21:42 [WARN] request error (0x100000006): https://pan.baidu.com/api/quota 
2019-04-11 22:22:01 [WARN] account error (-1): http请求错误 0x6
2019-04-11 22:22:07 [WARN] request error (0x100000006): https://pan.baidu.com/api/quota 
2019-04-11 22:22:32 [WARN] request error (0x100000006): https://pan.baidu.com/api/quota 
2019-04-11 22:23:02 [WARN] account error (-1): http请求错误 0x6
2019-04-11 22:23:05 [WARN] request error (0x100000006): https://pan.baidu.com/api/quota 
2019-04-11 22:23:30 [WARN] request error (0x100000006): https://pan.baidu.com/api/quota 
2019-04-11 22:23:54 [WARN] request error (0x100000006): https://pan.baidu.com/api/quota 
2019-04-11 22:24:03 [WARN] account error (-1): http请求错误 0x6
2019-04-11 22:24:19 [WARN] request error (0x100000006): https://pan.baidu.com/api/quota 
2019-04-11 22:24:52 [WARN] request error (0x100000006): https://pan.baidu.com/api/quota 
2019-04-11 22:25:04 [WARN] account error (-1): http请求错误 0x6
2019-04-11 22:25:17 [WARN] request error (0x100000006): https://pan.baidu.com/api/quota 
2019-04-11 22:25:42 [WARN] request error (0x100000006): https://pan.baidu.com/api/quota 
2019-04-11 22:26:05 [WARN] account error (-1): http请求错误 0x6
2019-04-11 22:26:07 [WARN] request error (0x100000006): https://pan.baidu.com/api/quota 
2019-04-11 22:26:39 [WARN] request error (0x100000006): https://pan.baidu.com/api/quota 
2019-04-11 22:27:04 [WARN] request error (0x100000006): https://pan.baidu.com/api/quota 
2019-04-11 22:27:06 [WARN] account error (-1): http请求错误 0x6
2019-04-11 22:27:29 [WARN] request error (0x100000006): https://pan.baidu.com/api/quota 
2019-04-11 22:27:55 [WARN] request error (0x100000006): https://pan.baidu.com/api/quota 
2019-04-11 22:28:07 [WARN] account error (-1): http请求错误 0x6
2019-04-11 22:28:27 [WARN] request error (0x100000006): https://pan.baidu.com/api/quota 
2019-04-11 22:28:52 [WARN] request error (0x100000006): https://pan.baidu.com/api/quota 
2019-04-11 22:29:08 [WARN] account error (-1): http请求错误 0x6
2019-04-11 22:29:17 [WARN] request error (0x100000006): https://pan.baidu.com/api/quota 
2019-04-11 22:29:43 [WARN] request error (0x100000006): https://pan.baidu.com/api/quota 
2019-04-11 22:30:09 [WARN] account error (-1): http请求错误 0x6
2019-04-11 22:30:15 [WARN] request error (0x100000006): https://pan.baidu.com/api/quota 
2019-04-11 22:30:41 [WARN] request error (0x100000006): https://pan.baidu.com/api/quota 
2019-04-11 22:31:06 [WARN] request error (0x100000006): https://pan.baidu.com/api/quota 
2019-04-11 22:31:10 [WARN] account error (-1): http请求错误 0x6
2019-04-11 22:31:31 [WARN] request error (0x100000006): https://pan.baidu.com/api/quota 
2019-04-11 22:32:03 [WARN] request error (0x100000006): https://pan.baidu.com/api/quota 
2019-04-11 22:32:11 [WARN] account error (-1): http请求错误 0x6
2019-04-11 22:32:29 [WARN] request error (0x100000006): https://pan.baidu.com/api/quota 
2019-04-11 22:32:54 [WARN] request error (0x100000006): https://pan.baidu.com/api/quota 
2019-04-11 22:33:12 [WARN] account error (-1): http请求错误 0x6
2019-04-11 22:33:19 [WARN] request error (0x100000006): https://pan.baidu.com/api/quota 
2019-04-11 22:33:51 [WARN] request error (0x100000006): https://pan.baidu.com/api/quota 
2019-04-11 22:34:13 [WARN] account error (-1): http请求错误 0x6
2019-04-11 22:34:16 [WARN] request error (0x100000006): https://pan.baidu.com/api/quota 
2019-04-11 22:34:41 [WARN] request error (0x100000006): https://pan.baidu.com/api/quota 
2019-04-11 22:35:06 [WARN] request error (0x100000006): https://pan.baidu.com/api/quota 
2019-04-11 22:35:14 [WARN] account error (-1): http请求错误 0x6
2019-04-11 22:35:39 [WARN] request error (0x100000006): https://pan.baidu.com/api/quota 
2019-04-11 22:36:04 [WARN] request error (0x100000006): https://pan.baidu.com/api/quota 
2019-04-11 22:36:15 [WARN] account error (-1): http请求错误 0x6
2019-04-11 22:36:29 [WARN] request error (0x100000006): https://pan.baidu.com/api/quota 
2019-04-11 22:36:54 [WARN] request error (0x100000006): https://pan.baidu.com/api/quota 
2019-04-11 22:37:16 [WARN] account error (-1): http请求错误 0x6
2019-04-11 22:37:26 [WARN] request error (0x100000006): https://pan.baidu.com/api/quota 
2019-04-11 22:37:51 [WARN] request error (0x100000006): https://pan.baidu.com/api/quota 
2019-04-11 22:38:16 [WARN] request error (0x100000006): https://pan.baidu.com/api/quota 
2019-04-11 22:38:17 [WARN] account error (-1): http请求错误 0x6
2019-04-11 22:38:42 [WARN] request error (0x100000006): https://pan.baidu.com/api/quota 
2019-04-11 22:39:14 [WARN] request error (0x100000006): https://pan.baidu.com/api/quota 
2019-04-11 22:39:18 [WARN] account error (-1): http请求错误 0x6
2019-04-11 22:39:40 [WARN] request error (0x100000006): https://pan.baidu.com/api/quota 
2019-04-11 22:40:04 [WARN] request error (0x100000006): https://pan.baidu.com/api/quota 
2019-04-11 22:40:19 [WARN] account error (-1): http请求错误 0x6
2019-04-11 22:40:29 [WARN] request error (0x100000006): https://pan.baidu.com/api/quota 
2019-04-11 22:41:02 [WARN] request error (0x100000006): https://pan.baidu.com/api/quota 
2019-04-11 22:41:20 [WARN] account error (-1): http请求错误 0x6
2019-04-11 22:41:27 [WARN] request error (0x100000006): https://pan.baidu.com/api/quota 
2019-04-11 22:41:52 [WARN] request error (0x100000006): https://pan.baidu.com/api/quota 
2019-04-11 22:42:17 [WARN] request error (0x100000006): https://pan.baidu.com/api/quota 
2019-04-11 22:42:21 [WARN] account error (-1): http请求错误 0x6
2019-04-11 22:42:49 [WARN] request error (0x100000006): https://pan.baidu.com/api/quota 
2019-04-11 22:43:15 [WARN] request error (0x100000006): https://pan.baidu.com/api/quota 
2019-04-11 22:43:22 [WARN] account error (-1): http请求错误 0x6
2019-04-11 22:43:40 [WARN] request error (0x100000006): https://pan.baidu.com/api/quota 
2019-04-11 22:44:05 [WARN] request error (0x100000006): https://pan.baidu.com/api/quota 
2019-04-11 22:44:23 [WARN] account error (-1): http请求错误 0x6
2019-04-11 22:44:37 [WARN] request error (0x100000006): https://pan.baidu.com/api/quota 
2019-04-11 22:45:03 [WARN] request error (0x100000006): https://pan.baidu.com/api/quota 
2019-04-11 22:45:24 [WARN] account error (-1): http请求错误 0x6
2019-04-11 22:45:28 [WARN] request error (0x100000006): https://pan.baidu.com/api/quota 
2019-04-11 22:45:53 [WARN] request error (0x100000006): https://pan.baidu.com/api/quota 
2019-04-11 22:46:25 [WARN] account error (-1): http请求错误 0x6
2019-04-11 22:46:25 [WARN] request error (0x100000006): https://pan.baidu.com/api/quota 
2019-04-11 22:46:50 [WARN] request error (0x100000006): https://pan.baidu.com/api/quota 
2019-04-11 22:47:16 [WARN] request error (0x100000006): https://pan.baidu.com/api/quota 
2019-04-11 22:47:26 [WARN] account error (-1): http请求错误 0x6
2019-04-11 22:47:41 [WARN] request error (0x100000006): https://pan.baidu.com/api/quota 
2019-04-11 22:48:13 [WARN] request error (0x100000006): https://pan.baidu.com/api/quota 
2019-04-11 22:48:27 [WARN] account error (-1): http请求错误 0x6
2019-04-11 22:48:38 [WARN] request error (0x100000006): https://pan.baidu.com/api/quota 
2019-04-11 22:49:04 [WARN] request error (0x100000006): https://pan.baidu.com/api/quota 
2019-04-11 22:49:28 [WARN] account error (-1): http请求错误 0x6
2019-04-11 22:49:29 [WARN] request error (0x100000006): https://pan.baidu.com/api/quota 
2019-04-11 22:50:01 [WARN] request error (0x100000006): https://pan.baidu.com/api/quota 
2019-04-11 22:50:26 [WARN] request error (0x100000006): https://pan.baidu.com/api/quota 
2019-04-11 22:50:29 [WARN] account error (-1): http请求错误 0x6
2019-04-11 22:50:51 [WARN] request error (0x100000006): https://pan.baidu.com/api/quota 
2019-04-11 22:51:16 [WARN] request error (0x100000006): https://pan.baidu.com/api/quota 
2019-04-11 22:51:30 [WARN] account error (-1): http请求错误 0x6
2019-04-11 22:51:48 [WARN] request error (0x100000006): https://pan.baidu.com/api/quota 
2019-04-11 22:52:13 [WARN] request error (0x100000006): https://pan.baidu.com/api/quota 
2019-04-11 22:52:31 [WARN] account error (-1): http请求错误 0x6
2019-04-11 22:52:38 [WARN] request error (0x100000006): https://pan.baidu.com/api/quota 
2019-04-11 22:53:03 [WARN] request error (0x100000006): https://pan.baidu.com/api/quota 
2019-04-11 22:53:32 [WARN] account error (-1): http请求错误 0x6
2019-04-11 22:53:36 [WARN] request error (0x100000006): https://pan.baidu.com/api/quota 
2019-04-11 22:54:01 [WARN] request error (0x100000006): https://pan.baidu.com/api/quota 
2019-04-11 22:54:26 [WARN] request error (0x100000006): https://pan.baidu.com/api/quota 
2019-04-11 22:54:33 [WARN] account error (-1): http请求错误 0x6
2019-04-11 22:54:51 [WARN] request error (0x100000006): https://pan.baidu.com/api/quota 
2019-04-11 22:55:23 [WARN] request error (0x100000006): https://pan.baidu.com/api/quota 
2019-04-11 22:55:34 [WARN] account error (-1): http请求错误 0x6
2019-04-11 22:55:48 [WARN] request error (0x100000006): https://pan.baidu.com/api/quota 
2019-04-11 22:56:13 [WARN] request error (0x100000006): https://pan.baidu.com/api/quota 
2019-04-11 22:56:35 [WARN] account error (-1): http请求错误 0x6
2019-04-11 22:56:38 [WARN] request error (0x100000006): https://pan.baidu.com/api/quota 
2019-04-11 22:57:10 [WARN] request error (0x100000006): https://pan.baidu.com/api/quota 
2019-04-11 22:57:36 [WARN] account error (-1): http请求错误 0x6
2019-04-11 22:57:36 [WARN] request error (0x100000006): https://pan.baidu.com/api/quota 
2019-04-11 22:58:01 [WARN] request error (0x100000006): https://pan.baidu.com/api/quota 
2019-04-11 22:58:26 [WARN] request error (0x100000006): https://pan.baidu.com/api/quota 
2019-04-11 22:58:37 [WARN] account error (-1): http请求错误 0x6
2019-04-11 22:58:59 [WARN] request error (0x100000006): https://pan.baidu.com/api/quota 
2019-04-11 22:59:24 [WARN] request error (0x100000006): https://pan.baidu.com/api/quota 
2019-04-11 22:59:38 [WARN] account error (-1): http请求错误 0x6
2019-04-11 22:59:49 [WARN] request error (0x100000006): https://pan.baidu.com/api/quota 
2019-04-11 23:00:14 [WARN] request error (0x100000006): https://pan.baidu.com/api/quota 
2019-04-11 23:00:39 [WARN] account error (-1): http请求错误 0x6
2019-04-11 23:00:46 [WARN] request error (0x100000006): https://pan.baidu.com/api/quota 
2019-04-11 23:01:11 [WARN] request error (0x100000006): https://pan.baidu.com/api/quota 
2019-04-11 23:01:36 [WARN] request error (0x100000006): https://pan.baidu.com/api/quota 
2019-04-11 23:01:40 [WARN] account error (-1): http请求错误 0x6
2019-04-11 23:02:02 [WARN] request error (0x100000006): https://pan.baidu.com/api/quota 
2019-04-11 23:02:34 [WARN] request error (0x100000006): https://pan.baidu.com/api/quota 
2019-04-11 23:02:41 [WARN] account error (-1): http请求错误 0x6
2019-04-11 23:02:59 [WARN] request error (0x100000006): https://pan.baidu.com/api/quota 
2019-04-11 23:03:24 [WARN] request error (0x100000006): https://pan.baidu.com/api/quota 
2019-04-11 23:03:42 [WARN] account error (-1): http请求错误 0x6
2019-04-11 23:03:50 [WARN] request error (0x100000006): https://pan.baidu.com/api/quota 
2019-04-11 23:04:22 [WARN] request error (0x100000006): https://pan.baidu.com/api/quota 
2019-04-11 23:04:43 [WARN] account error (-1): http请求错误 0x6
2019-04-11 23:04:48 [WARN] request error (0x100000006): https://pan.baidu.com/api/quota 
2019-04-11 23:05:13 [WARN] request error (0x100000006): https://pan.baidu.com/api/quota 
2019-04-11 23:05:38 [WARN] request error (0x100000006): https://pan.baidu.com/api/quota 
2019-04-11 23:05:44 [WARN] account error (-1): http请求错误 0x6
2019-04-11 23:06:10 [WARN] request error (0x100000006): https://pan.baidu.com/api/quota 
2019-04-11 23:06:35 [WARN] request error (0x100000006): https://pan.baidu.com/api/quota 
2019-04-11 23:06:45 [WARN] account error (-1): http请求错误 0x6
2019-04-11 23:07:00 [WARN] request error (0x100000006): https://pan.baidu.com/api/quota 
2019-04-11 23:07:25 [WARN] request error (0x100000006): https://pan.baidu.com/api/quota 
2019-04-11 23:07:46 [WARN] account error (-1): http请求错误 0x6
2019-04-11 23:07:58 [WARN] request error (0x100000006): https://pan.baidu.com/api/quota 
2019-04-11 23:08:23 [WARN] request error (0x100000006): https://pan.baidu.com/api/quota 
2019-04-11 23:08:47 [WARN] account error (-1): http请求错误 0x6
2019-04-11 23:08:48 [WARN] request error (0x100000006): https://pan.baidu.com/api/quota 
2019-04-11 23:09:13 [WARN] request error (0x100000006): https://pan.baidu.com/api/quota 
2019-04-11 23:09:46 [WARN] request error (0x100000006): https://pan.baidu.com/api/quota 
2019-04-11 23:09:48 [WARN] account error (-1): http请求错误 0x6
2019-04-11 23:10:11 [WARN] request error (0x100000006): https://pan.baidu.com/api/quota 
2019-04-11 23:10:36 [WARN] request error (0x100000006): https://pan.baidu.com/api/quota 
2019-04-11 23:10:49 [WARN] account error (-1): http请求错误 0x6
2019-04-11 23:11:01 [WARN] request error (0x100000006): https://pan.baidu.com/api/quota 
2019-04-11 23:11:33 [WARN] request error (0x100000006): https://pan.baidu.com/api/quota 
2019-04-11 23:11:50 [WARN] account error (-1): http请求错误 0x6
2019-04-11 23:11:58 [WARN] request error (0x100000006): https://pan.baidu.com/api/quota 
2019-04-11 23:12:23 [WARN] request error (0x100000006): https://pan.baidu.com/api/quota 
2019-04-11 23:12:48 [WARN] request error (0x100000006): https://pan.baidu.com/api/quota 
2019-04-11 23:12:51 [WARN] account error (-1): http请求错误 0x6
2019-04-11 23:13:20 [WARN] request error (0x100000006): https://pan.baidu.com/api/quota 
2019-04-11 23:13:45 [WARN] request error (0x100000006): https://pan.baidu.com/api/quota 
2019-04-11 23:13:52 [WARN] account error (-1): http请求错误 0x6
2019-04-11 23:14:10 [WARN] request error (0x100000006): https://pan.baidu.com/api/quota 
2019-04-11 23:14:35 [WARN] request error (0x100000006): https://pan.baidu.com/api/quota 
2019-04-11 23:14:53 [WARN] account error (-1): http请求错误 0x6
2019-04-11 23:15:07 [WARN] request error (0x100000006): https://pan.baidu.com/api/quota 
2019-04-11 23:15:32 [WARN] request error (0x100000006): https://pan.baidu.com/api/quota 
2019-04-11 23:15:54 [WARN] account error (-1): http请求错误 0x6
2019-04-11 23:15:57 [WARN] request error (0x100000006): https://pan.baidu.com/api/quota 
2019-04-11 23:16:22 [WARN] request error (0x100000006): https://pan.baidu.com/api/quota 
2019-04-11 23:16:55 [WARN] request error (0x100000006): https://pan.baidu.com/api/quota 
2019-04-11 23:16:55 [WARN] account error (-1): http请求错误 0x6
2019-04-11 23:17:20 [WARN] request error (0x100000006): https://pan.baidu.com/api/quota 
2019-04-11 23:17:45 [WARN] request error (0x100000006): https://pan.baidu.com/api/quota 
2019-04-11 23:17:56 [WARN] account error (-1): http请求错误 0x6
2019-04-11 23:18:10 [WARN] request error (0x100000006): https://pan.baidu.com/api/quota 
2019-04-11 23:18:42 [WARN] request error (0x100000006): https://pan.baidu.com/api/quota 
2019-04-11 23:18:57 [WARN] account error (-1): http请求错误 0x6
2019-04-11 23:19:07 [WARN] request error (0x100000006): https://pan.baidu.com/api/quota 
2019-04-11 23:19:32 [WARN] request error (0x100000006): https://pan.baidu.com/api/quota 
2019-04-11 23:26:32 [WARN] request error (0x100000006): https://pan.baidu.com/api/quota 
2019-04-11 23:26:57 [WARN] request error (0x100000006): https://pan.baidu.com/api/quota 
2019-04-11 23:27:09 [WARN] account error (-1): http请求错误 0x6
2019-04-11 23:31:16 [WARN] aria2 websocket connection closed (127.0.0.1:6808), code: 1006 (Abnormal close), reason: 
