2019-05-28 19:37:58 [INFO] pandownload version: 2.1.0 beta
2019-05-28 19:37:59 [INFO] aria2 websocket connection opened (127.0.0.1:6808)
2019-05-28 19:38:00 [INFO] aria2 version: 1.34.0
2019-05-28 19:38:00 [INFO] aria2 json-rpc path: http://token:pandownload@127.0.0.1:6808/jsonrpc
2019-05-28 19:38:00 [INFO] create main window
2019-05-28 19:38:00 [INFO] verify cookie (600)
2019-05-28 19:38:04 [INFO] user login success (4052464532): zji739
2019-05-28 19:40:20 [WARN] request error (0x10000001c): https://pan.baidu.com/api/quota 
2019-05-28 19:44:30 [WARN] account error (-1): http请求错误 0x6
2019-05-28 19:44:42 [WARN] request error (0x100000006): https://pan.baidu.com/api/quota 
2019-05-28 19:45:55 [WARN] account error (-1): http请求错误 0x6
2019-05-28 19:46:15 [WARN] request error (0x100000006): https://pan.baidu.com/api/quota 
2019-05-28 19:47:05 [WARN] request error (0x100000006): https://pan.baidu.com/api/quota 
2019-05-28 19:47:20 [WARN] account error (-1): http请求错误 0x6
2019-05-28 19:47:55 [WARN] request error (0x100000006): https://pan.baidu.com/api/quota 
2019-05-28 19:48:44 [WARN] request error (0x100000006): https://pan.baidu.com/api/quota 
2019-05-28 19:48:45 [WARN] account error (-1): http请求错误 0x6
2019-05-28 19:50:10 [WARN] account error (-1): http请求错误 0x6
2019-05-28 19:50:17 [WARN] request error (0x100000006): https://pan.baidu.com/api/quota 
2019-05-28 19:51:07 [WARN] request error (0x100000006): https://pan.baidu.com/api/quota 
2019-05-28 19:51:35 [WARN] account error (-1): http请求错误 0x6
2019-05-28 19:51:57 [WARN] request error (0x100000006): https://pan.baidu.com/api/quota 
2019-05-28 19:52:46 [WARN] request error (0x100000006): https://pan.baidu.com/api/quota 
2019-05-28 19:53:00 [WARN] account error (-1): http请求错误 0x6
2019-05-28 19:54:19 [WARN] request error (0x100000006): https://pan.baidu.com/api/quota 
2019-05-28 19:54:25 [WARN] account error (-1): http请求错误 0x6
2019-05-28 19:55:09 [WARN] request error (0x100000006): https://pan.baidu.com/api/quota 
2019-05-28 19:55:50 [WARN] account error (-1): http请求错误 0x6
2019-05-28 19:55:59 [WARN] request error (0x100000006): https://pan.baidu.com/api/quota 
2019-05-28 19:56:48 [WARN] request error (0x100000006): https://pan.baidu.com/api/quota 
2019-05-28 19:57:15 [WARN] account error (-1): http请求错误 0x6
2019-05-28 19:58:21 [WARN] request error (0x100000006): https://pan.baidu.com/api/quota 
2019-05-28 19:58:40 [WARN] account error (-1): http请求错误 0x6
2019-05-28 19:59:11 [WARN] request error (0x100000006): https://pan.baidu.com/api/quota 
2019-05-28 20:00:01 [WARN] request error (0x100000006): https://pan.baidu.com/api/quota 
2019-05-28 20:00:05 [WARN] account error (-1): http请求错误 0x6
2019-05-28 20:00:50 [WARN] request error (0x100000006): https://pan.baidu.com/api/quota 
2019-05-28 20:01:31 [WARN] account error (-1): http请求错误 0x6
2019-05-28 20:02:23 [WARN] request error (0x100000006): https://pan.baidu.com/api/quota 
2019-05-28 20:02:55 [WARN] account error (-1): http请求错误 0x6
2019-05-28 20:03:13 [WARN] request error (0x100000006): https://pan.baidu.com/api/quota 
2019-05-28 20:04:03 [WARN] request error (0x100000006): https://pan.baidu.com/api/quota 
2019-05-28 20:04:20 [WARN] account error (-1): http请求错误 0x6
2019-05-28 20:04:52 [WARN] request error (0x100000006): https://pan.baidu.com/api/quota 
2019-05-28 20:05:45 [WARN] account error (-1): http请求错误 0x6
2019-05-28 20:06:25 [WARN] request error (0x100000006): https://pan.baidu.com/api/quota 
2019-05-28 20:07:11 [WARN] account error (-1): http请求错误 0x6
2019-05-28 20:07:15 [WARN] request error (0x100000006): https://pan.baidu.com/api/quota 
2019-05-28 20:08:05 [WARN] request error (0x100000006): https://pan.baidu.com/api/quota 
2019-05-28 20:08:35 [WARN] account error (-1): http请求错误 0x6
2019-05-28 20:08:54 [WARN] request error (0x100000006): https://pan.baidu.com/api/quota 
2019-05-28 20:10:00 [WARN] account error (-1): http请求错误 0x6
2019-05-28 20:10:27 [WARN] request error (0x100000006): https://pan.baidu.com/api/quota 
2019-05-28 20:11:17 [WARN] request error (0x100000006): https://pan.baidu.com/api/quota 
2019-05-28 20:11:25 [WARN] account error (-1): http请求错误 0x6
2019-05-28 20:12:07 [WARN] request error (0x100000006): https://pan.baidu.com/api/quota 
2019-05-28 20:12:50 [WARN] account error (-1): http请求错误 0x6
2019-05-28 20:12:56 [WARN] request error (0x100000006): https://pan.baidu.com/api/quota 
2019-05-28 20:14:15 [WARN] account error (-1): http请求错误 0x6
2019-05-28 20:14:29 [WARN] request error (0x100000006): https://pan.baidu.com/api/quota 
2019-05-28 20:15:19 [WARN] request error (0x100000006): https://pan.baidu.com/api/quota 
2019-05-28 20:15:40 [WARN] account error (-1): http请求错误 0x6
2019-05-28 20:16:09 [WARN] request error (0x100000006): https://pan.baidu.com/api/quota 
2019-05-28 20:16:58 [WARN] request error (0x100000006): https://pan.baidu.com/api/quota 
2019-05-28 20:17:05 [WARN] account error (-1): http请求错误 0x6
2019-05-28 20:18:30 [WARN] account error (-1): http请求错误 0x6
2019-05-28 20:18:31 [WARN] request error (0x100000006): https://pan.baidu.com/api/quota 
2019-05-28 20:19:21 [WARN] request error (0x100000006): https://pan.baidu.com/api/quota 
2019-05-28 20:19:55 [WARN] account error (-1): http请求错误 0x6
2019-05-28 20:20:11 [WARN] request error (0x100000006): https://pan.baidu.com/api/quota 
2019-05-28 20:21:00 [WARN] request error (0x100000006): https://pan.baidu.com/api/quota 
2019-05-28 20:21:20 [WARN] account error (-1): http请求错误 0x6
2019-05-28 20:22:33 [WARN] request error (0x100000006): https://pan.baidu.com/api/quota 
2019-05-28 20:22:45 [WARN] account error (-1): http请求错误 0x6
2019-05-28 20:23:23 [WARN] request error (0x100000006): https://pan.baidu.com/api/quota 
2019-05-28 20:24:10 [WARN] account error (-1): http请求错误 0x6
2019-05-28 20:24:13 [WARN] request error (0x100000006): https://pan.baidu.com/api/quota 
2019-05-28 20:25:02 [WARN] request error (0x100000006): https://pan.baidu.com/api/quota 
2019-05-28 20:25:35 [WARN] account error (-1): http请求错误 0x6
2019-05-28 20:26:35 [WARN] request error (0x100000006): https://pan.baidu.com/api/quota 
2019-05-28 20:27:00 [WARN] account error (-1): http请求错误 0x6
2019-05-28 20:27:25 [WARN] request error (0x100000006): https://pan.baidu.com/api/quota 
2019-05-28 20:28:15 [WARN] request error (0x100000006): https://pan.baidu.com/api/quota 
2019-05-28 20:28:25 [WARN] account error (-1): http请求错误 0x6
2019-05-28 20:29:04 [WARN] request error (0x100000006): https://pan.baidu.com/api/quota 
2019-05-28 20:29:50 [WARN] account error (-1): http请求错误 0x6
2019-05-28 20:30:37 [WARN] request error (0x100000006): https://pan.baidu.com/api/quota 
2019-05-28 20:31:15 [WARN] account error (-1): http请求错误 0x6
2019-05-28 20:31:27 [WARN] request error (0x100000006): https://pan.baidu.com/api/quota 
2019-05-28 20:32:17 [WARN] request error (0x100000006): https://pan.baidu.com/api/quota 
2019-05-28 20:32:40 [WARN] account error (-1): http请求错误 0x6
2019-05-28 20:33:06 [WARN] request error (0x100000006): https://pan.baidu.com/api/quota 
2019-05-28 20:34:05 [WARN] account error (-1): http请求错误 0x6
2019-05-28 20:34:39 [WARN] request error (0x100000006): https://pan.baidu.com/api/quota 
2019-05-28 20:35:29 [WARN] request error (0x100000006): https://pan.baidu.com/api/quota 
2019-05-28 20:35:30 [WARN] account error (-1): http请求错误 0x6
2019-05-28 20:36:19 [WARN] request error (0x100000006): https://pan.baidu.com/api/quota 
2019-05-28 20:36:55 [WARN] account error (-1): http请求错误 0x6
2019-05-28 20:37:08 [WARN] request error (0x100000006): https://pan.baidu.com/api/quota 
2019-05-28 20:38:20 [WARN] account error (-1): http请求错误 0x6
2019-05-28 20:38:41 [WARN] request error (0x100000006): https://pan.baidu.com/api/quota 
2019-05-28 20:39:31 [WARN] request error (0x100000006): https://pan.baidu.com/api/quota 
2019-05-28 20:39:45 [WARN] account error (-1): http请求错误 0x6
2019-05-28 20:40:21 [WARN] request error (0x100000006): https://pan.baidu.com/api/quota 
2019-05-28 20:41:10 [WARN] account error (-1): http请求错误 0x6
2019-05-28 20:41:10 [WARN] request error (0x100000006): https://pan.baidu.com/api/quota 
2019-05-28 20:42:35 [WARN] account error (-1): http请求错误 0x6
2019-05-28 20:42:43 [WARN] request error (0x100000006): https://pan.baidu.com/api/quota 
2019-05-28 20:43:33 [WARN] request error (0x100000006): https://pan.baidu.com/api/quota 
2019-05-28 20:44:00 [WARN] account error (-1): http请求错误 0x6
2019-05-28 20:44:23 [WARN] request error (0x100000006): https://pan.baidu.com/api/quota 
2019-05-28 20:45:12 [WARN] request error (0x100000006): https://pan.baidu.com/api/quota 
2019-05-28 20:45:25 [WARN] account error (-1): http请求错误 0x6
2019-05-28 20:46:45 [WARN] request error (0x100000006): https://pan.baidu.com/api/quota 
2019-05-28 20:46:50 [WARN] account error (-1): http请求错误 0x6
2019-05-28 20:47:35 [WARN] request error (0x100000006): https://pan.baidu.com/api/quota 
2019-05-28 20:48:15 [WARN] account error (-1): http请求错误 0x6
2019-05-28 20:48:25 [WARN] request error (0x100000006): https://pan.baidu.com/api/quota 
2019-05-28 20:49:14 [WARN] request error (0x100000006): https://pan.baidu.com/api/quota 
2019-05-28 20:49:40 [WARN] account error (-1): http请求错误 0x6
2019-05-28 20:50:47 [WARN] request error (0x100000006): https://pan.baidu.com/api/quota 
2019-05-28 20:51:05 [WARN] account error (-1): http请求错误 0x6
2019-05-28 20:51:37 [WARN] request error (0x100000006): https://pan.baidu.com/api/quota 
2019-05-28 20:52:27 [WARN] request error (0x100000006): https://pan.baidu.com/api/quota 
2019-05-28 20:52:30 [WARN] account error (-1): http请求错误 0x6
2019-05-28 20:53:16 [WARN] request error (0x100000006): https://pan.baidu.com/api/quota 
2019-05-28 20:53:55 [WARN] account error (-1): http请求错误 0x6
2019-05-28 20:54:49 [WARN] request error (0x100000006): https://pan.baidu.com/api/quota 
2019-05-28 20:55:20 [WARN] account error (-1): http请求错误 0x6
2019-05-28 20:55:39 [WARN] request error (0x100000006): https://pan.baidu.com/api/quota 
2019-05-28 20:56:29 [WARN] request error (0x100000006): https://pan.baidu.com/api/quota 
2019-05-28 20:56:45 [WARN] account error (-1): http请求错误 0x6
2019-05-28 20:57:18 [WARN] request error (0x100000006): https://pan.baidu.com/api/quota 
2019-05-28 20:58:10 [WARN] account error (-1): http请求错误 0x6
2019-05-28 20:58:51 [WARN] request error (0x100000006): https://pan.baidu.com/api/quota 
2019-05-28 20:59:35 [WARN] account error (-1): http请求错误 0x6
2019-05-28 20:59:41 [WARN] request error (0x100000006): https://pan.baidu.com/api/quota 
2019-05-28 21:00:31 [WARN] request error (0x100000006): https://pan.baidu.com/api/quota 
2019-05-28 21:01:00 [WARN] account error (-1): http请求错误 0x6
2019-05-28 21:01:20 [WARN] request error (0x100000006): https://pan.baidu.com/api/quota 
2019-05-28 21:02:25 [WARN] account error (-1): http请求错误 0x6
2019-05-28 21:02:53 [WARN] request error (0x100000006): https://pan.baidu.com/api/quota 
2019-05-28 21:03:43 [WARN] request error (0x100000006): https://pan.baidu.com/api/quota 
2019-05-28 21:03:50 [WARN] account error (-1): http请求错误 0x6
2019-05-28 21:04:33 [WARN] request error (0x100000006): https://pan.baidu.com/api/quota 
2019-05-28 21:05:15 [WARN] account error (-1): http请求错误 0x6
2019-05-28 21:05:22 [WARN] request error (0x100000006): https://pan.baidu.com/api/quota 
2019-05-28 21:06:40 [WARN] account error (-1): http请求错误 0x6
2019-05-28 21:06:55 [WARN] request error (0x100000006): https://pan.baidu.com/api/quota 
2019-05-28 21:07:45 [WARN] request error (0x100000006): https://pan.baidu.com/api/quota 
2019-05-28 21:08:05 [WARN] account error (-1): http请求错误 0x6
2019-05-28 21:08:35 [WARN] request error (0x100000006): https://pan.baidu.com/api/quota 
2019-05-28 21:09:24 [WARN] request error (0x100000006): https://pan.baidu.com/api/quota 
2019-05-28 21:09:30 [WARN] account error (-1): http请求错误 0x6
2019-05-28 21:10:55 [WARN] account error (-1): http请求错误 0x6
2019-05-28 21:10:57 [WARN] request error (0x100000006): https://pan.baidu.com/api/quota 
2019-05-28 21:11:47 [WARN] request error (0x100000006): https://pan.baidu.com/api/quota 
2019-05-28 21:12:20 [WARN] account error (-1): http请求错误 0x6
2019-05-28 21:12:37 [WARN] request error (0x100000006): https://pan.baidu.com/api/quota 
2019-05-28 21:13:26 [WARN] request error (0x100000006): https://pan.baidu.com/api/quota 
2019-05-28 21:13:45 [WARN] account error (-1): http请求错误 0x6
2019-05-28 21:14:59 [WARN] request error (0x100000006): https://pan.baidu.com/api/quota 
2019-05-28 21:15:10 [WARN] account error (-1): http请求错误 0x6
2019-05-28 21:15:49 [WARN] request error (0x100000006): https://pan.baidu.com/api/quota 
2019-05-28 21:16:35 [WARN] account error (-1): http请求错误 0x6
2019-05-28 21:16:39 [WARN] request error (0x100000006): https://pan.baidu.com/api/quota 
2019-05-28 21:17:28 [WARN] request error (0x100000006): https://pan.baidu.com/api/quota 
2019-05-28 21:18:00 [WARN] account error (-1): http请求错误 0x6
2019-05-28 21:19:01 [WARN] request error (0x100000006): https://pan.baidu.com/api/quota 
2019-05-28 21:19:25 [WARN] account error (-1): http请求错误 0x6
2019-05-28 21:19:51 [WARN] request error (0x100000006): https://pan.baidu.com/api/quota 
2019-05-28 21:20:41 [WARN] request error (0x100000006): https://pan.baidu.com/api/quota 
2019-05-28 21:20:50 [WARN] account error (-1): http请求错误 0x6
2019-05-28 21:21:30 [WARN] request error (0x100000006): https://pan.baidu.com/api/quota 
2019-05-28 21:22:15 [WARN] account error (-1): http请求错误 0x6
2019-05-28 21:23:03 [WARN] request error (0x100000006): https://pan.baidu.com/api/quota 
2019-05-28 21:23:40 [WARN] account error (-1): http请求错误 0x6
2019-05-28 21:23:53 [WARN] request error (0x100000006): https://pan.baidu.com/api/quota 
2019-05-28 21:24:43 [WARN] request error (0x100000006): https://pan.baidu.com/api/quota 
2019-05-28 21:25:05 [WARN] account error (-1): http请求错误 0x6
2019-05-28 21:25:32 [WARN] request error (0x100000006): https://pan.baidu.com/api/quota 
2019-05-28 21:26:30 [WARN] account error (-1): http请求错误 0x6
2019-05-28 21:27:05 [WARN] request error (0x100000006): https://pan.baidu.com/api/quota 
2019-05-28 21:27:55 [WARN] request error (0x100000006): https://pan.baidu.com/api/quota 
2019-05-28 21:27:55 [WARN] account error (-1): http请求错误 0x6
2019-05-28 21:28:45 [WARN] request error (0x100000006): https://pan.baidu.com/api/quota 
2019-05-28 21:29:20 [WARN] account error (-1): http请求错误 0x6
2019-05-28 21:29:34 [WARN] request error (0x100000006): https://pan.baidu.com/api/quota 
2019-05-28 21:30:45 [WARN] account error (-1): http请求错误 0x6
2019-05-28 21:31:07 [WARN] request error (0x100000006): https://pan.baidu.com/api/quota 
2019-05-28 21:31:57 [WARN] request error (0x100000006): https://pan.baidu.com/api/quota 
2019-05-28 21:32:10 [WARN] account error (-1): http请求错误 0x6
2019-05-28 21:32:47 [WARN] request error (0x100000006): https://pan.baidu.com/api/quota 
2019-05-28 21:33:35 [WARN] account error (-1): http请求错误 0x6
2019-05-28 21:33:36 [WARN] request error (0x100000006): https://pan.baidu.com/api/quota 
2019-05-28 21:35:00 [WARN] account error (-1): http请求错误 0x6
2019-05-28 21:35:09 [WARN] request error (0x100000006): https://pan.baidu.com/api/quota 
2019-05-28 21:35:59 [WARN] request error (0x100000006): https://pan.baidu.com/api/quota 
2019-05-28 21:36:25 [WARN] account error (-1): http请求错误 0x6
2019-05-28 21:36:49 [WARN] request error (0x100000006): https://pan.baidu.com/api/quota 
2019-05-28 21:37:38 [WARN] request error (0x100000006): https://pan.baidu.com/api/quota 
2019-05-28 21:37:50 [WARN] account error (-1): http请求错误 0x6
2019-05-28 21:39:11 [WARN] request error (0x100000006): https://pan.baidu.com/api/quota 
2019-05-28 21:39:15 [WARN] account error (-1): http请求错误 0x6
2019-05-28 21:40:01 [WARN] request error (0x100000006): https://pan.baidu.com/api/quota 
2019-05-28 21:40:40 [WARN] account error (-1): http请求错误 0x6
2019-05-28 21:40:51 [WARN] request error (0x100000006): https://pan.baidu.com/api/quota 
2019-05-28 21:41:40 [WARN] request error (0x100000006): https://pan.baidu.com/api/quota 
2019-05-28 21:42:05 [WARN] account error (-1): http请求错误 0x6
2019-05-28 21:43:13 [WARN] request error (0x100000006): https://pan.baidu.com/api/quota 
2019-05-28 21:43:30 [WARN] account error (-1): http请求错误 0x6
2019-05-28 21:44:03 [WARN] request error (0x100000006): https://pan.baidu.com/api/quota 
2019-05-28 21:44:53 [WARN] request error (0x100000006): https://pan.baidu.com/api/quota 
2019-05-28 21:44:55 [WARN] account error (-1): http请求错误 0x6
2019-05-28 21:45:42 [WARN] request error (0x100000006): https://pan.baidu.com/api/quota 
2019-05-28 21:46:20 [WARN] account error (-1): http请求错误 0x6
2019-05-28 21:47:15 [WARN] request error (0x100000006): https://pan.baidu.com/api/quota 
2019-05-28 21:47:45 [WARN] account error (-1): http请求错误 0x6
2019-05-28 21:48:05 [WARN] request error (0x100000006): https://pan.baidu.com/api/quota 
2019-05-28 21:48:55 [WARN] request error (0x100000006): https://pan.baidu.com/api/quota 
2019-05-28 21:49:10 [WARN] account error (-1): http请求错误 0x6
2019-05-28 21:49:44 [WARN] request error (0x100000006): https://pan.baidu.com/api/quota 
2019-05-28 21:50:35 [WARN] account error (-1): http请求错误 0x6
2019-05-28 21:51:17 [WARN] request error (0x100000006): https://pan.baidu.com/api/quota 
2019-05-28 21:52:00 [WARN] account error (-1): http请求错误 0x6
2019-05-28 21:52:07 [WARN] request error (0x100000006): https://pan.baidu.com/api/quota 
2019-05-28 21:52:57 [WARN] request error (0x100000006): https://pan.baidu.com/api/quota 
2019-05-28 21:53:25 [WARN] account error (-1): http请求错误 0x6
2019-05-28 21:53:46 [WARN] request error (0x100000006): https://pan.baidu.com/api/quota 
2019-05-28 21:54:50 [WARN] account error (-1): http请求错误 0x6
2019-05-28 21:55:19 [WARN] request error (0x100000006): https://pan.baidu.com/api/quota 
2019-05-28 21:56:09 [WARN] request error (0x100000006): https://pan.baidu.com/api/quota 
2019-05-28 21:56:15 [WARN] account error (-1): http请求错误 0x6
2019-05-28 21:56:59 [WARN] request error (0x100000006): https://pan.baidu.com/api/quota 
2019-05-28 21:57:40 [WARN] account error (-1): http请求错误 0x6
2019-05-28 21:57:48 [WARN] request error (0x100000006): https://pan.baidu.com/api/quota 
2019-05-28 21:59:05 [WARN] account error (-1): http请求错误 0x6
2019-05-28 21:59:21 [WARN] request error (0x100000006): https://pan.baidu.com/api/quota 
2019-05-28 22:00:11 [WARN] request error (0x100000006): https://pan.baidu.com/api/quota 
2019-05-28 22:00:30 [WARN] account error (-1): http请求错误 0x6
2019-05-28 22:01:01 [WARN] request error (0x100000006): https://pan.baidu.com/api/quota 
2019-05-28 22:01:50 [WARN] request error (0x100000006): https://pan.baidu.com/api/quota 
2019-05-28 22:01:55 [WARN] account error (-1): http请求错误 0x6
2019-05-28 22:03:20 [WARN] account error (-1): http请求错误 0x6
2019-05-28 22:03:23 [WARN] request error (0x100000006): https://pan.baidu.com/api/quota 
2019-05-28 22:04:13 [WARN] request error (0x100000006): https://pan.baidu.com/api/quota 
2019-05-28 22:04:45 [WARN] account error (-1): http请求错误 0x6
2019-05-28 22:05:03 [WARN] request error (0x100000006): https://pan.baidu.com/api/quota 
2019-05-28 22:05:52 [WARN] request error (0x100000006): https://pan.baidu.com/api/quota 
2019-05-28 22:06:10 [WARN] account error (-1): http请求错误 0x6
2019-05-28 22:07:25 [WARN] request error (0x100000006): https://pan.baidu.com/api/quota 
2019-05-28 22:07:35 [WARN] account error (-1): http请求错误 0x6
2019-05-28 22:08:15 [WARN] request error (0x100000006): https://pan.baidu.com/api/quota 
2019-05-28 22:09:00 [WARN] account error (-1): http请求错误 0x6
2019-05-28 22:09:05 [WARN] request error (0x100000006): https://pan.baidu.com/api/quota 
2019-05-28 22:09:54 [WARN] request error (0x100000006): https://pan.baidu.com/api/quota 
2019-05-28 22:10:25 [WARN] account error (-1): http请求错误 0x6
2019-05-28 22:11:27 [WARN] request error (0x100000006): https://pan.baidu.com/api/quota 
2019-05-28 22:11:50 [WARN] account error (-1): http请求错误 0x6
2019-05-28 22:12:17 [WARN] request error (0x100000006): https://pan.baidu.com/api/quota 
2019-05-28 22:13:07 [WARN] request error (0x100000006): https://pan.baidu.com/api/quota 
2019-05-28 22:13:15 [WARN] account error (-1): http请求错误 0x6
2019-05-28 22:13:56 [WARN] request error (0x100000006): https://pan.baidu.com/api/quota 
2019-05-28 22:14:40 [WARN] account error (-1): http请求错误 0x6
2019-05-28 22:15:29 [WARN] request error (0x100000006): https://pan.baidu.com/api/quota 
2019-05-28 22:16:06 [WARN] account error (-1): http请求错误 0x6
2019-05-28 22:16:19 [WARN] request error (0x100000006): https://pan.baidu.com/api/quota 
2019-05-28 22:17:09 [WARN] request error (0x100000006): https://pan.baidu.com/api/quota 
2019-05-28 22:17:30 [WARN] account error (-1): http请求错误 0x6
2019-05-28 22:17:58 [WARN] request error (0x100000006): https://pan.baidu.com/api/quota 
2019-05-28 22:18:55 [WARN] account error (-1): http请求错误 0x6
2019-05-28 22:19:31 [WARN] request error (0x100000006): https://pan.baidu.com/api/quota 
2019-05-28 22:20:20 [WARN] account error (-1): http请求错误 0x6
2019-05-28 22:20:21 [WARN] request error (0x100000006): https://pan.baidu.com/api/quota 
2019-05-28 22:21:11 [WARN] request error (0x100000006): https://pan.baidu.com/api/quota 
2019-05-28 22:21:45 [WARN] account error (-1): http请求错误 0x6
2019-05-28 22:22:00 [WARN] request error (0x100000006): https://pan.baidu.com/api/quota 
2019-05-28 22:23:10 [WARN] account error (-1): http请求错误 0x6
2019-05-28 22:23:33 [WARN] request error (0x100000006): https://pan.baidu.com/api/quota 
2019-05-28 22:24:23 [WARN] request error (0x100000006): https://pan.baidu.com/api/quota 
2019-05-28 22:24:35 [WARN] account error (-1): http请求错误 0x6
2019-05-28 22:25:13 [WARN] request error (0x100000006): https://pan.baidu.com/api/quota 
2019-05-28 22:26:00 [WARN] account error (-1): http请求错误 0x6
2019-05-28 22:26:02 [WARN] request error (0x100000006): https://pan.baidu.com/api/quota 
2019-05-28 22:27:25 [WARN] account error (-1): http请求错误 0x6
2019-05-28 22:27:35 [WARN] request error (0x100000006): https://pan.baidu.com/api/quota 
2019-05-28 22:28:25 [WARN] request error (0x100000006): https://pan.baidu.com/api/quota 
2019-05-28 22:28:50 [WARN] account error (-1): http请求错误 0x6
2019-05-28 22:29:15 [WARN] request error (0x100000006): https://pan.baidu.com/api/quota 
2019-05-28 22:30:04 [WARN] request error (0x100000006): https://pan.baidu.com/api/quota 
2019-05-28 22:30:15 [WARN] account error (-1): http请求错误 0x6
2019-05-28 22:31:37 [WARN] request error (0x100000006): https://pan.baidu.com/api/quota 
2019-05-28 22:31:40 [WARN] account error (-1): http请求错误 0x6
2019-05-28 22:32:27 [WARN] request error (0x100000006): https://pan.baidu.com/api/quota 
2019-05-28 22:33:05 [WARN] account error (-1): http请求错误 0x6
2019-05-28 22:33:17 [WARN] request error (0x100000006): https://pan.baidu.com/api/quota 
2019-05-28 22:34:06 [WARN] request error (0x100000006): https://pan.baidu.com/api/quota 
2019-05-28 22:34:30 [WARN] account error (-1): http请求错误 0x6
2019-05-28 22:35:39 [WARN] request error (0x100000006): https://pan.baidu.com/api/quota 
2019-05-28 22:35:55 [WARN] account error (-1): http请求错误 0x6
2019-05-28 22:36:29 [WARN] request error (0x100000006): https://pan.baidu.com/api/quota 
2019-05-28 22:37:19 [WARN] request error (0x100000006): https://pan.baidu.com/api/quota 
2019-05-28 22:37:20 [WARN] account error (-1): http请求错误 0x6
2019-05-28 22:38:08 [WARN] request error (0x100000006): https://pan.baidu.com/api/quota 
2019-05-28 22:38:45 [WARN] account error (-1): http请求错误 0x6
2019-05-28 22:39:41 [WARN] request error (0x100000006): https://pan.baidu.com/api/quota 
2019-05-28 22:40:10 [WARN] account error (-1): http请求错误 0x6
2019-05-28 22:40:31 [WARN] request error (0x100000006): https://pan.baidu.com/api/quota 
2019-05-28 22:41:21 [WARN] request error (0x100000006): https://pan.baidu.com/api/quota 
2019-05-28 22:41:35 [WARN] account error (-1): http请求错误 0x6
2019-05-28 22:42:10 [WARN] request error (0x100000006): https://pan.baidu.com/api/quota 
2019-05-28 22:43:00 [WARN] account error (-1): http请求错误 0x6
2019-05-28 22:43:43 [WARN] request error (0x100000006): https://pan.baidu.com/api/quota 
2019-05-28 22:44:25 [WARN] account error (-1): http请求错误 0x6
2019-05-28 22:44:33 [WARN] request error (0x100000006): https://pan.baidu.com/api/quota 
2019-05-28 22:45:23 [WARN] request error (0x100000006): https://pan.baidu.com/api/quota 
2019-05-28 22:45:51 [WARN] account error (-1): http请求错误 0x6
2019-05-28 22:46:12 [WARN] request error (0x100000006): https://pan.baidu.com/api/quota 
2019-05-28 22:47:15 [WARN] account error (-1): http请求错误 0x6
2019-05-28 22:47:45 [WARN] request error (0x100000006): https://pan.baidu.com/api/quota 
2019-05-28 22:48:35 [WARN] request error (0x100000006): https://pan.baidu.com/api/quota 
2019-05-28 22:48:40 [WARN] account error (-1): http请求错误 0x6
2019-05-28 22:49:25 [WARN] request error (0x100000006): https://pan.baidu.com/api/quota 
2019-05-28 22:50:05 [WARN] account error (-1): http请求错误 0x6
2019-05-28 22:50:14 [WARN] request error (0x100000006): https://pan.baidu.com/api/quota 
2019-05-28 22:51:30 [WARN] account error (-1): http请求错误 0x6
2019-05-28 22:51:47 [WARN] request error (0x100000006): https://pan.baidu.com/api/quota 
2019-05-28 22:52:37 [WARN] request error (0x100000006): https://pan.baidu.com/api/quota 
2019-05-28 22:52:55 [WARN] account error (-1): http请求错误 0x6
2019-05-28 22:53:27 [WARN] request error (0x100000006): https://pan.baidu.com/api/quota 
2019-05-28 22:54:16 [WARN] request error (0x100000006): https://pan.baidu.com/api/quota 
2019-05-28 22:54:20 [WARN] account error (-1): http请求错误 0x6
2019-05-28 22:55:45 [WARN] account error (-1): http请求错误 0x6
2019-05-28 22:55:49 [WARN] request error (0x100000006): https://pan.baidu.com/api/quota 
2019-05-28 22:56:39 [WARN] request error (0x100000006): https://pan.baidu.com/api/quota 
2019-05-28 22:57:10 [WARN] account error (-1): http请求错误 0x6
2019-05-28 22:57:29 [WARN] request error (0x100000006): https://pan.baidu.com/api/quota 
2019-05-28 22:58:18 [WARN] request error (0x100000006): https://pan.baidu.com/api/quota 
2019-05-28 22:58:35 [WARN] account error (-1): http请求错误 0x6
2019-05-28 22:59:51 [WARN] request error (0x100000006): https://pan.baidu.com/api/quota 
2019-05-28 23:00:00 [WARN] account error (-1): http请求错误 0x6
2019-05-28 23:00:41 [WARN] request error (0x100000006): https://pan.baidu.com/api/quota 
2019-05-28 23:01:25 [WARN] account error (-1): http请求错误 0x6
2019-05-28 23:01:31 [WARN] request error (0x100000006): https://pan.baidu.com/api/quota 
2019-05-28 23:02:20 [WARN] request error (0x100000006): https://pan.baidu.com/api/quota 
2019-05-28 23:02:50 [WARN] account error (-1): http请求错误 0x6
2019-05-28 23:03:53 [WARN] request error (0x100000006): https://pan.baidu.com/api/quota 
2019-05-28 23:04:15 [WARN] account error (-1): http请求错误 0x6
2019-05-28 23:04:43 [WARN] request error (0x100000006): https://pan.baidu.com/api/quota 
2019-05-28 23:05:33 [WARN] request error (0x100000006): https://pan.baidu.com/api/quota 
2019-05-28 23:05:40 [WARN] account error (-1): http请求错误 0x6
2019-05-28 23:06:22 [WARN] request error (0x100000006): https://pan.baidu.com/api/quota 
2019-05-28 23:07:05 [WARN] account error (-1): http请求错误 0x6
2019-05-28 23:07:55 [WARN] request error (0x100000006): https://pan.baidu.com/api/quota 
2019-05-28 23:08:30 [WARN] account error (-1): http请求错误 0x6
2019-05-28 23:08:45 [WARN] request error (0x100000006): https://pan.baidu.com/api/quota 
2019-05-28 23:09:35 [WARN] request error (0x100000006): https://pan.baidu.com/api/quota 
2019-05-28 23:09:55 [WARN] account error (-1): http请求错误 0x6
2019-05-28 23:10:24 [WARN] request error (0x100000006): https://pan.baidu.com/api/quota 
2019-05-28 23:11:20 [WARN] account error (-1): http请求错误 0x6
2019-05-28 23:11:57 [WARN] request error (0x100000006): https://pan.baidu.com/api/quota 
2019-05-28 23:12:45 [WARN] account error (-1): http请求错误 0x6
2019-05-28 23:12:47 [WARN] request error (0x100000006): https://pan.baidu.com/api/quota 
2019-05-28 23:13:37 [WARN] request error (0x100000006): https://pan.baidu.com/api/quota 
2019-05-28 23:14:10 [WARN] account error (-1): http请求错误 0x6
2019-05-28 23:14:26 [WARN] request error (0x100000006): https://pan.baidu.com/api/quota 
2019-05-28 23:15:35 [WARN] account error (-1): http请求错误 0x6
2019-05-28 23:15:59 [WARN] request error (0x100000006): https://pan.baidu.com/api/quota 
2019-05-28 23:16:49 [WARN] request error (0x100000006): https://pan.baidu.com/api/quota 
2019-05-28 23:17:00 [WARN] account error (-1): http请求错误 0x6
2019-05-28 23:17:39 [WARN] request error (0x100000006): https://pan.baidu.com/api/quota 
2019-05-28 23:18:25 [WARN] account error (-1): http请求错误 0x6
2019-05-28 23:18:28 [WARN] request error (0x100000006): https://pan.baidu.com/api/quota 
2019-05-28 23:19:50 [WARN] account error (-1): http请求错误 0x6
2019-05-28 23:20:01 [WARN] request error (0x100000006): https://pan.baidu.com/api/quota 
2019-05-28 23:20:51 [WARN] request error (0x100000006): https://pan.baidu.com/api/quota 
2019-05-28 23:21:15 [WARN] account error (-1): http请求错误 0x6
2019-05-28 23:21:41 [WARN] request error (0x100000006): https://pan.baidu.com/api/quota 
2019-05-28 23:22:30 [WARN] request error (0x100000006): https://pan.baidu.com/api/quota 
2019-05-28 23:22:40 [WARN] account error (-1): http请求错误 0x6
2019-05-28 23:24:03 [WARN] request error (0x100000006): https://pan.baidu.com/api/quota 
2019-05-28 23:24:05 [WARN] account error (-1): http请求错误 0x6
2019-05-28 23:24:53 [WARN] request error (0x100000006): https://pan.baidu.com/api/quota 
2019-05-28 23:25:30 [WARN] account error (-1): http请求错误 0x6
2019-05-28 23:25:43 [WARN] request error (0x100000006): https://pan.baidu.com/api/quota 
2019-05-28 23:26:32 [WARN] request error (0x100000006): https://pan.baidu.com/api/quota 
2019-05-28 23:26:55 [WARN] account error (-1): http请求错误 0x6
2019-05-28 23:28:05 [WARN] request error (0x100000006): https://pan.baidu.com/api/quota 
2019-05-28 23:28:21 [WARN] account error (-1): http请求错误 0x6
2019-05-28 23:28:55 [WARN] request error (0x100000006): https://pan.baidu.com/api/quota 
2019-05-28 23:29:45 [WARN] request error (0x100000006): https://pan.baidu.com/api/quota 
2019-05-28 23:29:45 [WARN] account error (-1): http请求错误 0x6
2019-05-28 23:30:34 [WARN] request error (0x100000006): https://pan.baidu.com/api/quota 
2019-05-28 23:31:10 [WARN] account error (-1): http请求错误 0x6
2019-05-28 23:32:07 [WARN] request error (0x100000006): https://pan.baidu.com/api/quota 
2019-05-28 23:32:35 [WARN] account error (-1): http请求错误 0x6
2019-05-28 23:32:57 [WARN] request error (0x100000006): https://pan.baidu.com/api/quota 
2019-05-28 23:33:47 [WARN] request error (0x100000006): https://pan.baidu.com/api/quota 
2019-05-28 23:34:00 [WARN] account error (-1): http请求错误 0x6
2019-05-28 23:34:36 [WARN] request error (0x100000006): https://pan.baidu.com/api/quota 
2019-05-28 23:35:25 [WARN] account error (-1): http请求错误 0x6
2019-05-28 23:36:09 [WARN] request error (0x100000006): https://pan.baidu.com/api/quota 
2019-05-28 23:36:50 [WARN] account error (-1): http请求错误 0x6
2019-05-28 23:36:59 [WARN] request error (0x100000006): https://pan.baidu.com/api/quota 
2019-05-28 23:37:49 [WARN] request error (0x100000006): https://pan.baidu.com/api/quota 
2019-05-28 23:38:15 [WARN] account error (-1): http请求错误 0x6
2019-05-28 23:38:38 [WARN] request error (0x100000006): https://pan.baidu.com/api/quota 
2019-05-28 23:39:40 [WARN] account error (-1): http请求错误 0x6
2019-05-28 23:40:11 [WARN] request error (0x100000006): https://pan.baidu.com/api/quota 
2019-05-28 23:41:01 [WARN] request error (0x100000006): https://pan.baidu.com/api/quota 
2019-05-28 23:41:05 [WARN] account error (-1): http请求错误 0x6
2019-05-28 23:41:51 [WARN] request error (0x100000006): https://pan.baidu.com/api/quota 
2019-05-28 23:42:30 [WARN] account error (-1): http请求错误 0x6
2019-05-28 23:42:40 [WARN] request error (0x100000006): https://pan.baidu.com/api/quota 
2019-05-28 23:43:55 [WARN] account error (-1): http请求错误 0x6
2019-05-28 23:44:13 [WARN] request error (0x100000006): https://pan.baidu.com/api/quota 
2019-05-28 23:45:03 [WARN] request error (0x100000006): https://pan.baidu.com/api/quota 
2019-05-28 23:45:20 [WARN] account error (-1): http请求错误 0x6
2019-05-28 23:45:53 [WARN] request error (0x100000006): https://pan.baidu.com/api/quota 
2019-05-28 23:46:42 [WARN] request error (0x100000006): https://pan.baidu.com/api/quota 
2019-05-28 23:46:45 [WARN] account error (-1): http请求错误 0x6
2019-05-28 23:48:10 [WARN] account error (-1): http请求错误 0x6
2019-05-28 23:48:15 [WARN] request error (0x100000006): https://pan.baidu.com/api/quota 
2019-05-28 23:49:05 [WARN] request error (0x100000006): https://pan.baidu.com/api/quota 
2019-05-28 23:49:35 [WARN] account error (-1): http请求错误 0x6
2019-05-28 23:49:55 [WARN] request error (0x100000006): https://pan.baidu.com/api/quota 
2019-05-28 23:50:44 [WARN] request error (0x100000006): https://pan.baidu.com/api/quota 
2019-05-28 23:51:00 [WARN] account error (-1): http请求错误 0x6
2019-05-28 23:52:17 [WARN] request error (0x100000006): https://pan.baidu.com/api/quota 
2019-05-28 23:52:25 [WARN] account error (-1): http请求错误 0x6
2019-05-28 23:53:07 [WARN] request error (0x100000006): https://pan.baidu.com/api/quota 
2019-05-28 23:53:50 [WARN] account error (-1): http请求错误 0x6
2019-05-28 23:53:57 [WARN] request error (0x100000006): https://pan.baidu.com/api/quota 
2019-05-28 23:54:46 [WARN] request error (0x100000006): https://pan.baidu.com/api/quota 
2019-05-28 23:55:15 [WARN] account error (-1): http请求错误 0x6
2019-05-28 23:56:19 [WARN] request error (0x100000006): https://pan.baidu.com/api/quota 
2019-05-28 23:56:40 [WARN] account error (-1): http请求错误 0x6
2019-05-28 23:57:09 [WARN] request error (0x100000006): https://pan.baidu.com/api/quota 
2019-05-28 23:57:59 [WARN] request error (0x100000006): https://pan.baidu.com/api/quota 
2019-05-28 23:58:05 [WARN] account error (-1): http请求错误 0x6
2019-05-28 23:58:48 [WARN] request error (0x100000006): https://pan.baidu.com/api/quota 
2019-05-28 23:59:30 [WARN] account error (-1): http请求错误 0x6
2019-05-29 00:00:21 [WARN] request error (0x100000006): https://pan.baidu.com/api/quota 
2019-05-29 00:00:56 [WARN] account error (-1): http请求错误 0x6
2019-05-29 00:01:11 [WARN] request error (0x100000006): https://pan.baidu.com/api/quota 
2019-05-29 00:02:01 [WARN] request error (0x100000006): https://pan.baidu.com/api/quota 
2019-05-29 00:02:20 [WARN] account error (-1): http请求错误 0x6
2019-05-29 00:02:50 [WARN] request error (0x100000006): https://pan.baidu.com/api/quota 
2019-05-29 00:03:45 [WARN] account error (-1): http请求错误 0x6
2019-05-29 00:04:23 [WARN] request error (0x100000006): https://pan.baidu.com/api/quota 
2019-05-29 00:05:10 [WARN] account error (-1): http请求错误 0x6
2019-05-29 00:05:13 [WARN] request error (0x100000006): https://pan.baidu.com/api/quota 
2019-05-29 00:06:03 [WARN] request error (0x100000006): https://pan.baidu.com/api/quota 
2019-05-29 00:06:35 [WARN] account error (-1): http请求错误 0x6
2019-05-29 00:06:52 [WARN] request error (0x100000006): https://pan.baidu.com/api/quota 
2019-05-29 00:08:00 [WARN] account error (-1): http请求错误 0x6
2019-05-29 00:08:25 [WARN] request error (0x100000006): https://pan.baidu.com/api/quota 
2019-05-29 00:09:15 [WARN] request error (0x100000006): https://pan.baidu.com/api/quota 
2019-05-29 00:09:25 [WARN] account error (-1): http请求错误 0x6
2019-05-29 00:10:05 [WARN] request error (0x100000006): https://pan.baidu.com/api/quota 
2019-05-29 00:10:50 [WARN] account error (-1): http请求错误 0x6
2019-05-29 00:10:54 [WARN] request error (0x100000006): https://pan.baidu.com/api/quota 
2019-05-29 00:12:15 [WARN] account error (-1): http请求错误 0x6
2019-05-29 00:12:27 [WARN] request error (0x100000006): https://pan.baidu.com/api/quota 
2019-05-29 00:13:17 [WARN] request error (0x100000006): https://pan.baidu.com/api/quota 
2019-05-29 00:13:40 [WARN] account error (-1): http请求错误 0x6
2019-05-29 00:14:07 [WARN] request error (0x100000006): https://pan.baidu.com/api/quota 
2019-05-29 00:14:56 [WARN] request error (0x100000006): https://pan.baidu.com/api/quota 
2019-05-29 00:15:05 [WARN] account error (-1): http请求错误 0x6
2019-05-29 00:16:29 [WARN] request error (0x100000006): https://pan.baidu.com/api/quota 
2019-05-29 00:16:30 [WARN] account error (-1): http请求错误 0x6
2019-05-29 00:17:19 [WARN] request error (0x100000006): https://pan.baidu.com/api/quota 
2019-05-29 00:17:55 [WARN] account error (-1): http请求错误 0x6
2019-05-29 00:18:09 [WARN] request error (0x100000006): https://pan.baidu.com/api/quota 
2019-05-29 00:18:58 [WARN] request error (0x100000006): https://pan.baidu.com/api/quota 
2019-05-29 00:19:20 [WARN] account error (-1): http请求错误 0x6
2019-05-29 00:20:31 [WARN] request error (0x100000006): https://pan.baidu.com/api/quota 
2019-05-29 00:20:45 [WARN] account error (-1): http请求错误 0x6
2019-05-29 00:21:21 [WARN] request error (0x100000006): https://pan.baidu.com/api/quota 
2019-05-29 00:22:10 [WARN] account error (-1): http请求错误 0x6
2019-05-29 00:22:11 [WARN] request error (0x100000006): https://pan.baidu.com/api/quota 
2019-05-29 00:23:00 [WARN] request error (0x100000006): https://pan.baidu.com/api/quota 
2019-05-29 00:23:35 [WARN] account error (-1): http请求错误 0x6
2019-05-29 00:24:33 [WARN] request error (0x100000006): https://pan.baidu.com/api/quota 
2019-05-29 00:25:00 [WARN] account error (-1): http请求错误 0x6
2019-05-29 00:25:23 [WARN] request error (0x100000006): https://pan.baidu.com/api/quota 
2019-05-29 00:26:13 [WARN] request error (0x100000006): https://pan.baidu.com/api/quota 
2019-05-29 00:26:25 [WARN] account error (-1): http请求错误 0x6
2019-05-29 00:27:02 [WARN] request error (0x100000006): https://pan.baidu.com/api/quota 
2019-05-29 00:27:50 [WARN] account error (-1): http请求错误 0x6
2019-05-29 00:28:35 [WARN] request error (0x100000006): https://pan.baidu.com/api/quota 
2019-05-29 00:29:15 [WARN] account error (-1): http请求错误 0x6
2019-05-29 00:29:25 [WARN] request error (0x100000006): https://pan.baidu.com/api/quota 
2019-05-29 00:30:15 [WARN] request error (0x100000006): https://pan.baidu.com/api/quota 
2019-05-29 00:30:40 [WARN] account error (-1): http请求错误 0x6
2019-05-29 00:31:04 [WARN] request error (0x100000006): https://pan.baidu.com/api/quota 
2019-05-29 00:32:05 [WARN] account error (-1): http请求错误 0x6
2019-05-29 00:32:37 [WARN] request error (0x100000006): https://pan.baidu.com/api/quota 
2019-05-29 00:33:27 [WARN] request error (0x100000006): https://pan.baidu.com/api/quota 
2019-05-29 00:33:30 [WARN] account error (-1): http请求错误 0x6
2019-05-29 00:34:17 [WARN] request error (0x100000006): https://pan.baidu.com/api/quota 
2019-05-29 00:34:55 [WARN] account error (-1): http请求错误 0x6
2019-05-29 00:35:06 [WARN] request error (0x100000006): https://pan.baidu.com/api/quota 
2019-05-29 00:36:20 [WARN] account error (-1): http请求错误 0x6
2019-05-29 00:36:39 [WARN] request error (0x100000006): https://pan.baidu.com/api/quota 
2019-05-29 00:37:29 [WARN] request error (0x100000006): https://pan.baidu.com/api/quota 
2019-05-29 00:37:45 [WARN] account error (-1): http请求错误 0x6
2019-05-29 00:38:19 [WARN] request error (0x100000006): https://pan.baidu.com/api/quota 
2019-05-29 00:39:08 [WARN] request error (0x100000006): https://pan.baidu.com/api/quota 
2019-05-29 00:39:10 [WARN] account error (-1): http请求错误 0x6
2019-05-29 00:39:21 [WARN] aria2 websocket connection closed (127.0.0.1:6808), code: 1006 (Abnormal close), reason: 
