2019-04-25 19:07:36 [INFO] pandownload version: 2.1.0 beta
2019-04-25 19:07:38 [INFO] aria2 websocket connection opened (127.0.0.1:6808)
2019-04-25 19:07:38 [INFO] aria2 version: 1.34.0
2019-04-25 19:07:38 [INFO] aria2 json-rpc path: http://token:pandownload@127.0.0.1:6808/jsonrpc
2019-04-25 19:07:38 [INFO] create main window
2019-04-25 19:07:39 [INFO] verify cookie (600)
2019-04-25 19:07:41 [INFO] user login success (4052464532): zji739
2019-04-25 19:08:41 [WARN] account error (403): Access Denied
2019-04-25 21:07:46 [WARN] request error (0x10000001c): https://pan.baidu.com/api/quota 
2019-04-25 21:10:13 [WARN] request error (0x10000001c): https://pan.baidu.com/api/list 
2019-04-25 21:11:09 [WARN] request error (0x10000001c): https://pan.baidu.com/api/quota 
2019-04-25 21:11:44 [WARN] ID#4 - No URI available.(2) FILE="C:/Users/Administrator/Desktop/360/10-1 课程总结.ev4" SIZE="36056128"
2019-04-25 21:11:45 [WARN] ID#3 - No URI available.(2) FILE="C:/Users/Administrator/Desktop/360/9-11 程序主流程设计及代码实现-(4).ev4" SIZE="145066784"
2019-04-25 21:12:57 [WARN] ID#1 - No URI available.(2) FILE="C:/Users/Administrator/Desktop/360/9.9-9.10.ev4" SIZE="183182560"
2019-04-25 21:13:04 [WARN] request error (0x10000001c): https://pan.baidu.com/api/quota 
2019-04-25 21:14:49 [WARN] request error (0x10000001c): https://pan.baidu.com/api/quota 
2019-04-25 21:17:06 [WARN] ID#1 - No URI available.(2) FILE="C:/Users/Administrator/Desktop/360/9.9-9.10.ev4" SIZE="183182560"
2019-04-25 22:15:57 [WARN] ID#9 - No URI available.(19) FILE="C:/Users/Administrator/Desktop/360/7-1 编写一个简单的扩展.ev4" SIZE="94778240"
2019-04-25 22:15:57 [WARN] ID#2 - No URI available.(19) FILE="C:/Users/Administrator/Desktop/360/8-1 课程回顾与展望.ev4" SIZE="127790848"
2019-04-25 22:15:57 [WARN] ID#3 - No URI available.(19) FILE="C:/Users/Administrator/Desktop/360/7-7 内部扩展date.ev4" SIZE="49371728"
2019-04-25 22:15:57 [WARN] ID#4 - No URI available.(19) FILE="C:/Users/Administrator/Desktop/360/7-6 内部函数sort分析.ev4" SIZE="79804416"
2019-04-25 22:15:57 [WARN] ID#6 - No URI available.(19) FILE="C:/Users/Administrator/Desktop/360/7-4 SeasLog扩展分析（一）.ev4" SIZE="98131408"
2019-04-25 22:15:58 [WARN] ID#8 - No URI available.(19) FILE="C:/Users/Administrator/Desktop/360/7-2 实战：扩展的具体分析.ev4" SIZE="97648240"
2019-04-25 22:16:02 [WARN] ID#7 - No URI available.(19) FILE="C:/Users/Administrator/Desktop/360/7-3 一个简单的日志扩展.ev4" SIZE="48013792"
2019-04-25 22:16:05 [WARN] ID#5 - No URI available.(19) FILE="C:/Users/Administrator/Desktop/360/7-5 SeasLog扩展分析（二）.ev4" SIZE="68248432"
2019-04-25 22:16:12 [WARN] script log (默认): [CURL-EASY][COULDNT_RESOLVE_HOST] Couldn't resolve host name (6)
2019-04-25 22:16:12 [WARN] ID#3 - [CURL-EASY][COULDNT_RESOLVE_HOST] Couldn't resolve host name (6)(-1) FILE="C:/Users/Administrator/Desktop/360/7-7 内部扩展date.ev4" SIZE="49371728"
2019-04-25 22:16:16 [WARN] script log (默认): [CURL-EASY][COULDNT_RESOLVE_HOST] Couldn't resolve host name (6)
2019-04-25 22:16:17 [WARN] ID#7 - [CURL-EASY][COULDNT_RESOLVE_HOST] Couldn't resolve host name (6)(-1) FILE="C:/Users/Administrator/Desktop/360/7-3 一个简单的日志扩展.ev4" SIZE="48013792"
2019-04-25 22:16:26 [WARN] request error (0x100000006): https://pan.baidu.com/rest/2.0/membership/speeds/freqctrl?method=get 
2019-04-25 22:16:27 [WARN] script log (默认): [CURL-EASY][COULDNT_RESOLVE_HOST] Couldn't resolve host name (6)
2019-04-25 22:16:27 [WARN] ID#3 - [CURL-EASY][COULDNT_RESOLVE_HOST] Couldn't resolve host name (6)(-1) FILE="C:/Users/Administrator/Desktop/360/7-7 内部扩展date.ev4" SIZE="49371728"
2019-04-25 22:16:31 [WARN] script log (默认): [CURL-EASY][COULDNT_RESOLVE_HOST] Couldn't resolve host name (6)
2019-04-25 22:16:32 [WARN] ID#7 - [CURL-EASY][COULDNT_RESOLVE_HOST] Couldn't resolve host name (6)(-1) FILE="C:/Users/Administrator/Desktop/360/7-3 一个简单的日志扩展.ev4" SIZE="48013792"
2019-04-25 22:16:34 [WARN] account error (-1): http请求错误 0x6
2019-04-25 22:16:40 [WARN] request error (0x100000006): https://pan.baidu.com/api/quota 
2019-04-25 22:16:41 [WARN] script log (默认): [CURL-EASY][COULDNT_RESOLVE_HOST] Couldn't resolve host name (6)
2019-04-25 22:16:41 [WARN] script log (默认): [CURL-EASY][COULDNT_RESOLVE_HOST] Couldn't resolve host name (6)
2019-04-25 22:16:41 [WARN] script log (默认): [CURL-EASY][COULDNT_RESOLVE_HOST] Couldn't resolve host name (6)
2019-04-25 22:16:41 [WARN] script log (默认): [CURL-EASY][COULDNT_RESOLVE_HOST] Couldn't resolve host name (6)
2019-04-25 22:16:41 [WARN] script log (默认): [CURL-EASY][COULDNT_RESOLVE_HOST] Couldn't resolve host name (6)
2019-04-25 22:16:41 [WARN] script log (默认): [CURL-EASY][COULDNT_RESOLVE_HOST] Couldn't resolve host name (6)
2019-04-25 22:16:41 [WARN] ID#2 - [CURL-EASY][COULDNT_RESOLVE_HOST] Couldn't resolve host name (6)(-1) FILE="C:/Users/Administrator/Desktop/360/8-1 课程回顾与展望.ev4" SIZE="127790848"
2019-04-25 22:16:41 [WARN] ID#4 - [CURL-EASY][COULDNT_RESOLVE_HOST] Couldn't resolve host name (6)(-1) FILE="C:/Users/Administrator/Desktop/360/7-6 内部函数sort分析.ev4" SIZE="79804416"
2019-04-25 22:16:41 [WARN] ID#5 - [CURL-EASY][COULDNT_RESOLVE_HOST] Couldn't resolve host name (6)(-1) FILE="C:/Users/Administrator/Desktop/360/7-5 SeasLog扩展分析（二）.ev4" SIZE="68248432"
2019-04-25 22:16:41 [WARN] ID#6 - [CURL-EASY][COULDNT_RESOLVE_HOST] Couldn't resolve host name (6)(-1) FILE="C:/Users/Administrator/Desktop/360/7-4 SeasLog扩展分析（一）.ev4" SIZE="98131408"
2019-04-25 22:16:41 [WARN] ID#8 - [CURL-EASY][COULDNT_RESOLVE_HOST] Couldn't resolve host name (6)(-1) FILE="C:/Users/Administrator/Desktop/360/7-2 实战：扩展的具体分析.ev4" SIZE="97648240"
2019-04-25 22:16:41 [WARN] ID#9 - [CURL-EASY][COULDNT_RESOLVE_HOST] Couldn't resolve host name (6)(-1) FILE="C:/Users/Administrator/Desktop/360/7-1 编写一个简单的扩展.ev4" SIZE="94778240"
2019-04-25 22:16:55 [WARN] script log (默认): [CURL-EASY][COULDNT_RESOLVE_HOST] Couldn't resolve host name (6)
2019-04-25 22:16:55 [WARN] script log (默认): [CURL-EASY][COULDNT_RESOLVE_HOST] Couldn't resolve host name (6)
2019-04-25 22:16:55 [WARN] script log (默认): [CURL-EASY][COULDNT_RESOLVE_HOST] Couldn't resolve host name (6)
2019-04-25 22:16:55 [WARN] script log (默认): [CURL-EASY][COULDNT_RESOLVE_HOST] Couldn't resolve host name (6)
2019-04-25 22:16:55 [WARN] script log (默认): [CURL-EASY][COULDNT_RESOLVE_HOST] Couldn't resolve host name (6)
2019-04-25 22:16:55 [WARN] script log (默认): [CURL-EASY][COULDNT_RESOLVE_HOST] Couldn't resolve host name (6)
2019-04-25 22:16:55 [WARN] ID#2 - [CURL-EASY][COULDNT_RESOLVE_HOST] Couldn't resolve host name (6)(-1) FILE="C:/Users/Administrator/Desktop/360/8-1 课程回顾与展望.ev4" SIZE="127790848"
2019-04-25 22:16:55 [WARN] ID#4 - [CURL-EASY][COULDNT_RESOLVE_HOST] Couldn't resolve host name (6)(-1) FILE="C:/Users/Administrator/Desktop/360/7-6 内部函数sort分析.ev4" SIZE="79804416"
2019-04-25 22:16:55 [WARN] ID#5 - [CURL-EASY][COULDNT_RESOLVE_HOST] Couldn't resolve host name (6)(-1) FILE="C:/Users/Administrator/Desktop/360/7-5 SeasLog扩展分析（二）.ev4" SIZE="68248432"
2019-04-25 22:16:55 [WARN] ID#6 - [CURL-EASY][COULDNT_RESOLVE_HOST] Couldn't resolve host name (6)(-1) FILE="C:/Users/Administrator/Desktop/360/7-4 SeasLog扩展分析（一）.ev4" SIZE="98131408"
2019-04-25 22:16:55 [WARN] ID#8 - [CURL-EASY][COULDNT_RESOLVE_HOST] Couldn't resolve host name (6)(-1) FILE="C:/Users/Administrator/Desktop/360/7-2 实战：扩展的具体分析.ev4" SIZE="97648240"
2019-04-25 22:16:55 [WARN] ID#9 - [CURL-EASY][COULDNT_RESOLVE_HOST] Couldn't resolve host name (6)(-1) FILE="C:/Users/Administrator/Desktop/360/7-1 编写一个简单的扩展.ev4" SIZE="94778240"
2019-04-25 22:17:29 [WARN] request error (0x100000006): https://pan.baidu.com/api/quota 
2019-04-25 22:17:59 [WARN] account error (-1): http请求错误 0x6
2019-04-25 22:19:01 [WARN] request error (0x100000006): https://pan.baidu.com/api/quota 
2019-04-25 22:19:24 [WARN] account error (-1): http请求错误 0x6
2019-04-25 22:19:50 [WARN] request error (0x100000006): https://pan.baidu.com/api/quota 
2019-04-25 22:20:39 [WARN] request error (0x100000006): https://pan.baidu.com/api/quota 
2019-04-25 22:20:49 [WARN] account error (-1): http请求错误 0x6
2019-04-25 22:21:28 [WARN] request error (0x100000006): https://pan.baidu.com/api/quota 
2019-04-25 22:22:14 [WARN] account error (-1): http请求错误 0x6
2019-04-25 22:23:00 [WARN] request error (0x100000006): https://pan.baidu.com/api/quota 
2019-04-25 22:23:24 [WARN] ID#9 - No URI available.(22) FILE="C:/Users/Administrator/Desktop/360/7-1 编写一个简单的扩展.ev4" SIZE="94778240"
2019-04-25 22:23:24 [WARN] ID#2 - No URI available.(22) FILE="C:/Users/Administrator/Desktop/360/8-1 课程回顾与展望.ev4" SIZE="127790848"
2019-04-25 22:23:25 [WARN] ID#3 - No URI available.(22) FILE="C:/Users/Administrator/Desktop/360/7-7 内部扩展date.ev4" SIZE="49371728"
2019-04-25 22:23:25 [WARN] ID#4 - No URI available.(22) FILE="C:/Users/Administrator/Desktop/360/7-6 内部函数sort分析.ev4" SIZE="79804416"
2019-04-25 22:23:25 [WARN] ID#5 - No URI available.(22) FILE="C:/Users/Administrator/Desktop/360/7-5 SeasLog扩展分析（二）.ev4" SIZE="68248432"
2019-04-25 22:23:25 [WARN] ID#6 - No URI available.(22) FILE="C:/Users/Administrator/Desktop/360/7-4 SeasLog扩展分析（一）.ev4" SIZE="98131408"
2019-04-25 22:23:25 [WARN] script log (默认): {"error_code":31326,"error_msg":"user is not authorized, hitcode:117","request_id":2665618273694134020}
2019-04-25 22:23:25 [WARN] script log (默认): {"error_code":31326,"error_msg":"user is not authorized, hitcode:117","request_id":2665618284385975081}
2019-04-25 22:23:25 [WARN] script log (默认): {"error_code":31326,"error_msg":"user is not authorized, hitcode:117","request_id":2665618294045857247}
2019-04-25 22:23:25 [WARN] script log (默认): {"error_code":31326,"error_msg":"user is not authorized, hitcode:117","request_id":2665618273646318335}
2019-04-25 22:23:25 [WARN] script log (默认): {"error_code":31326,"error_msg":"user is not authorized, hitcode:117","request_id":2665618270111276883}
2019-04-25 22:23:25 [WARN] ID#2 - 您的账号可能已被百度限速(-3) FILE="C:/Users/Administrator/Desktop/360/8-1 课程回顾与展望.ev4" SIZE="127790848"
2019-04-25 22:23:25 [WARN] ID#4 - 您的账号可能已被百度限速(-3) FILE="C:/Users/Administrator/Desktop/360/7-6 内部函数sort分析.ev4" SIZE="79804416"
2019-04-25 22:23:25 [WARN] ID#5 - 您的账号可能已被百度限速(-3) FILE="C:/Users/Administrator/Desktop/360/7-5 SeasLog扩展分析（二）.ev4" SIZE="68248432"
2019-04-25 22:23:25 [WARN] ID#6 - 您的账号可能已被百度限速(-3) FILE="C:/Users/Administrator/Desktop/360/7-4 SeasLog扩展分析（一）.ev4" SIZE="98131408"
2019-04-25 22:23:25 [WARN] ID#9 - 您的账号可能已被百度限速(-3) FILE="C:/Users/Administrator/Desktop/360/7-1 编写一个简单的扩展.ev4" SIZE="94778240"
2019-04-25 22:23:26 [WARN] script log (默认): {"error_code":31326,"error_msg":"user is not authorized, hitcode:117","request_id":2665618504261678039}
2019-04-25 22:23:26 [WARN] script log (默认): {"error_code":31326,"error_msg":"user is not authorized, hitcode:117","request_id":2665618504840453659}
2019-04-25 22:23:26 [WARN] script log (默认): {"error_code":31326,"error_msg":"user is not authorized, hitcode:117","request_id":2665618504821786232}
2019-04-25 22:23:26 [WARN] script log (默认): {"error_code":31326,"error_msg":"user is not authorized, hitcode:117","request_id":2665618509335591482}
2019-04-25 22:23:26 [WARN] ID#2 - 您的账号可能已被百度限速(-3) FILE="C:/Users/Administrator/Desktop/360/8-1 课程回顾与展望.ev4" SIZE="127790848"
2019-04-25 22:23:26 [WARN] ID#4 - 您的账号可能已被百度限速(-3) FILE="C:/Users/Administrator/Desktop/360/7-6 内部函数sort分析.ev4" SIZE="79804416"
2019-04-25 22:23:26 [WARN] ID#5 - 您的账号可能已被百度限速(-3) FILE="C:/Users/Administrator/Desktop/360/7-5 SeasLog扩展分析（二）.ev4" SIZE="68248432"
2019-04-25 22:23:26 [WARN] ID#6 - 您的账号可能已被百度限速(-3) FILE="C:/Users/Administrator/Desktop/360/7-4 SeasLog扩展分析（一）.ev4" SIZE="98131408"
2019-04-25 22:23:27 [WARN] ID#3 - The response status is not successful. status=403(22) FILE="C:/Users/Administrator/Desktop/360/7-7 内部扩展date.ev4" SIZE="49371728"
2019-04-25 22:23:27 [WARN] script log (默认): {"error_code":31326,"error_msg":"user is not authorized, hitcode:117","request_id":2665618503481551060}
2019-04-25 22:23:27 [WARN] ID#9 - 您的账号可能已被百度限速(-3) FILE="C:/Users/Administrator/Desktop/360/7-1 编写一个简单的扩展.ev4" SIZE="94778240"
2019-04-25 22:23:28 [WARN] ID#3 - The response status is not successful. status=403(22) FILE="C:/Users/Administrator/Desktop/360/7-7 内部扩展date.ev4" SIZE="49371728"
2019-04-25 22:25:41 [WARN] ID#1 - No URI available.(22) FILE="C:/Users/Administrator/Desktop/360/8-1 课程回顾与展望.ev4" SIZE="127790848"
2019-04-25 22:26:01 [WARN] ID#3 - No URI available.(22) FILE="C:/Users/Administrator/Desktop/360/7-2 实战：扩展的具体分析.ev4" SIZE="97648240"
2019-04-25 22:26:01 [WARN] ID#8 - No URI available.(22) FILE="C:/Users/Administrator/Desktop/360/7-7 内部扩展date.ev4" SIZE="49371728"
2019-04-25 22:30:38 [WARN] account error (403): Access Denied
2019-04-25 22:44:18 [WARN] request error (0x100000006): https://pan.baidu.com/api/quota 
2019-04-25 22:45:07 [WARN] request error (0x100000006): https://pan.baidu.com/api/quota 
2019-04-25 22:46:39 [WARN] request error (0x100000006): https://pan.baidu.com/api/quota 
2019-04-25 22:47:28 [WARN] request error (0x100000006): https://pan.baidu.com/api/quota 
2019-04-25 22:48:17 [WARN] request error (0x100000006): https://pan.baidu.com/api/quota 
2019-04-25 22:49:06 [WARN] request error (0x100000006): https://pan.baidu.com/api/quota 
2019-04-25 22:50:38 [WARN] request error (0x100000006): https://pan.baidu.com/api/quota 
2019-04-25 22:51:27 [WARN] request error (0x100000006): https://pan.baidu.com/api/quota 
2019-04-25 22:51:48 [WARN] aria2 websocket connection closed (127.0.0.1:6808), code: 1006 (Abnormal close), reason: 
