2019-05-08 18:54:49 [INFO] pandownload version: 2.1.0 beta
2019-05-08 18:54:50 [INFO] aria2 websocket connection opened (127.0.0.1:6808)
2019-05-08 18:54:50 [INFO] aria2 version: 1.34.0
2019-05-08 18:54:50 [INFO] aria2 json-rpc path: http://token:pandownload@127.0.0.1:6808/jsonrpc
2019-05-08 18:54:50 [INFO] create main window
2019-05-08 18:54:50 [INFO] verify cookie (600)
2019-05-08 18:54:52 [INFO] user login success (4052464532): zji739
2019-05-08 19:03:02 [WARN] request error (0x100000006): https://pan.baidu.com/api/quota 
2019-05-08 19:03:22 [WARN] account error (-1): http请求错误 0x6
2019-05-08 19:03:51 [WARN] request error (0x100000006): https://pan.baidu.com/api/quota 
2019-05-08 19:05:24 [WARN] account error (-1): http请求错误 0x6
2019-05-08 19:05:55 [WARN] request error (0x100000006): https://pan.baidu.com/api/quota 
2019-05-08 19:06:44 [WARN] request error (0x100000006): https://pan.baidu.com/api/quota 
2019-05-08 19:06:49 [WARN] account error (-1): http请求错误 0x6
2019-05-08 19:07:47 [WARN] request error (0x100000006): https://pan.baidu.com/api/quota 
2019-05-08 19:07:50 [WARN] account error (-1): http请求错误 0x6
2019-05-08 19:08:08 [WARN] request error (0x100000006): https://pan.baidu.com/api/quota 
2019-05-08 19:08:57 [WARN] request error (0x100000006): https://pan.baidu.com/api/quota 
2019-05-08 19:09:15 [WARN] account error (-1): http请求错误 0x6
2019-05-08 19:09:46 [WARN] request error (0x100000006): https://pan.baidu.com/api/quota 
2019-05-08 19:10:40 [WARN] account error (-1): http请求错误 0x6
2019-05-08 19:11:19 [WARN] request error (0x100000006): https://pan.baidu.com/api/quota 
2019-05-08 19:12:05 [WARN] account error (-1): http请求错误 0x6
2019-05-08 19:12:08 [WARN] request error (0x100000006): https://pan.baidu.com/api/quota 
2019-05-08 19:12:57 [WARN] request error (0x100000006): https://pan.baidu.com/api/quota 
2019-05-08 19:13:30 [WARN] account error (-1): http请求错误 0x6
2019-05-08 19:13:46 [WARN] request error (0x100000006): https://pan.baidu.com/api/quota 
2019-05-08 19:14:55 [WARN] account error (-1): http请求错误 0x6
2019-05-08 19:15:18 [WARN] request error (0x100000006): https://pan.baidu.com/api/quota 
2019-05-08 19:16:07 [WARN] request error (0x100000006): https://pan.baidu.com/api/quota 
2019-05-08 19:16:20 [WARN] account error (-1): http请求错误 0x6
2019-05-08 19:16:40 [WARN] request error (0x100000006): https://pan.baidu.com/api/quota 
2019-05-08 19:17:00 [WARN] request error (0x100000006): https://pan.baidu.com/api/quota 
2019-05-08 19:17:21 [WARN] account error (-1): http请求错误 0x6
2019-05-08 19:17:21 [WARN] request error (0x100000006): https://pan.baidu.com/api/quota 
2019-05-08 19:17:42 [WARN] request error (0x100000006): https://pan.baidu.com/api/quota 
2019-05-08 19:18:02 [WARN] request error (0x100000006): https://pan.baidu.com/api/quota 
2019-05-08 19:18:22 [WARN] account error (-1): http请求错误 0x6
2019-05-08 19:18:23 [WARN] request error (0x100000006): https://pan.baidu.com/api/quota 
2019-05-08 19:18:44 [WARN] request error (0x100000006): https://pan.baidu.com/api/quota 
2019-05-08 19:19:04 [WARN] request error (0x100000006): https://pan.baidu.com/api/quota 
2019-05-08 19:19:23 [WARN] account error (-1): http请求错误 0x6
2019-05-08 19:19:25 [WARN] request error (0x100000006): https://pan.baidu.com/api/quota 
2019-05-08 19:19:46 [WARN] request error (0x100000006): https://pan.baidu.com/api/quota 
2019-05-08 19:20:06 [WARN] request error (0x100000006): https://pan.baidu.com/api/quota 
2019-05-08 19:20:24 [WARN] account error (-1): http请求错误 0x6
2019-05-08 19:20:27 [WARN] request error (0x100000006): https://pan.baidu.com/api/quota 
2019-05-08 19:20:48 [WARN] request error (0x100000006): https://pan.baidu.com/api/quota 
2019-05-08 19:21:08 [WARN] request error (0x100000006): https://pan.baidu.com/api/quota 
2019-05-08 19:21:25 [WARN] account error (-1): http请求错误 0x6
2019-05-08 19:21:29 [WARN] request error (0x100000006): https://pan.baidu.com/api/quota 
2019-05-08 19:21:50 [WARN] request error (0x100000006): https://pan.baidu.com/api/quota 
2019-05-08 19:22:10 [WARN] request error (0x100000006): https://pan.baidu.com/api/quota 
2019-05-08 19:22:26 [WARN] account error (-1): http请求错误 0x6
2019-05-08 19:22:31 [WARN] request error (0x100000006): https://pan.baidu.com/api/quota 
2019-05-08 19:22:52 [WARN] request error (0x100000006): https://pan.baidu.com/api/quota 
2019-05-08 19:23:12 [WARN] request error (0x100000006): https://pan.baidu.com/api/quota 
2019-05-08 19:23:27 [WARN] account error (-1): http请求错误 0x6
2019-05-08 19:23:33 [WARN] request error (0x100000006): https://pan.baidu.com/api/quota 
2019-05-08 19:23:54 [WARN] request error (0x100000006): https://pan.baidu.com/api/quota 
2019-05-08 19:24:14 [WARN] request error (0x100000006): https://pan.baidu.com/api/quota 
2019-05-08 19:24:28 [WARN] account error (-1): http请求错误 0x6
2019-05-08 19:24:35 [WARN] request error (0x100000006): https://pan.baidu.com/api/quota 
2019-05-08 19:24:56 [WARN] request error (0x100000006): https://pan.baidu.com/api/quota 
2019-05-08 19:25:16 [WARN] request error (0x100000006): https://pan.baidu.com/api/quota 
2019-05-08 19:25:53 [WARN] account error (-1): http请求错误 0x6
2019-05-08 19:26:06 [WARN] request error (0x100000006): https://pan.baidu.com/api/quota 
2019-05-08 19:26:55 [WARN] request error (0x100000006): https://pan.baidu.com/api/quota 
2019-05-08 19:27:18 [WARN] account error (-1): http请求错误 0x6
2019-05-08 19:27:44 [WARN] request error (0x100000006): https://pan.baidu.com/api/quota 
2019-05-08 19:28:33 [WARN] request error (0x100000006): https://pan.baidu.com/api/quota 
2019-05-08 19:28:43 [WARN] account error (-1): http请求错误 0x6
2019-05-08 19:30:05 [WARN] request error (0x100000006): https://pan.baidu.com/api/quota 
2019-05-08 19:30:08 [WARN] account error (-1): http请求错误 0x6
2019-05-08 19:30:54 [WARN] request error (0x100000006): https://pan.baidu.com/api/quota 
2019-05-08 19:31:33 [WARN] account error (-1): http请求错误 0x6
2019-05-08 19:31:43 [WARN] request error (0x100000006): https://pan.baidu.com/api/quota 
2019-05-08 19:32:32 [WARN] request error (0x100000006): https://pan.baidu.com/api/quota 
2019-05-08 19:32:58 [WARN] account error (-1): http请求错误 0x6
2019-05-08 19:34:05 [WARN] request error (0x100000006): https://pan.baidu.com/api/quota 
2019-05-08 19:34:23 [WARN] account error (-1): http请求错误 0x6
2019-05-08 19:34:54 [WARN] request error (0x100000006): https://pan.baidu.com/api/quota 
2019-05-08 19:35:24 [WARN] account error (-1): http请求错误 0x6
2019-05-08 19:35:27 [WARN] request error (0x100000006): https://pan.baidu.com/api/quota 
2019-05-08 19:35:47 [WARN] request error (0x100000006): https://pan.baidu.com/api/quota 
2019-05-08 19:36:08 [WARN] request error (0x100000006): https://pan.baidu.com/api/quota 
2019-05-08 19:36:25 [WARN] account error (-1): http请求错误 0x6
2019-05-08 19:36:29 [WARN] request error (0x100000006): https://pan.baidu.com/api/quota 
2019-05-08 19:36:49 [WARN] request error (0x100000006): https://pan.baidu.com/api/quota 
2019-05-08 19:37:10 [WARN] request error (0x100000006): https://pan.baidu.com/api/quota 
2019-05-08 19:37:26 [WARN] account error (-1): http请求错误 0x6
2019-05-08 19:37:31 [WARN] request error (0x100000006): https://pan.baidu.com/api/quota 
2019-05-08 19:37:51 [WARN] request error (0x100000006): https://pan.baidu.com/api/quota 
2019-05-08 19:38:12 [WARN] request error (0x100000006): https://pan.baidu.com/api/quota 
2019-05-08 19:38:27 [WARN] account error (-1): http请求错误 0x6
2019-05-08 19:38:33 [WARN] request error (0x100000006): https://pan.baidu.com/api/quota 
2019-05-08 19:38:53 [WARN] request error (0x100000006): https://pan.baidu.com/api/quota 
2019-05-08 19:39:14 [WARN] request error (0x100000006): https://pan.baidu.com/api/quota 
2019-05-08 19:39:28 [WARN] account error (-1): http请求错误 0x6
2019-05-08 19:39:35 [WARN] request error (0x100000006): https://pan.baidu.com/api/quota 
2019-05-08 19:39:55 [WARN] request error (0x100000006): https://pan.baidu.com/api/quota 
2019-05-08 19:40:16 [WARN] request error (0x100000006): https://pan.baidu.com/api/quota 
2019-05-08 19:40:29 [WARN] account error (-1): http请求错误 0x6
2019-05-08 19:40:37 [WARN] request error (0x100000006): https://pan.baidu.com/api/quota 
2019-05-08 19:40:57 [WARN] request error (0x100000006): https://pan.baidu.com/api/quota 
2019-05-08 19:41:18 [WARN] request error (0x100000006): https://pan.baidu.com/api/quota 
2019-05-08 19:41:30 [WARN] account error (-1): http请求错误 0x6
2019-05-08 19:42:07 [WARN] request error (0x100000006): https://pan.baidu.com/api/quota 
2019-05-08 19:42:55 [WARN] account error (-1): http请求错误 0x6
2019-05-08 19:42:56 [WARN] request error (0x100000006): https://pan.baidu.com/api/quota 
2019-05-08 19:43:45 [WARN] request error (0x100000006): https://pan.baidu.com/api/quota 
2019-05-08 19:44:20 [WARN] account error (-1): http请求错误 0x6
2019-05-08 19:44:35 [WARN] request error (0x100000006): https://pan.baidu.com/api/quota 
2019-05-08 19:45:45 [WARN] account error (-1): http请求错误 0x6
2019-05-08 19:46:07 [WARN] request error (0x100000006): https://pan.baidu.com/api/quota 
2019-05-08 19:46:56 [WARN] request error (0x100000006): https://pan.baidu.com/api/quota 
2019-05-08 19:47:10 [WARN] account error (-1): http请求错误 0x6
2019-05-08 19:47:45 [WARN] request error (0x100000006): https://pan.baidu.com/api/quota 
2019-05-08 19:48:34 [WARN] request error (0x100000006): https://pan.baidu.com/api/quota 
2019-05-08 19:48:35 [WARN] account error (-1): http请求错误 0x6
2019-05-08 19:50:00 [WARN] account error (-1): http请求错误 0x6
2019-05-08 19:50:07 [WARN] request error (0x100000006): https://pan.baidu.com/api/quota 
2019-05-08 19:50:56 [WARN] request error (0x100000006): https://pan.baidu.com/api/quota 
2019-05-08 19:51:25 [WARN] account error (-1): http请求错误 0x6
2019-05-08 19:51:45 [WARN] request error (0x100000006): https://pan.baidu.com/api/quota 
2019-05-08 19:52:34 [WARN] request error (0x100000006): https://pan.baidu.com/api/quota 
2019-05-08 19:52:50 [WARN] account error (-1): http请求错误 0x6
2019-05-08 19:54:06 [WARN] request error (0x100000006): https://pan.baidu.com/api/quota 
2019-05-08 19:54:15 [WARN] account error (-1): http请求错误 0x6
2019-05-08 19:54:55 [WARN] request error (0x100000006): https://pan.baidu.com/api/quota 
2019-05-08 19:55:40 [WARN] account error (-1): http请求错误 0x6
2019-05-08 19:55:44 [WARN] request error (0x100000006): https://pan.baidu.com/api/quota 
2019-05-08 19:56:34 [WARN] request error (0x100000006): https://pan.baidu.com/api/quota 
2019-05-08 19:57:05 [WARN] account error (-1): http请求错误 0x6
2019-05-08 19:58:06 [WARN] request error (0x100000006): https://pan.baidu.com/api/quota 
2019-05-08 19:58:30 [WARN] account error (-1): http请求错误 0x6
2019-05-08 19:58:55 [WARN] request error (0x100000006): https://pan.baidu.com/api/quota 
2019-05-08 19:59:44 [WARN] request error (0x100000006): https://pan.baidu.com/api/quota 
2019-05-08 19:59:55 [WARN] account error (-1): http请求错误 0x6
2019-05-08 20:00:34 [WARN] request error (0x100000006): https://pan.baidu.com/api/quota 
2019-05-08 20:01:20 [WARN] account error (-1): http请求错误 0x6
2019-05-08 20:02:06 [WARN] request error (0x100000006): https://pan.baidu.com/api/quota 
2019-05-08 20:02:46 [WARN] account error (-1): http请求错误 0x6
2019-05-08 20:02:55 [WARN] request error (0x100000006): https://pan.baidu.com/api/quota 
2019-05-08 20:03:44 [WARN] request error (0x100000006): https://pan.baidu.com/api/quota 
2019-05-08 20:04:11 [WARN] account error (-1): http请求错误 0x6
2019-05-08 20:04:34 [WARN] request error (0x100000006): https://pan.baidu.com/api/quota 
2019-05-08 20:05:35 [WARN] account error (-1): http请求错误 0x6
2019-05-08 20:06:06 [WARN] request error (0x100000006): https://pan.baidu.com/api/quota 
2019-05-08 20:06:56 [WARN] request error (0x100000006): https://pan.baidu.com/api/quota 
2019-05-08 20:07:00 [WARN] account error (-1): http请求错误 0x6
2019-05-08 20:07:45 [WARN] request error (0x100000006): https://pan.baidu.com/api/quota 
2019-05-08 20:08:25 [WARN] account error (-1): http请求错误 0x6
2019-05-08 20:08:34 [WARN] request error (0x100000006): https://pan.baidu.com/api/quota 
2019-05-08 20:09:51 [WARN] account error (-1): http请求错误 0x6
2019-05-08 20:10:07 [WARN] request error (0x100000006): https://pan.baidu.com/api/quota 
2019-05-08 20:10:56 [WARN] request error (0x100000006): https://pan.baidu.com/api/quota 
2019-05-08 20:11:15 [WARN] account error (-1): http请求错误 0x6
2019-05-08 20:11:45 [WARN] request error (0x100000006): https://pan.baidu.com/api/quota 
2019-05-08 20:12:34 [WARN] request error (0x100000006): https://pan.baidu.com/api/quota 
2019-05-08 20:12:40 [WARN] account error (-1): http请求错误 0x6
2019-05-08 20:14:06 [WARN] account error (-1): http请求错误 0x6
2019-05-08 20:14:07 [WARN] request error (0x100000006): https://pan.baidu.com/api/quota 
2019-05-08 20:14:56 [WARN] request error (0x100000006): https://pan.baidu.com/api/quota 
2019-05-08 20:15:30 [WARN] account error (-1): http请求错误 0x6
2019-05-08 20:15:45 [WARN] request error (0x100000006): https://pan.baidu.com/api/quota 
2019-05-08 20:16:34 [WARN] request error (0x100000006): https://pan.baidu.com/api/quota 
2019-05-08 20:16:55 [WARN] account error (-1): http请求错误 0x6
2019-05-08 20:18:07 [WARN] request error (0x100000006): https://pan.baidu.com/api/quota 
2019-05-08 20:18:20 [WARN] account error (-1): http请求错误 0x6
2019-05-08 20:18:56 [WARN] request error (0x100000006): https://pan.baidu.com/api/quota 
2019-05-08 20:19:45 [WARN] request error (0x100000006): https://pan.baidu.com/api/quota 
2019-05-08 20:19:45 [WARN] account error (-1): http请求错误 0x6
2019-05-08 20:20:34 [WARN] request error (0x100000006): https://pan.baidu.com/api/quota 
2019-05-08 20:21:10 [WARN] account error (-1): http请求错误 0x6
2019-05-08 20:22:07 [WARN] request error (0x100000006): https://pan.baidu.com/api/quota 
2019-05-08 20:22:35 [WARN] account error (-1): http请求错误 0x6
2019-05-08 20:22:56 [WARN] request error (0x100000006): https://pan.baidu.com/api/quota 
2019-05-08 20:23:45 [WARN] request error (0x100000006): https://pan.baidu.com/api/quota 
2019-05-08 20:24:00 [WARN] account error (-1): http请求错误 0x6
2019-05-08 20:24:34 [WARN] request error (0x100000006): https://pan.baidu.com/api/quota 
2019-05-08 20:25:25 [WARN] account error (-1): http请求错误 0x6
2019-05-08 20:26:07 [WARN] request error (0x100000006): https://pan.baidu.com/api/quota 
2019-05-08 20:26:50 [WARN] account error (-1): http请求错误 0x6
2019-05-08 20:26:56 [WARN] request error (0x100000006): https://pan.baidu.com/api/quota 
2019-05-08 20:27:45 [WARN] request error (0x100000006): https://pan.baidu.com/api/quota 
2019-05-08 20:28:15 [WARN] account error (-1): http请求错误 0x6
2019-05-08 20:28:34 [WARN] request error (0x100000006): https://pan.baidu.com/api/quota 
2019-05-08 20:29:40 [WARN] account error (-1): http请求错误 0x6
2019-05-08 20:30:06 [WARN] request error (0x100000006): https://pan.baidu.com/api/quota 
2019-05-08 20:30:56 [WARN] request error (0x100000006): https://pan.baidu.com/api/quota 
2019-05-08 20:31:05 [WARN] account error (-1): http请求错误 0x6
2019-05-08 20:31:45 [WARN] request error (0x100000006): https://pan.baidu.com/api/quota 
2019-05-08 20:32:30 [WARN] account error (-1): http请求错误 0x6
2019-05-08 20:32:34 [WARN] request error (0x100000006): https://pan.baidu.com/api/quota 
2019-05-08 20:33:55 [WARN] account error (-1): http请求错误 0x6
2019-05-08 20:34:07 [WARN] request error (0x100000006): https://pan.baidu.com/api/quota 
2019-05-08 20:34:56 [WARN] request error (0x100000006): https://pan.baidu.com/api/quota 
2019-05-08 20:35:20 [WARN] account error (-1): http请求错误 0x6
2019-05-08 20:35:45 [WARN] request error (0x100000006): https://pan.baidu.com/api/quota 
2019-05-08 20:36:35 [WARN] request error (0x100000006): https://pan.baidu.com/api/quota 
2019-05-08 20:36:45 [WARN] account error (-1): http请求错误 0x6
2019-05-08 20:38:07 [WARN] request error (0x100000006): https://pan.baidu.com/api/quota 
2019-05-08 20:38:10 [WARN] account error (-1): http请求错误 0x6
2019-05-08 20:38:56 [WARN] request error (0x100000006): https://pan.baidu.com/api/quota 
2019-05-08 20:39:35 [WARN] account error (-1): http请求错误 0x6
2019-05-08 20:39:45 [WARN] request error (0x100000006): https://pan.baidu.com/api/quota 
2019-05-08 20:40:34 [WARN] request error (0x100000006): https://pan.baidu.com/api/quota 
2019-05-08 20:41:00 [WARN] account error (-1): http请求错误 0x6
2019-05-08 20:42:06 [WARN] request error (0x100000006): https://pan.baidu.com/api/quota 
2019-05-08 20:42:25 [WARN] account error (-1): http请求错误 0x6
2019-05-08 20:42:55 [WARN] request error (0x100000006): https://pan.baidu.com/api/quota 
2019-05-08 20:43:44 [WARN] request error (0x100000006): https://pan.baidu.com/api/quota 
2019-05-08 20:43:50 [WARN] account error (-1): http请求错误 0x6
2019-05-08 20:44:34 [WARN] request error (0x100000006): https://pan.baidu.com/api/quota 
2019-05-08 20:45:15 [WARN] account error (-1): http请求错误 0x6
2019-05-08 20:46:06 [WARN] request error (0x100000006): https://pan.baidu.com/api/quota 
2019-05-08 20:46:40 [WARN] account error (-1): http请求错误 0x6
2019-05-08 20:46:55 [WARN] request error (0x100000006): https://pan.baidu.com/api/quota 
2019-05-08 20:47:44 [WARN] request error (0x100000006): https://pan.baidu.com/api/quota 
2019-05-08 20:48:05 [WARN] account error (-1): http请求错误 0x6
2019-05-08 20:48:33 [WARN] request error (0x100000006): https://pan.baidu.com/api/quota 
2019-05-08 20:49:30 [WARN] account error (-1): http请求错误 0x6
2019-05-08 20:50:06 [WARN] request error (0x100000006): https://pan.baidu.com/api/quota 
2019-05-08 20:50:55 [WARN] request error (0x100000006): https://pan.baidu.com/api/quota 
2019-05-08 20:50:55 [WARN] account error (-1): http请求错误 0x6
2019-05-08 20:51:44 [WARN] request error (0x100000006): https://pan.baidu.com/api/quota 
2019-05-08 20:52:20 [WARN] account error (-1): http请求错误 0x6
2019-05-08 20:52:33 [WARN] request error (0x100000006): https://pan.baidu.com/api/quota 
2019-05-08 20:53:45 [WARN] account error (-1): http请求错误 0x6
2019-05-08 20:54:05 [WARN] request error (0x100000006): https://pan.baidu.com/api/quota 
2019-05-08 20:54:54 [WARN] request error (0x100000006): https://pan.baidu.com/api/quota 
2019-05-08 20:55:10 [WARN] account error (-1): http请求错误 0x6
2019-05-08 20:55:43 [WARN] request error (0x100000006): https://pan.baidu.com/api/quota 
2019-05-08 20:56:32 [WARN] request error (0x100000006): https://pan.baidu.com/api/quota 
2019-05-08 20:56:35 [WARN] account error (-1): http请求错误 0x6
2019-05-08 20:58:01 [WARN] account error (-1): http请求错误 0x6
2019-05-08 20:58:04 [WARN] request error (0x100000006): https://pan.baidu.com/api/quota 
2019-05-08 20:58:53 [WARN] request error (0x100000006): https://pan.baidu.com/api/quota 
2019-05-08 20:59:25 [WARN] account error (-1): http请求错误 0x6
2019-05-08 20:59:43 [WARN] request error (0x100000006): https://pan.baidu.com/api/quota 
2019-05-08 21:00:32 [WARN] request error (0x100000006): https://pan.baidu.com/api/quota 
2019-05-08 21:00:50 [WARN] account error (-1): http请求错误 0x6
2019-05-08 21:02:05 [WARN] request error (0x100000006): https://pan.baidu.com/api/quota 
2019-05-08 21:02:15 [WARN] account error (-1): http请求错误 0x6
2019-05-08 21:02:54 [WARN] request error (0x100000006): https://pan.baidu.com/api/quota 
2019-05-08 21:03:40 [WARN] account error (-1): http请求错误 0x6
2019-05-08 21:03:43 [WARN] request error (0x100000006): https://pan.baidu.com/api/quota 
2019-05-08 21:04:32 [WARN] request error (0x100000006): https://pan.baidu.com/api/quota 
2019-05-08 21:05:05 [WARN] account error (-1): http请求错误 0x6
2019-05-08 21:06:05 [WARN] request error (0x100000006): https://pan.baidu.com/api/quota 
2019-05-08 21:06:30 [WARN] account error (-1): http请求错误 0x6
2019-05-08 21:06:54 [WARN] request error (0x100000006): https://pan.baidu.com/api/quota 
2019-05-08 21:07:43 [WARN] request error (0x100000006): https://pan.baidu.com/api/quota 
2019-05-08 21:07:55 [WARN] account error (-1): http请求错误 0x6
2019-05-08 21:08:33 [WARN] request error (0x100000006): https://pan.baidu.com/api/quota 
2019-05-08 21:09:20 [WARN] account error (-1): http请求错误 0x6
2019-05-08 21:10:05 [WARN] request error (0x100000006): https://pan.baidu.com/api/quota 
2019-05-08 21:10:45 [WARN] account error (-1): http请求错误 0x6
2019-05-08 21:10:54 [WARN] request error (0x100000006): https://pan.baidu.com/api/quota 
2019-05-08 21:11:43 [WARN] request error (0x100000006): https://pan.baidu.com/api/quota 
2019-05-08 21:12:10 [WARN] account error (-1): http请求错误 0x6
2019-05-08 21:12:32 [WARN] request error (0x100000006): https://pan.baidu.com/api/quota 
2019-05-08 21:13:35 [WARN] account error (-1): http请求错误 0x6
2019-05-08 21:14:04 [WARN] request error (0x100000006): https://pan.baidu.com/api/quota 
2019-05-08 21:14:53 [WARN] request error (0x100000006): https://pan.baidu.com/api/quota 
2019-05-08 21:15:00 [WARN] account error (-1): http请求错误 0x6
2019-05-08 21:15:42 [WARN] request error (0x100000006): https://pan.baidu.com/api/quota 
2019-05-08 21:16:25 [WARN] account error (-1): http请求错误 0x6
2019-05-08 21:16:31 [WARN] request error (0x100000006): https://pan.baidu.com/api/quota 
2019-05-08 21:17:50 [WARN] account error (-1): http请求错误 0x6
2019-05-08 21:18:03 [WARN] request error (0x100000006): https://pan.baidu.com/api/quota 
2019-05-08 21:18:53 [WARN] request error (0x100000006): https://pan.baidu.com/api/quota 
2019-05-08 21:19:15 [WARN] account error (-1): http请求错误 0x6
2019-05-08 21:19:42 [WARN] request error (0x100000006): https://pan.baidu.com/api/quota 
2019-05-08 21:20:31 [WARN] request error (0x100000006): https://pan.baidu.com/api/quota 
2019-05-08 21:20:40 [WARN] account error (-1): http请求错误 0x6
2019-05-08 21:22:03 [WARN] request error (0x100000006): https://pan.baidu.com/api/quota 
2019-05-08 21:22:05 [WARN] account error (-1): http请求错误 0x6
2019-05-08 21:22:52 [WARN] request error (0x100000006): https://pan.baidu.com/api/quota 
2019-05-08 21:23:30 [WARN] account error (-1): http请求错误 0x6
2019-05-08 21:23:41 [WARN] request error (0x100000006): https://pan.baidu.com/api/quota 
2019-05-08 21:24:30 [WARN] request error (0x100000006): https://pan.baidu.com/api/quota 
2019-05-08 21:24:55 [WARN] account error (-1): http请求错误 0x6
2019-05-08 21:26:03 [WARN] request error (0x100000006): https://pan.baidu.com/api/quota 
2019-05-08 21:26:20 [WARN] account error (-1): http请求错误 0x6
2019-05-08 21:26:52 [WARN] request error (0x100000006): https://pan.baidu.com/api/quota 
2019-05-08 21:27:42 [WARN] request error (0x100000006): https://pan.baidu.com/api/quota 
2019-05-08 21:27:45 [WARN] account error (-1): http请求错误 0x6
2019-05-08 21:28:31 [WARN] request error (0x100000006): https://pan.baidu.com/api/quota 
2019-05-08 21:29:10 [WARN] account error (-1): http请求错误 0x6
2019-05-08 21:30:03 [WARN] request error (0x100000006): https://pan.baidu.com/api/quota 
2019-05-08 21:30:35 [WARN] account error (-1): http请求错误 0x6
2019-05-08 21:30:52 [WARN] request error (0x100000006): https://pan.baidu.com/api/quota 
2019-05-08 21:31:41 [WARN] request error (0x100000006): https://pan.baidu.com/api/quota 
2019-05-08 21:32:00 [WARN] account error (-1): http请求错误 0x6
2019-05-08 21:32:30 [WARN] request error (0x100000006): https://pan.baidu.com/api/quota 
2019-05-08 21:33:25 [WARN] account error (-1): http请求错误 0x6
2019-05-08 21:34:03 [WARN] request error (0x100000006): https://pan.baidu.com/api/quota 
2019-05-08 21:34:50 [WARN] account error (-1): http请求错误 0x6
2019-05-08 21:34:52 [WARN] request error (0x100000006): https://pan.baidu.com/api/quota 
2019-05-08 21:35:41 [WARN] request error (0x100000006): https://pan.baidu.com/api/quota 
2019-05-08 21:36:15 [WARN] account error (-1): http请求错误 0x6
2019-05-08 21:36:30 [WARN] request error (0x100000006): https://pan.baidu.com/api/quota 
2019-05-08 21:37:40 [WARN] account error (-1): http请求错误 0x6
2019-05-08 21:38:02 [WARN] request error (0x100000006): https://pan.baidu.com/api/quota 
2019-05-08 21:38:52 [WARN] request error (0x100000006): https://pan.baidu.com/api/quota 
2019-05-08 21:39:05 [WARN] account error (-1): http请求错误 0x6
2019-05-08 21:39:41 [WARN] request error (0x100000006): https://pan.baidu.com/api/quota 
2019-05-08 21:40:30 [WARN] account error (-1): http请求错误 0x6
2019-05-08 21:40:30 [WARN] request error (0x100000006): https://pan.baidu.com/api/quota 
2019-05-08 21:41:56 [WARN] account error (-1): http请求错误 0x6
2019-05-08 21:42:03 [WARN] request error (0x100000006): https://pan.baidu.com/api/quota 
2019-05-08 21:42:52 [WARN] request error (0x100000006): https://pan.baidu.com/api/quota 
2019-05-08 21:43:20 [WARN] account error (-1): http请求错误 0x6
2019-05-08 21:43:41 [WARN] request error (0x100000006): https://pan.baidu.com/api/quota 
2019-05-08 21:44:30 [WARN] request error (0x100000006): https://pan.baidu.com/api/quota 
2019-05-08 21:44:45 [WARN] account error (-1): http请求错误 0x6
2019-05-08 21:46:03 [WARN] request error (0x100000006): https://pan.baidu.com/api/quota 
2019-05-08 21:46:10 [WARN] account error (-1): http请求错误 0x6
2019-05-08 21:46:52 [WARN] request error (0x100000006): https://pan.baidu.com/api/quota 
2019-05-08 21:47:35 [WARN] account error (-1): http请求错误 0x6
2019-05-08 21:47:41 [WARN] request error (0x100000006): https://pan.baidu.com/api/quota 
2019-05-08 21:48:30 [WARN] request error (0x100000006): https://pan.baidu.com/api/quota 
2019-05-08 21:49:00 [WARN] account error (-1): http请求错误 0x6
2019-05-08 21:50:02 [WARN] request error (0x100000006): https://pan.baidu.com/api/quota 
2019-05-08 21:50:25 [WARN] account error (-1): http请求错误 0x6
2019-05-08 21:50:51 [WARN] request error (0x100000006): https://pan.baidu.com/api/quota 
2019-05-08 21:51:41 [WARN] request error (0x100000006): https://pan.baidu.com/api/quota 
2019-05-08 21:51:50 [WARN] account error (-1): http请求错误 0x6
2019-05-08 21:52:30 [WARN] request error (0x100000006): https://pan.baidu.com/api/quota 
2019-05-08 21:53:15 [WARN] account error (-1): http请求错误 0x6
2019-05-08 21:54:02 [WARN] request error (0x100000006): https://pan.baidu.com/api/quota 
2019-05-08 21:54:40 [WARN] account error (-1): http请求错误 0x6
2019-05-08 21:54:52 [WARN] request error (0x100000006): https://pan.baidu.com/api/quota 
2019-05-08 21:55:41 [WARN] request error (0x100000006): https://pan.baidu.com/api/quota 
2019-05-08 21:56:05 [WARN] account error (-1): http请求错误 0x6
2019-05-08 21:56:30 [WARN] request error (0x100000006): https://pan.baidu.com/api/quota 
2019-05-08 21:57:30 [WARN] account error (-1): http请求错误 0x6
2019-05-08 21:58:03 [WARN] request error (0x100000006): https://pan.baidu.com/api/quota 
2019-05-08 21:58:52 [WARN] request error (0x100000006): https://pan.baidu.com/api/quota 
2019-05-08 21:58:55 [WARN] account error (-1): http请求错误 0x6
2019-05-08 21:59:41 [WARN] request error (0x100000006): https://pan.baidu.com/api/quota 
2019-05-08 22:00:20 [WARN] account error (-1): http请求错误 0x6
2019-05-08 22:00:30 [WARN] request error (0x100000006): https://pan.baidu.com/api/quota 
2019-05-08 22:01:45 [WARN] account error (-1): http请求错误 0x6
2019-05-08 22:02:03 [WARN] request error (0x100000006): https://pan.baidu.com/api/quota 
2019-05-08 22:02:52 [WARN] request error (0x100000006): https://pan.baidu.com/api/quota 
2019-05-08 22:03:10 [WARN] account error (-1): http请求错误 0x6
2019-05-08 22:03:41 [WARN] request error (0x100000006): https://pan.baidu.com/api/quota 
2019-05-08 22:04:30 [WARN] request error (0x100000006): https://pan.baidu.com/api/quota 
2019-05-08 22:04:35 [WARN] account error (-1): http请求错误 0x6
2019-05-08 22:06:00 [WARN] account error (-1): http请求错误 0x6
2019-05-08 22:06:02 [WARN] request error (0x100000006): https://pan.baidu.com/api/quota 
2019-05-08 22:06:52 [WARN] request error (0x100000006): https://pan.baidu.com/api/quota 
2019-05-08 22:07:25 [WARN] account error (-1): http请求错误 0x6
2019-05-08 22:07:41 [WARN] request error (0x100000006): https://pan.baidu.com/api/quota 
2019-05-08 22:08:30 [WARN] request error (0x100000006): https://pan.baidu.com/api/quota 
2019-05-08 22:08:50 [WARN] account error (-1): http请求错误 0x6
2019-05-08 22:10:02 [WARN] request error (0x100000006): https://pan.baidu.com/api/quota 
2019-05-08 22:10:15 [WARN] account error (-1): http请求错误 0x6
2019-05-08 22:10:52 [WARN] request error (0x100000006): https://pan.baidu.com/api/quota 
2019-05-08 22:11:40 [WARN] account error (-1): http请求错误 0x6
2019-05-08 22:11:41 [WARN] request error (0x100000006): https://pan.baidu.com/api/quota 
2019-05-08 22:12:30 [WARN] request error (0x100000006): https://pan.baidu.com/api/quota 
2019-05-08 22:13:05 [WARN] account error (-1): http请求错误 0x6
2019-05-08 22:14:02 [WARN] request error (0x100000006): https://pan.baidu.com/api/quota 
2019-05-08 22:14:30 [WARN] account error (-1): http请求错误 0x6
2019-05-08 22:14:51 [WARN] request error (0x100000006): https://pan.baidu.com/api/quota 
2019-05-08 22:15:41 [WARN] request error (0x100000006): https://pan.baidu.com/api/quota 
2019-05-08 22:15:55 [WARN] account error (-1): http请求错误 0x6
2019-05-08 22:16:30 [WARN] request error (0x100000006): https://pan.baidu.com/api/quota 
2019-05-08 22:17:20 [WARN] account error (-1): http请求错误 0x6
2019-05-08 22:18:03 [WARN] request error (0x100000006): https://pan.baidu.com/api/quota 
2019-05-08 22:18:45 [WARN] account error (-1): http请求错误 0x6
2019-05-08 22:18:52 [WARN] request error (0x100000006): https://pan.baidu.com/api/quota 
2019-05-08 22:19:41 [WARN] request error (0x100000006): https://pan.baidu.com/api/quota 
2019-05-08 22:20:10 [WARN] account error (-1): http请求错误 0x6
2019-05-08 22:20:30 [WARN] request error (0x100000006): https://pan.baidu.com/api/quota 
2019-05-08 22:21:35 [WARN] account error (-1): http请求错误 0x6
2019-05-08 22:22:02 [WARN] request error (0x100000006): https://pan.baidu.com/api/quota 
2019-05-08 22:22:52 [WARN] request error (0x100000006): https://pan.baidu.com/api/quota 
2019-05-08 22:23:00 [WARN] account error (-1): http请求错误 0x6
2019-05-08 22:23:41 [WARN] request error (0x100000006): https://pan.baidu.com/api/quota 
2019-05-08 22:24:25 [WARN] account error (-1): http请求错误 0x6
2019-05-08 22:24:30 [WARN] request error (0x100000006): https://pan.baidu.com/api/quota 
2019-05-08 22:25:50 [WARN] account error (-1): http请求错误 0x6
2019-05-08 22:26:03 [WARN] request error (0x100000006): https://pan.baidu.com/api/quota 
2019-05-08 22:26:52 [WARN] request error (0x100000006): https://pan.baidu.com/api/quota 
2019-05-08 22:27:15 [WARN] account error (-1): http请求错误 0x6
2019-05-08 22:27:41 [WARN] request error (0x100000006): https://pan.baidu.com/api/quota 
2019-05-08 22:28:30 [WARN] request error (0x100000006): https://pan.baidu.com/api/quota 
2019-05-08 22:28:40 [WARN] account error (-1): http请求错误 0x6
2019-05-08 22:30:02 [WARN] request error (0x100000006): https://pan.baidu.com/api/quota 
2019-05-08 22:30:05 [WARN] account error (-1): http请求错误 0x6
2019-05-08 22:30:51 [WARN] request error (0x100000006): https://pan.baidu.com/api/quota 
2019-05-08 22:31:30 [WARN] account error (-1): http请求错误 0x6
2019-05-08 22:31:40 [WARN] request error (0x100000006): https://pan.baidu.com/api/quota 
2019-05-08 22:32:30 [WARN] request error (0x100000006): https://pan.baidu.com/api/quota 
2019-05-08 22:32:55 [WARN] account error (-1): http请求错误 0x6
2019-05-08 22:34:02 [WARN] request error (0x100000006): https://pan.baidu.com/api/quota 
2019-05-08 22:34:20 [WARN] account error (-1): http请求错误 0x6
2019-05-08 22:34:51 [WARN] request error (0x100000006): https://pan.baidu.com/api/quota 
2019-05-08 22:35:40 [WARN] request error (0x100000006): https://pan.baidu.com/api/quota 
2019-05-08 22:35:45 [WARN] account error (-1): http请求错误 0x6
2019-05-08 22:36:29 [WARN] request error (0x100000006): https://pan.baidu.com/api/quota 
2019-05-08 22:37:10 [WARN] account error (-1): http请求错误 0x6
2019-05-08 22:38:02 [WARN] request error (0x100000006): https://pan.baidu.com/api/quota 
2019-05-08 22:38:35 [WARN] account error (-1): http请求错误 0x6
2019-05-08 22:38:51 [WARN] request error (0x100000006): https://pan.baidu.com/api/quota 
2019-05-08 22:39:40 [WARN] request error (0x100000006): https://pan.baidu.com/api/quota 
2019-05-08 22:40:00 [WARN] account error (-1): http请求错误 0x6
2019-05-08 22:40:29 [WARN] request error (0x100000006): https://pan.baidu.com/api/quota 
2019-05-08 22:41:26 [WARN] account error (-1): http请求错误 0x6
2019-05-08 22:42:01 [WARN] request error (0x100000006): https://pan.baidu.com/api/quota 
2019-05-08 22:42:50 [WARN] account error (-1): http请求错误 0x6
2019-05-08 22:42:51 [WARN] request error (0x100000006): https://pan.baidu.com/api/quota 
2019-05-08 22:43:40 [WARN] request error (0x100000006): https://pan.baidu.com/api/quota 
2019-05-08 22:44:15 [WARN] account error (-1): http请求错误 0x6
2019-05-08 22:44:29 [WARN] request error (0x100000006): https://pan.baidu.com/api/quota 
2019-05-08 22:45:40 [WARN] account error (-1): http请求错误 0x6
2019-05-08 22:46:02 [WARN] request error (0x100000006): https://pan.baidu.com/api/quota 
2019-05-08 22:46:51 [WARN] request error (0x100000006): https://pan.baidu.com/api/quota 
2019-05-08 22:47:05 [WARN] account error (-1): http请求错误 0x6
2019-05-08 22:47:40 [WARN] request error (0x100000006): https://pan.baidu.com/api/quota 
2019-05-08 22:48:29 [WARN] request error (0x100000006): https://pan.baidu.com/api/quota 
2019-05-08 22:48:30 [WARN] account error (-1): http请求错误 0x6
2019-05-08 22:49:55 [WARN] account error (-1): http请求错误 0x6
2019-05-08 22:50:01 [WARN] request error (0x100000006): https://pan.baidu.com/api/quota 
2019-05-08 22:50:50 [WARN] request error (0x100000006): https://pan.baidu.com/api/quota 
2019-05-08 22:51:20 [WARN] account error (-1): http请求错误 0x6
2019-05-08 22:51:39 [WARN] request error (0x100000006): https://pan.baidu.com/api/quota 
2019-05-08 22:52:29 [WARN] request error (0x100000006): https://pan.baidu.com/api/quota 
2019-05-08 22:52:45 [WARN] account error (-1): http请求错误 0x6
2019-05-08 22:54:01 [WARN] request error (0x100000006): https://pan.baidu.com/api/quota 
2019-05-08 22:54:10 [WARN] account error (-1): http请求错误 0x6
2019-05-08 22:54:50 [WARN] request error (0x100000006): https://pan.baidu.com/api/quota 
2019-05-08 22:55:35 [WARN] account error (-1): http请求错误 0x6
2019-05-08 22:55:39 [WARN] request error (0x100000006): https://pan.baidu.com/api/quota 
2019-05-08 22:56:28 [WARN] request error (0x100000006): https://pan.baidu.com/api/quota 
2019-05-08 22:57:00 [WARN] account error (-1): http请求错误 0x6
2019-05-08 22:58:00 [WARN] request error (0x100000006): https://pan.baidu.com/api/quota 
2019-05-08 22:58:25 [WARN] account error (-1): http请求错误 0x6
2019-05-08 22:58:49 [WARN] request error (0x100000006): https://pan.baidu.com/api/quota 
2019-05-08 22:59:38 [WARN] request error (0x100000006): https://pan.baidu.com/api/quota 
2019-05-08 22:59:50 [WARN] account error (-1): http请求错误 0x6
2019-05-08 23:00:27 [WARN] request error (0x100000006): https://pan.baidu.com/api/quota 
2019-05-08 23:01:15 [WARN] account error (-1): http请求错误 0x6
2019-05-08 23:01:59 [WARN] request error (0x100000006): https://pan.baidu.com/api/quota 
2019-05-08 23:02:40 [WARN] account error (-1): http请求错误 0x6
2019-05-08 23:02:49 [WARN] request error (0x100000006): https://pan.baidu.com/api/quota 
2019-05-08 23:03:38 [WARN] request error (0x100000006): https://pan.baidu.com/api/quota 
2019-05-08 23:04:05 [WARN] account error (-1): http请求错误 0x6
2019-05-08 23:04:27 [WARN] request error (0x100000006): https://pan.baidu.com/api/quota 
2019-05-08 23:05:30 [WARN] account error (-1): http请求错误 0x6
2019-05-08 23:05:59 [WARN] request error (0x100000006): https://pan.baidu.com/api/quota 
2019-05-08 23:06:48 [WARN] request error (0x100000006): https://pan.baidu.com/api/quota 
2019-05-08 23:06:55 [WARN] account error (-1): http请求错误 0x6
2019-05-08 23:07:38 [WARN] request error (0x100000006): https://pan.baidu.com/api/quota 
2019-05-08 23:08:20 [WARN] account error (-1): http请求错误 0x6
2019-05-08 23:08:27 [WARN] request error (0x100000006): https://pan.baidu.com/api/quota 
2019-05-08 23:09:45 [WARN] account error (-1): http请求错误 0x6
2019-05-08 23:09:59 [WARN] request error (0x100000006): https://pan.baidu.com/api/quota 
2019-05-08 23:10:48 [WARN] request error (0x100000006): https://pan.baidu.com/api/quota 
2019-05-08 23:11:10 [WARN] account error (-1): http请求错误 0x6
2019-05-08 23:11:37 [WARN] request error (0x100000006): https://pan.baidu.com/api/quota 
2019-05-08 23:12:27 [WARN] request error (0x100000006): https://pan.baidu.com/api/quota 
2019-05-08 23:12:35 [WARN] account error (-1): http请求错误 0x6
2019-05-08 23:13:59 [WARN] request error (0x100000006): https://pan.baidu.com/api/quota 
2019-05-08 23:14:01 [WARN] account error (-1): http请求错误 0x6
2019-05-08 23:14:48 [WARN] request error (0x100000006): https://pan.baidu.com/api/quota 
2019-05-08 23:15:25 [WARN] account error (-1): http请求错误 0x6
2019-05-08 23:15:37 [WARN] request error (0x100000006): https://pan.baidu.com/api/quota 
2019-05-08 23:16:26 [WARN] request error (0x100000006): https://pan.baidu.com/api/quota 
2019-05-08 23:16:50 [WARN] account error (-1): http请求错误 0x6
2019-05-08 23:17:58 [WARN] request error (0x100000006): https://pan.baidu.com/api/quota 
2019-05-08 23:18:15 [WARN] account error (-1): http请求错误 0x6
2019-05-08 23:18:47 [WARN] request error (0x100000006): https://pan.baidu.com/api/quota 
2019-05-08 23:19:37 [WARN] request error (0x100000006): https://pan.baidu.com/api/quota 
2019-05-08 23:19:40 [WARN] account error (-1): http请求错误 0x6
2019-05-08 23:20:26 [WARN] request error (0x100000006): https://pan.baidu.com/api/quota 
2019-05-08 23:21:05 [WARN] account error (-1): http请求错误 0x6
2019-05-08 23:21:58 [WARN] request error (0x100000006): https://pan.baidu.com/api/quota 
2019-05-08 23:22:30 [WARN] account error (-1): http请求错误 0x6
2019-05-08 23:22:47 [WARN] request error (0x100000006): https://pan.baidu.com/api/quota 
2019-05-08 23:23:36 [WARN] request error (0x100000006): https://pan.baidu.com/api/quota 
2019-05-08 23:23:55 [WARN] account error (-1): http请求错误 0x6
2019-05-08 23:24:26 [WARN] request error (0x100000006): https://pan.baidu.com/api/quota 
2019-05-08 23:25:20 [WARN] account error (-1): http请求错误 0x6
2019-05-08 23:25:58 [WARN] request error (0x100000006): https://pan.baidu.com/api/quota 
2019-05-08 23:26:45 [WARN] account error (-1): http请求错误 0x6
2019-05-08 23:26:47 [WARN] request error (0x100000006): https://pan.baidu.com/api/quota 
2019-05-08 23:27:37 [WARN] request error (0x100000006): https://pan.baidu.com/api/quota 
2019-05-08 23:28:10 [WARN] account error (-1): http请求错误 0x6
2019-05-08 23:28:26 [WARN] request error (0x100000006): https://pan.baidu.com/api/quota 
2019-05-08 23:29:35 [WARN] account error (-1): http请求错误 0x6
2019-05-08 23:29:58 [WARN] request error (0x100000006): https://pan.baidu.com/api/quota 
2019-05-08 23:30:47 [WARN] request error (0x100000006): https://pan.baidu.com/api/quota 
2019-05-08 23:31:00 [WARN] account error (-1): http请求错误 0x6
2019-05-08 23:31:36 [WARN] request error (0x100000006): https://pan.baidu.com/api/quota 
2019-05-08 23:32:25 [WARN] account error (-1): http请求错误 0x6
2019-05-08 23:32:26 [WARN] request error (0x100000006): https://pan.baidu.com/api/quota 
2019-05-08 23:33:50 [WARN] account error (-1): http请求错误 0x6
2019-05-08 23:33:58 [WARN] request error (0x100000006): https://pan.baidu.com/api/quota 
2019-05-08 23:34:47 [WARN] request error (0x100000006): https://pan.baidu.com/api/quota 
2019-05-08 23:35:15 [WARN] account error (-1): http请求错误 0x6
2019-05-08 23:35:37 [WARN] request error (0x100000006): https://pan.baidu.com/api/quota 
2019-05-08 23:36:26 [WARN] request error (0x100000006): https://pan.baidu.com/api/quota 
2019-05-08 23:36:40 [WARN] account error (-1): http请求错误 0x6
2019-05-08 23:37:58 [WARN] request error (0x100000006): https://pan.baidu.com/api/quota 
2019-05-08 23:38:05 [WARN] account error (-1): http请求错误 0x6
2019-05-08 23:38:48 [WARN] request error (0x100000006): https://pan.baidu.com/api/quota 
2019-05-08 23:39:30 [WARN] account error (-1): http请求错误 0x6
2019-05-08 23:39:37 [WARN] request error (0x100000006): https://pan.baidu.com/api/quota 
2019-05-08 23:40:26 [WARN] request error (0x100000006): https://pan.baidu.com/api/quota 
2019-05-08 23:40:55 [WARN] account error (-1): http请求错误 0x6
2019-05-08 23:41:58 [WARN] request error (0x100000006): https://pan.baidu.com/api/quota 
2019-05-08 23:42:20 [WARN] account error (-1): http请求错误 0x6
2019-05-08 23:42:47 [WARN] request error (0x100000006): https://pan.baidu.com/api/quota 
2019-05-08 23:43:36 [WARN] request error (0x100000006): https://pan.baidu.com/api/quota 
2019-05-08 23:43:45 [WARN] account error (-1): http请求错误 0x6
2019-05-08 23:44:25 [WARN] request error (0x100000006): https://pan.baidu.com/api/quota 
2019-05-08 23:45:10 [WARN] account error (-1): http请求错误 0x6
2019-05-08 23:45:57 [WARN] request error (0x100000006): https://pan.baidu.com/api/quota 
2019-05-08 23:46:35 [WARN] account error (-1): http请求错误 0x6
2019-05-08 23:46:46 [WARN] request error (0x100000006): https://pan.baidu.com/api/quota 
2019-05-08 23:47:36 [WARN] account error (403): Access Denied
2019-05-09 00:26:15 [WARN] request error (0x100000006): https://pan.baidu.com/api/quota 
2019-05-09 00:27:04 [WARN] request error (0x100000006): https://pan.baidu.com/api/quota 
2019-05-09 00:27:53 [WARN] request error (0x100000006): https://pan.baidu.com/api/quota 
2019-05-09 00:29:25 [WARN] request error (0x100000006): https://pan.baidu.com/api/quota 
2019-05-09 00:30:14 [WARN] request error (0x100000006): https://pan.baidu.com/api/quota 
2019-05-09 00:31:04 [WARN] request error (0x100000006): https://pan.baidu.com/api/quota 
2019-05-09 00:31:49 [WARN] aria2 websocket connection closed (127.0.0.1:6808), code: 1006 (Abnormal close), reason: 
