2019-06-26 22:35:42 [INFO] pandownload version: 2.1.1 beta
2019-06-26 22:35:43 [INFO] aria2 websocket connection opened (127.0.0.1:36898)
2019-06-26 22:35:43 [INFO] aria2 version: 1.34.0
2019-06-26 22:35:43 [INFO] aria2 json-rpc path: http://token:pandownload@127.0.0.1:36898/jsonrpc
2019-06-26 22:35:43 [INFO] create main window
2019-06-26 22:35:43 [INFO] verify cookie (600)
2019-06-26 22:35:45 [INFO] user login success (4052464532): zji739
2019-06-26 23:10:15 [WARN] request error (0x10000001c): https://pan.baidu.com/api/quota 
2019-06-26 23:12:32 [WARN] request error (0x10000001c): https://pan.baidu.com/api/quota 
2019-06-26 23:13:47 [WARN] ID#10 - Timeout.(2) FILE="C:/Users/Administrator/Desktop/阿里新零售数据库设计与实战/第7章 【高阶】常见问题与企业级解决方案【高薪Offer的神助攻】/7-3 新零售系统的智能拆分订单（二）.ev4" SIZE="281131104"
2019-06-26 23:15:15 [WARN] request error (0x10000001c): https://pan.baidu.com/api/quota 
2019-06-26 23:15:54 [WARN] request error (0x10000001c): https://pan.baidu.com/api/quota 
2019-06-26 23:16:45 [WARN] request error (0x10000001c): https://pan.baidu.com/api/quota 
2019-06-26 23:17:35 [WARN] request error (0x10000001c): https://pan.baidu.com/api/quota 
2019-06-26 23:18:09 [WARN] ID#7 - No URI available.(2) FILE="C:/Users/Administrator/Desktop/阿里新零售数据库设计与实战/第7章 【高阶】常见问题与企业级解决方案【高薪Offer的神助攻】/7-6 中文分词技术（三）.ev4" SIZE="216622848"
2019-06-26 23:19:26 [WARN] request error (0x10000001c): https://pan.baidu.com/api/quota 
2019-06-26 23:20:41 [WARN] request error (0x10000001c): https://pan.baidu.com/rest/2.0/membership/speeds/freqctrl?method=get 
2019-06-26 23:23:18 [WARN] request error (0x10000001c): https://pan.baidu.com/api/quota 
2019-06-26 23:25:56 [WARN] request error (0x10000001c): https://pan.baidu.com/api/quota 
2019-06-26 23:26:47 [WARN] request error (0x10000001c): https://pan.baidu.com/api/quota 
2019-06-26 23:29:11 [WARN] request error (0x10000001c): https://pan.baidu.com/api/quota 
2019-06-26 23:29:52 [WARN] request error (0x10000001c): https://pan.baidu.com/api/quota 
2019-06-26 23:30:42 [WARN] request error (0x10000001c): https://pan.baidu.com/api/quota 
2019-06-26 23:30:53 [WARN] rpc error (0): timeout
2019-06-26 23:30:58 [WARN] rpc error (0): timeout
2019-06-26 23:31:03 [WARN] rpc error (0): timeout
2019-06-26 23:32:12 [WARN] ID#21 - No URI available.(2) FILE="C:/Users/Administrator/Desktop/阿里新零售数据库设计与实战/第6章 【进阶】常见问题与企业级解决方案【适用于与“项目面试官”正面硬钢】/6-2 如何实现商品秒杀？（二）.ev4" SIZE="226584512"
2019-06-26 23:32:51 [WARN] rpc error (0): timeout
2019-06-26 23:32:51 [WARN] request error (0x10000001c): https://pan.baidu.com/api/quota 
2019-06-26 23:32:56 [WARN] rpc error (0): timeout
2019-06-26 23:34:33 [WARN] ID#25 - No URI available.(2) FILE="C:/Users/Administrator/Desktop/阿里新零售数据库设计与实战/第5章 常见问题与企业级解决方案【适用于“直面”项目面试官】/5-7 删改数据如何避免锁表？.ev4" SIZE="75729632"
2019-06-26 23:34:39 [WARN] ID#42 - No URI available.(2) FILE="C:/Users/Administrator/Desktop/阿里新零售数据库设计与实战/第3章 新零售数据结构设计【立足需求，转化成果，向优秀致敬！】/3-7 如何设计商品的库存？（一）.ev4" SIZE="60174368"
2019-06-26 23:34:41 [WARN] request error (0x10000001c): https://pan.baidu.com/api/quota 
2019-06-26 23:34:58 [WARN] ID#40 - No URI available.(2) FILE="C:/Users/Administrator/Desktop/阿里新零售数据库设计与实战/第3章 新零售数据结构设计【立足需求，转化成果，向优秀致敬！】/3-9 设计客户表（一）.ev4" SIZE="89709104"
2019-06-26 23:35:38 [WARN] request error (0x10000001c): https://pan.baidu.com/api/quota 
2019-06-26 23:36:05 [WARN] request error (0x10000001c): https://pan.baidu.com/share/set 
2019-06-26 23:36:09 [WARN] request error (0x10000001c): https://pan.baidu.com/rest/2.0/membership/speeds/freqctrl?method=get 
2019-06-26 23:36:20 [WARN] ID#43 - No URI available.(2) FILE="C:/Users/Administrator/Desktop/阿里新零售数据库设计与实战/第3章 新零售数据结构设计【立足需求，转化成果，向优秀致敬！】/3-6 设计产品表和商品表（二）.ev4" SIZE="100539104"
2019-06-26 23:36:50 [WARN] request error (0x10000001c): https://pan.baidu.com/share/autoincre 
2019-06-26 23:36:50 [WARN] request error (0x10000001c): https://pan.baidu.com/share/list 
2019-06-26 23:36:54 [WARN] account error (-1): http请求错误 0x7
2019-06-26 23:37:05 [WARN] request error (0x10000001c): https://pan.baidu.com/api/quota 
2019-06-26 23:37:06 [WARN] ID#43 - 获取下载链接失败(-6) FILE="C:/Users/Administrator/Desktop/阿里新零售数据库设计与实战/第3章 新零售数据结构设计【立足需求，转化成果，向优秀致敬！】/3-6 设计产品表和商品表（二）.ev4" SIZE="100539104"
2019-06-26 23:37:11 [WARN] request error (0x10000001c): https://pan.baidu.com/share/set 
2019-06-26 23:37:16 [WARN] ID#49 - 获取下载链接失败(-6) FILE="C:/Users/Administrator/Desktop/阿里新零售数据库设计与实战/第3章 新零售数据结构设计【立足需求，转化成果，向优秀致敬！】/3-18 设计采购与入库数据表.ev4" SIZE="123649872"
2019-06-26 23:37:16 [WARN] ID#50 - 获取下载链接失败(-6) FILE="C:/Users/Administrator/Desktop/阿里新零售数据库设计与实战/第3章 新零售数据结构设计【立足需求，转化成果，向优秀致敬！】/3-17 设计供应商数据表.ev4" SIZE="86207856"
2019-06-26 23:37:16 [WARN] ID#51 - 获取下载链接失败(-6) FILE="C:/Users/Administrator/Desktop/阿里新零售数据库设计与实战/第3章 新零售数据结构设计【立足需求，转化成果，向优秀致敬！】/3-16 设计评价表.ev4" SIZE="36385056"
2019-06-26 23:37:17 [WARN] ID#52 - 获取下载链接失败(-6) FILE="C:/Users/Administrator/Desktop/阿里新零售数据库设计与实战/第3章 新零售数据结构设计【立足需求，转化成果，向优秀致敬！】/3-15 设计快递表和退货表.ev4" SIZE="135229232"
2019-06-26 23:37:21 [WARN] ID#53 - 获取下载链接失败(-6) FILE="C:/Users/Administrator/Desktop/阿里新零售数据库设计与实战/第3章 新零售数据结构设计【立足需求，转化成果，向优秀致敬！】/3-14 设计员工与用户表（二）.ev4" SIZE="60716704"
2019-06-26 23:37:36 [WARN] ID#54 - 获取下载链接失败(-6) FILE="C:/Users/Administrator/Desktop/阿里新零售数据库设计与实战/第3章 新零售数据结构设计【立足需求，转化成果，向优秀致敬！】/3-13 设计员工与用户表（一）.ev4" SIZE="102935696"
2019-06-26 23:37:41 [WARN] ID#55 - 获取下载链接失败(-6) FILE="C:/Users/Administrator/Desktop/阿里新零售数据库设计与实战/第3章 新零售数据结构设计【立足需求，转化成果，向优秀致敬！】/3-12 设计订单表.ev4" SIZE="145211584"
2019-06-26 23:37:55 [WARN] request error (0x10000001c): https://pan.baidu.com/api/quota 
2019-06-26 23:41:37 [WARN] ID#60 - SSL/TLS handshake failure: Error: 您的主机中的软件中止了一个已建立的连接。
(2745)(1) FILE="C:/Users/Administrator/Desktop/阿里新零售数据库设计与实战/第2章 前置准备【磨刀不误砍柴工】/2-4 Linux基础知识.ev4" SIZE="99712688"
2019-06-26 23:41:46 [WARN] ID#64 - SSL/TLS handshake failure: Error: 您的主机中的软件中止了一个已建立的连接。
(2745)(1) FILE="C:/Users/Administrator/Desktop/阿里新零售数据库设计与实战/第1章 新零售数据库序章【6.21优惠券过期啦，适用于618薅羊毛の压轴课】/1-2 【迈出第一步】开门见山.ev4" SIZE="73305648"
2019-06-26 23:42:00 [WARN] ID#60 - SSL/TLS handshake failure: Error: 您的主机中的软件中止了一个已建立的连接。
(2745)(1) FILE="C:/Users/Administrator/Desktop/阿里新零售数据库设计与实战/第2章 前置准备【磨刀不误砍柴工】/2-4 Linux基础知识.ev4" SIZE="99712688"
2019-06-26 23:45:07 [WARN] ID#97 - Timeout.(2) FILE="C:/Users/Administrator/Desktop/Kubernetes（k8s）生产级实践指南 从部署到核心应用vep/7-11 Github接口代理完善_batch.vep" SIZE="77786941"
2019-06-26 23:49:03 [WARN] ID#73 - No URI available.(24) FILE="C:/Users/Administrator/Desktop/阿里新零售数据库设计与实战/document-master.zip" SIZE="694321845"
2019-06-26 23:51:35 [WARN] ID#156 - Write disk cache flush failure index=23(9) FILE="C:/Users/Administrator/Desktop/Kubernetes（k8s）生产级实践指南 从部署到核心应用vep/10-1 ingress --- 四层代理、session保持、定制配置、流量控制（上）_batch.vep" SIZE="54745148"
2019-06-26 23:51:36 [WARN] ID#155 - Write disk cache flush failure index=102(9) FILE="C:/Users/Administrator/Desktop/Kubernetes（k8s）生产级实践指南 从部署到核心应用vep/10-10 完成issue搜索功能的开发_batch.vep" SIZE="111971483"
2019-06-26 23:51:36 [WARN] ID#143 - Write disk cache flush failure index=4(9) FILE="C:/Users/Administrator/Desktop/Kubernetes（k8s）生产级实践指南 从部署到核心应用vep/11-1 常见日志采集问题和解决方案分析_batch.vep" SIZE="12704059"
2019-06-26 23:51:36 [WARN] ID#149 - Write disk cache flush failure index=17(9) FILE="C:/Users/Administrator/Desktop/Kubernetes（k8s）生产级实践指南 从部署到核心应用vep/10-5 获取markdown内容并转义_batch.vep" SIZE="45736628"
2019-06-26 23:51:41 [WARN] ID#105 - Write disk cache flush failure index=13(9) FILE="C:/Users/Administrator/Desktop/Kubernetes（k8s）生产级实践指南 从部署到核心应用vep/5-6 部署ingress-nginx（.vep" SIZE="81567473"
2019-06-26 23:51:41 [WARN] ID#149 - Write disk cache flush failure index=1(9) FILE="C:/Users/Administrator/Desktop/Kubernetes（k8s）生产级实践指南 从部署到核心应用vep/10-5 获取markdown内容并转义_batch.vep" SIZE="45736628"
2019-06-26 23:51:42 [WARN] ID#143 - Write disk cache flush failure index=9(9) FILE="C:/Users/Administrator/Desktop/Kubernetes（k8s）生产级实践指南 从部署到核心应用vep/11-1 常见日志采集问题和解决方案分析_batch.vep" SIZE="12704059"
2019-06-26 23:51:43 [WARN] ID#105 - Write disk cache flush failure index=33(9) FILE="C:/Users/Administrator/Desktop/Kubernetes（k8s）生产级实践指南 从部署到核心应用vep/5-6 部署ingress-nginx（.vep" SIZE="81567473"
2019-06-26 23:51:46 [WARN] ID#105 - Write disk cache flush failure index=3(9) FILE="C:/Users/Administrator/Desktop/Kubernetes（k8s）生产级实践指南 从部署到核心应用vep/5-6 部署ingress-nginx（.vep" SIZE="81567473"
2019-06-26 23:51:47 [WARN] ID#148 - Write disk cache flush failure index=0(9) FILE="C:/Users/Administrator/Desktop/Kubernetes（k8s）生产级实践指南 从部署到核心应用vep/10-6 使用markdown-it来转换markdown_batch.vep" SIZE="85559284"
2019-06-26 23:51:50 [WARN] ID#149 - Write disk cache flush failure index=12(9) FILE="C:/Users/Administrator/Desktop/Kubernetes（k8s）生产级实践指南 从部署到核心应用vep/10-5 获取markdown内容并转义_batch.vep" SIZE="45736628"
2019-06-26 23:51:51 [WARN] ID#143 - Write disk cache flush failure index=4(9) FILE="C:/Users/Administrator/Desktop/Kubernetes（k8s）生产级实践指南 从部署到核心应用vep/11-1 常见日志采集问题和解决方案分析_batch.vep" SIZE="12704059"
2019-06-26 23:51:53 [WARN] ID#157 - Write disk cache flush failure index=16(9) FILE="C:/Users/Administrator/Desktop/Kubernetes（k8s）生产级实践指南 从部署到核心应用vep/1-1  课程介绍.vep" SIZE="65291539"
2019-06-26 23:51:54 [WARN] ID#155 - Write disk cache flush failure index=102(9) FILE="C:/Users/Administrator/Desktop/Kubernetes（k8s）生产级实践指南 从部署到核心应用vep/10-10 完成issue搜索功能的开发_batch.vep" SIZE="111971483"
2019-06-26 23:51:55 [WARN] ID#157 - Write disk cache flush failure index=48(9) FILE="C:/Users/Administrator/Desktop/Kubernetes（k8s）生产级实践指南 从部署到核心应用vep/1-1  课程介绍.vep" SIZE="65291539"
2019-06-26 23:51:58 [WARN] ID#157 - Write disk cache flush failure index=56(9) FILE="C:/Users/Administrator/Desktop/Kubernetes（k8s）生产级实践指南 从部署到核心应用vep/1-1  课程介绍.vep" SIZE="65291539"
2019-06-26 23:52:00 [WARN] ID#76 - Write disk cache flush failure index=7(9) FILE="C:/Users/Administrator/Desktop/Kubernetes（k8s）生产级实践指南 从部署到核心应用vep/9-5 搜索结果的展示_batch.vep" SIZE="75929622"
2019-06-26 23:52:00 [WARN] ID#156 - Write disk cache flush failure index=4(9) FILE="C:/Users/Administrator/Desktop/Kubernetes（k8s）生产级实践指南 从部署到核心应用vep/10-1 ingress --- 四层代理、session保持、定制配置、流量控制（上）_batch.vep" SIZE="54745148"
2019-06-26 23:52:07 [WARN] ID#76 - Write disk cache flush failure index=62(9) FILE="C:/Users/Administrator/Desktop/Kubernetes（k8s）生产级实践指南 从部署到核心应用vep/9-5 搜索结果的展示_batch.vep" SIZE="75929622"
2019-06-26 23:52:07 [WARN] ID#148 - Write disk cache flush failure index=0(9) FILE="C:/Users/Administrator/Desktop/Kubernetes（k8s）生产级实践指南 从部署到核心应用vep/10-6 使用markdown-it来转换markdown_batch.vep" SIZE="85559284"
2019-06-26 23:52:12 [WARN] ID#156 - Write disk cache flush failure index=23(9) FILE="C:/Users/Administrator/Desktop/Kubernetes（k8s）生产级实践指南 从部署到核心应用vep/10-1 ingress --- 四层代理、session保持、定制配置、流量控制（上）_batch.vep" SIZE="54745148"
2019-06-26 23:52:13 [WARN] ID#155 - Write disk cache flush failure index=102(9) FILE="C:/Users/Administrator/Desktop/Kubernetes（k8s）生产级实践指南 从部署到核心应用vep/10-10 完成issue搜索功能的开发_batch.vep" SIZE="111971483"
2019-06-26 23:52:21 [WARN] aria2 websocket connection closed (127.0.0.1:36898), code: 1006 (Abnormal close), reason: 
2019-06-26 23:52:21 [WARN] rpc error (0): connection closed
2019-06-26 23:52:21 [WARN] rpc error (0): connection closed
2019-06-26 23:52:21 [WARN] rpc error (0): connection closed
2019-06-26 23:52:23 [WARN] aria2 websocket connection failed (127.0.0.1:36898), state: 3 (websocketpp.transport:2 - Underlying Transport Error)
	local close code: 1006 (Abnormal close), local close reason: Underlying Transport Error
	remote close code: 1006 (Abnormal close), remote close reason: 
2019-06-26 23:52:25 [WARN] aria2 websocket connection failed (127.0.0.1:36898), state: 3 (websocketpp.transport:2 - Underlying Transport Error)
	local close code: 1006 (Abnormal close), local close reason: Underlying Transport Error
	remote close code: 1006 (Abnormal close), remote close reason: 
2019-06-26 23:52:27 [WARN] aria2 websocket connection failed (127.0.0.1:36898), state: 3 (websocketpp.transport:2 - Underlying Transport Error)
	local close code: 1006 (Abnormal close), local close reason: Underlying Transport Error
	remote close code: 1006 (Abnormal close), remote close reason: 
2019-06-26 23:52:27 [WARN] rpc error (0): connection failed
2019-06-26 23:52:27 [WARN] ID#148 - connection failed(0) FILE="C:/Users/Administrator/Desktop/Kubernetes（k8s）生产级实践指南 从部署到核心应用vep/10-6 使用markdown-it来转换markdown_batch.vep" SIZE="85559284"
2019-06-26 23:52:30 [WARN] rpc error (0): connection failed
2019-06-26 23:52:30 [WARN] ID#76 - connection failed(0) FILE="C:/Users/Administrator/Desktop/Kubernetes（k8s）生产级实践指南 从部署到核心应用vep/9-5 搜索结果的展示_batch.vep" SIZE="75929622"
2019-06-26 23:55:38 [WARN] rpc error (0): connection failed
2019-06-26 23:55:38 [WARN] ID#56 - connection failed(0) FILE="C:/Users/Administrator/Desktop/阿里新零售数据库设计与实战/第3章 新零售数据结构设计【立足需求，转化成果，向优秀致敬！】/3-11 设计购物券表.ev4" SIZE="72009360"
2019-06-26 23:56:04 [WARN] rpc error (0): connection failed
2019-06-26 23:56:04 [WARN] ID#105 - connection failed(0) FILE="C:/Users/Administrator/Desktop/Kubernetes（k8s）生产级实践指南 从部署到核心应用vep/5-6 部署ingress-nginx（.vep" SIZE="81567473"
2019-06-26 23:56:04 [WARN] rpc error (0): connection failed
2019-06-26 23:56:04 [WARN] ID#155 - connection failed(0) FILE="C:/Users/Administrator/Desktop/Kubernetes（k8s）生产级实践指南 从部署到核心应用vep/10-10 完成issue搜索功能的开发_batch.vep" SIZE="111971483"
