2019-06-17 19:01:08 [INFO] pandownload version: 2.1.1 beta
2019-06-17 19:01:09 [INFO] aria2 websocket connection opened (127.0.0.1:36917)
2019-06-17 19:01:09 [INFO] aria2 version: 1.34.0
2019-06-17 19:01:09 [INFO] aria2 json-rpc path: http://token:pandownload@127.0.0.1:36917/jsonrpc
2019-06-17 19:01:09 [INFO] create main window
2019-06-17 19:01:09 [INFO] verify cookie (600)
2019-06-17 19:01:13 [INFO] user login success (4052464532): zji739
2019-06-17 19:08:29 [WARN] ID#65 - SSL/TLS handshake failure: Error: 给函数提供的标志无效
(80090308)(1) FILE="C:/Users/Administrator/Desktop/10024- 文件点击查看内容/6-40 【实战】 公共表表达式-2_batch.vep" SIZE="27420214"
2019-06-17 19:08:46 [WARN] ID#76 - SSL/TLS handshake failure: Error: 给函数提供的标志无效
(80090308)(1) FILE="C:/Users/Administrator/Desktop/10024- 文件点击查看内容/6-30 使用SQL转换时间数据_batch.vep" SIZE="6156661"
2019-06-17 19:10:27 [WARN] ID#123 - SSL/TLS handshake failure: Error: 给函数提供的标志无效
(80090308)(1) FILE="C:/Users/Administrator/Desktop/10024- 文件点击查看内容/4-6 排查MySQL1045错误解决访问异.vep" SIZE="11982849"
2019-06-17 19:11:31 [WARN] ID#155 - SSL/TLS handshake failure: Error: 给函数提供的标志无效
(80090308)(1) FILE="C:/Users/Administrator/Desktop/10024- 文件点击查看内容/3-20 物理设计-常用的MySQL存储引.vep" SIZE="46455655"
2019-06-17 19:11:34 [WARN] ID#157 - SSL/TLS handshake failure: Error: 给函数提供的标志无效
(80090308)(1) FILE="C:/Users/Administrator/Desktop/10024- 文件点击查看内容/3-19 反范式化设计.vep" SIZE="16613455"
2019-06-17 19:29:04 [WARN] request error (0x10000001c): https://pan.baidu.com/api/quota 
2019-06-17 19:30:55 [WARN] request error (0x10000001c): https://pan.baidu.com/api/quota 
2019-06-17 19:31:46 [WARN] request error (0x10000001c): https://pan.baidu.com/api/quota 
2019-06-17 19:32:36 [WARN] request error (0x10000001c): https://pan.baidu.com/api/quota 
2019-06-17 19:34:29 [WARN] request error (0x100000006): https://pan.baidu.com/api/quota 
2019-06-17 19:34:50 [WARN] request error (0x100000006): https://pan.baidu.com/api/quota 
2019-06-17 19:35:05 [WARN] account error (-1): http请求错误 0x6
2019-06-17 19:35:11 [WARN] request error (0x100000006): https://pan.baidu.com/api/quota 
2019-06-17 19:35:31 [WARN] request error (0x100000006): https://pan.baidu.com/api/quota 
2019-06-17 19:35:52 [WARN] request error (0x100000006): https://pan.baidu.com/api/quota 
2019-06-17 19:36:18 [WARN] request error (0x100000006): https://pan.baidu.com/api/quota 
2019-06-17 19:36:18 [WARN] account error (-1): http请求错误 0x6
2019-06-17 19:36:43 [WARN] request error (0x100000006): https://pan.baidu.com/api/quota 
2019-06-17 19:37:08 [WARN] request error (0x100000006): https://pan.baidu.com/api/quota 
2019-06-17 19:37:19 [WARN] account error (-1): http请求错误 0x6
2019-06-17 19:37:33 [WARN] request error (0x100000006): https://pan.baidu.com/api/quota 
2019-06-17 19:38:05 [WARN] request error (0x100000006): https://pan.baidu.com/api/quota 
2019-06-17 19:38:20 [WARN] account error (-1): http请求错误 0x6
2019-06-17 19:38:31 [WARN] request error (0x100000006): https://pan.baidu.com/api/quota 
2019-06-17 19:38:56 [WARN] request error (0x100000006): https://pan.baidu.com/api/quota 
2019-06-17 19:39:21 [WARN] account error (-1): http请求错误 0x6
2019-06-17 19:39:22 [WARN] request error (0x100000006): https://pan.baidu.com/api/quota 
2019-06-17 19:39:54 [WARN] request error (0x100000006): https://pan.baidu.com/api/quota 
2019-06-17 19:40:19 [WARN] request error (0x100000006): https://pan.baidu.com/api/quota 
2019-06-17 19:40:23 [WARN] account error (-1): http请求错误 0x6
2019-06-17 19:40:44 [WARN] request error (0x100000006): https://pan.baidu.com/api/quota 
2019-06-17 19:41:09 [WARN] request error (0x100000006): https://pan.baidu.com/api/quota 
2019-06-17 19:41:24 [WARN] account error (-1): http请求错误 0x6
2019-06-17 19:41:42 [WARN] request error (0x100000006): https://pan.baidu.com/api/quota 
2019-06-17 19:42:07 [WARN] request error (0x100000006): https://pan.baidu.com/api/quota 
2019-06-17 19:42:25 [WARN] account error (-1): http请求错误 0x6
2019-06-17 19:42:33 [WARN] request error (0x100000006): https://pan.baidu.com/api/quota 
2019-06-17 19:42:58 [WARN] request error (0x100000006): https://pan.baidu.com/api/quota 
2019-06-17 19:43:26 [WARN] account error (-1): http请求错误 0x6
2019-06-17 19:43:30 [WARN] request error (0x100000006): https://pan.baidu.com/api/quota 
2019-06-17 19:43:56 [WARN] request error (0x100000006): https://pan.baidu.com/api/quota 
2019-06-17 19:44:21 [WARN] request error (0x100000006): https://pan.baidu.com/api/quota 
2019-06-17 19:44:27 [WARN] account error (-1): http请求错误 0x6
2019-06-17 19:44:47 [WARN] request error (0x100000006): https://pan.baidu.com/api/quota 
2019-06-17 19:45:19 [WARN] request error (0x100000006): https://pan.baidu.com/api/quota 
2019-06-17 19:45:28 [WARN] account error (-1): http请求错误 0x6
2019-06-17 19:45:45 [WARN] request error (0x100000006): https://pan.baidu.com/api/quota 
2019-06-17 19:46:10 [WARN] request error (0x100000006): https://pan.baidu.com/api/quota 
2019-06-17 19:46:29 [WARN] account error (-1): http请求错误 0x6
2019-06-17 19:46:35 [WARN] request error (0x100000006): https://pan.baidu.com/api/quota 
2019-06-17 19:47:08 [WARN] request error (0x100000006): https://pan.baidu.com/api/quota 
2019-06-17 19:47:30 [WARN] account error (-1): http请求错误 0x6
2019-06-17 19:47:33 [WARN] request error (0x100000006): https://pan.baidu.com/api/quota 
2019-06-17 19:47:59 [WARN] request error (0x100000006): https://pan.baidu.com/api/quota 
2019-06-17 19:48:25 [WARN] request error (0x100000006): https://pan.baidu.com/api/quota 
2019-06-17 19:48:31 [WARN] account error (-1): http请求错误 0x6
2019-06-17 19:48:59 [WARN] request error (0x100000006): https://pan.baidu.com/api/quota 
2019-06-17 19:49:24 [WARN] request error (0x100000006): https://pan.baidu.com/api/quota 
2019-06-17 19:49:32 [WARN] account error (-1): http请求错误 0x6
2019-06-17 19:49:50 [WARN] request error (0x100000006): https://pan.baidu.com/api/quota 
2019-06-17 19:50:16 [WARN] request error (0x100000006): https://pan.baidu.com/api/quota 
2019-06-17 19:50:35 [WARN] account error (-1): http请求错误 0x6
2019-06-17 19:50:49 [WARN] request error (0x100000006): https://pan.baidu.com/api/quota 
2019-06-17 19:51:15 [WARN] request error (0x100000006): https://pan.baidu.com/api/quota 
2019-06-17 19:51:36 [WARN] account error (-1): http请求错误 0x6
2019-06-17 19:51:40 [WARN] request error (0x100000006): https://pan.baidu.com/api/quota 
2019-06-17 19:52:05 [WARN] request error (0x100000006): https://pan.baidu.com/api/quota 
2019-06-17 19:52:38 [WARN] request error (0x100000006): https://pan.baidu.com/api/quota 
2019-06-17 19:52:38 [WARN] account error (-1): http请求错误 0x6
2019-06-17 19:53:03 [WARN] request error (0x100000006): https://pan.baidu.com/api/quota 
2019-06-17 19:53:28 [WARN] request error (0x100000006): https://pan.baidu.com/api/quota 
2019-06-17 19:53:39 [WARN] account error (-1): http请求错误 0x6
2019-06-17 19:53:54 [WARN] request error (0x100000006): https://pan.baidu.com/api/quota 
2019-06-17 19:54:26 [WARN] request error (0x100000006): https://pan.baidu.com/api/quota 
2019-06-17 19:54:40 [WARN] account error (-1): http请求错误 0x6
2019-06-17 19:54:52 [WARN] request error (0x100000006): https://pan.baidu.com/api/quota 
2019-06-17 19:55:17 [WARN] request error (0x100000006): https://pan.baidu.com/api/quota 
2019-06-17 19:55:41 [WARN] account error (-1): http请求错误 0x6
2019-06-17 19:55:42 [WARN] request error (0x100000006): https://pan.baidu.com/api/quota 
2019-06-17 19:56:16 [WARN] request error (0x100000006): https://pan.baidu.com/api/quota 
2019-06-17 19:56:43 [WARN] request error (0x100000006): https://pan.baidu.com/api/quota 
2019-06-17 19:56:43 [WARN] account error (-1): http请求错误 0x6
2019-06-17 19:57:08 [WARN] request error (0x100000006): https://pan.baidu.com/api/quota 
2019-06-17 19:57:33 [WARN] request error (0x100000006): https://pan.baidu.com/api/quota 
2019-06-17 19:57:44 [WARN] account error (-1): http请求错误 0x6
2019-06-17 19:58:06 [WARN] request error (0x100000006): https://pan.baidu.com/api/quota 
2019-06-17 19:58:31 [WARN] request error (0x100000006): https://pan.baidu.com/api/quota 
2019-06-17 19:58:45 [WARN] account error (-1): http请求错误 0x6
2019-06-17 19:58:57 [WARN] request error (0x100000006): https://pan.baidu.com/api/quota 
2019-06-17 19:59:22 [WARN] request error (0x100000006): https://pan.baidu.com/api/quota 
2019-06-17 19:59:46 [WARN] account error (-1): http请求错误 0x6
2019-06-17 19:59:55 [WARN] request error (0x100000006): https://pan.baidu.com/api/quota 
2019-06-17 20:00:21 [WARN] request error (0x100000006): https://pan.baidu.com/api/quota 
2019-06-17 20:00:46 [WARN] request error (0x100000006): https://pan.baidu.com/api/quota 
2019-06-17 20:00:47 [WARN] account error (-1): http请求错误 0x6
2019-06-17 20:01:12 [WARN] request error (0x100000006): https://pan.baidu.com/api/quota 
2019-06-17 20:01:45 [WARN] request error (0x100000006): https://pan.baidu.com/api/quota 
2019-06-17 20:01:48 [WARN] account error (-1): http请求错误 0x6
2019-06-17 20:02:10 [WARN] request error (0x100000006): https://pan.baidu.com/api/quota 
2019-06-17 20:02:36 [WARN] request error (0x100000006): https://pan.baidu.com/api/quota 
2019-06-17 20:02:49 [WARN] account error (-1): http请求错误 0x6
2019-06-17 20:03:02 [WARN] request error (0x100000006): https://pan.baidu.com/api/quota 
2019-06-17 20:03:35 [WARN] request error (0x100000006): https://pan.baidu.com/api/quota 
2019-06-17 20:03:50 [WARN] account error (-1): http请求错误 0x6
2019-06-17 20:04:00 [WARN] request error (0x100000006): https://pan.baidu.com/api/quota 
2019-06-17 20:04:26 [WARN] request error (0x100000006): https://pan.baidu.com/api/quota 
2019-06-17 20:04:51 [WARN] request error (0x100000006): https://pan.baidu.com/api/quota 
2019-06-17 20:04:53 [WARN] account error (-1): http请求错误 0x6
2019-06-17 20:05:28 [WARN] request error (0x100000006): https://pan.baidu.com/api/quota 
2019-06-17 20:05:54 [WARN] request error (0x100000006): https://pan.baidu.com/api/quota 
2019-06-17 20:05:54 [WARN] account error (-1): http请求错误 0x6
2019-06-17 20:06:20 [WARN] request error (0x100000006): https://pan.baidu.com/api/quota 
2019-06-17 20:06:45 [WARN] request error (0x100000006): https://pan.baidu.com/api/quota 
2019-06-17 20:06:55 [WARN] account error (-1): http请求错误 0x6
2019-06-17 20:07:18 [WARN] request error (0x100000006): https://pan.baidu.com/api/quota 
2019-06-17 20:07:45 [WARN] request error (0x100000006): https://pan.baidu.com/api/quota 
2019-06-17 20:07:56 [WARN] account error (-1): http请求错误 0x6
2019-06-17 20:08:10 [WARN] request error (0x100000006): https://pan.baidu.com/api/quota 
2019-06-17 20:08:36 [WARN] request error (0x100000006): https://pan.baidu.com/api/quota 
2019-06-17 20:08:57 [WARN] account error (-1): http请求错误 0x6
2019-06-17 20:09:09 [WARN] request error (0x100000006): https://pan.baidu.com/api/quota 
2019-06-17 20:09:35 [WARN] request error (0x100000006): https://pan.baidu.com/api/quota 
2019-06-17 20:09:58 [WARN] account error (-1): http请求错误 0x6
2019-06-17 20:10:00 [WARN] request error (0x100000006): https://pan.baidu.com/api/quota 
2019-06-17 20:10:25 [WARN] request error (0x100000006): https://pan.baidu.com/api/quota 
2019-06-17 20:10:58 [WARN] request error (0x100000006): https://pan.baidu.com/api/quota 
2019-06-17 20:10:59 [WARN] account error (-1): http请求错误 0x6
2019-06-17 20:11:23 [WARN] request error (0x100000006): https://pan.baidu.com/api/quota 
2019-06-17 20:11:48 [WARN] request error (0x100000006): https://pan.baidu.com/api/quota 
2019-06-17 20:12:00 [WARN] account error (-1): http请求错误 0x6
2019-06-17 20:12:14 [WARN] request error (0x100000006): https://pan.baidu.com/api/quota 
2019-06-17 20:12:46 [WARN] request error (0x100000006): https://pan.baidu.com/api/quota 
2019-06-17 20:13:01 [WARN] account error (-1): http请求错误 0x6
2019-06-17 20:13:11 [WARN] request error (0x100000006): https://pan.baidu.com/api/quota 
2019-06-17 20:13:37 [WARN] request error (0x100000006): https://pan.baidu.com/api/quota 
2019-06-17 20:14:02 [WARN] request error (0x100000006): https://pan.baidu.com/api/quota 
2019-06-17 20:14:02 [WARN] account error (-1): http请求错误 0x6
2019-06-17 20:14:34 [WARN] request error (0x100000006): https://pan.baidu.com/api/quota 
2019-06-17 20:15:00 [WARN] request error (0x100000006): https://pan.baidu.com/api/quota 
2019-06-17 20:15:03 [WARN] account error (-1): http请求错误 0x6
2019-06-17 20:15:26 [WARN] request error (0x100000006): https://pan.baidu.com/api/quota 
2019-06-17 20:15:51 [WARN] request error (0x100000006): https://pan.baidu.com/api/quota 
2019-06-17 20:16:04 [WARN] account error (-1): http请求错误 0x6
2019-06-17 20:16:24 [WARN] request error (0x100000006): https://pan.baidu.com/api/quota 
2019-06-17 20:16:49 [WARN] request error (0x100000006): https://pan.baidu.com/api/quota 
2019-06-17 20:17:07 [WARN] account error (-1): http请求错误 0x6
2019-06-17 20:17:14 [WARN] request error (0x100000006): https://pan.baidu.com/api/quota 
2019-06-17 20:17:40 [WARN] request error (0x100000006): https://pan.baidu.com/api/quota 
2019-06-17 20:18:07 [WARN] account error (-1): http请求错误 0x6
2019-06-17 20:18:12 [WARN] request error (0x100000006): https://pan.baidu.com/api/quota 
2019-06-17 20:18:38 [WARN] request error (0x100000006): https://pan.baidu.com/api/quota 
2019-06-17 20:19:03 [WARN] request error (0x100000006): https://pan.baidu.com/api/quota 
2019-06-17 20:19:08 [WARN] account error (-1): http请求错误 0x6
2019-06-17 20:19:28 [WARN] request error (0x100000006): https://pan.baidu.com/api/quota 
2019-06-17 20:20:02 [WARN] request error (0x100000006): https://pan.baidu.com/api/quota 
2019-06-17 20:20:09 [WARN] account error (-1): http请求错误 0x6
2019-06-17 20:20:28 [WARN] request error (0x100000006): https://pan.baidu.com/api/quota 
2019-06-17 20:20:53 [WARN] request error (0x100000006): https://pan.baidu.com/api/quota 
2019-06-17 20:21:10 [WARN] account error (-1): http请求错误 0x6
2019-06-17 20:21:18 [WARN] request error (0x100000006): https://pan.baidu.com/api/quota 
2019-06-17 20:21:51 [WARN] request error (0x100000006): https://pan.baidu.com/api/quota 
2019-06-17 20:22:11 [WARN] account error (-1): http请求错误 0x6
2019-06-17 20:22:16 [WARN] request error (0x100000006): https://pan.baidu.com/api/quota 
2019-06-17 20:22:42 [WARN] request error (0x100000006): https://pan.baidu.com/api/quota 
2019-06-17 20:23:07 [WARN] request error (0x100000006): https://pan.baidu.com/api/quota 
2019-06-17 20:23:12 [WARN] account error (-1): http请求错误 0x6
2019-06-17 20:23:40 [WARN] request error (0x100000006): https://pan.baidu.com/api/quota 
2019-06-17 20:24:05 [WARN] request error (0x100000006): https://pan.baidu.com/api/quota 
2019-06-17 20:24:13 [WARN] account error (-1): http请求错误 0x6
2019-06-17 20:24:30 [WARN] request error (0x100000006): https://pan.baidu.com/api/quota 
2019-06-17 20:24:55 [WARN] request error (0x100000006): https://pan.baidu.com/api/quota 
2019-06-17 20:25:14 [WARN] account error (-1): http请求错误 0x6
2019-06-17 20:25:29 [WARN] request error (0x100000006): https://pan.baidu.com/api/quota 
2019-06-17 20:25:54 [WARN] request error (0x100000006): https://pan.baidu.com/api/quota 
2019-06-17 20:26:15 [WARN] account error (-1): http请求错误 0x6
2019-06-17 20:26:19 [WARN] request error (0x100000006): https://pan.baidu.com/api/quota 
2019-06-17 20:26:45 [WARN] request error (0x100000006): https://pan.baidu.com/api/quota 
2019-06-17 20:27:17 [WARN] account error (-1): http请求错误 0x6
2019-06-17 20:27:18 [WARN] request error (0x100000006): https://pan.baidu.com/api/quota 
2019-06-17 20:27:43 [WARN] request error (0x100000006): https://pan.baidu.com/api/quota 
2019-06-17 20:28:08 [WARN] request error (0x100000006): https://pan.baidu.com/api/quota 
2019-06-17 20:28:17 [WARN] account error (-1): http请求错误 0x6
2019-06-17 20:28:33 [WARN] request error (0x100000006): https://pan.baidu.com/api/quota 
2019-06-17 20:29:06 [WARN] request error (0x100000006): https://pan.baidu.com/api/quota 
2019-06-17 20:29:18 [WARN] account error (-1): http请求错误 0x6
2019-06-17 20:29:31 [WARN] request error (0x100000006): https://pan.baidu.com/api/quota 
2019-06-17 20:29:57 [WARN] request error (0x100000006): https://pan.baidu.com/api/quota 
2019-06-17 20:30:19 [WARN] account error (-1): http请求错误 0x6
2019-06-17 20:30:23 [WARN] request error (0x100000006): https://pan.baidu.com/api/quota 
2019-06-17 20:30:55 [WARN] request error (0x100000006): https://pan.baidu.com/api/quota 
2019-06-17 20:31:20 [WARN] account error (-1): http请求错误 0x6
2019-06-17 20:31:21 [WARN] request error (0x100000006): https://pan.baidu.com/api/quota 
2019-06-17 20:31:46 [WARN] request error (0x100000006): https://pan.baidu.com/api/quota 
2019-06-17 20:32:11 [WARN] request error (0x100000006): https://pan.baidu.com/api/quota 
2019-06-17 20:32:21 [WARN] account error (-1): http请求错误 0x6
2019-06-17 20:32:44 [WARN] request error (0x100000006): https://pan.baidu.com/api/quota 
2019-06-17 20:33:09 [WARN] request error (0x100000006): https://pan.baidu.com/api/quota 
2019-06-17 20:33:22 [WARN] account error (-1): http请求错误 0x6
2019-06-17 20:33:35 [WARN] request error (0x100000006): https://pan.baidu.com/api/quota 
2019-06-17 20:34:00 [WARN] request error (0x100000006): https://pan.baidu.com/api/quota 
2019-06-17 20:34:23 [WARN] account error (-1): http请求错误 0x6
2019-06-17 20:34:33 [WARN] request error (0x100000006): https://pan.baidu.com/api/quota 
2019-06-17 20:34:58 [WARN] request error (0x100000006): https://pan.baidu.com/api/quota 
2019-06-17 20:35:24 [WARN] request error (0x100000006): https://pan.baidu.com/api/quota 
2019-06-17 20:35:24 [WARN] account error (-1): http请求错误 0x6
2019-06-17 20:35:49 [WARN] request error (0x100000006): https://pan.baidu.com/api/quota 
2019-06-17 20:36:21 [WARN] request error (0x100000006): https://pan.baidu.com/api/quota 
2019-06-17 20:36:25 [WARN] account error (-1): http请求错误 0x6
2019-06-17 20:36:46 [WARN] request error (0x100000006): https://pan.baidu.com/api/quota 
2019-06-17 20:37:11 [WARN] request error (0x100000006): https://pan.baidu.com/api/quota 
2019-06-17 20:37:26 [WARN] account error (-1): http请求错误 0x6
2019-06-17 20:37:37 [WARN] request error (0x100000006): https://pan.baidu.com/api/quota 
2019-06-17 20:38:05 [WARN] request error (0x100000006): https://pan.baidu.com/api/quota 
2019-06-17 20:38:27 [WARN] account error (-1): http请求错误 0x6
2019-06-17 20:38:31 [WARN] request error (0x100000006): https://pan.baidu.com/api/quota 
2019-06-17 20:38:56 [WARN] request error (0x100000006): https://pan.baidu.com/api/quota 
2019-06-17 20:39:22 [WARN] request error (0x100000006): https://pan.baidu.com/api/quota 
2019-06-17 20:39:28 [WARN] account error (-1): http请求错误 0x6
2019-06-17 20:40:19 [WARN] request error (0x100000006): https://pan.baidu.com/api/quota 
2019-06-17 20:40:53 [WARN] account error (-1): http请求错误 0x6
2019-06-17 20:41:08 [WARN] request error (0x100000006): https://pan.baidu.com/api/quota 
2019-06-17 20:41:57 [WARN] request error (0x100000006): https://pan.baidu.com/api/quota 
2019-06-17 20:42:18 [WARN] account error (-1): http请求错误 0x6
2019-06-17 20:42:46 [WARN] request error (0x100000006): https://pan.baidu.com/api/quota 
2019-06-17 20:43:43 [WARN] account error (-1): http请求错误 0x6
2019-06-17 20:44:18 [WARN] request error (0x100000006): https://pan.baidu.com/api/quota 
2019-06-17 20:45:07 [WARN] request error (0x100000006): https://pan.baidu.com/api/quota 
2019-06-17 20:45:08 [WARN] account error (-1): http请求错误 0x6
2019-06-17 20:45:56 [WARN] request error (0x100000006): https://pan.baidu.com/api/quota 
2019-06-17 20:49:37 [WARN] request error (0x100000006): https://pan.baidu.com/api/quota 
2019-06-17 20:49:40 [WARN] account error (-1): http请求错误 0x6
2019-06-17 20:51:05 [WARN] account error (-1): http请求错误 0x6
2019-06-17 20:51:09 [WARN] request error (0x100000006): https://pan.baidu.com/api/quota 
2019-06-17 20:51:58 [WARN] request error (0x100000006): https://pan.baidu.com/api/quota 
2019-06-17 20:52:30 [WARN] account error (-1): http请求错误 0x6
2019-06-17 20:52:47 [WARN] request error (0x100000006): https://pan.baidu.com/api/quota 
2019-06-17 20:53:36 [WARN] request error (0x100000006): https://pan.baidu.com/api/quota 
2019-06-17 20:53:55 [WARN] account error (-1): http请求错误 0x6
2019-06-17 20:55:09 [WARN] request error (0x100000006): https://pan.baidu.com/api/quota 
2019-06-17 20:55:20 [WARN] account error (-1): http请求错误 0x6
2019-06-17 20:55:58 [WARN] request error (0x100000006): https://pan.baidu.com/api/quota 
2019-06-17 20:56:46 [WARN] account error (-1): http请求错误 0x6
2019-06-17 20:56:47 [WARN] request error (0x100000006): https://pan.baidu.com/api/quota 
2019-06-17 20:57:36 [WARN] request error (0x100000006): https://pan.baidu.com/api/quota 
2019-06-17 20:58:10 [WARN] account error (-1): http请求错误 0x6
2019-06-17 20:59:09 [WARN] request error (0x100000006): https://pan.baidu.com/api/quota 
2019-06-17 20:59:36 [WARN] account error (-1): http请求错误 0x6
2019-06-17 20:59:58 [WARN] request error (0x100000006): https://pan.baidu.com/api/quota 
2019-06-17 21:00:47 [WARN] request error (0x100000006): https://pan.baidu.com/api/quota 
2019-06-17 21:01:00 [WARN] account error (-1): http请求错误 0x6
2019-06-17 21:01:36 [WARN] request error (0x100000006): https://pan.baidu.com/api/quota 
2019-06-17 21:02:26 [WARN] account error (-1): http请求错误 0x6
2019-06-17 21:03:08 [WARN] request error (0x100000006): https://pan.baidu.com/api/quota 
2019-06-17 21:03:50 [WARN] account error (-1): http请求错误 0x6
2019-06-17 21:03:57 [WARN] request error (0x100000006): https://pan.baidu.com/api/quota 
2019-06-17 21:04:47 [WARN] request error (0x100000006): https://pan.baidu.com/api/quota 
2019-06-17 21:05:15 [WARN] account error (-1): http请求错误 0x6
2019-06-17 21:05:36 [WARN] request error (0x100000006): https://pan.baidu.com/api/quota 
2019-06-17 21:06:41 [WARN] account error (-1): http请求错误 0x6
2019-06-17 21:07:08 [WARN] request error (0x100000006): https://pan.baidu.com/api/quota 
2019-06-17 21:07:57 [WARN] request error (0x100000006): https://pan.baidu.com/api/quota 
2019-06-17 21:08:05 [WARN] account error (-1): http请求错误 0x6
2019-06-17 21:08:46 [WARN] request error (0x100000006): https://pan.baidu.com/api/quota 
2019-06-17 21:09:30 [WARN] account error (-1): http请求错误 0x6
2019-06-17 21:09:35 [WARN] request error (0x100000006): https://pan.baidu.com/api/quota 
2019-06-17 21:10:55 [WARN] account error (-1): http请求错误 0x6
2019-06-17 21:11:08 [WARN] request error (0x100000006): https://pan.baidu.com/api/quota 
2019-06-17 21:11:57 [WARN] request error (0x100000006): https://pan.baidu.com/api/quota 
2019-06-17 21:12:20 [WARN] account error (-1): http请求错误 0x6
2019-06-17 21:12:46 [WARN] request error (0x100000006): https://pan.baidu.com/api/quota 
2019-06-17 21:13:35 [WARN] request error (0x100000006): https://pan.baidu.com/api/quota 
2019-06-17 21:13:45 [WARN] account error (-1): http请求错误 0x6
2019-06-17 21:15:07 [WARN] request error (0x100000006): https://pan.baidu.com/api/quota 
2019-06-17 21:15:10 [WARN] account error (-1): http请求错误 0x6
2019-06-17 21:15:56 [WARN] request error (0x100000006): https://pan.baidu.com/api/quota 
2019-06-17 21:16:35 [WARN] account error (-1): http请求错误 0x6
2019-06-17 21:16:46 [WARN] request error (0x100000006): https://pan.baidu.com/api/quota 
2019-06-17 21:17:35 [WARN] request error (0x100000006): https://pan.baidu.com/api/quota 
2019-06-17 21:18:00 [WARN] account error (-1): http请求错误 0x6
2019-06-17 21:19:07 [WARN] request error (0x100000006): https://pan.baidu.com/api/quota 
2019-06-17 21:19:25 [WARN] account error (-1): http请求错误 0x6
2019-06-17 21:19:56 [WARN] request error (0x100000006): https://pan.baidu.com/api/quota 
2019-06-17 21:20:45 [WARN] request error (0x100000006): https://pan.baidu.com/api/quota 
2019-06-17 21:20:51 [WARN] account error (-1): http请求错误 0x6
2019-06-17 21:21:34 [WARN] request error (0x100000006): https://pan.baidu.com/api/quota 
2019-06-17 21:22:15 [WARN] account error (-1): http请求错误 0x6
2019-06-17 21:23:07 [WARN] request error (0x100000006): https://pan.baidu.com/api/quota 
2019-06-17 21:23:40 [WARN] account error (-1): http请求错误 0x6
2019-06-17 21:23:56 [WARN] request error (0x100000006): https://pan.baidu.com/api/quota 
2019-06-17 21:24:45 [WARN] request error (0x100000006): https://pan.baidu.com/api/quota 
2019-06-17 21:25:05 [WARN] account error (-1): http请求错误 0x6
2019-06-17 21:25:34 [WARN] request error (0x100000006): https://pan.baidu.com/api/quota 
2019-06-17 21:26:30 [WARN] account error (-1): http请求错误 0x6
2019-06-17 21:27:06 [WARN] request error (0x100000006): https://pan.baidu.com/api/quota 
2019-06-17 21:27:55 [WARN] request error (0x100000006): https://pan.baidu.com/api/quota 
2019-06-17 21:27:56 [WARN] account error (-1): http请求错误 0x6
2019-06-17 21:28:44 [WARN] request error (0x100000006): https://pan.baidu.com/api/quota 
2019-06-17 21:29:21 [WARN] account error (-1): http请求错误 0x6
2019-06-17 21:29:33 [WARN] request error (0x100000006): https://pan.baidu.com/api/quota 
2019-06-17 21:30:46 [WARN] account error (-1): http请求错误 0x6
2019-06-17 21:31:05 [WARN] request error (0x100000006): https://pan.baidu.com/api/quota 
2019-06-17 21:31:54 [WARN] request error (0x100000006): https://pan.baidu.com/api/quota 
2019-06-17 21:32:11 [WARN] account error (-1): http请求错误 0x6
2019-06-17 21:32:44 [WARN] request error (0x100000006): https://pan.baidu.com/api/quota 
2019-06-17 21:33:33 [WARN] request error (0x100000006): https://pan.baidu.com/api/quota 
2019-06-17 21:33:35 [WARN] account error (-1): http请求错误 0x6
2019-06-17 21:35:00 [WARN] account error (-1): http请求错误 0x6
2019-06-17 21:35:05 [WARN] request error (0x100000006): https://pan.baidu.com/api/quota 
2019-06-17 21:35:54 [WARN] request error (0x100000006): https://pan.baidu.com/api/quota 
2019-06-17 21:36:25 [WARN] account error (-1): http请求错误 0x6
2019-06-17 21:36:43 [WARN] request error (0x100000006): https://pan.baidu.com/api/quota 
2019-06-17 21:37:32 [WARN] request error (0x100000006): https://pan.baidu.com/api/quota 
2019-06-17 21:37:50 [WARN] account error (-1): http请求错误 0x6
2019-06-17 21:39:04 [WARN] request error (0x100000006): https://pan.baidu.com/api/quota 
2019-06-17 21:39:15 [WARN] account error (-1): http请求错误 0x6
2019-06-17 21:39:53 [WARN] request error (0x100000006): https://pan.baidu.com/api/quota 
2019-06-17 21:40:40 [WARN] account error (-1): http请求错误 0x6
2019-06-17 21:40:42 [WARN] request error (0x100000006): https://pan.baidu.com/api/quota 
2019-06-17 21:41:31 [WARN] request error (0x100000006): https://pan.baidu.com/api/quota 
2019-06-17 21:42:05 [WARN] account error (-1): http请求错误 0x6
2019-06-17 21:43:03 [WARN] request error (0x100000006): https://pan.baidu.com/api/quota 
2019-06-17 21:43:30 [WARN] account error (-1): http请求错误 0x6
2019-06-17 21:43:52 [WARN] request error (0x100000006): https://pan.baidu.com/api/quota 
2019-06-17 21:44:41 [WARN] request error (0x100000006): https://pan.baidu.com/api/quota 
2019-06-17 21:44:55 [WARN] account error (-1): http请求错误 0x6
2019-06-17 21:45:30 [WARN] request error (0x100000006): https://pan.baidu.com/api/quota 
2019-06-17 21:46:20 [WARN] account error (-1): http请求错误 0x6
2019-06-17 21:47:02 [WARN] request error (0x100000006): https://pan.baidu.com/api/quota 
2019-06-17 21:47:45 [WARN] account error (-1): http请求错误 0x6
2019-06-17 21:47:51 [WARN] request error (0x100000006): https://pan.baidu.com/api/quota 
2019-06-17 21:48:40 [WARN] request error (0x100000006): https://pan.baidu.com/api/quota 
2019-06-17 21:49:10 [WARN] account error (-1): http请求错误 0x6
2019-06-17 21:49:29 [WARN] request error (0x100000006): https://pan.baidu.com/api/quota 
2019-06-17 21:50:35 [WARN] account error (-1): http请求错误 0x6
2019-06-17 21:51:01 [WARN] request error (0x100000006): https://pan.baidu.com/api/quota 
2019-06-17 21:51:50 [WARN] request error (0x100000006): https://pan.baidu.com/api/quota 
2019-06-17 21:52:00 [WARN] account error (-1): http请求错误 0x6
2019-06-17 21:52:39 [WARN] request error (0x100000006): https://pan.baidu.com/api/quota 
2019-06-17 21:53:25 [WARN] account error (-1): http请求错误 0x6
2019-06-17 21:53:28 [WARN] request error (0x100000006): https://pan.baidu.com/api/quota 
2019-06-17 21:54:50 [WARN] account error (-1): http请求错误 0x6
2019-06-17 21:55:00 [WARN] request error (0x100000006): https://pan.baidu.com/api/quota 
2019-06-17 21:55:50 [WARN] request error (0x100000006): https://pan.baidu.com/api/quota 
2019-06-17 21:56:15 [WARN] account error (-1): http请求错误 0x6
2019-06-17 21:56:39 [WARN] request error (0x100000006): https://pan.baidu.com/api/quota 
2019-06-17 21:57:28 [WARN] request error (0x100000006): https://pan.baidu.com/api/quota 
2019-06-17 21:57:40 [WARN] account error (-1): http请求错误 0x6
2019-06-17 21:59:01 [WARN] request error (0x100000006): https://pan.baidu.com/api/quota 
2019-06-17 21:59:05 [WARN] account error (-1): http请求错误 0x6
2019-06-17 21:59:50 [WARN] request error (0x100000006): https://pan.baidu.com/api/quota 
2019-06-17 22:00:30 [WARN] account error (-1): http请求错误 0x6
2019-06-17 22:00:39 [WARN] request error (0x100000006): https://pan.baidu.com/api/quota 
2019-06-17 22:01:28 [WARN] request error (0x100000006): https://pan.baidu.com/api/quota 
2019-06-17 22:01:55 [WARN] account error (-1): http请求错误 0x6
2019-06-17 22:03:01 [WARN] request error (0x100000006): https://pan.baidu.com/api/quota 
2019-06-17 22:03:20 [WARN] account error (-1): http请求错误 0x6
2019-06-17 22:03:50 [WARN] request error (0x100000006): https://pan.baidu.com/api/quota 
2019-06-17 22:04:39 [WARN] request error (0x100000006): https://pan.baidu.com/api/quota 
2019-06-17 22:04:45 [WARN] account error (-1): http请求错误 0x6
2019-06-17 22:05:29 [WARN] request error (0x100000006): https://pan.baidu.com/api/quota 
2019-06-17 22:06:11 [WARN] account error (-1): http请求错误 0x6
2019-06-17 22:07:01 [WARN] request error (0x100000006): https://pan.baidu.com/api/quota 
2019-06-17 22:07:35 [WARN] account error (-1): http请求错误 0x6
2019-06-17 22:07:50 [WARN] request error (0x100000006): https://pan.baidu.com/api/quota 
2019-06-17 22:08:40 [WARN] request error (0x100000006): https://pan.baidu.com/api/quota 
2019-06-17 22:09:00 [WARN] account error (-1): http请求错误 0x6
2019-06-17 22:09:29 [WARN] request error (0x100000006): https://pan.baidu.com/api/quota 
2019-06-17 22:10:25 [WARN] account error (-1): http请求错误 0x6
2019-06-17 22:11:02 [WARN] request error (0x100000006): https://pan.baidu.com/api/quota 
2019-06-17 22:11:51 [WARN] account error (-1): http请求错误 0x6
2019-06-17 22:11:51 [WARN] request error (0x100000006): https://pan.baidu.com/api/quota 
2019-06-17 22:12:40 [WARN] request error (0x100000006): https://pan.baidu.com/api/quota 
2019-06-17 22:13:15 [WARN] account error (-1): http请求错误 0x6
2019-06-17 22:13:29 [WARN] request error (0x100000006): https://pan.baidu.com/api/quota 
2019-06-17 22:14:41 [WARN] account error (-1): http请求错误 0x6
2019-06-17 22:15:02 [WARN] request error (0x100000006): https://pan.baidu.com/api/quota 
2019-06-17 22:15:52 [WARN] request error (0x100000006): https://pan.baidu.com/api/quota 
2019-06-17 22:16:05 [WARN] account error (-1): http请求错误 0x6
2019-06-17 22:16:41 [WARN] request error (0x100000006): https://pan.baidu.com/api/quota 
2019-06-17 22:17:30 [WARN] request error (0x100000006): https://pan.baidu.com/api/quota 
2019-06-17 22:17:31 [WARN] account error (-1): http请求错误 0x6
2019-06-17 22:18:55 [WARN] account error (-1): http请求错误 0x6
2019-06-17 22:19:03 [WARN] request error (0x100000006): https://pan.baidu.com/api/quota 
2019-06-17 22:19:52 [WARN] request error (0x100000006): https://pan.baidu.com/api/quota 
2019-06-17 22:20:21 [WARN] account error (-1): http请求错误 0x6
2019-06-17 22:20:41 [WARN] request error (0x100000006): https://pan.baidu.com/api/quota 
2019-06-17 22:21:31 [WARN] request error (0x100000006): https://pan.baidu.com/api/quota 
2019-06-17 22:21:45 [WARN] account error (-1): http请求错误 0x6
2019-06-17 22:23:03 [WARN] request error (0x100000006): https://pan.baidu.com/api/quota 
2019-06-17 22:23:11 [WARN] account error (-1): http请求错误 0x6
2019-06-17 22:23:52 [WARN] request error (0x100000006): https://pan.baidu.com/api/quota 
2019-06-17 22:24:35 [WARN] account error (-1): http请求错误 0x6
2019-06-17 22:24:41 [WARN] request error (0x100000006): https://pan.baidu.com/api/quota 
2019-06-17 22:25:30 [WARN] request error (0x100000006): https://pan.baidu.com/api/quota 
2019-06-17 22:26:00 [WARN] account error (-1): http请求错误 0x6
2019-06-17 22:27:03 [WARN] request error (0x100000006): https://pan.baidu.com/api/quota 
2019-06-17 22:27:25 [WARN] account error (-1): http请求错误 0x6
2019-06-17 22:27:52 [WARN] request error (0x100000006): https://pan.baidu.com/api/quota 
2019-06-17 22:28:41 [WARN] request error (0x100000006): https://pan.baidu.com/api/quota 
2019-06-17 22:28:51 [WARN] account error (-1): http请求错误 0x6
2019-06-17 22:29:31 [WARN] request error (0x100000006): https://pan.baidu.com/api/quota 
2019-06-17 22:30:15 [WARN] account error (-1): http请求错误 0x6
2019-06-17 22:31:04 [WARN] request error (0x100000006): https://pan.baidu.com/api/quota 
2019-06-17 22:31:40 [WARN] account error (-1): http请求错误 0x6
2019-06-17 22:31:53 [WARN] request error (0x100000006): https://pan.baidu.com/api/quota 
2019-06-17 22:32:42 [WARN] request error (0x100000006): https://pan.baidu.com/api/quota 
2019-06-17 22:33:05 [WARN] account error (-1): http请求错误 0x6
2019-06-17 22:33:31 [WARN] request error (0x100000006): https://pan.baidu.com/api/quota 
2019-06-17 22:34:30 [WARN] account error (-1): http请求错误 0x6
2019-06-17 22:35:03 [WARN] request error (0x100000006): https://pan.baidu.com/api/quota 
2019-06-17 22:35:52 [WARN] request error (0x100000006): https://pan.baidu.com/api/quota 
2019-06-17 22:35:55 [WARN] account error (-1): http请求错误 0x6
2019-06-17 22:36:42 [WARN] request error (0x100000006): https://pan.baidu.com/api/quota 
2019-06-17 22:37:21 [WARN] account error (-1): http请求错误 0x6
2019-06-17 22:37:31 [WARN] request error (0x100000006): https://pan.baidu.com/api/quota 
2019-06-17 22:38:45 [WARN] account error (-1): http请求错误 0x6
2019-06-17 22:39:03 [WARN] request error (0x100000006): https://pan.baidu.com/api/quota 
2019-06-17 22:39:52 [WARN] request error (0x100000006): https://pan.baidu.com/api/quota 
2019-06-17 22:40:10 [WARN] account error (-1): http请求错误 0x6
2019-06-17 22:40:41 [WARN] request error (0x100000006): https://pan.baidu.com/api/quota 
2019-06-17 22:41:30 [WARN] request error (0x100000006): https://pan.baidu.com/api/quota 
2019-06-17 22:41:35 [WARN] account error (-1): http请求错误 0x6
2019-06-17 22:43:00 [WARN] account error (-1): http请求错误 0x6
2019-06-17 22:43:03 [WARN] request error (0x100000006): https://pan.baidu.com/api/quota 
2019-06-17 22:43:52 [WARN] request error (0x100000006): https://pan.baidu.com/api/quota 
2019-06-17 22:44:26 [WARN] account error (-1): http请求错误 0x6
2019-06-17 22:44:41 [WARN] request error (0x100000006): https://pan.baidu.com/api/quota 
2019-06-17 22:45:30 [WARN] request error (0x100000006): https://pan.baidu.com/api/quota 
2019-06-17 22:45:51 [WARN] account error (-1): http请求错误 0x6
2019-06-17 22:47:02 [WARN] request error (0x100000006): https://pan.baidu.com/api/quota 
2019-06-17 22:47:16 [WARN] account error (-1): http请求错误 0x6
2019-06-17 22:47:51 [WARN] request error (0x100000006): https://pan.baidu.com/api/quota 
2019-06-17 22:48:40 [WARN] request error (0x100000006): https://pan.baidu.com/api/quota 
2019-06-17 22:48:40 [WARN] account error (-1): http请求错误 0x6
2019-06-17 22:49:29 [WARN] request error (0x100000006): https://pan.baidu.com/api/quota 
2019-06-17 22:50:05 [WARN] account error (-1): http请求错误 0x6
2019-06-17 22:51:02 [WARN] request error (0x100000006): https://pan.baidu.com/api/quota 
2019-06-17 22:51:30 [WARN] account error (-1): http请求错误 0x6
2019-06-17 22:51:51 [WARN] request error (0x100000006): https://pan.baidu.com/api/quota 
2019-06-17 22:52:40 [WARN] request error (0x100000006): https://pan.baidu.com/api/quota 
2019-06-17 22:52:55 [WARN] account error (-1): http请求错误 0x6
2019-06-17 22:53:29 [WARN] request error (0x100000006): https://pan.baidu.com/api/quota 
2019-06-17 22:54:20 [WARN] account error (-1): http请求错误 0x6
2019-06-17 22:55:01 [WARN] request error (0x100000006): https://pan.baidu.com/api/quota 
2019-06-17 22:55:45 [WARN] account error (-1): http请求错误 0x6
2019-06-17 22:55:51 [WARN] request error (0x100000006): https://pan.baidu.com/api/quota 
2019-06-17 22:56:40 [WARN] request error (0x100000006): https://pan.baidu.com/api/quota 
2019-06-17 22:57:10 [WARN] account error (-1): http请求错误 0x6
2019-06-17 22:57:29 [WARN] request error (0x100000006): https://pan.baidu.com/api/quota 
2019-06-17 22:58:36 [WARN] account error (-1): http请求错误 0x6
2019-06-17 22:59:02 [WARN] request error (0x100000006): https://pan.baidu.com/api/quota 
2019-06-17 22:59:51 [WARN] request error (0x100000006): https://pan.baidu.com/api/quota 
2019-06-17 23:00:00 [WARN] account error (-1): http请求错误 0x6
2019-06-17 23:00:40 [WARN] request error (0x100000006): https://pan.baidu.com/api/quota 
2019-06-17 23:01:25 [WARN] account error (-1): http请求错误 0x6
2019-06-17 23:01:30 [WARN] request error (0x100000006): https://pan.baidu.com/api/quota 
2019-06-17 23:02:50 [WARN] account error (-1): http请求错误 0x6
2019-06-17 23:03:02 [WARN] request error (0x100000006): https://pan.baidu.com/api/quota 
2019-06-17 23:03:51 [WARN] request error (0x100000006): https://pan.baidu.com/api/quota 
2019-06-17 23:04:15 [WARN] account error (-1): http请求错误 0x6
2019-06-17 23:04:41 [WARN] request error (0x100000006): https://pan.baidu.com/api/quota 
2019-06-17 23:05:30 [WARN] request error (0x100000006): https://pan.baidu.com/api/quota 
2019-06-17 23:05:40 [WARN] account error (-1): http请求错误 0x6
2019-06-17 23:07:02 [WARN] request error (0x100000006): https://pan.baidu.com/api/quota 
2019-06-17 23:07:05 [WARN] account error (-1): http请求错误 0x6
2019-06-17 23:07:52 [WARN] request error (0x100000006): https://pan.baidu.com/api/quota 
2019-06-17 23:08:30 [WARN] account error (-1): http请求错误 0x6
2019-06-17 23:08:41 [WARN] request error (0x100000006): https://pan.baidu.com/api/quota 
2019-06-17 23:15:58 [WARN] aria2 websocket connection closed (127.0.0.1:36917), code: 1006 (Abnormal close), reason: 
