2019-05-04 19:19:24 [INFO] pandownload version: 2.1.0 beta
2019-05-04 19:19:26 [INFO] aria2 websocket connection opened (127.0.0.1:6808)
2019-05-04 19:19:26 [INFO] aria2 version: 1.34.0
2019-05-04 19:19:26 [INFO] aria2 json-rpc path: http://token:pandownload@127.0.0.1:6808/jsonrpc
2019-05-04 19:19:26 [INFO] create main window
2019-05-04 19:19:26 [INFO] verify cookie (600)
2019-05-04 19:19:28 [INFO] user login success (4052464532): zji739
2019-05-04 19:20:52 [WARN] account error (-1): http请求错误 0x6
2019-05-04 19:20:58 [WARN] request error (0x100000006): https://pan.baidu.com/api/quota 
2019-05-04 19:21:47 [WARN] request error (0x100000006): https://pan.baidu.com/api/quota 
2019-05-04 19:22:17 [WARN] account error (-1): http请求错误 0x6
2019-05-04 19:23:19 [WARN] request error (0x100000006): https://pan.baidu.com/api/quota 
2019-05-04 19:23:42 [WARN] account error (-1): http请求错误 0x6
2019-05-04 19:24:08 [WARN] request error (0x100000006): https://pan.baidu.com/api/quota 
2019-05-04 19:24:57 [WARN] request error (0x100000006): https://pan.baidu.com/api/quota 
2019-05-04 19:25:07 [WARN] account error (-1): http请求错误 0x6
2019-05-04 19:25:46 [WARN] request error (0x100000006): https://pan.baidu.com/api/quota 
2019-05-04 19:26:32 [WARN] account error (-1): http请求错误 0x6
2019-05-04 19:27:18 [WARN] request error (0x100000006): https://pan.baidu.com/api/quota 
2019-05-04 19:27:57 [WARN] account error (-1): http请求错误 0x6
2019-05-04 19:28:07 [WARN] request error (0x100000006): https://pan.baidu.com/api/quota 
2019-05-04 19:28:57 [WARN] request error (0x100000006): https://pan.baidu.com/api/quota 
2019-05-04 19:29:22 [WARN] account error (-1): http请求错误 0x6
2019-05-04 19:29:46 [WARN] request error (0x100000006): https://pan.baidu.com/api/quota 
2019-05-04 19:30:47 [WARN] account error (-1): http请求错误 0x6
2019-05-04 19:31:18 [WARN] request error (0x100000006): https://pan.baidu.com/api/quota 
2019-05-04 19:32:08 [WARN] request error (0x100000006): https://pan.baidu.com/api/quota 
2019-05-04 19:32:12 [WARN] account error (-1): http请求错误 0x6
2019-05-04 19:32:57 [WARN] request error (0x100000006): https://pan.baidu.com/api/quota 
2019-05-04 19:33:37 [WARN] account error (-1): http请求错误 0x6
2019-05-04 19:33:46 [WARN] request error (0x100000006): https://pan.baidu.com/api/quota 
2019-05-04 19:35:02 [WARN] account error (-1): http请求错误 0x6
2019-05-04 19:35:18 [WARN] request error (0x100000006): https://pan.baidu.com/api/quota 
2019-05-04 19:36:07 [WARN] request error (0x100000006): https://pan.baidu.com/api/quota 
2019-05-04 19:36:27 [WARN] account error (-1): http请求错误 0x6
2019-05-04 19:36:57 [WARN] request error (0x100000006): https://pan.baidu.com/api/quota 
2019-05-04 19:37:46 [WARN] request error (0x100000006): https://pan.baidu.com/api/quota 
2019-05-04 19:37:52 [WARN] account error (-1): http请求错误 0x6
2019-05-04 19:39:17 [WARN] account error (-1): http请求错误 0x6
2019-05-04 19:39:18 [WARN] request error (0x100000006): https://pan.baidu.com/api/quota 
2019-05-04 19:40:08 [WARN] request error (0x100000006): https://pan.baidu.com/api/quota 
2019-05-04 19:40:42 [WARN] account error (-1): http请求错误 0x6
2019-05-04 19:40:57 [WARN] request error (0x100000006): https://pan.baidu.com/api/quota 
2019-05-04 19:41:46 [WARN] request error (0x100000006): https://pan.baidu.com/api/quota 
2019-05-04 19:42:07 [WARN] account error (-1): http请求错误 0x6
2019-05-04 19:43:19 [WARN] request error (0x100000006): https://pan.baidu.com/api/quota 
2019-05-04 19:43:32 [WARN] account error (-1): http请求错误 0x6
2019-05-04 19:44:08 [WARN] request error (0x100000006): https://pan.baidu.com/api/quota 
2019-05-04 19:44:57 [WARN] account error (-1): http请求错误 0x6
2019-05-04 19:44:57 [WARN] request error (0x100000006): https://pan.baidu.com/api/quota 
2019-05-04 19:45:46 [WARN] request error (0x100000006): https://pan.baidu.com/api/quota 
2019-05-04 19:46:22 [WARN] account error (-1): http请求错误 0x6
2019-05-04 19:47:19 [WARN] request error (0x100000006): https://pan.baidu.com/api/quota 
2019-05-04 19:47:47 [WARN] account error (-1): http请求错误 0x6
2019-05-04 19:48:08 [WARN] request error (0x100000006): https://pan.baidu.com/api/quota 
2019-05-04 19:48:57 [WARN] request error (0x100000006): https://pan.baidu.com/api/quota 
2019-05-04 19:49:12 [WARN] account error (-1): http请求错误 0x6
2019-05-04 19:49:46 [WARN] request error (0x100000006): https://pan.baidu.com/api/quota 
2019-05-04 19:50:37 [WARN] account error (-1): http请求错误 0x6
2019-05-04 19:51:19 [WARN] request error (0x100000006): https://pan.baidu.com/api/quota 
2019-05-04 19:52:02 [WARN] account error (-1): http请求错误 0x6
2019-05-04 19:52:08 [WARN] request error (0x100000006): https://pan.baidu.com/api/quota 
2019-05-04 19:52:57 [WARN] request error (0x100000006): https://pan.baidu.com/api/quota 
2019-05-04 19:53:27 [WARN] account error (-1): http请求错误 0x6
2019-05-04 19:53:46 [WARN] request error (0x100000006): https://pan.baidu.com/api/quota 
2019-05-04 19:54:52 [WARN] account error (-1): http请求错误 0x6
2019-05-04 19:55:19 [WARN] request error (0x100000006): https://pan.baidu.com/api/quota 
2019-05-04 19:56:08 [WARN] request error (0x100000006): https://pan.baidu.com/api/quota 
2019-05-04 19:56:17 [WARN] account error (-1): http请求错误 0x6
2019-05-04 19:56:57 [WARN] request error (0x100000006): https://pan.baidu.com/api/quota 
2019-05-04 19:57:42 [WARN] account error (-1): http请求错误 0x6
2019-05-04 19:57:46 [WARN] request error (0x100000006): https://pan.baidu.com/api/quota 
2019-05-04 19:59:07 [WARN] account error (-1): http请求错误 0x6
2019-05-04 19:59:18 [WARN] request error (0x100000006): https://pan.baidu.com/api/quota 
2019-05-04 20:00:07 [WARN] request error (0x100000006): https://pan.baidu.com/api/quota 
2019-05-04 20:00:32 [WARN] account error (-1): http请求错误 0x6
2019-05-04 20:00:57 [WARN] request error (0x100000006): https://pan.baidu.com/api/quota 
2019-05-04 20:01:46 [WARN] request error (0x100000006): https://pan.baidu.com/api/quota 
2019-05-04 20:01:57 [WARN] account error (-1): http请求错误 0x6
2019-05-04 20:03:19 [WARN] request error (0x100000006): https://pan.baidu.com/api/quota 
2019-05-04 20:03:22 [WARN] account error (-1): http请求错误 0x6
2019-05-04 20:04:08 [WARN] request error (0x100000006): https://pan.baidu.com/api/quota 
2019-05-04 20:04:47 [WARN] account error (-1): http请求错误 0x6
2019-05-04 20:04:57 [WARN] request error (0x100000006): https://pan.baidu.com/api/quota 
2019-05-04 20:05:46 [WARN] request error (0x100000006): https://pan.baidu.com/api/quota 
2019-05-04 20:06:12 [WARN] account error (-1): http请求错误 0x6
2019-05-04 20:07:18 [WARN] request error (0x100000006): https://pan.baidu.com/api/quota 
2019-05-04 20:07:37 [WARN] account error (-1): http请求错误 0x6
2019-05-04 20:08:08 [WARN] request error (0x100000006): https://pan.baidu.com/api/quota 
2019-05-04 20:08:57 [WARN] request error (0x100000006): https://pan.baidu.com/api/quota 
2019-05-04 20:09:02 [WARN] account error (-1): http请求错误 0x6
2019-05-04 20:09:46 [WARN] request error (0x100000006): https://pan.baidu.com/api/quota 
2019-05-04 20:10:27 [WARN] account error (-1): http请求错误 0x6
2019-05-04 20:11:18 [WARN] request error (0x100000006): https://pan.baidu.com/api/quota 
2019-05-04 20:11:52 [WARN] account error (-1): http请求错误 0x6
2019-05-04 20:12:08 [WARN] request error (0x100000006): https://pan.baidu.com/api/quota 
2019-05-04 20:12:57 [WARN] request error (0x100000006): https://pan.baidu.com/api/quota 
2019-05-04 20:13:17 [WARN] account error (-1): http请求错误 0x6
2019-05-04 20:13:46 [WARN] request error (0x100000006): https://pan.baidu.com/api/quota 
2019-05-04 20:14:42 [WARN] account error (-1): http请求错误 0x6
2019-05-04 20:15:18 [WARN] request error (0x100000006): https://pan.baidu.com/api/quota 
2019-05-04 20:16:07 [WARN] account error (-1): http请求错误 0x6
2019-05-04 20:16:08 [WARN] request error (0x100000006): https://pan.baidu.com/api/quota 
2019-05-04 20:16:57 [WARN] request error (0x100000006): https://pan.baidu.com/api/quota 
2019-05-04 20:17:32 [WARN] account error (-1): http请求错误 0x6
2019-05-04 20:17:46 [WARN] request error (0x100000006): https://pan.baidu.com/api/quota 
2019-05-04 20:18:57 [WARN] account error (-1): http请求错误 0x6
2019-05-04 20:19:18 [WARN] request error (0x100000006): https://pan.baidu.com/api/quota 
2019-05-04 20:20:08 [WARN] request error (0x100000006): https://pan.baidu.com/api/quota 
2019-05-04 20:20:22 [WARN] account error (-1): http请求错误 0x6
2019-05-04 20:20:57 [WARN] request error (0x100000006): https://pan.baidu.com/api/quota 
2019-05-04 20:21:46 [WARN] request error (0x100000006): https://pan.baidu.com/api/quota 
2019-05-04 20:21:47 [WARN] account error (-1): http请求错误 0x6
2019-05-04 20:23:12 [WARN] account error (-1): http请求错误 0x6
2019-05-04 20:23:18 [WARN] request error (0x100000006): https://pan.baidu.com/api/quota 
2019-05-04 20:24:07 [WARN] request error (0x100000006): https://pan.baidu.com/api/quota 
2019-05-04 20:24:37 [WARN] account error (-1): http请求错误 0x6
2019-05-04 20:24:56 [WARN] request error (0x100000006): https://pan.baidu.com/api/quota 
2019-05-04 20:25:45 [WARN] request error (0x100000006): https://pan.baidu.com/api/quota 
2019-05-04 20:26:02 [WARN] account error (-1): http请求错误 0x6
2019-05-04 20:27:17 [WARN] request error (0x100000006): https://pan.baidu.com/api/quota 
2019-05-04 20:27:27 [WARN] account error (-1): http请求错误 0x6
2019-05-04 20:52:58 [WARN] ID#2 - No URI available.(22) FILE="C:/Users/Administrator/Desktop/10-5 云存储系统之Web框架Gin基础介.vep" SIZE="58965929"
2019-05-04 20:53:22 [WARN] rpc error (0): timeout
2019-05-04 20:56:18 [WARN] request error (0x100000006): https://pan.baidu.com/api/quota 
2019-05-04 20:56:21 [WARN] account error (-1): http请求错误 0x6
2019-05-04 20:57:08 [WARN] request error (0x100000006): https://pan.baidu.com/api/quota 
2019-05-04 20:57:46 [WARN] account error (-1): http请求错误 0x6
2019-05-04 20:58:40 [WARN] request error (0x100000006): https://pan.baidu.com/api/quota 
2019-05-04 20:59:11 [WARN] account error (-1): http请求错误 0x6
2019-05-04 20:59:29 [WARN] request error (0x100000006): https://pan.baidu.com/api/quota 
2019-05-04 21:00:18 [WARN] request error (0x100000006): https://pan.baidu.com/api/quota 
2019-05-04 21:00:36 [WARN] account error (-1): http请求错误 0x6
2019-05-04 21:01:07 [WARN] request error (0x100000006): https://pan.baidu.com/api/quota 
2019-05-04 21:02:01 [WARN] account error (-1): http请求错误 0x6
2019-05-04 21:02:40 [WARN] request error (0x100000006): https://pan.baidu.com/api/quota 
2019-05-04 21:03:26 [WARN] account error (-1): http请求错误 0x6
2019-05-04 21:03:28 [WARN] request error (0x100000006): https://pan.baidu.com/api/quota 
2019-05-04 21:04:17 [WARN] request error (0x100000006): https://pan.baidu.com/api/quota 
2019-05-04 21:04:56 [WARN] account error (-1): http请求错误 0x6
2019-05-04 21:05:06 [WARN] request error (0x100000006): https://pan.baidu.com/api/quota 
2019-05-04 21:06:21 [WARN] account error (-1): http请求错误 0x6
2019-05-04 21:06:38 [WARN] request error (0x100000006): https://pan.baidu.com/api/quota 
2019-05-04 21:07:27 [WARN] request error (0x100000006): https://pan.baidu.com/api/quota 
2019-05-04 21:07:46 [WARN] account error (-1): http请求错误 0x6
2019-05-04 21:08:16 [WARN] request error (0x100000006): https://pan.baidu.com/api/quota 
2019-05-04 21:09:05 [WARN] request error (0x100000006): https://pan.baidu.com/api/quota 
2019-05-04 21:09:11 [WARN] account error (-1): http请求错误 0x6
2019-05-04 21:10:36 [WARN] account error (-1): http请求错误 0x6
2019-05-04 21:10:37 [WARN] request error (0x100000006): https://pan.baidu.com/api/quota 
2019-05-04 21:11:26 [WARN] request error (0x100000006): https://pan.baidu.com/api/quota 
2019-05-04 21:12:01 [WARN] account error (-1): http请求错误 0x6
2019-05-04 21:12:15 [WARN] request error (0x100000006): https://pan.baidu.com/api/quota 
2019-05-04 21:13:04 [WARN] request error (0x100000006): https://pan.baidu.com/api/quota 
2019-05-04 21:13:26 [WARN] account error (-1): http请求错误 0x6
2019-05-04 21:14:36 [WARN] request error (0x100000006): https://pan.baidu.com/api/quota 
2019-05-04 21:14:51 [WARN] account error (-1): http请求错误 0x6
2019-05-04 21:15:25 [WARN] request error (0x100000006): https://pan.baidu.com/api/quota 
2019-05-04 21:16:14 [WARN] request error (0x100000006): https://pan.baidu.com/api/quota 
2019-05-04 21:16:16 [WARN] account error (-1): http请求错误 0x6
2019-05-04 21:17:03 [WARN] request error (0x100000006): https://pan.baidu.com/api/quota 
2019-05-04 21:17:41 [WARN] account error (-1): http请求错误 0x6
2019-05-04 21:18:35 [WARN] request error (0x100000006): https://pan.baidu.com/api/quota 
2019-05-04 21:19:06 [WARN] account error (-1): http请求错误 0x6
2019-05-04 21:19:24 [WARN] request error (0x100000006): https://pan.baidu.com/api/quota 
2019-05-04 21:20:13 [WARN] request error (0x100000006): https://pan.baidu.com/api/quota 
2019-05-04 21:20:31 [WARN] account error (-1): http请求错误 0x6
2019-05-04 21:21:02 [WARN] request error (0x100000006): https://pan.baidu.com/api/quota 
2019-05-04 21:21:56 [WARN] account error (-1): http请求错误 0x6
2019-05-04 21:22:34 [WARN] request error (0x100000006): https://pan.baidu.com/api/quota 
2019-05-04 21:23:21 [WARN] account error (-1): http请求错误 0x6
2019-05-04 21:23:23 [WARN] request error (0x100000006): https://pan.baidu.com/api/quota 
2019-05-04 21:24:12 [WARN] request error (0x100000006): https://pan.baidu.com/api/quota 
2019-05-04 21:24:46 [WARN] account error (-1): http请求错误 0x6
2019-05-04 21:25:01 [WARN] request error (0x100000006): https://pan.baidu.com/api/quota 
2019-05-04 21:26:53 [WARN] request error (0x100000006): https://pan.baidu.com/api/quota 
2019-05-04 21:27:12 [WARN] account error (-1): http请求错误 0x6
2019-05-04 21:27:42 [WARN] request error (0x100000006): https://pan.baidu.com/api/quota 
2019-05-04 21:28:31 [WARN] request error (0x100000006): https://pan.baidu.com/api/quota 
2019-05-04 21:28:37 [WARN] account error (-1): http请求错误 0x6
2019-05-04 21:30:02 [WARN] account error (-1): http请求错误 0x6
2019-05-04 21:30:03 [WARN] request error (0x100000006): https://pan.baidu.com/api/quota 
2019-05-04 21:30:53 [WARN] request error (0x100000006): https://pan.baidu.com/api/quota 
2019-05-04 21:31:27 [WARN] account error (-1): http请求错误 0x6
2019-05-04 21:31:42 [WARN] request error (0x100000006): https://pan.baidu.com/api/quota 
2019-05-04 21:32:31 [WARN] request error (0x100000006): https://pan.baidu.com/api/quota 
2019-05-04 21:32:52 [WARN] account error (-1): http请求错误 0x6
2019-05-04 21:34:03 [WARN] request error (0x100000006): https://pan.baidu.com/api/quota 
2019-05-04 21:34:17 [WARN] account error (-1): http请求错误 0x6
2019-05-04 21:34:52 [WARN] request error (0x100000006): https://pan.baidu.com/api/quota 
2019-05-04 21:35:41 [WARN] request error (0x100000006): https://pan.baidu.com/api/quota 
2019-05-04 21:35:42 [WARN] account error (-1): http请求错误 0x6
2019-05-04 21:36:30 [WARN] request error (0x100000006): https://pan.baidu.com/api/quota 
2019-05-04 21:37:07 [WARN] account error (-1): http请求错误 0x6
2019-05-04 21:38:02 [WARN] request error (0x100000006): https://pan.baidu.com/api/quota 
2019-05-04 21:38:32 [WARN] account error (-1): http请求错误 0x6
2019-05-04 21:38:52 [WARN] request error (0x100000006): https://pan.baidu.com/api/quota 
2019-05-04 21:39:41 [WARN] request error (0x100000006): https://pan.baidu.com/api/quota 
2019-05-04 21:39:57 [WARN] account error (-1): http请求错误 0x6
2019-05-04 21:40:30 [WARN] request error (0x100000006): https://pan.baidu.com/api/quota 
2019-05-04 21:41:22 [WARN] account error (-1): http请求错误 0x6
2019-05-04 21:42:03 [WARN] request error (0x100000006): https://pan.baidu.com/api/quota 
2019-05-04 21:42:47 [WARN] account error (-1): http请求错误 0x6
2019-05-04 21:42:53 [WARN] request error (0x100000006): https://pan.baidu.com/api/quota 
2019-05-04 21:43:42 [WARN] request error (0x100000006): https://pan.baidu.com/api/quota 
2019-05-04 21:44:12 [WARN] account error (-1): http请求错误 0x6
2019-05-04 21:44:31 [WARN] request error (0x100000006): https://pan.baidu.com/api/quota 
2019-05-04 21:45:37 [WARN] account error (-1): http请求错误 0x6
2019-05-04 21:46:04 [WARN] request error (0x100000006): https://pan.baidu.com/api/quota 
2019-05-04 21:46:53 [WARN] request error (0x100000006): https://pan.baidu.com/api/quota 
2019-05-04 21:47:02 [WARN] account error (-1): http请求错误 0x6
2019-05-04 21:47:42 [WARN] request error (0x100000006): https://pan.baidu.com/api/quota 
2019-05-04 21:48:27 [WARN] account error (-1): http请求错误 0x6
2019-05-04 21:48:32 [WARN] request error (0x100000006): https://pan.baidu.com/api/quota 
2019-05-04 21:49:52 [WARN] account error (-1): http请求错误 0x6
2019-05-04 21:50:04 [WARN] request error (0x100000006): https://pan.baidu.com/api/quota 
2019-05-04 21:50:53 [WARN] request error (0x100000006): https://pan.baidu.com/api/quota 
2019-05-04 21:51:17 [WARN] account error (-1): http请求错误 0x6
2019-05-04 21:51:42 [WARN] request error (0x100000006): https://pan.baidu.com/api/quota 
2019-05-04 21:52:31 [WARN] request error (0x100000006): https://pan.baidu.com/api/quota 
2019-05-04 21:52:42 [WARN] account error (-1): http请求错误 0x6
2019-05-04 21:54:03 [WARN] request error (0x100000006): https://pan.baidu.com/api/quota 
2019-05-04 21:54:07 [WARN] account error (-1): http请求错误 0x6
2019-05-04 21:54:52 [WARN] request error (0x100000006): https://pan.baidu.com/api/quota 
2019-05-04 21:55:32 [WARN] account error (-1): http请求错误 0x6
2019-05-04 21:55:41 [WARN] request error (0x100000006): https://pan.baidu.com/api/quota 
2019-05-04 21:56:30 [WARN] request error (0x100000006): https://pan.baidu.com/api/quota 
2019-05-04 21:56:57 [WARN] account error (-1): http请求错误 0x6
2019-05-04 21:58:02 [WARN] request error (0x100000006): https://pan.baidu.com/api/quota 
2019-05-04 21:58:22 [WARN] account error (-1): http请求错误 0x6
2019-05-04 21:58:51 [WARN] request error (0x100000006): https://pan.baidu.com/api/quota 
2019-05-04 21:59:40 [WARN] request error (0x100000006): https://pan.baidu.com/api/quota 
2019-05-04 21:59:47 [WARN] account error (-1): http请求错误 0x6
2019-05-04 22:00:29 [WARN] request error (0x100000006): https://pan.baidu.com/api/quota 
2019-05-04 22:01:12 [WARN] account error (-1): http请求错误 0x6
2019-05-04 22:02:01 [WARN] request error (0x100000006): https://pan.baidu.com/api/quota 
2019-05-04 22:02:37 [WARN] account error (-1): http请求错误 0x6
2019-05-04 22:02:50 [WARN] request error (0x100000006): https://pan.baidu.com/api/quota 
2019-05-04 22:03:39 [WARN] request error (0x100000006): https://pan.baidu.com/api/quota 
2019-05-04 22:04:02 [WARN] account error (-1): http请求错误 0x6
2019-05-04 22:04:28 [WARN] request error (0x100000006): https://pan.baidu.com/api/quota 
2019-05-04 22:05:27 [WARN] account error (-1): http请求错误 0x6
2019-05-04 22:06:00 [WARN] request error (0x100000006): https://pan.baidu.com/api/quota 
2019-05-04 22:06:49 [WARN] request error (0x100000006): https://pan.baidu.com/api/quota 
2019-05-04 22:06:52 [WARN] account error (-1): http请求错误 0x6
2019-05-04 22:07:38 [WARN] request error (0x100000006): https://pan.baidu.com/api/quota 
2019-05-04 22:08:17 [WARN] account error (-1): http请求错误 0x6
2019-05-04 22:08:27 [WARN] request error (0x100000006): https://pan.baidu.com/api/quota 
2019-05-04 22:09:42 [WARN] account error (-1): http请求错误 0x6
2019-05-04 22:09:59 [WARN] request error (0x100000006): https://pan.baidu.com/api/quota 
2019-05-04 22:10:48 [WARN] request error (0x100000006): https://pan.baidu.com/api/quota 
2019-05-04 22:11:07 [WARN] account error (-1): http请求错误 0x6
2019-05-04 22:11:37 [WARN] request error (0x100000006): https://pan.baidu.com/api/quota 
2019-05-04 22:12:26 [WARN] request error (0x100000006): https://pan.baidu.com/api/quota 
2019-05-04 22:12:32 [WARN] account error (-1): http请求错误 0x6
2019-05-04 22:13:57 [WARN] account error (-1): http请求错误 0x6
2019-05-04 22:13:58 [WARN] request error (0x100000006): https://pan.baidu.com/api/quota 
2019-05-04 22:14:47 [WARN] request error (0x100000006): https://pan.baidu.com/api/quota 
2019-05-04 22:46:53 [WARN] request error (0x200000001): https://pan.baidu.com/api/quota {"errno":1,"request_id":2874730006058724229}
2019-05-04 23:25:22 [WARN] request error (0x10000001c): https://pan.baidu.com/api/quota 
2019-05-04 23:27:37 [WARN] request error (0x10000001c): https://pan.baidu.com/api/list 
2019-05-04 23:31:28 [WARN] rpc error (0): timeout
2019-05-04 23:31:29 [WARN] request error (0x10000001c): https://pan.baidu.com/api/quota 
2019-05-04 23:31:33 [WARN] rpc error (0): timeout
2019-05-04 23:31:38 [WARN] rpc error (0): timeout
2019-05-04 23:31:40 [INFO] close main window
2019-05-04 23:31:41 [WARN] rpc error (0): timeout
2019-05-04 23:31:43 [WARN] rpc error (0): timeout
2019-05-04 23:31:45 [INFO] websocket client stop
2019-05-04 23:31:45 [INFO] exit
