2019-06-27 09:14:22 [INFO] pandownload version: 2.1.1 beta
2019-06-27 09:14:23 [INFO] aria2 websocket connection opened (127.0.0.1:36984)
2019-06-27 09:14:23 [INFO] aria2 version: 1.34.0
2019-06-27 09:14:23 [INFO] aria2 json-rpc path: http://token:pandownload@127.0.0.1:36984/jsonrpc
2019-06-27 09:14:23 [INFO] create main window
2019-06-27 09:14:23 [INFO] verify cookie (600)
2019-06-27 09:14:25 [INFO] user login success (4052464532): zji739
2019-06-27 09:14:30 [WARN] ID#5 - 下载链接过期或系统时间不正确，请删除任务重新下载(-5) FILE="C:/Users/Administrator/Desktop/阿里新零售数据库设计与实战/第8章 新零售系统数据库新能调优【只学有用的】/8-1 MySQL压力测试.ev4" SIZE="126716080"
2019-06-27 09:14:30 [WARN] ID#40 - 下载链接过期或系统时间不正确，请删除任务重新下载(-5) FILE="C:/Users/Administrator/Desktop/阿里新零售数据库设计与实战/第3章 新零售数据结构设计【立足需求，转化成果，向优秀致敬！】/3-9 设计客户表（一）.ev4" SIZE="89709104"
2019-06-27 09:14:30 [WARN] ID#56 - 下载链接过期或系统时间不正确，请删除任务重新下载(-5) FILE="C:/Users/Administrator/Desktop/阿里新零售数据库设计与实战/第3章 新零售数据结构设计【立足需求，转化成果，向优秀致敬！】/3-11 设计购物券表.ev4" SIZE="72009360"
2019-06-27 09:14:30 [WARN] ID#76 - 下载链接过期或系统时间不正确，请删除任务重新下载(-5) FILE="C:/Users/Administrator/Desktop/Kubernetes（k8s）生产级实践指南 从部署到核心应用vep/9-5 搜索结果的展示_batch.vep" SIZE="75929622"
2019-06-27 09:14:30 [WARN] ID#77 - 下载链接过期或系统时间不正确，请删除任务重新下载(-5) FILE="C:/Users/Administrator/Desktop/Kubernetes（k8s）生产级实践指南 从部署到核心应用vep/9-4 搜索条件跳转的优化-提取组件_batch.vep" SIZE="79150290"
2019-06-27 09:14:30 [WARN] ID#105 - 下载链接过期或系统时间不正确，请删除任务重新下载(-5) FILE="C:/Users/Administrator/Desktop/Kubernetes（k8s）生产级实践指南 从部署到核心应用vep/5-6 部署ingress-nginx（.vep" SIZE="81567473"
2019-06-27 09:14:30 [WARN] ID#128 - 下载链接过期或系统时间不正确，请删除任务重新下载(-5) FILE="C:/Users/Administrator/Desktop/Kubernetes（k8s）生产级实践指南 从部署到核心应用vep/12-8 istio核心功能实践 - 智能路由_batch.vep" SIZE="50608109"
2019-06-27 09:14:30 [WARN] ID#131 - 下载链接过期或系统时间不正确，请删除任务重新下载(-5) FILE="C:/Users/Administrator/Desktop/Kubernetes（k8s）生产级实践指南 从部署到核心应用vep/12-5 部署面向生产的istio - 核心组件（中）_batch.vep" SIZE="109983663"
2019-06-27 09:14:30 [WARN] ID#143 - 下载链接过期或系统时间不正确，请删除任务重新下载(-5) FILE="C:/Users/Administrator/Desktop/Kubernetes（k8s）生产级实践指南 从部署到核心应用vep/11-1 常见日志采集问题和解决方案分析_batch.vep" SIZE="12704059"
2019-06-27 09:14:30 [WARN] ID#148 - 下载链接过期或系统时间不正确，请删除任务重新下载(-5) FILE="C:/Users/Administrator/Desktop/Kubernetes（k8s）生产级实践指南 从部署到核心应用vep/10-6 使用markdown-it来转换markdown_batch.vep" SIZE="85559284"
2019-06-27 09:14:30 [WARN] ID#149 - 下载链接过期或系统时间不正确，请删除任务重新下载(-5) FILE="C:/Users/Administrator/Desktop/Kubernetes（k8s）生产级实践指南 从部署到核心应用vep/10-5 获取markdown内容并转义_batch.vep" SIZE="45736628"
2019-06-27 09:14:30 [WARN] ID#155 - 下载链接过期或系统时间不正确，请删除任务重新下载(-5) FILE="C:/Users/Administrator/Desktop/Kubernetes（k8s）生产级实践指南 从部署到核心应用vep/10-10 完成issue搜索功能的开发_batch.vep" SIZE="111971483"
2019-06-27 09:14:30 [WARN] ID#156 - 下载链接过期或系统时间不正确，请删除任务重新下载(-5) FILE="C:/Users/Administrator/Desktop/Kubernetes（k8s）生产级实践指南 从部署到核心应用vep/10-1 ingress --- 四层代理、session保持、定制配置、流量控制（上）_batch.vep" SIZE="54745148"
2019-06-27 09:14:30 [WARN] ID#157 - 下载链接过期或系统时间不正确，请删除任务重新下载(-5) FILE="C:/Users/Administrator/Desktop/Kubernetes（k8s）生产级实践指南 从部署到核心应用vep/1-1  课程介绍.vep" SIZE="65291539"
2019-06-27 09:14:30 [WARN] ID#5 - 下载链接过期或系统时间不正确，请删除任务重新下载(-5) FILE="C:/Users/Administrator/Desktop/阿里新零售数据库设计与实战/第8章 新零售系统数据库新能调优【只学有用的】/8-1 MySQL压力测试.ev4" SIZE="126716080"
2019-06-27 09:14:30 [WARN] ID#40 - 下载链接过期或系统时间不正确，请删除任务重新下载(-5) FILE="C:/Users/Administrator/Desktop/阿里新零售数据库设计与实战/第3章 新零售数据结构设计【立足需求，转化成果，向优秀致敬！】/3-9 设计客户表（一）.ev4" SIZE="89709104"
2019-06-27 09:14:30 [WARN] ID#56 - 下载链接过期或系统时间不正确，请删除任务重新下载(-5) FILE="C:/Users/Administrator/Desktop/阿里新零售数据库设计与实战/第3章 新零售数据结构设计【立足需求，转化成果，向优秀致敬！】/3-11 设计购物券表.ev4" SIZE="72009360"
2019-06-27 09:14:30 [WARN] ID#76 - 下载链接过期或系统时间不正确，请删除任务重新下载(-5) FILE="C:/Users/Administrator/Desktop/Kubernetes（k8s）生产级实践指南 从部署到核心应用vep/9-5 搜索结果的展示_batch.vep" SIZE="75929622"
2019-06-27 09:14:30 [WARN] ID#77 - 下载链接过期或系统时间不正确，请删除任务重新下载(-5) FILE="C:/Users/Administrator/Desktop/Kubernetes（k8s）生产级实践指南 从部署到核心应用vep/9-4 搜索条件跳转的优化-提取组件_batch.vep" SIZE="79150290"
2019-06-27 09:14:30 [WARN] ID#105 - 下载链接过期或系统时间不正确，请删除任务重新下载(-5) FILE="C:/Users/Administrator/Desktop/Kubernetes（k8s）生产级实践指南 从部署到核心应用vep/5-6 部署ingress-nginx（.vep" SIZE="81567473"
2019-06-27 09:14:30 [WARN] ID#128 - 下载链接过期或系统时间不正确，请删除任务重新下载(-5) FILE="C:/Users/Administrator/Desktop/Kubernetes（k8s）生产级实践指南 从部署到核心应用vep/12-8 istio核心功能实践 - 智能路由_batch.vep" SIZE="50608109"
2019-06-27 09:14:30 [WARN] ID#131 - 下载链接过期或系统时间不正确，请删除任务重新下载(-5) FILE="C:/Users/Administrator/Desktop/Kubernetes（k8s）生产级实践指南 从部署到核心应用vep/12-5 部署面向生产的istio - 核心组件（中）_batch.vep" SIZE="109983663"
2019-06-27 09:14:30 [WARN] ID#143 - 下载链接过期或系统时间不正确，请删除任务重新下载(-5) FILE="C:/Users/Administrator/Desktop/Kubernetes（k8s）生产级实践指南 从部署到核心应用vep/11-1 常见日志采集问题和解决方案分析_batch.vep" SIZE="12704059"
2019-06-27 09:14:30 [WARN] ID#148 - 下载链接过期或系统时间不正确，请删除任务重新下载(-5) FILE="C:/Users/Administrator/Desktop/Kubernetes（k8s）生产级实践指南 从部署到核心应用vep/10-6 使用markdown-it来转换markdown_batch.vep" SIZE="85559284"
2019-06-27 09:14:30 [WARN] ID#149 - 下载链接过期或系统时间不正确，请删除任务重新下载(-5) FILE="C:/Users/Administrator/Desktop/Kubernetes（k8s）生产级实践指南 从部署到核心应用vep/10-5 获取markdown内容并转义_batch.vep" SIZE="45736628"
2019-06-27 09:14:30 [WARN] ID#155 - 下载链接过期或系统时间不正确，请删除任务重新下载(-5) FILE="C:/Users/Administrator/Desktop/Kubernetes（k8s）生产级实践指南 从部署到核心应用vep/10-10 完成issue搜索功能的开发_batch.vep" SIZE="111971483"
2019-06-27 09:14:30 [WARN] ID#156 - 下载链接过期或系统时间不正确，请删除任务重新下载(-5) FILE="C:/Users/Administrator/Desktop/Kubernetes（k8s）生产级实践指南 从部署到核心应用vep/10-1 ingress --- 四层代理、session保持、定制配置、流量控制（上）_batch.vep" SIZE="54745148"
2019-06-27 09:14:30 [WARN] ID#157 - 下载链接过期或系统时间不正确，请删除任务重新下载(-5) FILE="C:/Users/Administrator/Desktop/Kubernetes（k8s）生产级实践指南 从部署到核心应用vep/1-1  课程介绍.vep" SIZE="65291539"
2019-06-27 09:14:30 [WARN] ID#5 - 下载链接过期或系统时间不正确，请删除任务重新下载(-5) FILE="C:/Users/Administrator/Desktop/阿里新零售数据库设计与实战/第8章 新零售系统数据库新能调优【只学有用的】/8-1 MySQL压力测试.ev4" SIZE="126716080"
2019-06-27 09:14:30 [WARN] ID#40 - 下载链接过期或系统时间不正确，请删除任务重新下载(-5) FILE="C:/Users/Administrator/Desktop/阿里新零售数据库设计与实战/第3章 新零售数据结构设计【立足需求，转化成果，向优秀致敬！】/3-9 设计客户表（一）.ev4" SIZE="89709104"
2019-06-27 09:14:31 [WARN] ID#56 - 下载链接过期或系统时间不正确，请删除任务重新下载(-5) FILE="C:/Users/Administrator/Desktop/阿里新零售数据库设计与实战/第3章 新零售数据结构设计【立足需求，转化成果，向优秀致敬！】/3-11 设计购物券表.ev4" SIZE="72009360"
2019-06-27 09:14:31 [WARN] ID#76 - 下载链接过期或系统时间不正确，请删除任务重新下载(-5) FILE="C:/Users/Administrator/Desktop/Kubernetes（k8s）生产级实践指南 从部署到核心应用vep/9-5 搜索结果的展示_batch.vep" SIZE="75929622"
2019-06-27 09:14:31 [WARN] ID#77 - 下载链接过期或系统时间不正确，请删除任务重新下载(-5) FILE="C:/Users/Administrator/Desktop/Kubernetes（k8s）生产级实践指南 从部署到核心应用vep/9-4 搜索条件跳转的优化-提取组件_batch.vep" SIZE="79150290"
2019-06-27 09:14:31 [WARN] ID#105 - 下载链接过期或系统时间不正确，请删除任务重新下载(-5) FILE="C:/Users/Administrator/Desktop/Kubernetes（k8s）生产级实践指南 从部署到核心应用vep/5-6 部署ingress-nginx（.vep" SIZE="81567473"
2019-06-27 09:14:31 [WARN] ID#128 - 下载链接过期或系统时间不正确，请删除任务重新下载(-5) FILE="C:/Users/Administrator/Desktop/Kubernetes（k8s）生产级实践指南 从部署到核心应用vep/12-8 istio核心功能实践 - 智能路由_batch.vep" SIZE="50608109"
2019-06-27 09:14:31 [WARN] ID#131 - 下载链接过期或系统时间不正确，请删除任务重新下载(-5) FILE="C:/Users/Administrator/Desktop/Kubernetes（k8s）生产级实践指南 从部署到核心应用vep/12-5 部署面向生产的istio - 核心组件（中）_batch.vep" SIZE="109983663"
2019-06-27 09:14:31 [WARN] ID#143 - 下载链接过期或系统时间不正确，请删除任务重新下载(-5) FILE="C:/Users/Administrator/Desktop/Kubernetes（k8s）生产级实践指南 从部署到核心应用vep/11-1 常见日志采集问题和解决方案分析_batch.vep" SIZE="12704059"
2019-06-27 09:14:31 [WARN] ID#148 - 下载链接过期或系统时间不正确，请删除任务重新下载(-5) FILE="C:/Users/Administrator/Desktop/Kubernetes（k8s）生产级实践指南 从部署到核心应用vep/10-6 使用markdown-it来转换markdown_batch.vep" SIZE="85559284"
2019-06-27 09:14:31 [WARN] ID#149 - 下载链接过期或系统时间不正确，请删除任务重新下载(-5) FILE="C:/Users/Administrator/Desktop/Kubernetes（k8s）生产级实践指南 从部署到核心应用vep/10-5 获取markdown内容并转义_batch.vep" SIZE="45736628"
2019-06-27 09:14:31 [WARN] ID#155 - 下载链接过期或系统时间不正确，请删除任务重新下载(-5) FILE="C:/Users/Administrator/Desktop/Kubernetes（k8s）生产级实践指南 从部署到核心应用vep/10-10 完成issue搜索功能的开发_batch.vep" SIZE="111971483"
2019-06-27 09:14:31 [WARN] ID#156 - 下载链接过期或系统时间不正确，请删除任务重新下载(-5) FILE="C:/Users/Administrator/Desktop/Kubernetes（k8s）生产级实践指南 从部署到核心应用vep/10-1 ingress --- 四层代理、session保持、定制配置、流量控制（上）_batch.vep" SIZE="54745148"
2019-06-27 09:14:31 [WARN] ID#157 - 下载链接过期或系统时间不正确，请删除任务重新下载(-5) FILE="C:/Users/Administrator/Desktop/Kubernetes（k8s）生产级实践指南 从部署到核心应用vep/1-1  课程介绍.vep" SIZE="65291539"
2019-06-27 09:17:07 [WARN] delete download task error: database or disk is full
2019-06-27 09:17:07 [WARN] insert download history error: database or disk is full
2019-06-27 09:17:08 [WARN] insert download history error: database or disk is full
2019-06-27 09:17:09 [WARN] ID#75 - Write disk cache flush failure index=21(9) FILE="C:/Users/Administrator/Desktop/Kubernetes（k8s）生产级实践指南 从部署到核心应用vep/10-6 使用markdown-it来转换markdown_batch.vep" SIZE="85559284"
2019-06-27 09:17:09 [WARN] ID#82 - Write disk cache flush failure index=57(9) FILE="C:/Users/Administrator/Desktop/Kubernetes（k8s）生产级实践指南 从部署到核心应用vep/10-10 完成issue搜索功能的开发_batch.vep" SIZE="111971483"
2019-06-27 09:17:09 [WARN] ID#84 - Write disk cache flush failure index=40(9) FILE="C:/Users/Administrator/Desktop/Kubernetes（k8s）生产级实践指南 从部署到核心应用vep/1-1  课程介绍.vep" SIZE="65291539"
2019-06-27 09:17:10 [WARN] ID#58 - Write disk cache flush failure index=26(9) FILE="C:/Users/Administrator/Desktop/Kubernetes（k8s）生产级实践指南 从部署到核心应用vep/12-5 部署面向生产的istio - 核心组件（中）_batch.vep" SIZE="109983663"
2019-06-27 09:17:11 [WARN] ID#76 - Write disk cache flush failure index=30(9) FILE="C:/Users/Administrator/Desktop/Kubernetes（k8s）生产级实践指南 从部署到核心应用vep/10-5 获取markdown内容并转义_batch.vep" SIZE="45736628"
2019-06-27 09:17:11 [WARN] delete download task error: database or disk is full
2019-06-27 09:17:11 [WARN] insert download history error: database or disk is full
2019-06-27 09:17:12 [WARN] ID#75 - Write disk cache flush failure index=42(9) FILE="C:/Users/Administrator/Desktop/Kubernetes（k8s）生产级实践指南 从部署到核心应用vep/10-6 使用markdown-it来转换markdown_batch.vep" SIZE="85559284"
2019-06-27 09:17:12 [WARN] ID#83 - Write disk cache flush failure index=40(9) FILE="C:/Users/Administrator/Desktop/Kubernetes（k8s）生产级实践指南 从部署到核心应用vep/10-1 ingress --- 四层代理、session保持、定制配置、流量控制（上）_batch.vep" SIZE="54745148"
2019-06-27 09:17:12 [WARN] ID#84 - Write disk cache flush failure index=56(9) FILE="C:/Users/Administrator/Desktop/Kubernetes（k8s）生产级实践指南 从部署到核心应用vep/1-1  课程介绍.vep" SIZE="65291539"
2019-06-27 09:17:15 [WARN] delete download task error: database or disk is full
2019-06-27 09:17:15 [WARN] insert download history error: database or disk is full
2019-06-27 09:17:16 [WARN] ID#75 - Write disk cache flush failure index=1(9) FILE="C:/Users/Administrator/Desktop/Kubernetes（k8s）生产级实践指南 从部署到核心应用vep/10-6 使用markdown-it来转换markdown_batch.vep" SIZE="85559284"
2019-06-27 09:17:16 [WARN] ID#76 - Write disk cache flush failure index=30(9) FILE="C:/Users/Administrator/Desktop/Kubernetes（k8s）生产级实践指南 从部署到核心应用vep/10-5 获取markdown内容并转义_batch.vep" SIZE="45736628"
2019-06-27 09:17:16 [WARN] ID#84 - Write disk cache flush failure index=48(9) FILE="C:/Users/Administrator/Desktop/Kubernetes（k8s）生产级实践指南 从部署到核心应用vep/1-1  课程介绍.vep" SIZE="65291539"
2019-06-27 09:17:18 [WARN] delete download task error: database or disk is full
2019-06-27 09:17:18 [WARN] insert download history error: database or disk is full
2019-06-27 09:24:33 [WARN] rpc error (0): connection failed
2019-06-27 09:24:55 [WARN] rpc error (0): connection failed
2019-06-27 09:24:57 [WARN] rpc error (0): connection failed
2019-06-27 09:24:57 [WARN] rpc error (0): connection failed
2019-06-27 09:24:57 [WARN] rpc error (0): connection failed
2019-06-27 09:24:59 [WARN] rpc error (0): connection failed
2019-06-27 09:25:14 [INFO] close main window
2019-06-27 09:25:14 [WARN] rpc error (0): connection failed
2019-06-27 09:25:14 [WARN] rpc error (0): connection failed
2019-06-27 09:25:15 [INFO] websocket client stop
2019-06-27 09:25:15 [INFO] exit
