2019-05-02 23:45:29 [INFO] pandownload version: 2.1.0 beta
2019-05-02 23:45:30 [INFO] aria2 websocket connection opened (127.0.0.1:6808)
2019-05-02 23:45:30 [INFO] aria2 version: 1.34.0
2019-05-02 23:45:30 [INFO] aria2 json-rpc path: http://token:pandownload@127.0.0.1:6808/jsonrpc
2019-05-02 23:45:30 [INFO] create main window
2019-05-02 23:45:30 [INFO] verify cookie (600)
2019-05-02 23:45:32 [INFO] user login success (4052464532): zji739
2019-05-02 23:47:13 [WARN] ID#50 - The response status is not successful. status=503(29) FILE="C:/Users/Administrator/Desktop/从零起步 系统入门Python爬虫工程师-v/8-6 使用多线程重构csdn.vep" SIZE="91477883"
2019-05-02 23:47:15 [WARN] ID#91 - The response status is not successful. status=503(29) FILE="C:/Users/Administrator/Desktop/Kubernetes（k8s）生产级实践指南 从部署到核心应用vep/1-1  课程介绍.vep" SIZE="65291539"
2019-05-02 23:47:23 [WARN] ID#58 - The response status is not successful. status=503(29) FILE="C:/Users/Administrator/Desktop/从零起步 系统入门Python爬虫工程师-v/8-1 并发和并行(1).vep" SIZE="89261539"
2019-05-02 23:47:40 [WARN] ID#132 - The response status is not successful. status=403(22) FILE="C:/Users/Administrator/Desktop/从零起步 系统入门Python爬虫工程师-v/7-1 需求分析.vep" SIZE="117097005"
2019-05-02 23:48:09 [WARN] ID#135 - No URI available.(22) FILE="C:/Users/Administrator/Desktop/从零起步 系统入门Python爬虫工程师-v/6-6 beautifulsoup用法 - 父子节点和兄弟节点获取.vep" SIZE="93368071"
2019-05-02 23:49:03 [WARN] ID#50 - The response status is not successful. status=503(29) FILE="C:/Users/Administrator/Desktop/从零起步 系统入门Python爬虫工程师-v/8-6 使用多线程重构csdn.vep" SIZE="91477883"
2019-05-02 23:51:45 [WARN] ID#50 - The response status is not successful. status=503(29) FILE="C:/Users/Administrator/Desktop/从零起步 系统入门Python爬虫工程师-v/8-6 使用多线程重构csdn.vep" SIZE="91477883"
2019-05-02 23:53:03 [WARN] ID#161 - The response status is not successful. status=503(29) FILE="C:/Users/Administrator/Desktop/从零起步 系统入门Python爬虫工程师-v/4-1  为什么我们需要学习计算机网络.vep" SIZE="87467475"
2019-05-02 23:53:33 [WARN] ID#50 - The response status is not successful. status=503(29) FILE="C:/Users/Administrator/Desktop/从零起步 系统入门Python爬虫工程师-v/8-6 使用多线程重构csdn.vep" SIZE="91477883"
2019-05-02 23:54:13 [WARN] ID#170 - The response status is not successful. status=503(29) FILE="C:/Users/Administrator/Desktop/从零起步 系统入门Python爬虫工程师-v/10-9 第三方验证码识别服务商推荐ca.vep" SIZE="20041089"
2019-05-02 23:55:04 [WARN] ID#178 - The response status is not successful. status=503(29) FILE="C:/Users/Administrator/Desktop/从零起步 系统入门Python爬虫工程师-v/10-10 课后作业和.vep" SIZE="28896435"
2019-05-02 23:55:19 [WARN] ID#179 - The response status is not successful. status=503(29) FILE="C:/Users/Administrator/Desktop/从零起步 系统入门Python爬虫工程师-v/10-1 章节目标和为什么需要模拟登.vep" SIZE="15457081"
2019-05-02 23:57:19 [WARN] ID#170 - The response status is not successful. status=503(29) FILE="C:/Users/Administrator/Desktop/从零起步 系统入门Python爬虫工程师-v/10-9 第三方验证码识别服务商推荐ca.vep" SIZE="20041089"
2019-05-02 23:57:20 [WARN] ID#179 - The response status is not successful. status=503(29) FILE="C:/Users/Administrator/Desktop/从零起步 系统入门Python爬虫工程师-v/10-1 章节目标和为什么需要模拟登.vep" SIZE="15457081"
2019-05-03 00:10:16 [WARN] request error (0x100000006): https://pan.baidu.com/api/quota 
2019-05-03 00:12:21 [WARN] account error (-1): http请求错误 0x6
2019-05-03 00:13:12 [WARN] request error (0x100000006): https://pan.baidu.com/api/quota 
2019-05-03 00:13:46 [WARN] account error (-1): http请求错误 0x6
2019-05-03 00:14:01 [WARN] request error (0x100000006): https://pan.baidu.com/api/quota 
2019-05-03 00:14:51 [WARN] request error (0x100000006): https://pan.baidu.com/api/quota 
2019-05-03 00:15:11 [WARN] account error (-1): http请求错误 0x6
2019-05-03 00:15:39 [WARN] request error (0x100000006): https://pan.baidu.com/api/quota 
2019-05-03 00:16:36 [WARN] account error (-1): http请求错误 0x6
2019-05-03 00:17:12 [WARN] request error (0x100000006): https://pan.baidu.com/api/quota 
2019-05-03 00:18:01 [WARN] request error (0x100000006): https://pan.baidu.com/api/quota 
2019-05-03 00:18:01 [WARN] account error (-1): http请求错误 0x6
2019-05-03 00:18:50 [WARN] request error (0x100000006): https://pan.baidu.com/api/quota 
2019-05-03 00:19:26 [WARN] account error (-1): http请求错误 0x6
2019-05-03 00:19:40 [WARN] request error (0x100000006): https://pan.baidu.com/api/quota 
2019-05-03 00:20:51 [WARN] account error (-1): http请求错误 0x6
2019-05-03 00:21:12 [WARN] request error (0x100000006): https://pan.baidu.com/api/quota 
2019-05-03 00:22:02 [WARN] request error (0x100000006): https://pan.baidu.com/api/quota 
2019-05-03 00:22:16 [WARN] account error (-1): http请求错误 0x6
2019-05-03 00:22:51 [WARN] request error (0x100000006): https://pan.baidu.com/api/quota 
2019-05-03 00:23:40 [WARN] request error (0x100000006): https://pan.baidu.com/api/quota 
2019-05-03 00:23:41 [WARN] account error (-1): http请求错误 0x6
2019-05-03 00:25:06 [WARN] account error (-1): http请求错误 0x6
2019-05-03 00:25:12 [WARN] request error (0x100000006): https://pan.baidu.com/api/quota 
2019-05-03 00:26:02 [WARN] request error (0x100000006): https://pan.baidu.com/api/quota 
2019-05-03 00:26:31 [WARN] account error (-1): http请求错误 0x6
2019-05-03 00:26:51 [WARN] request error (0x100000006): https://pan.baidu.com/api/quota 
2019-05-03 00:27:40 [WARN] request error (0x100000006): https://pan.baidu.com/api/quota 
2019-05-03 00:27:56 [WARN] account error (-1): http请求错误 0x6
2019-05-03 00:29:12 [WARN] request error (0x100000006): https://pan.baidu.com/api/quota 
2019-05-03 00:29:21 [WARN] account error (-1): http请求错误 0x6
2019-05-03 00:30:02 [WARN] request error (0x100000006): https://pan.baidu.com/api/quota 
2019-05-03 00:30:46 [WARN] account error (-1): http请求错误 0x6
2019-05-03 00:30:51 [WARN] request error (0x100000006): https://pan.baidu.com/api/quota 
2019-05-03 00:31:40 [WARN] request error (0x100000006): https://pan.baidu.com/api/quota 
2019-05-03 00:32:11 [WARN] account error (-1): http请求错误 0x6
2019-05-03 00:33:13 [WARN] request error (0x100000006): https://pan.baidu.com/api/quota 
2019-05-03 00:33:36 [WARN] account error (-1): http请求错误 0x6
2019-05-03 00:34:02 [WARN] request error (0x100000006): https://pan.baidu.com/api/quota 
2019-05-03 00:34:51 [WARN] request error (0x100000006): https://pan.baidu.com/api/quota 
2019-05-03 00:35:01 [WARN] account error (-1): http请求错误 0x6
2019-05-03 00:35:41 [WARN] request error (0x100000006): https://pan.baidu.com/api/quota 
2019-05-03 00:36:26 [WARN] account error (-1): http请求错误 0x6
2019-05-03 00:37:13 [WARN] request error (0x100000006): https://pan.baidu.com/api/quota 
2019-05-03 00:37:51 [WARN] account error (-1): http请求错误 0x6
2019-05-03 00:38:03 [WARN] request error (0x100000006): https://pan.baidu.com/api/quota 
2019-05-03 00:38:52 [WARN] request error (0x100000006): https://pan.baidu.com/api/quota 
2019-05-03 00:39:16 [WARN] account error (-1): http请求错误 0x6
2019-05-03 00:39:41 [WARN] request error (0x100000006): https://pan.baidu.com/api/quota 
2019-05-03 00:40:41 [WARN] account error (-1): http请求错误 0x6
2019-05-03 00:41:14 [WARN] request error (0x100000006): https://pan.baidu.com/api/quota 
2019-05-03 00:42:03 [WARN] request error (0x100000006): https://pan.baidu.com/api/quota 
2019-05-03 00:42:06 [WARN] account error (-1): http请求错误 0x6
2019-05-03 00:42:52 [WARN] request error (0x100000006): https://pan.baidu.com/api/quota 
2019-05-03 00:43:31 [WARN] account error (-1): http请求错误 0x6
2019-05-03 00:43:41 [WARN] request error (0x100000006): https://pan.baidu.com/api/quota 
2019-05-03 00:44:56 [WARN] account error (-1): http请求错误 0x6
2019-05-03 00:45:13 [WARN] request error (0x100000006): https://pan.baidu.com/api/quota 
2019-05-03 00:46:02 [WARN] request error (0x100000006): https://pan.baidu.com/api/quota 
2019-05-03 00:46:21 [WARN] account error (-1): http请求错误 0x6
2019-05-03 00:46:51 [WARN] request error (0x100000006): https://pan.baidu.com/api/quota 
2019-05-03 00:47:40 [WARN] request error (0x100000006): https://pan.baidu.com/api/quota 
2019-05-03 00:47:46 [WARN] account error (-1): http请求错误 0x6
2019-05-03 00:49:11 [WARN] account error (-1): http请求错误 0x6
2019-05-03 00:49:12 [WARN] request error (0x100000006): https://pan.baidu.com/api/quota 
2019-05-03 00:50:01 [WARN] request error (0x100000006): https://pan.baidu.com/api/quota 
2019-05-03 00:50:36 [WARN] account error (-1): http请求错误 0x6
2019-05-03 00:50:50 [WARN] request error (0x100000006): https://pan.baidu.com/api/quota 
2019-05-03 00:51:39 [WARN] request error (0x100000006): https://pan.baidu.com/api/quota 
2019-05-03 00:52:01 [WARN] account error (-1): http请求错误 0x6
2019-05-03 00:53:11 [WARN] request error (0x100000006): https://pan.baidu.com/api/quota 
2019-05-03 00:53:26 [WARN] account error (-1): http请求错误 0x6
2019-05-03 00:54:00 [WARN] request error (0x100000006): https://pan.baidu.com/api/quota 
2019-05-03 00:54:49 [WARN] request error (0x100000006): https://pan.baidu.com/api/quota 
2019-05-03 00:54:51 [WARN] account error (-1): http请求错误 0x6
2019-05-03 00:55:38 [WARN] request error (0x100000006): https://pan.baidu.com/api/quota 
2019-05-03 00:56:16 [WARN] account error (-1): http请求错误 0x6
2019-05-03 00:57:10 [WARN] request error (0x100000006): https://pan.baidu.com/api/quota 
2019-05-03 00:57:41 [WARN] account error (-1): http请求错误 0x6
2019-05-03 00:57:59 [WARN] request error (0x100000006): https://pan.baidu.com/api/quota 
2019-05-03 00:58:48 [WARN] request error (0x100000006): https://pan.baidu.com/api/quota 
2019-05-03 00:59:06 [WARN] account error (-1): http请求错误 0x6
2019-05-03 00:59:37 [WARN] request error (0x100000006): https://pan.baidu.com/api/quota 
2019-05-03 01:00:31 [WARN] account error (-1): http请求错误 0x6
2019-05-03 01:01:09 [WARN] request error (0x100000006): https://pan.baidu.com/api/quota 
2019-05-03 01:01:56 [WARN] account error (-1): http请求错误 0x6
2019-05-03 01:01:58 [WARN] request error (0x100000006): https://pan.baidu.com/api/quota 
2019-05-03 01:02:47 [WARN] request error (0x100000006): https://pan.baidu.com/api/quota 
2019-05-03 01:03:21 [WARN] account error (-1): http请求错误 0x6
2019-05-03 01:03:36 [WARN] request error (0x100000006): https://pan.baidu.com/api/quota 
2019-05-03 01:04:46 [WARN] account error (-1): http请求错误 0x6
2019-05-03 01:05:08 [WARN] request error (0x100000006): https://pan.baidu.com/api/quota 
2019-05-03 01:05:57 [WARN] request error (0x100000006): https://pan.baidu.com/api/quota 
2019-05-03 01:06:11 [WARN] account error (-1): http请求错误 0x6
2019-05-03 01:06:46 [WARN] request error (0x100000006): https://pan.baidu.com/api/quota 
2019-05-03 01:07:35 [WARN] request error (0x100000006): https://pan.baidu.com/api/quota 
2019-05-03 01:07:36 [WARN] account error (-1): http请求错误 0x6
2019-05-03 01:09:01 [WARN] account error (-1): http请求错误 0x6
2019-05-03 01:09:07 [WARN] request error (0x100000006): https://pan.baidu.com/api/quota 
2019-05-03 01:09:56 [WARN] request error (0x100000006): https://pan.baidu.com/api/quota 
2019-05-03 01:10:26 [WARN] account error (-1): http请求错误 0x6
2019-05-03 01:10:45 [WARN] request error (0x100000006): https://pan.baidu.com/api/quota 
2019-05-03 01:11:34 [WARN] request error (0x100000006): https://pan.baidu.com/api/quota 
2019-05-03 01:11:51 [WARN] account error (-1): http请求错误 0x6
2019-05-03 01:13:06 [WARN] request error (0x100000006): https://pan.baidu.com/api/quota 
2019-05-03 01:13:16 [WARN] account error (-1): http请求错误 0x6
2019-05-03 01:13:55 [WARN] request error (0x100000006): https://pan.baidu.com/api/quota 
2019-05-03 01:14:41 [WARN] account error (-1): http请求错误 0x6
2019-05-03 01:14:44 [WARN] request error (0x100000006): https://pan.baidu.com/api/quota 
2019-05-03 01:15:33 [WARN] request error (0x100000006): https://pan.baidu.com/api/quota 
2019-05-03 01:16:06 [WARN] account error (-1): http请求错误 0x6
2019-05-03 01:17:05 [WARN] request error (0x100000006): https://pan.baidu.com/api/quota 
2019-05-03 01:17:31 [WARN] account error (-1): http请求错误 0x6
2019-05-03 01:17:54 [WARN] request error (0x100000006): https://pan.baidu.com/api/quota 
2019-05-03 01:18:43 [WARN] request error (0x100000006): https://pan.baidu.com/api/quota 
2019-05-03 01:18:56 [WARN] account error (-1): http请求错误 0x6
2019-05-03 01:19:32 [WARN] request error (0x100000006): https://pan.baidu.com/api/quota 
2019-05-03 01:20:21 [WARN] account error (-1): http请求错误 0x6
2019-05-03 01:21:04 [WARN] request error (0x100000006): https://pan.baidu.com/api/quota 
2019-05-03 01:21:46 [WARN] account error (-1): http请求错误 0x6
2019-05-03 01:21:53 [WARN] request error (0x100000006): https://pan.baidu.com/api/quota 
2019-05-03 01:22:42 [WARN] request error (0x100000006): https://pan.baidu.com/api/quota 
2019-05-03 01:23:11 [WARN] account error (-1): http请求错误 0x6
2019-05-03 01:23:31 [WARN] request error (0x100000006): https://pan.baidu.com/api/quota 
2019-05-03 01:24:36 [WARN] account error (-1): http请求错误 0x6
2019-05-03 01:25:03 [WARN] request error (0x100000006): https://pan.baidu.com/api/quota 
2019-05-03 01:25:52 [WARN] request error (0x100000006): https://pan.baidu.com/api/quota 
2019-05-03 01:26:01 [WARN] account error (-1): http请求错误 0x6
2019-05-03 01:26:41 [WARN] request error (0x100000006): https://pan.baidu.com/api/quota 
2019-05-03 01:27:26 [WARN] account error (-1): http请求错误 0x6
2019-05-03 01:27:30 [WARN] request error (0x100000006): https://pan.baidu.com/api/quota 
2019-05-03 01:28:51 [WARN] account error (-1): http请求错误 0x6
2019-05-03 01:29:02 [WARN] request error (0x100000006): https://pan.baidu.com/api/quota 
2019-05-03 01:29:51 [WARN] request error (0x100000006): https://pan.baidu.com/api/quota 
2019-05-03 01:30:16 [WARN] account error (-1): http请求错误 0x6
2019-05-03 01:30:40 [WARN] request error (0x100000006): https://pan.baidu.com/api/quota 
2019-05-03 01:31:29 [WARN] request error (0x100000006): https://pan.baidu.com/api/quota 
2019-05-03 01:31:41 [WARN] account error (-1): http请求错误 0x6
2019-05-03 01:33:01 [WARN] request error (0x100000006): https://pan.baidu.com/api/quota 
2019-05-03 01:33:06 [WARN] account error (-1): http请求错误 0x6
2019-05-03 01:33:50 [WARN] request error (0x100000006): https://pan.baidu.com/api/quota 
2019-05-03 01:34:31 [WARN] account error (-1): http请求错误 0x6
2019-05-03 01:34:39 [WARN] request error (0x100000006): https://pan.baidu.com/api/quota 
2019-05-03 01:35:28 [WARN] request error (0x100000006): https://pan.baidu.com/api/quota 
2019-05-03 01:35:56 [WARN] account error (-1): http请求错误 0x6
2019-05-03 01:37:00 [WARN] request error (0x100000006): https://pan.baidu.com/api/quota 
2019-05-03 01:37:21 [WARN] account error (-1): http请求错误 0x6
2019-05-03 01:37:49 [WARN] request error (0x100000006): https://pan.baidu.com/api/quota 
2019-05-03 01:38:38 [WARN] request error (0x100000006): https://pan.baidu.com/api/quota 
2019-05-03 01:38:46 [WARN] account error (-1): http请求错误 0x6
2019-05-03 01:39:27 [WARN] request error (0x100000006): https://pan.baidu.com/api/quota 
2019-05-03 01:40:11 [WARN] account error (-1): http请求错误 0x6
2019-05-03 01:40:59 [WARN] request error (0x100000006): https://pan.baidu.com/api/quota 
2019-05-03 01:41:36 [WARN] account error (-1): http请求错误 0x6
2019-05-03 01:41:48 [WARN] request error (0x100000006): https://pan.baidu.com/api/quota 
2019-05-03 01:42:37 [WARN] request error (0x100000006): https://pan.baidu.com/api/quota 
2019-05-03 01:43:01 [WARN] account error (-1): http请求错误 0x6
2019-05-03 01:43:26 [WARN] request error (0x100000006): https://pan.baidu.com/api/quota 
2019-05-03 01:44:26 [WARN] account error (-1): http请求错误 0x6
2019-05-03 01:44:58 [WARN] request error (0x100000006): https://pan.baidu.com/api/quota 
2019-05-03 01:45:47 [WARN] request error (0x100000006): https://pan.baidu.com/api/quota 
2019-05-03 01:45:51 [WARN] account error (-1): http请求错误 0x6
2019-05-03 01:46:36 [WARN] request error (0x100000006): https://pan.baidu.com/api/quota 
2019-05-03 01:47:16 [WARN] account error (-1): http请求错误 0x6
2019-05-03 01:47:25 [WARN] request error (0x100000006): https://pan.baidu.com/api/quota 
2019-05-03 01:48:41 [WARN] account error (-1): http请求错误 0x6
2019-05-03 01:48:57 [WARN] request error (0x100000006): https://pan.baidu.com/api/quota 
2019-05-03 01:49:46 [WARN] request error (0x100000006): https://pan.baidu.com/api/quota 
2019-05-03 01:50:06 [WARN] account error (-1): http请求错误 0x6
2019-05-03 01:50:35 [WARN] request error (0x100000006): https://pan.baidu.com/api/quota 
2019-05-03 01:51:24 [WARN] request error (0x100000006): https://pan.baidu.com/api/quota 
2019-05-03 01:51:31 [WARN] account error (-1): http请求错误 0x6
2019-05-03 01:52:56 [WARN] account error (-1): http请求错误 0x6
2019-05-03 01:52:56 [WARN] request error (0x100000006): https://pan.baidu.com/api/quota 
2019-05-03 01:53:45 [WARN] request error (0x100000006): https://pan.baidu.com/api/quota 
2019-05-03 01:54:21 [WARN] account error (-1): http请求错误 0x6
2019-05-03 01:54:34 [WARN] request error (0x100000006): https://pan.baidu.com/api/quota 
2019-05-03 01:55:23 [WARN] request error (0x100000006): https://pan.baidu.com/api/quota 
2019-05-03 01:55:46 [WARN] account error (-1): http请求错误 0x6
2019-05-03 01:56:55 [WARN] request error (0x100000006): https://pan.baidu.com/api/quota 
2019-05-03 01:57:11 [WARN] account error (-1): http请求错误 0x6
2019-05-03 01:57:44 [WARN] request error (0x100000006): https://pan.baidu.com/api/quota 
2019-05-03 01:58:33 [WARN] request error (0x100000006): https://pan.baidu.com/api/quota 
2019-05-03 01:58:36 [WARN] account error (-1): http请求错误 0x6
2019-05-03 01:59:22 [WARN] request error (0x100000006): https://pan.baidu.com/api/quota 
2019-05-03 02:00:01 [WARN] account error (-1): http请求错误 0x6
2019-05-03 02:00:54 [WARN] request error (0x100000006): https://pan.baidu.com/api/quota 
2019-05-03 02:01:26 [WARN] account error (-1): http请求错误 0x6
2019-05-03 02:01:43 [WARN] request error (0x100000006): https://pan.baidu.com/api/quota 
2019-05-03 02:02:32 [WARN] request error (0x100000006): https://pan.baidu.com/api/quota 
2019-05-03 02:02:51 [WARN] account error (-1): http请求错误 0x6
2019-05-03 02:03:21 [WARN] request error (0x100000006): https://pan.baidu.com/api/quota 
2019-05-03 02:04:16 [WARN] account error (-1): http请求错误 0x6
2019-05-03 02:04:53 [WARN] request error (0x100000006): https://pan.baidu.com/api/quota 
2019-05-03 02:05:41 [WARN] account error (-1): http请求错误 0x6
2019-05-03 02:05:42 [WARN] request error (0x100000006): https://pan.baidu.com/api/quota 
2019-05-03 02:06:31 [WARN] request error (0x100000006): https://pan.baidu.com/api/quota 
2019-05-03 02:07:06 [WARN] account error (-1): http请求错误 0x6
2019-05-03 02:07:20 [WARN] request error (0x100000006): https://pan.baidu.com/api/quota 
2019-05-03 02:08:31 [WARN] account error (-1): http请求错误 0x6
2019-05-03 02:08:52 [WARN] request error (0x100000006): https://pan.baidu.com/api/quota 
2019-05-03 02:09:41 [WARN] request error (0x100000006): https://pan.baidu.com/api/quota 
2019-05-03 02:09:56 [WARN] account error (-1): http请求错误 0x6
2019-05-03 02:10:30 [WARN] request error (0x100000006): https://pan.baidu.com/api/quota 
2019-05-03 02:11:19 [WARN] request error (0x100000006): https://pan.baidu.com/api/quota 
2019-05-03 02:11:21 [WARN] account error (-1): http请求错误 0x6
2019-05-03 02:12:46 [WARN] account error (-1): http请求错误 0x6
2019-05-03 02:12:51 [WARN] request error (0x100000006): https://pan.baidu.com/api/quota 
2019-05-03 02:13:40 [WARN] request error (0x100000006): https://pan.baidu.com/api/quota 
2019-05-03 02:14:11 [WARN] account error (-1): http请求错误 0x6
2019-05-03 02:14:29 [WARN] request error (0x100000006): https://pan.baidu.com/api/quota 
2019-05-03 02:15:18 [WARN] request error (0x100000006): https://pan.baidu.com/api/quota 
2019-05-03 02:15:36 [WARN] account error (-1): http请求错误 0x6
2019-05-03 02:16:50 [WARN] request error (0x100000006): https://pan.baidu.com/api/quota 
2019-05-03 02:17:01 [WARN] account error (-1): http请求错误 0x6
2019-05-03 02:17:39 [WARN] request error (0x100000006): https://pan.baidu.com/api/quota 
2019-05-03 02:18:26 [WARN] account error (-1): http请求错误 0x6
2019-05-03 02:18:28 [WARN] request error (0x100000006): https://pan.baidu.com/api/quota 
2019-05-03 02:19:17 [WARN] request error (0x100000006): https://pan.baidu.com/api/quota 
2019-05-03 02:19:51 [WARN] account error (-1): http请求错误 0x6
2019-05-03 02:20:49 [WARN] request error (0x100000006): https://pan.baidu.com/api/quota 
2019-05-03 02:21:16 [WARN] account error (-1): http请求错误 0x6
2019-05-03 02:21:38 [WARN] request error (0x100000006): https://pan.baidu.com/api/quota 
2019-05-03 02:22:27 [WARN] request error (0x100000006): https://pan.baidu.com/api/quota 
2019-05-03 02:22:41 [WARN] account error (-1): http请求错误 0x6
2019-05-03 02:23:16 [WARN] request error (0x100000006): https://pan.baidu.com/api/quota 
2019-05-03 02:24:06 [WARN] account error (-1): http请求错误 0x6
2019-05-03 02:24:48 [WARN] request error (0x100000006): https://pan.baidu.com/api/quota 
2019-05-03 02:25:31 [WARN] account error (-1): http请求错误 0x6
2019-05-03 02:25:37 [WARN] request error (0x100000006): https://pan.baidu.com/api/quota 
2019-05-03 02:26:26 [WARN] request error (0x100000006): https://pan.baidu.com/api/quota 
2019-05-03 02:26:56 [WARN] account error (-1): http请求错误 0x6
2019-05-03 02:27:15 [WARN] request error (0x100000006): https://pan.baidu.com/api/quota 
2019-05-03 02:28:21 [WARN] account error (-1): http请求错误 0x6
2019-05-03 02:28:47 [WARN] request error (0x100000006): https://pan.baidu.com/api/quota 
2019-05-03 02:29:36 [WARN] request error (0x100000006): https://pan.baidu.com/api/quota 
2019-05-03 02:29:46 [WARN] account error (-1): http请求错误 0x6
2019-05-03 02:30:25 [WARN] request error (0x100000006): https://pan.baidu.com/api/quota 
2019-05-03 02:31:11 [WARN] account error (-1): http请求错误 0x6
2019-05-03 02:31:14 [WARN] request error (0x100000006): https://pan.baidu.com/api/quota 
2019-05-03 02:32:36 [WARN] account error (-1): http请求错误 0x6
2019-05-03 02:32:46 [WARN] request error (0x100000006): https://pan.baidu.com/api/quota 
2019-05-03 02:33:35 [WARN] request error (0x100000006): https://pan.baidu.com/api/quota 
2019-05-03 02:34:01 [WARN] account error (-1): http请求错误 0x6
2019-05-03 02:34:24 [WARN] request error (0x100000006): https://pan.baidu.com/api/quota 
2019-05-03 02:35:13 [WARN] request error (0x100000006): https://pan.baidu.com/api/quota 
2019-05-03 02:35:26 [WARN] account error (-1): http请求错误 0x6
2019-05-03 02:36:45 [WARN] request error (0x100000006): https://pan.baidu.com/api/quota 
2019-05-03 02:36:51 [WARN] account error (-1): http请求错误 0x6
2019-05-03 02:37:34 [WARN] request error (0x100000006): https://pan.baidu.com/api/quota 
2019-05-03 02:38:16 [WARN] account error (-1): http请求错误 0x6
2019-05-03 02:38:23 [WARN] request error (0x100000006): https://pan.baidu.com/api/quota 
2019-05-03 02:39:12 [WARN] request error (0x100000006): https://pan.baidu.com/api/quota 
2019-05-03 02:39:41 [WARN] account error (-1): http请求错误 0x6
2019-05-03 02:40:44 [WARN] request error (0x100000006): https://pan.baidu.com/api/quota 
2019-05-03 02:41:06 [WARN] account error (-1): http请求错误 0x6
2019-05-03 02:41:33 [WARN] request error (0x100000006): https://pan.baidu.com/api/quota 
2019-05-03 02:42:22 [WARN] request error (0x100000006): https://pan.baidu.com/api/quota 
2019-05-03 02:42:31 [WARN] account error (-1): http请求错误 0x6
2019-05-03 02:43:11 [WARN] request error (0x100000006): https://pan.baidu.com/api/quota 
2019-05-03 02:43:56 [WARN] account error (-1): http请求错误 0x6
2019-05-03 02:44:43 [WARN] request error (0x100000006): https://pan.baidu.com/api/quota 
2019-05-03 02:45:21 [WARN] account error (-1): http请求错误 0x6
2019-05-03 02:45:32 [WARN] request error (0x100000006): https://pan.baidu.com/api/quota 
2019-05-03 02:46:21 [WARN] request error (0x100000006): https://pan.baidu.com/api/quota 
2019-05-03 02:46:46 [WARN] account error (-1): http请求错误 0x6
2019-05-03 02:47:10 [WARN] request error (0x100000006): https://pan.baidu.com/api/quota 
2019-05-03 02:48:11 [WARN] account error (-1): http请求错误 0x6
2019-05-03 02:48:42 [WARN] request error (0x100000006): https://pan.baidu.com/api/quota 
2019-05-03 02:49:31 [WARN] request error (0x100000006): https://pan.baidu.com/api/quota 
2019-05-03 02:49:36 [WARN] account error (-1): http请求错误 0x6
2019-05-03 02:50:20 [WARN] request error (0x100000006): https://pan.baidu.com/api/quota 
2019-05-03 02:51:01 [WARN] account error (-1): http请求错误 0x6
2019-05-03 02:51:09 [WARN] request error (0x100000006): https://pan.baidu.com/api/quota 
2019-05-03 02:52:26 [WARN] account error (-1): http请求错误 0x6
2019-05-03 02:52:41 [WARN] request error (0x100000006): https://pan.baidu.com/api/quota 
2019-05-03 02:53:30 [WARN] request error (0x100000006): https://pan.baidu.com/api/quota 
2019-05-03 02:53:51 [WARN] account error (-1): http请求错误 0x6
2019-05-03 02:54:19 [WARN] request error (0x100000006): https://pan.baidu.com/api/quota 
2019-05-03 02:55:08 [WARN] request error (0x100000006): https://pan.baidu.com/api/quota 
2019-05-03 02:55:16 [WARN] account error (-1): http请求错误 0x6
2019-05-03 02:56:40 [WARN] request error (0x100000006): https://pan.baidu.com/api/quota 
2019-05-03 02:56:41 [WARN] account error (-1): http请求错误 0x6
2019-05-03 02:57:29 [WARN] request error (0x100000006): https://pan.baidu.com/api/quota 
2019-05-03 02:58:06 [WARN] account error (-1): http请求错误 0x6
2019-05-03 02:58:18 [WARN] request error (0x100000006): https://pan.baidu.com/api/quota 
2019-05-03 02:59:07 [WARN] request error (0x100000006): https://pan.baidu.com/api/quota 
2019-05-03 02:59:31 [WARN] account error (-1): http请求错误 0x6
2019-05-03 03:00:39 [WARN] request error (0x100000006): https://pan.baidu.com/api/quota 
2019-05-03 03:00:56 [WARN] account error (-1): http请求错误 0x6
2019-05-03 03:01:28 [WARN] request error (0x100000006): https://pan.baidu.com/api/quota 
2019-05-03 03:02:17 [WARN] request error (0x100000006): https://pan.baidu.com/api/quota 
2019-05-03 03:02:21 [WARN] account error (-1): http请求错误 0x6
2019-05-03 03:03:06 [WARN] request error (0x100000006): https://pan.baidu.com/api/quota 
2019-05-03 03:03:46 [WARN] account error (-1): http请求错误 0x6
2019-05-03 03:04:38 [WARN] request error (0x100000006): https://pan.baidu.com/api/quota 
2019-05-03 03:05:11 [WARN] account error (-1): http请求错误 0x6
2019-05-03 03:05:27 [WARN] request error (0x100000006): https://pan.baidu.com/api/quota 
2019-05-03 03:06:16 [WARN] request error (0x100000006): https://pan.baidu.com/api/quota 
2019-05-03 03:06:36 [WARN] account error (-1): http请求错误 0x6
2019-05-03 03:07:05 [WARN] request error (0x100000006): https://pan.baidu.com/api/quota 
2019-05-03 03:08:01 [WARN] account error (-1): http请求错误 0x6
2019-05-03 03:08:37 [WARN] request error (0x100000006): https://pan.baidu.com/api/quota 
2019-05-03 03:09:26 [WARN] account error (-1): http请求错误 0x6
2019-05-03 03:09:26 [WARN] request error (0x100000006): https://pan.baidu.com/api/quota 
2019-05-03 03:10:15 [WARN] request error (0x100000006): https://pan.baidu.com/api/quota 
2019-05-03 03:10:51 [WARN] account error (-1): http请求错误 0x6
2019-05-03 03:11:04 [WARN] request error (0x100000006): https://pan.baidu.com/api/quota 
2019-05-03 03:12:16 [WARN] account error (-1): http请求错误 0x6
2019-05-03 03:12:36 [WARN] request error (0x100000006): https://pan.baidu.com/api/quota 
2019-05-03 03:13:25 [WARN] request error (0x100000006): https://pan.baidu.com/api/quota 
2019-05-03 03:13:41 [WARN] account error (-1): http请求错误 0x6
2019-05-03 03:14:14 [WARN] request error (0x100000006): https://pan.baidu.com/api/quota 
2019-05-03 03:15:03 [WARN] request error (0x100000006): https://pan.baidu.com/api/quota 
2019-05-03 03:15:06 [WARN] account error (-1): http请求错误 0x6
2019-05-03 03:16:31 [WARN] account error (-1): http请求错误 0x6
2019-05-03 03:16:35 [WARN] request error (0x100000006): https://pan.baidu.com/api/quota 
2019-05-03 03:17:24 [WARN] request error (0x100000006): https://pan.baidu.com/api/quota 
2019-05-03 03:17:56 [WARN] account error (-1): http请求错误 0x6
2019-05-03 03:18:13 [WARN] request error (0x100000006): https://pan.baidu.com/api/quota 
2019-05-03 03:19:02 [WARN] request error (0x100000006): https://pan.baidu.com/api/quota 
2019-05-03 03:19:21 [WARN] account error (-1): http请求错误 0x6
2019-05-03 03:20:34 [WARN] request error (0x100000006): https://pan.baidu.com/api/quota 
2019-05-03 03:20:46 [WARN] account error (-1): http请求错误 0x6
2019-05-03 03:21:23 [WARN] request error (0x100000006): https://pan.baidu.com/api/quota 
2019-05-03 03:22:11 [WARN] account error (-1): http请求错误 0x6
2019-05-03 03:22:12 [WARN] request error (0x100000006): https://pan.baidu.com/api/quota 
2019-05-03 03:23:01 [WARN] request error (0x100000006): https://pan.baidu.com/api/quota 
2019-05-03 03:23:36 [WARN] account error (-1): http请求错误 0x6
2019-05-03 03:24:33 [WARN] request error (0x100000006): https://pan.baidu.com/api/quota 
2019-05-03 03:25:01 [WARN] account error (-1): http请求错误 0x6
2019-05-03 03:25:22 [WARN] request error (0x100000006): https://pan.baidu.com/api/quota 
2019-05-03 03:26:11 [WARN] request error (0x100000006): https://pan.baidu.com/api/quota 
2019-05-03 03:26:26 [WARN] account error (-1): http请求错误 0x6
2019-05-03 03:27:00 [WARN] request error (0x100000006): https://pan.baidu.com/api/quota 
2019-05-03 03:27:51 [WARN] account error (-1): http请求错误 0x6
2019-05-03 03:28:32 [WARN] request error (0x100000006): https://pan.baidu.com/api/quota 
2019-05-03 03:29:16 [WARN] account error (-1): http请求错误 0x6
2019-05-03 03:29:21 [WARN] request error (0x100000006): https://pan.baidu.com/api/quota 
2019-05-03 03:30:10 [WARN] request error (0x100000006): https://pan.baidu.com/api/quota 
2019-05-03 03:30:41 [WARN] account error (-1): http请求错误 0x6
2019-05-03 03:30:59 [WARN] request error (0x100000006): https://pan.baidu.com/api/quota 
2019-05-03 03:32:06 [WARN] account error (-1): http请求错误 0x6
2019-05-03 03:32:31 [WARN] request error (0x100000006): https://pan.baidu.com/api/quota 
2019-05-03 03:33:20 [WARN] request error (0x100000006): https://pan.baidu.com/api/quota 
2019-05-03 03:33:31 [WARN] account error (-1): http请求错误 0x6
2019-05-03 03:34:09 [WARN] request error (0x100000006): https://pan.baidu.com/api/quota 
2019-05-03 03:34:56 [WARN] account error (-1): http请求错误 0x6
2019-05-03 03:34:58 [WARN] request error (0x100000006): https://pan.baidu.com/api/quota 
2019-05-03 03:36:21 [WARN] account error (-1): http请求错误 0x6
2019-05-03 03:36:30 [WARN] request error (0x100000006): https://pan.baidu.com/api/quota 
2019-05-03 03:37:19 [WARN] request error (0x100000006): https://pan.baidu.com/api/quota 
2019-05-03 03:37:46 [WARN] account error (-1): http请求错误 0x6
2019-05-03 03:38:08 [WARN] request error (0x100000006): https://pan.baidu.com/api/quota 
2019-05-03 03:38:57 [WARN] request error (0x100000006): https://pan.baidu.com/api/quota 
2019-05-03 03:39:11 [WARN] account error (-1): http请求错误 0x6
2019-05-03 03:40:29 [WARN] request error (0x100000006): https://pan.baidu.com/api/quota 
2019-05-03 03:40:36 [WARN] account error (-1): http请求错误 0x6
2019-05-03 03:41:18 [WARN] request error (0x100000006): https://pan.baidu.com/api/quota 
2019-05-03 03:42:01 [WARN] account error (-1): http请求错误 0x6
2019-05-03 03:42:07 [WARN] request error (0x100000006): https://pan.baidu.com/api/quota 
2019-05-03 03:42:56 [WARN] request error (0x100000006): https://pan.baidu.com/api/quota 
2019-05-03 03:43:26 [WARN] account error (-1): http请求错误 0x6
2019-05-03 03:44:28 [WARN] request error (0x100000006): https://pan.baidu.com/api/quota 
2019-05-03 03:44:51 [WARN] account error (-1): http请求错误 0x6
2019-05-03 03:45:17 [WARN] request error (0x100000006): https://pan.baidu.com/api/quota 
2019-05-03 03:46:06 [WARN] request error (0x100000006): https://pan.baidu.com/api/quota 
2019-05-03 03:46:16 [WARN] account error (-1): http请求错误 0x6
2019-05-03 03:46:55 [WARN] request error (0x100000006): https://pan.baidu.com/api/quota 
2019-05-03 03:47:41 [WARN] account error (-1): http请求错误 0x6
2019-05-03 03:48:27 [WARN] request error (0x100000006): https://pan.baidu.com/api/quota 
2019-05-03 03:49:06 [WARN] account error (-1): http请求错误 0x6
2019-05-03 03:49:16 [WARN] request error (0x100000006): https://pan.baidu.com/api/quota 
2019-05-03 03:50:05 [WARN] request error (0x100000006): https://pan.baidu.com/api/quota 
2019-05-03 03:50:31 [WARN] account error (-1): http请求错误 0x6
2019-05-03 03:50:54 [WARN] request error (0x100000006): https://pan.baidu.com/api/quota 
2019-05-03 03:51:56 [WARN] account error (-1): http请求错误 0x6
2019-05-03 03:52:26 [WARN] request error (0x100000006): https://pan.baidu.com/api/quota 
2019-05-03 03:53:15 [WARN] request error (0x100000006): https://pan.baidu.com/api/quota 
2019-05-03 03:53:21 [WARN] account error (-1): http请求错误 0x6
2019-05-03 03:54:04 [WARN] request error (0x100000006): https://pan.baidu.com/api/quota 
2019-05-03 03:54:46 [WARN] account error (-1): http请求错误 0x6
2019-05-03 03:54:53 [WARN] request error (0x100000006): https://pan.baidu.com/api/quota 
2019-05-03 03:56:11 [WARN] account error (-1): http请求错误 0x6
2019-05-03 03:56:25 [WARN] request error (0x100000006): https://pan.baidu.com/api/quota 
2019-05-03 03:57:14 [WARN] request error (0x100000006): https://pan.baidu.com/api/quota 
2019-05-03 03:57:36 [WARN] account error (-1): http请求错误 0x6
2019-05-03 03:58:03 [WARN] request error (0x100000006): https://pan.baidu.com/api/quota 
2019-05-03 03:58:52 [WARN] request error (0x100000006): https://pan.baidu.com/api/quota 
2019-05-03 03:59:01 [WARN] account error (-1): http请求错误 0x6
2019-05-03 04:00:24 [WARN] request error (0x100000006): https://pan.baidu.com/api/quota 
2019-05-03 04:00:26 [WARN] account error (-1): http请求错误 0x6
2019-05-03 04:01:13 [WARN] request error (0x100000006): https://pan.baidu.com/api/quota 
2019-05-03 04:01:51 [WARN] account error (-1): http请求错误 0x6
2019-05-03 04:02:02 [WARN] request error (0x100000006): https://pan.baidu.com/api/quota 
2019-05-03 04:02:52 [WARN] request error (0x100000006): https://pan.baidu.com/api/quota 
2019-05-03 04:03:16 [WARN] account error (-1): http请求错误 0x6
2019-05-03 04:04:23 [WARN] request error (0x100000006): https://pan.baidu.com/api/quota 
2019-05-03 04:04:41 [WARN] account error (-1): http请求错误 0x6
2019-05-03 04:05:12 [WARN] request error (0x100000006): https://pan.baidu.com/api/quota 
2019-05-03 04:06:01 [WARN] request error (0x100000006): https://pan.baidu.com/api/quota 
2019-05-03 04:06:06 [WARN] account error (-1): http请求错误 0x6
2019-05-03 04:06:50 [WARN] request error (0x100000006): https://pan.baidu.com/api/quota 
2019-05-03 04:07:31 [WARN] account error (-1): http请求错误 0x6
2019-05-03 04:09:34 [WARN] request error (0x100000006): https://pan.baidu.com/api/quota 
2019-05-03 04:09:57 [WARN] account error (-1): http请求错误 0x6
2019-05-03 04:11:06 [WARN] request error (0x100000006): https://pan.baidu.com/api/quota 
2019-05-03 04:11:22 [WARN] account error (-1): http请求错误 0x6
2019-05-03 04:11:55 [WARN] request error (0x100000006): https://pan.baidu.com/api/quota 
2019-05-03 04:12:44 [WARN] request error (0x100000006): https://pan.baidu.com/api/quota 
2019-05-03 04:12:47 [WARN] account error (-1): http请求错误 0x6
2019-05-03 04:13:34 [WARN] request error (0x100000006): https://pan.baidu.com/api/quota 
2019-05-03 04:14:12 [WARN] account error (-1): http请求错误 0x6
2019-05-03 04:15:06 [WARN] request error (0x100000006): https://pan.baidu.com/api/quota 
2019-05-03 04:15:37 [WARN] account error (-1): http请求错误 0x6
2019-05-03 04:15:56 [WARN] request error (0x100000006): https://pan.baidu.com/api/quota 
2019-05-03 04:16:45 [WARN] request error (0x100000006): https://pan.baidu.com/api/quota 
2019-05-03 04:17:02 [WARN] account error (-1): http请求错误 0x6
2019-05-03 04:17:34 [WARN] request error (0x100000006): https://pan.baidu.com/api/quota 
2019-05-03 04:18:27 [WARN] account error (-1): http请求错误 0x6
2019-05-03 04:19:07 [WARN] request error (0x100000006): https://pan.baidu.com/api/quota 
2019-05-03 04:19:52 [WARN] account error (-1): http请求错误 0x6
2019-05-03 04:19:56 [WARN] request error (0x100000006): https://pan.baidu.com/api/quota 
2019-05-03 04:20:45 [WARN] request error (0x100000006): https://pan.baidu.com/api/quota 
2019-05-03 04:21:17 [WARN] account error (-1): http请求错误 0x6
2019-05-03 04:21:35 [WARN] request error (0x100000006): https://pan.baidu.com/api/quota 
2019-05-03 04:22:42 [WARN] account error (-1): http请求错误 0x6
2019-05-03 04:23:07 [WARN] request error (0x100000006): https://pan.baidu.com/api/quota 
2019-05-03 04:23:56 [WARN] request error (0x100000006): https://pan.baidu.com/api/quota 
2019-05-03 04:24:07 [WARN] account error (-1): http请求错误 0x6
2019-05-03 04:24:45 [WARN] request error (0x100000006): https://pan.baidu.com/api/quota 
2019-05-03 04:25:32 [WARN] account error (-1): http请求错误 0x6
2019-05-03 04:25:34 [WARN] request error (0x100000006): https://pan.baidu.com/api/quota 
2019-05-03 04:26:57 [WARN] account error (-1): http请求错误 0x6
2019-05-03 04:27:06 [WARN] request error (0x100000006): https://pan.baidu.com/api/quota 
2019-05-03 04:27:55 [WARN] request error (0x100000006): https://pan.baidu.com/api/quota 
2019-05-03 04:28:22 [WARN] account error (-1): http请求错误 0x6
2019-05-03 04:28:44 [WARN] request error (0x100000006): https://pan.baidu.com/api/quota 
2019-05-03 04:29:33 [WARN] request error (0x100000006): https://pan.baidu.com/api/quota 
2019-05-03 04:29:47 [WARN] account error (-1): http请求错误 0x6
2019-05-03 04:31:05 [WARN] request error (0x100000006): https://pan.baidu.com/api/quota 
2019-05-03 04:31:12 [WARN] account error (-1): http请求错误 0x6
2019-05-03 04:31:54 [WARN] request error (0x100000006): https://pan.baidu.com/api/quota 
2019-05-03 04:32:37 [WARN] account error (-1): http请求错误 0x6
2019-05-03 04:32:43 [WARN] request error (0x100000006): https://pan.baidu.com/api/quota 
2019-05-03 04:33:32 [WARN] request error (0x100000006): https://pan.baidu.com/api/quota 
2019-05-03 04:34:02 [WARN] account error (-1): http请求错误 0x6
2019-05-03 04:35:04 [WARN] request error (0x100000006): https://pan.baidu.com/api/quota 
2019-05-03 04:35:27 [WARN] account error (-1): http请求错误 0x6
2019-05-03 04:35:53 [WARN] request error (0x100000006): https://pan.baidu.com/api/quota 
2019-05-03 04:36:42 [WARN] request error (0x100000006): https://pan.baidu.com/api/quota 
2019-05-03 04:36:52 [WARN] account error (-1): http请求错误 0x6
2019-05-03 04:37:31 [WARN] request error (0x100000006): https://pan.baidu.com/api/quota 
2019-05-03 04:38:17 [WARN] account error (-1): http请求错误 0x6
2019-05-03 04:39:03 [WARN] request error (0x100000006): https://pan.baidu.com/api/quota 
2019-05-03 04:39:42 [WARN] account error (-1): http请求错误 0x6
2019-05-03 04:39:52 [WARN] request error (0x100000006): https://pan.baidu.com/api/quota 
2019-05-03 04:40:41 [WARN] request error (0x100000006): https://pan.baidu.com/api/quota 
2019-05-03 04:41:07 [WARN] account error (-1): http请求错误 0x6
2019-05-03 04:41:30 [WARN] request error (0x100000006): https://pan.baidu.com/api/quota 
2019-05-03 04:42:32 [WARN] account error (-1): http请求错误 0x6
2019-05-03 04:43:02 [WARN] request error (0x100000006): https://pan.baidu.com/api/quota 
2019-05-03 04:43:51 [WARN] request error (0x100000006): https://pan.baidu.com/api/quota 
2019-05-03 04:43:57 [WARN] account error (-1): http请求错误 0x6
2019-05-03 04:44:40 [WARN] request error (0x100000006): https://pan.baidu.com/api/quota 
2019-05-03 04:45:22 [WARN] account error (-1): http请求错误 0x6
2019-05-03 04:45:29 [WARN] request error (0x100000006): https://pan.baidu.com/api/quota 
2019-05-03 04:46:47 [WARN] account error (-1): http请求错误 0x6
2019-05-03 04:47:01 [WARN] request error (0x100000006): https://pan.baidu.com/api/quota 
2019-05-03 04:47:50 [WARN] request error (0x100000006): https://pan.baidu.com/api/quota 
2019-05-03 04:48:12 [WARN] account error (-1): http请求错误 0x6
2019-05-03 04:48:39 [WARN] request error (0x100000006): https://pan.baidu.com/api/quota 
2019-05-03 04:49:28 [WARN] request error (0x100000006): https://pan.baidu.com/api/quota 
2019-05-03 04:49:37 [WARN] account error (-1): http请求错误 0x6
2019-05-03 04:51:00 [WARN] request error (0x100000006): https://pan.baidu.com/api/quota 
2019-05-03 04:51:02 [WARN] account error (-1): http请求错误 0x6
2019-05-03 04:51:49 [WARN] request error (0x100000006): https://pan.baidu.com/api/quota 
2019-05-03 04:52:27 [WARN] account error (-1): http请求错误 0x6
2019-05-03 04:52:38 [WARN] request error (0x100000006): https://pan.baidu.com/api/quota 
2019-05-03 04:53:27 [WARN] request error (0x100000006): https://pan.baidu.com/api/quota 
2019-05-03 04:53:52 [WARN] account error (-1): http请求错误 0x6
2019-05-03 04:54:59 [WARN] request error (0x100000006): https://pan.baidu.com/api/quota 
2019-05-03 04:55:17 [WARN] account error (-1): http请求错误 0x6
2019-05-03 04:55:48 [WARN] request error (0x100000006): https://pan.baidu.com/api/quota 
2019-05-03 04:56:37 [WARN] request error (0x100000006): https://pan.baidu.com/api/quota 
2019-05-03 04:56:42 [WARN] account error (-1): http请求错误 0x6
2019-05-03 04:57:26 [WARN] request error (0x100000006): https://pan.baidu.com/api/quota 
2019-05-03 04:58:07 [WARN] account error (-1): http请求错误 0x6
2019-05-03 04:58:58 [WARN] request error (0x100000006): https://pan.baidu.com/api/quota 
2019-05-03 04:59:32 [WARN] account error (-1): http请求错误 0x6
2019-05-03 04:59:47 [WARN] request error (0x100000006): https://pan.baidu.com/api/quota 
2019-05-03 05:00:36 [WARN] request error (0x100000006): https://pan.baidu.com/api/quota 
2019-05-03 05:00:57 [WARN] account error (-1): http请求错误 0x6
2019-05-03 05:01:25 [WARN] request error (0x100000006): https://pan.baidu.com/api/quota 
2019-05-03 05:02:22 [WARN] account error (-1): http请求错误 0x6
2019-05-03 05:02:57 [WARN] request error (0x100000006): https://pan.baidu.com/api/quota 
2019-05-03 05:03:46 [WARN] request error (0x100000006): https://pan.baidu.com/api/quota 
2019-05-03 05:03:47 [WARN] account error (-1): http请求错误 0x6
2019-05-03 05:04:35 [WARN] request error (0x100000006): https://pan.baidu.com/api/quota 
2019-05-03 05:05:12 [WARN] account error (-1): http请求错误 0x6
2019-05-03 05:05:24 [WARN] request error (0x100000006): https://pan.baidu.com/api/quota 
2019-05-03 05:06:37 [WARN] account error (-1): http请求错误 0x6
2019-05-03 05:06:56 [WARN] request error (0x100000006): https://pan.baidu.com/api/quota 
2019-05-03 05:07:45 [WARN] request error (0x100000006): https://pan.baidu.com/api/quota 
2019-05-03 05:08:02 [WARN] account error (-1): http请求错误 0x6
2019-05-03 05:08:34 [WARN] request error (0x100000006): https://pan.baidu.com/api/quota 
2019-05-03 05:09:23 [WARN] request error (0x100000006): https://pan.baidu.com/api/quota 
2019-05-03 05:09:27 [WARN] account error (-1): http请求错误 0x6
2019-05-03 05:10:52 [WARN] account error (-1): http请求错误 0x6
2019-05-03 05:10:55 [WARN] request error (0x100000006): https://pan.baidu.com/api/quota 
2019-05-03 05:11:44 [WARN] request error (0x100000006): https://pan.baidu.com/api/quota 
2019-05-03 05:12:17 [WARN] account error (-1): http请求错误 0x6
2019-05-03 05:12:33 [WARN] request error (0x100000006): https://pan.baidu.com/api/quota 
2019-05-03 05:13:22 [WARN] request error (0x100000006): https://pan.baidu.com/api/quota 
2019-05-03 05:13:42 [WARN] account error (-1): http请求错误 0x6
2019-05-03 05:14:54 [WARN] request error (0x100000006): https://pan.baidu.com/api/quota 
2019-05-03 05:15:07 [WARN] account error (-1): http请求错误 0x6
2019-05-03 05:15:43 [WARN] request error (0x100000006): https://pan.baidu.com/api/quota 
2019-05-03 05:16:32 [WARN] account error (-1): http请求错误 0x6
2019-05-03 05:16:32 [WARN] request error (0x100000006): https://pan.baidu.com/api/quota 
2019-05-03 05:17:21 [WARN] request error (0x100000006): https://pan.baidu.com/api/quota 
2019-05-03 05:17:57 [WARN] account error (-1): http请求错误 0x6
2019-05-03 05:18:53 [WARN] request error (0x100000006): https://pan.baidu.com/api/quota 
2019-05-03 05:19:22 [WARN] account error (-1): http请求错误 0x6
2019-05-03 05:19:42 [WARN] request error (0x100000006): https://pan.baidu.com/api/quota 
2019-05-03 05:20:15 [WARN] request error (0x100000006): https://pan.baidu.com/api/quota 
2019-05-03 05:20:23 [WARN] account error (-1): http请求错误 0x6
2019-05-03 05:21:04 [WARN] request error (0x100000006): https://pan.baidu.com/api/quota 
2019-05-03 05:21:48 [WARN] account error (-1): http请求错误 0x6
2019-05-03 05:22:36 [WARN] request error (0x100000006): https://pan.baidu.com/api/quota 
2019-05-03 05:23:13 [WARN] account error (-1): http请求错误 0x6
2019-05-03 05:23:25 [WARN] request error (0x100000006): https://pan.baidu.com/api/quota 
2019-05-03 05:24:14 [WARN] request error (0x100000006): https://pan.baidu.com/api/quota 
2019-05-03 05:24:38 [WARN] account error (-1): http请求错误 0x6
2019-05-03 05:25:03 [WARN] request error (0x100000006): https://pan.baidu.com/api/quota 
2019-05-03 05:26:03 [WARN] account error (-1): http请求错误 0x6
2019-05-03 05:26:35 [WARN] request error (0x100000006): https://pan.baidu.com/api/quota 
2019-05-03 05:27:24 [WARN] request error (0x100000006): https://pan.baidu.com/api/quota 
2019-05-03 05:27:28 [WARN] account error (-1): http请求错误 0x6
2019-05-03 05:28:13 [WARN] request error (0x100000006): https://pan.baidu.com/api/quota 
2019-05-03 05:28:53 [WARN] account error (-1): http请求错误 0x6
2019-05-03 05:29:02 [WARN] request error (0x100000006): https://pan.baidu.com/api/quota 
2019-05-03 05:30:18 [WARN] account error (-1): http请求错误 0x6
2019-05-03 05:30:34 [WARN] request error (0x100000006): https://pan.baidu.com/api/quota 
2019-05-03 05:31:23 [WARN] request error (0x100000006): https://pan.baidu.com/api/quota 
2019-05-03 05:31:43 [WARN] account error (-1): http请求错误 0x6
2019-05-03 05:32:12 [WARN] request error (0x100000006): https://pan.baidu.com/api/quota 
2019-05-03 05:33:01 [WARN] request error (0x100000006): https://pan.baidu.com/api/quota 
2019-05-03 05:33:08 [WARN] account error (-1): http请求错误 0x6
2019-05-03 05:34:33 [WARN] account error (-1): http请求错误 0x6
2019-05-03 05:34:33 [WARN] request error (0x100000006): https://pan.baidu.com/api/quota 
2019-05-03 05:35:22 [WARN] request error (0x100000006): https://pan.baidu.com/api/quota 
2019-05-03 05:35:58 [WARN] account error (-1): http请求错误 0x6
2019-05-03 05:36:11 [WARN] request error (0x100000006): https://pan.baidu.com/api/quota 
2019-05-03 05:37:00 [WARN] request error (0x100000006): https://pan.baidu.com/api/quota 
2019-05-03 05:37:23 [WARN] account error (-1): http请求错误 0x6
2019-05-03 05:38:32 [WARN] request error (0x100000006): https://pan.baidu.com/api/quota 
2019-05-03 05:38:48 [WARN] account error (-1): http请求错误 0x6
2019-05-03 05:39:21 [WARN] request error (0x100000006): https://pan.baidu.com/api/quota 
2019-05-03 05:40:10 [WARN] request error (0x100000006): https://pan.baidu.com/api/quota 
2019-05-03 05:40:13 [WARN] account error (-1): http请求错误 0x6
2019-05-03 05:40:59 [WARN] request error (0x100000006): https://pan.baidu.com/api/quota 
2019-05-03 05:41:38 [WARN] account error (-1): http请求错误 0x6
2019-05-03 05:42:31 [WARN] request error (0x100000006): https://pan.baidu.com/api/quota 
2019-05-03 05:43:03 [WARN] account error (-1): http请求错误 0x6
2019-05-03 05:43:20 [WARN] request error (0x100000006): https://pan.baidu.com/api/quota 
2019-05-03 05:44:09 [WARN] request error (0x100000006): https://pan.baidu.com/api/quota 
2019-05-03 05:44:28 [WARN] account error (-1): http请求错误 0x6
2019-05-03 05:44:58 [WARN] request error (0x100000006): https://pan.baidu.com/api/quota 
2019-05-03 05:45:53 [WARN] account error (-1): http请求错误 0x6
2019-05-03 05:46:30 [WARN] request error (0x100000006): https://pan.baidu.com/api/quota 
2019-05-03 05:47:18 [WARN] account error (-1): http请求错误 0x6
2019-05-03 05:47:19 [WARN] request error (0x100000006): https://pan.baidu.com/api/quota 
2019-05-03 05:48:08 [WARN] request error (0x100000006): https://pan.baidu.com/api/quota 
2019-05-03 05:48:43 [WARN] account error (-1): http请求错误 0x6
2019-05-03 05:48:57 [WARN] request error (0x100000006): https://pan.baidu.com/api/quota 
2019-05-03 05:50:08 [WARN] account error (-1): http请求错误 0x6
2019-05-03 05:50:29 [WARN] request error (0x100000006): https://pan.baidu.com/api/quota 
2019-05-03 05:51:18 [WARN] request error (0x100000006): https://pan.baidu.com/api/quota 
2019-05-03 05:51:33 [WARN] account error (-1): http请求错误 0x6
2019-05-03 05:52:07 [WARN] request error (0x100000006): https://pan.baidu.com/api/quota 
2019-05-03 05:52:56 [WARN] request error (0x100000006): https://pan.baidu.com/api/quota 
2019-05-03 05:52:58 [WARN] account error (-1): http请求错误 0x6
2019-05-03 05:54:23 [WARN] account error (-1): http请求错误 0x6
2019-05-03 05:54:28 [WARN] request error (0x100000006): https://pan.baidu.com/api/quota 
2019-05-03 05:55:17 [WARN] request error (0x100000006): https://pan.baidu.com/api/quota 
2019-05-03 05:55:48 [WARN] account error (-1): http请求错误 0x6
2019-05-03 05:56:06 [WARN] request error (0x100000006): https://pan.baidu.com/api/quota 
2019-05-03 05:56:55 [WARN] request error (0x100000006): https://pan.baidu.com/api/quota 
2019-05-03 05:57:13 [WARN] account error (-1): http请求错误 0x6
2019-05-03 05:58:27 [WARN] request error (0x100000006): https://pan.baidu.com/api/quota 
2019-05-03 05:58:38 [WARN] account error (-1): http请求错误 0x6
2019-05-03 05:59:16 [WARN] request error (0x100000006): https://pan.baidu.com/api/quota 
2019-05-03 06:00:03 [WARN] account error (-1): http请求错误 0x6
2019-05-03 06:00:05 [WARN] request error (0x100000006): https://pan.baidu.com/api/quota 
2019-05-03 06:00:54 [WARN] request error (0x100000006): https://pan.baidu.com/api/quota 
2019-05-03 06:01:28 [WARN] account error (-1): http请求错误 0x6
2019-05-03 06:02:26 [WARN] request error (0x100000006): https://pan.baidu.com/api/quota 
2019-05-03 06:02:53 [WARN] account error (-1): http请求错误 0x6
2019-05-03 06:03:15 [WARN] request error (0x100000006): https://pan.baidu.com/api/quota 
2019-05-03 06:04:04 [WARN] request error (0x100000006): https://pan.baidu.com/api/quota 
2019-05-03 06:04:18 [WARN] account error (-1): http请求错误 0x6
2019-05-03 06:04:53 [WARN] request error (0x100000006): https://pan.baidu.com/api/quota 
2019-05-03 06:05:43 [WARN] account error (-1): http请求错误 0x6
2019-05-03 06:06:25 [WARN] request error (0x100000006): https://pan.baidu.com/api/quota 
2019-05-03 06:07:08 [WARN] account error (-1): http请求错误 0x6
2019-05-03 06:07:14 [WARN] request error (0x100000006): https://pan.baidu.com/api/quota 
2019-05-03 06:08:03 [WARN] request error (0x100000006): https://pan.baidu.com/api/quota 
2019-05-03 06:08:33 [WARN] account error (-1): http请求错误 0x6
2019-05-03 06:08:52 [WARN] request error (0x100000006): https://pan.baidu.com/api/quota 
2019-05-03 06:09:58 [WARN] account error (-1): http请求错误 0x6
2019-05-03 06:10:24 [WARN] request error (0x100000006): https://pan.baidu.com/api/quota 
2019-05-03 06:11:13 [WARN] request error (0x100000006): https://pan.baidu.com/api/quota 
2019-05-03 06:11:23 [WARN] account error (-1): http请求错误 0x6
2019-05-03 06:12:02 [WARN] request error (0x100000006): https://pan.baidu.com/api/quota 
2019-05-03 06:12:48 [WARN] account error (-1): http请求错误 0x6
2019-05-03 06:12:51 [WARN] request error (0x100000006): https://pan.baidu.com/api/quota 
2019-05-03 06:14:13 [WARN] account error (-1): http请求错误 0x6
2019-05-03 06:14:23 [WARN] request error (0x100000006): https://pan.baidu.com/api/quota 
2019-05-03 06:15:12 [WARN] request error (0x100000006): https://pan.baidu.com/api/quota 
2019-05-03 06:15:38 [WARN] account error (-1): http请求错误 0x6
2019-05-03 06:16:01 [WARN] request error (0x100000006): https://pan.baidu.com/api/quota 
2019-05-03 06:16:50 [WARN] request error (0x100000006): https://pan.baidu.com/api/quota 
2019-05-03 06:17:03 [WARN] account error (-1): http请求错误 0x6
2019-05-03 06:18:22 [WARN] request error (0x100000006): https://pan.baidu.com/api/quota 
2019-05-03 06:18:28 [WARN] account error (-1): http请求错误 0x6
2019-05-03 06:19:11 [WARN] request error (0x100000006): https://pan.baidu.com/api/quota 
2019-05-03 06:19:53 [WARN] account error (-1): http请求错误 0x6
2019-05-03 06:20:00 [WARN] request error (0x100000006): https://pan.baidu.com/api/quota 
2019-05-03 06:20:49 [WARN] request error (0x100000006): https://pan.baidu.com/api/quota 
2019-05-03 06:21:18 [WARN] account error (-1): http请求错误 0x6
2019-05-03 06:22:21 [WARN] request error (0x100000006): https://pan.baidu.com/api/quota 
2019-05-03 06:22:43 [WARN] account error (-1): http请求错误 0x6
2019-05-03 06:23:10 [WARN] request error (0x100000006): https://pan.baidu.com/api/quota 
2019-05-03 06:23:59 [WARN] request error (0x100000006): https://pan.baidu.com/api/quota 
2019-05-03 06:24:08 [WARN] account error (-1): http请求错误 0x6
2019-05-03 06:24:48 [WARN] request error (0x100000006): https://pan.baidu.com/api/quota 
2019-05-03 06:25:33 [WARN] account error (-1): http请求错误 0x6
2019-05-03 06:26:20 [WARN] request error (0x100000006): https://pan.baidu.com/api/quota 
2019-05-03 06:26:58 [WARN] account error (-1): http请求错误 0x6
2019-05-03 06:27:09 [WARN] request error (0x100000006): https://pan.baidu.com/api/quota 
2019-05-03 06:27:58 [WARN] request error (0x100000006): https://pan.baidu.com/api/quota 
2019-05-03 06:28:23 [WARN] account error (-1): http请求错误 0x6
2019-05-03 06:28:47 [WARN] request error (0x100000006): https://pan.baidu.com/api/quota 
2019-05-03 06:29:48 [WARN] account error (-1): http请求错误 0x6
2019-05-03 06:30:19 [WARN] request error (0x100000006): https://pan.baidu.com/api/quota 
2019-05-03 06:31:08 [WARN] request error (0x100000006): https://pan.baidu.com/api/quota 
2019-05-03 06:31:13 [WARN] account error (-1): http请求错误 0x6
2019-05-03 06:31:57 [WARN] request error (0x100000006): https://pan.baidu.com/api/quota 
2019-05-03 06:32:38 [WARN] account error (-1): http请求错误 0x6
2019-05-03 06:32:46 [WARN] request error (0x100000006): https://pan.baidu.com/api/quota 
2019-05-03 06:34:03 [WARN] account error (-1): http请求错误 0x6
2019-05-03 06:34:18 [WARN] request error (0x100000006): https://pan.baidu.com/api/quota 
2019-05-03 06:35:07 [WARN] request error (0x100000006): https://pan.baidu.com/api/quota 
2019-05-03 06:35:28 [WARN] account error (-1): http请求错误 0x6
2019-05-03 06:35:56 [WARN] request error (0x100000006): https://pan.baidu.com/api/quota 
2019-05-03 06:36:45 [WARN] request error (0x100000006): https://pan.baidu.com/api/quota 
2019-05-03 06:36:53 [WARN] account error (-1): http请求错误 0x6
2019-05-03 06:38:17 [WARN] request error (0x100000006): https://pan.baidu.com/api/quota 
2019-05-03 06:38:18 [WARN] account error (-1): http请求错误 0x6
2019-05-03 06:39:06 [WARN] request error (0x100000006): https://pan.baidu.com/api/quota 
2019-05-03 06:39:43 [WARN] account error (-1): http请求错误 0x6
2019-05-03 06:39:55 [WARN] request error (0x100000006): https://pan.baidu.com/api/quota 
2019-05-03 06:40:44 [WARN] request error (0x100000006): https://pan.baidu.com/api/quota 
2019-05-03 06:41:08 [WARN] account error (-1): http请求错误 0x6
2019-05-03 06:42:16 [WARN] request error (0x100000006): https://pan.baidu.com/api/quota 
2019-05-03 06:42:33 [WARN] account error (-1): http请求错误 0x6
2019-05-03 06:43:05 [WARN] request error (0x100000006): https://pan.baidu.com/api/quota 
2019-05-03 06:43:54 [WARN] request error (0x100000006): https://pan.baidu.com/api/quota 
2019-05-03 06:43:58 [WARN] account error (-1): http请求错误 0x6
2019-05-03 06:44:43 [WARN] request error (0x100000006): https://pan.baidu.com/api/quota 
2019-05-03 06:45:23 [WARN] account error (-1): http请求错误 0x6
2019-05-03 06:46:15 [WARN] request error (0x100000006): https://pan.baidu.com/api/quota 
2019-05-03 06:46:48 [WARN] account error (-1): http请求错误 0x6
2019-05-03 06:47:04 [WARN] request error (0x100000006): https://pan.baidu.com/api/quota 
2019-05-03 06:47:53 [WARN] request error (0x100000006): https://pan.baidu.com/api/quota 
2019-05-03 06:48:13 [WARN] account error (-1): http请求错误 0x6
2019-05-03 06:48:42 [WARN] request error (0x100000006): https://pan.baidu.com/api/quota 
2019-05-03 06:49:38 [WARN] account error (-1): http请求错误 0x6
2019-05-03 06:50:14 [WARN] request error (0x100000006): https://pan.baidu.com/api/quota 
2019-05-03 06:51:03 [WARN] account error (-1): http请求错误 0x6
2019-05-03 06:51:03 [WARN] request error (0x100000006): https://pan.baidu.com/api/quota 
2019-05-03 06:51:52 [WARN] request error (0x100000006): https://pan.baidu.com/api/quota 
2019-05-03 06:52:28 [WARN] account error (-1): http请求错误 0x6
2019-05-03 06:52:41 [WARN] request error (0x100000006): https://pan.baidu.com/api/quota 
2019-05-03 06:53:53 [WARN] account error (-1): http请求错误 0x6
2019-05-03 06:54:13 [WARN] request error (0x100000006): https://pan.baidu.com/api/quota 
2019-05-03 06:55:02 [WARN] request error (0x100000006): https://pan.baidu.com/api/quota 
2019-05-03 06:55:18 [WARN] account error (-1): http请求错误 0x6
2019-05-03 06:55:51 [WARN] request error (0x100000006): https://pan.baidu.com/api/quota 
2019-05-03 06:56:40 [WARN] request error (0x100000006): https://pan.baidu.com/api/quota 
2019-05-03 06:56:43 [WARN] account error (-1): http请求错误 0x6
2019-05-03 06:58:08 [WARN] account error (-1): http请求错误 0x6
2019-05-03 06:58:12 [WARN] request error (0x100000006): https://pan.baidu.com/api/quota 
2019-05-03 06:59:01 [WARN] request error (0x100000006): https://pan.baidu.com/api/quota 
2019-05-03 06:59:33 [WARN] account error (-1): http请求错误 0x6
2019-05-03 06:59:50 [WARN] request error (0x100000006): https://pan.baidu.com/api/quota 
2019-05-03 07:00:39 [WARN] request error (0x100000006): https://pan.baidu.com/api/quota 
2019-05-03 07:00:58 [WARN] account error (-1): http请求错误 0x6
2019-05-03 07:02:11 [WARN] request error (0x100000006): https://pan.baidu.com/api/quota 
2019-05-03 07:02:23 [WARN] account error (-1): http请求错误 0x6
2019-05-03 07:03:00 [WARN] request error (0x100000006): https://pan.baidu.com/api/quota 
2019-05-03 07:03:48 [WARN] account error (-1): http请求错误 0x6
2019-05-03 07:03:49 [WARN] request error (0x100000006): https://pan.baidu.com/api/quota 
2019-05-03 07:04:38 [WARN] request error (0x100000006): https://pan.baidu.com/api/quota 
2019-05-03 07:05:13 [WARN] account error (-1): http请求错误 0x6
2019-05-03 07:06:10 [WARN] request error (0x100000006): https://pan.baidu.com/api/quota 
2019-05-03 07:06:38 [WARN] account error (-1): http请求错误 0x6
2019-05-03 07:06:59 [WARN] request error (0x100000006): https://pan.baidu.com/api/quota 
2019-05-03 07:07:48 [WARN] request error (0x100000006): https://pan.baidu.com/api/quota 
2019-05-03 07:08:03 [WARN] account error (-1): http请求错误 0x6
2019-05-03 07:08:37 [WARN] request error (0x100000006): https://pan.baidu.com/api/quota 
2019-05-03 07:09:28 [WARN] account error (-1): http请求错误 0x6
2019-05-03 07:10:09 [WARN] request error (0x100000006): https://pan.baidu.com/api/quota 
2019-05-03 07:10:53 [WARN] account error (-1): http请求错误 0x6
2019-05-03 07:10:58 [WARN] request error (0x100000006): https://pan.baidu.com/api/quota 
2019-05-03 07:11:47 [WARN] request error (0x100000006): https://pan.baidu.com/api/quota 
2019-05-03 07:12:18 [WARN] account error (-1): http请求错误 0x6
2019-05-03 07:12:36 [WARN] request error (0x100000006): https://pan.baidu.com/api/quota 
2019-05-03 07:13:43 [WARN] account error (-1): http请求错误 0x6
2019-05-03 07:14:08 [WARN] request error (0x100000006): https://pan.baidu.com/api/quota 
2019-05-03 07:14:57 [WARN] request error (0x100000006): https://pan.baidu.com/api/quota 
2019-05-03 07:15:08 [WARN] account error (-1): http请求错误 0x6
2019-05-03 07:15:46 [WARN] request error (0x100000006): https://pan.baidu.com/api/quota 
2019-05-03 07:16:33 [WARN] account error (-1): http请求错误 0x6
2019-05-03 07:16:35 [WARN] request error (0x100000006): https://pan.baidu.com/api/quota 
2019-05-03 07:17:58 [WARN] account error (-1): http请求错误 0x6
2019-05-03 07:18:07 [WARN] request error (0x100000006): https://pan.baidu.com/api/quota 
2019-05-03 07:18:56 [WARN] request error (0x100000006): https://pan.baidu.com/api/quota 
2019-05-03 07:19:23 [WARN] account error (-1): http请求错误 0x6
2019-05-03 07:19:45 [WARN] request error (0x100000006): https://pan.baidu.com/api/quota 
2019-05-03 07:20:34 [WARN] request error (0x100000006): https://pan.baidu.com/api/quota 
2019-05-03 07:20:48 [WARN] account error (-1): http请求错误 0x6
2019-05-03 07:22:06 [WARN] request error (0x100000006): https://pan.baidu.com/api/quota 
2019-05-03 07:22:13 [WARN] account error (-1): http请求错误 0x6
2019-05-03 07:22:55 [WARN] request error (0x100000006): https://pan.baidu.com/api/quota 
2019-05-03 07:23:38 [WARN] account error (-1): http请求错误 0x6
2019-05-03 07:23:44 [WARN] request error (0x100000006): https://pan.baidu.com/api/quota 
2019-05-03 07:24:33 [WARN] request error (0x100000006): https://pan.baidu.com/api/quota 
2019-05-03 07:25:03 [WARN] account error (-1): http请求错误 0x6
2019-05-03 07:26:05 [WARN] request error (0x100000006): https://pan.baidu.com/api/quota 
2019-05-03 07:26:28 [WARN] account error (-1): http请求错误 0x6
2019-05-03 07:26:54 [WARN] request error (0x100000006): https://pan.baidu.com/api/quota 
2019-05-03 07:27:43 [WARN] request error (0x100000006): https://pan.baidu.com/api/quota 
2019-05-03 07:27:53 [WARN] account error (-1): http请求错误 0x6
2019-05-03 07:28:32 [WARN] request error (0x100000006): https://pan.baidu.com/api/quota 
2019-05-03 07:29:18 [WARN] account error (-1): http请求错误 0x6
2019-05-03 07:30:04 [WARN] request error (0x100000006): https://pan.baidu.com/api/quota 
2019-05-03 07:30:43 [WARN] account error (-1): http请求错误 0x6
2019-05-03 07:30:53 [WARN] request error (0x100000006): https://pan.baidu.com/api/quota 
2019-05-03 07:31:42 [WARN] request error (0x100000006): https://pan.baidu.com/api/quota 
2019-05-03 07:32:08 [WARN] account error (-1): http请求错误 0x6
2019-05-03 07:32:31 [WARN] request error (0x100000006): https://pan.baidu.com/api/quota 
2019-05-03 07:33:33 [WARN] account error (-1): http请求错误 0x6
2019-05-03 07:34:03 [WARN] request error (0x100000006): https://pan.baidu.com/api/quota 
2019-05-03 07:34:52 [WARN] request error (0x100000006): https://pan.baidu.com/api/quota 
2019-05-03 07:34:58 [WARN] account error (-1): http请求错误 0x6
2019-05-03 07:35:41 [WARN] request error (0x100000006): https://pan.baidu.com/api/quota 
2019-05-03 07:36:23 [WARN] account error (-1): http请求错误 0x6
2019-05-03 07:36:30 [WARN] request error (0x100000006): https://pan.baidu.com/api/quota 
2019-05-03 07:37:48 [WARN] account error (-1): http请求错误 0x6
2019-05-03 07:38:02 [WARN] request error (0x100000006): https://pan.baidu.com/api/quota 
2019-05-03 07:38:51 [WARN] request error (0x100000006): https://pan.baidu.com/api/quota 
2019-05-03 07:39:13 [WARN] account error (-1): http请求错误 0x6
2019-05-03 07:39:40 [WARN] request error (0x100000006): https://pan.baidu.com/api/quota 
2019-05-03 07:40:29 [WARN] request error (0x100000006): https://pan.baidu.com/api/quota 
2019-05-03 07:40:38 [WARN] account error (-1): http请求错误 0x6
2019-05-03 07:42:01 [WARN] request error (0x100000006): https://pan.baidu.com/api/quota 
2019-05-03 07:42:03 [WARN] account error (-1): http请求错误 0x6
2019-05-03 07:42:50 [WARN] request error (0x100000006): https://pan.baidu.com/api/quota 
2019-05-03 07:43:28 [WARN] account error (-1): http请求错误 0x6
2019-05-03 07:43:39 [WARN] request error (0x100000006): https://pan.baidu.com/api/quota 
2019-05-03 07:44:28 [WARN] request error (0x100000006): https://pan.baidu.com/api/quota 
2019-05-03 07:44:53 [WARN] account error (-1): http请求错误 0x6
2019-05-03 07:46:00 [WARN] request error (0x100000006): https://pan.baidu.com/api/quota 
2019-05-03 07:46:18 [WARN] account error (-1): http请求错误 0x6
2019-05-03 07:46:49 [WARN] request error (0x100000006): https://pan.baidu.com/api/quota 
2019-05-03 07:47:38 [WARN] request error (0x100000006): https://pan.baidu.com/api/quota 
2019-05-03 07:47:43 [WARN] account error (-1): http请求错误 0x6
2019-05-03 07:48:27 [WARN] request error (0x100000006): https://pan.baidu.com/api/quota 
2019-05-03 07:49:08 [WARN] account error (-1): http请求错误 0x6
2019-05-03 07:49:59 [WARN] request error (0x100000006): https://pan.baidu.com/api/quota 
2019-05-03 07:50:33 [WARN] account error (-1): http请求错误 0x6
2019-05-03 07:50:48 [WARN] request error (0x100000006): https://pan.baidu.com/api/quota 
2019-05-03 07:51:37 [WARN] request error (0x100000006): https://pan.baidu.com/api/quota 
2019-05-03 07:51:58 [WARN] account error (-1): http请求错误 0x6
2019-05-03 07:52:26 [WARN] request error (0x100000006): https://pan.baidu.com/api/quota 
2019-05-03 07:53:23 [WARN] account error (-1): http请求错误 0x6
2019-05-03 07:53:58 [WARN] request error (0x100000006): https://pan.baidu.com/api/quota 
2019-05-03 07:54:47 [WARN] request error (0x100000006): https://pan.baidu.com/api/quota 
2019-05-03 07:54:48 [WARN] account error (-1): http请求错误 0x6
2019-05-03 07:55:36 [WARN] request error (0x100000006): https://pan.baidu.com/api/quota 
2019-05-03 07:56:13 [WARN] account error (-1): http请求错误 0x6
2019-05-03 07:56:25 [WARN] request error (0x100000006): https://pan.baidu.com/api/quota 
2019-05-03 07:57:38 [WARN] account error (-1): http请求错误 0x6
2019-05-03 07:57:57 [WARN] request error (0x100000006): https://pan.baidu.com/api/quota 
2019-05-03 07:58:46 [WARN] request error (0x100000006): https://pan.baidu.com/api/quota 
2019-05-03 07:59:03 [WARN] account error (-1): http请求错误 0x6
2019-05-03 07:59:35 [WARN] request error (0x100000006): https://pan.baidu.com/api/quota 
2019-05-03 08:00:24 [WARN] request error (0x100000006): https://pan.baidu.com/api/quota 
2019-05-03 08:00:28 [WARN] account error (-1): http请求错误 0x6
2019-05-03 08:01:53 [WARN] account error (-1): http请求错误 0x6
2019-05-03 08:01:56 [WARN] request error (0x100000006): https://pan.baidu.com/api/quota 
2019-05-03 08:02:45 [WARN] request error (0x100000006): https://pan.baidu.com/api/quota 
2019-05-03 08:03:18 [WARN] account error (-1): http请求错误 0x6
2019-05-03 08:03:34 [WARN] request error (0x100000006): https://pan.baidu.com/api/quota 
2019-05-03 08:04:23 [WARN] request error (0x100000006): https://pan.baidu.com/api/quota 
2019-05-03 08:04:43 [WARN] account error (-1): http请求错误 0x6
2019-05-03 08:05:55 [WARN] request error (0x100000006): https://pan.baidu.com/api/quota 
2019-05-03 08:06:08 [WARN] account error (-1): http请求错误 0x6
2019-05-03 08:06:44 [WARN] request error (0x100000006): https://pan.baidu.com/api/quota 
2019-05-03 08:07:33 [WARN] account error (-1): http请求错误 0x6
2019-05-03 08:07:33 [WARN] request error (0x100000006): https://pan.baidu.com/api/quota 
2019-05-03 08:08:22 [WARN] request error (0x100000006): https://pan.baidu.com/api/quota 
2019-05-03 08:08:58 [WARN] account error (-1): http请求错误 0x6
2019-05-03 08:09:54 [WARN] request error (0x100000006): https://pan.baidu.com/api/quota 
2019-05-03 08:10:23 [WARN] account error (-1): http请求错误 0x6
2019-05-03 08:10:43 [WARN] request error (0x100000006): https://pan.baidu.com/api/quota 
2019-05-03 08:11:32 [WARN] request error (0x100000006): https://pan.baidu.com/api/quota 
2019-05-03 08:11:48 [WARN] account error (-1): http请求错误 0x6
2019-05-03 08:12:21 [WARN] request error (0x100000006): https://pan.baidu.com/api/quota 
2019-05-03 08:13:13 [WARN] account error (-1): http请求错误 0x6
2019-05-03 08:13:53 [WARN] request error (0x100000006): https://pan.baidu.com/api/quota 
2019-05-03 08:14:38 [WARN] account error (-1): http请求错误 0x6
2019-05-03 08:14:42 [WARN] request error (0x100000006): https://pan.baidu.com/api/quota 
2019-05-03 08:15:31 [WARN] request error (0x100000006): https://pan.baidu.com/api/quota 
2019-05-03 08:16:03 [WARN] account error (-1): http请求错误 0x6
2019-05-03 08:16:20 [WARN] request error (0x100000006): https://pan.baidu.com/api/quota 
2019-05-03 08:17:28 [WARN] account error (-1): http请求错误 0x6
2019-05-03 08:17:52 [WARN] request error (0x100000006): https://pan.baidu.com/api/quota 
2019-05-03 08:18:41 [WARN] request error (0x100000006): https://pan.baidu.com/api/quota 
2019-05-03 08:18:53 [WARN] account error (-1): http请求错误 0x6
2019-05-03 08:19:30 [WARN] request error (0x100000006): https://pan.baidu.com/api/quota 
2019-05-03 08:20:18 [WARN] account error (-1): http请求错误 0x6
2019-05-03 08:20:19 [WARN] request error (0x100000006): https://pan.baidu.com/api/quota 
2019-05-03 08:21:43 [WARN] account error (-1): http请求错误 0x6
2019-05-03 08:21:51 [WARN] request error (0x100000006): https://pan.baidu.com/api/quota 
2019-05-03 08:22:40 [WARN] request error (0x100000006): https://pan.baidu.com/api/quota 
2019-05-03 08:23:08 [WARN] account error (-1): http请求错误 0x6
2019-05-03 08:23:29 [WARN] request error (0x100000006): https://pan.baidu.com/api/quota 
2019-05-03 08:24:18 [WARN] request error (0x100000006): https://pan.baidu.com/api/quota 
2019-05-03 08:24:33 [WARN] account error (-1): http请求错误 0x6
2019-05-03 08:25:50 [WARN] request error (0x100000006): https://pan.baidu.com/api/quota 
2019-05-03 08:25:58 [WARN] account error (-1): http请求错误 0x6
2019-05-03 08:26:39 [WARN] request error (0x100000006): https://pan.baidu.com/api/quota 
2019-05-03 08:27:23 [WARN] account error (-1): http请求错误 0x6
2019-05-03 08:27:28 [WARN] request error (0x100000006): https://pan.baidu.com/api/quota 
2019-05-03 08:28:17 [WARN] request error (0x100000006): https://pan.baidu.com/api/quota 
2019-05-03 08:28:48 [WARN] account error (-1): http请求错误 0x6
2019-05-03 08:29:49 [WARN] request error (0x100000006): https://pan.baidu.com/api/quota 
2019-05-03 08:30:13 [WARN] account error (-1): http请求错误 0x6
2019-05-03 08:30:38 [WARN] request error (0x100000006): https://pan.baidu.com/api/quota 
2019-05-03 08:31:27 [WARN] request error (0x100000006): https://pan.baidu.com/api/quota 
2019-05-03 08:31:38 [WARN] account error (-1): http请求错误 0x6
2019-05-03 08:32:16 [WARN] request error (0x100000006): https://pan.baidu.com/api/quota 
2019-05-03 08:33:03 [WARN] account error (-1): http请求错误 0x6
2019-05-03 08:33:48 [WARN] request error (0x100000006): https://pan.baidu.com/api/quota 
2019-05-03 08:34:28 [WARN] account error (-1): http请求错误 0x6
2019-05-03 08:34:37 [WARN] request error (0x100000006): https://pan.baidu.com/api/quota 
2019-05-03 08:35:26 [WARN] request error (0x100000006): https://pan.baidu.com/api/quota 
2019-05-03 08:35:53 [WARN] account error (-1): http请求错误 0x6
2019-05-03 08:36:15 [WARN] request error (0x100000006): https://pan.baidu.com/api/quota 
2019-05-03 08:37:18 [WARN] account error (-1): http请求错误 0x6
2019-05-03 08:37:47 [WARN] request error (0x100000006): https://pan.baidu.com/api/quota 
2019-05-03 08:38:36 [WARN] request error (0x100000006): https://pan.baidu.com/api/quota 
2019-05-03 08:38:43 [WARN] account error (-1): http请求错误 0x6
2019-05-03 08:39:25 [WARN] request error (0x100000006): https://pan.baidu.com/api/quota 
2019-05-03 08:40:08 [WARN] account error (-1): http请求错误 0x6
2019-05-03 08:40:14 [WARN] request error (0x100000006): https://pan.baidu.com/api/quota 
2019-05-03 08:41:33 [WARN] account error (-1): http请求错误 0x6
2019-05-03 08:41:46 [WARN] request error (0x100000006): https://pan.baidu.com/api/quota 
2019-05-03 08:42:35 [WARN] request error (0x100000006): https://pan.baidu.com/api/quota 
2019-05-03 08:42:58 [WARN] account error (-1): http请求错误 0x6
2019-05-03 08:43:24 [WARN] request error (0x100000006): https://pan.baidu.com/api/quota 
2019-05-03 08:44:13 [WARN] request error (0x100000006): https://pan.baidu.com/api/quota 
2019-05-03 08:44:23 [WARN] account error (-1): http请求错误 0x6
2019-05-03 08:45:45 [WARN] request error (0x100000006): https://pan.baidu.com/api/quota 
2019-05-03 08:45:48 [WARN] account error (-1): http请求错误 0x6
2019-05-03 08:46:34 [WARN] request error (0x100000006): https://pan.baidu.com/api/quota 
2019-05-03 08:47:13 [WARN] account error (-1): http请求错误 0x6
2019-05-03 08:47:23 [WARN] request error (0x100000006): https://pan.baidu.com/api/quota 
2019-05-03 08:48:12 [WARN] request error (0x100000006): https://pan.baidu.com/api/quota 
2019-05-03 08:48:38 [WARN] account error (-1): http请求错误 0x6
2019-05-03 08:49:44 [WARN] request error (0x100000006): https://pan.baidu.com/api/quota 
2019-05-03 08:50:03 [WARN] account error (-1): http请求错误 0x6
2019-05-03 08:50:33 [WARN] request error (0x100000006): https://pan.baidu.com/api/quota 
2019-05-03 08:51:22 [WARN] request error (0x100000006): https://pan.baidu.com/api/quota 
2019-05-03 08:51:28 [WARN] account error (-1): http请求错误 0x6
2019-05-03 08:52:11 [WARN] request error (0x100000006): https://pan.baidu.com/api/quota 
2019-05-03 08:52:53 [WARN] account error (-1): http请求错误 0x6
2019-05-03 08:53:43 [WARN] request error (0x100000006): https://pan.baidu.com/api/quota 
2019-05-03 08:54:18 [WARN] account error (-1): http请求错误 0x6
2019-05-03 08:54:32 [WARN] request error (0x100000006): https://pan.baidu.com/api/quota 
2019-05-03 08:55:21 [WARN] request error (0x100000006): https://pan.baidu.com/api/quota 
2019-05-03 08:55:43 [WARN] account error (-1): http请求错误 0x6
2019-05-03 08:56:10 [WARN] request error (0x100000006): https://pan.baidu.com/api/quota 
2019-05-03 08:57:08 [WARN] account error (-1): http请求错误 0x6
2019-05-03 08:57:42 [WARN] request error (0x100000006): https://pan.baidu.com/api/quota 
2019-05-03 08:58:31 [WARN] request error (0x100000006): https://pan.baidu.com/api/quota 
2019-05-03 08:58:33 [WARN] account error (-1): http请求错误 0x6
2019-05-03 08:59:20 [WARN] request error (0x100000006): https://pan.baidu.com/api/quota 
2019-05-03 08:59:58 [WARN] account error (-1): http请求错误 0x6
2019-05-03 09:00:09 [WARN] request error (0x100000006): https://pan.baidu.com/api/quota 
2019-05-03 09:01:23 [WARN] account error (-1): http请求错误 0x6
2019-05-03 09:01:41 [WARN] request error (0x100000006): https://pan.baidu.com/api/quota 
2019-05-03 09:02:30 [WARN] request error (0x100000006): https://pan.baidu.com/api/quota 
2019-05-03 09:02:48 [WARN] account error (-1): http请求错误 0x6
2019-05-03 09:03:19 [WARN] request error (0x100000006): https://pan.baidu.com/api/quota 
2019-05-03 09:04:08 [WARN] request error (0x100000006): https://pan.baidu.com/api/quota 
2019-05-03 09:04:13 [WARN] account error (-1): http请求错误 0x6
2019-05-03 09:05:38 [WARN] account error (-1): http请求错误 0x6
2019-05-03 09:05:40 [WARN] request error (0x100000006): https://pan.baidu.com/api/quota 
2019-05-03 09:06:29 [WARN] request error (0x100000006): https://pan.baidu.com/api/quota 
2019-05-03 09:07:03 [WARN] account error (-1): http请求错误 0x6
2019-05-03 09:07:18 [WARN] request error (0x100000006): https://pan.baidu.com/api/quota 
2019-05-03 09:08:07 [WARN] request error (0x100000006): https://pan.baidu.com/api/quota 
2019-05-03 09:08:28 [WARN] account error (-1): http请求错误 0x6
2019-05-03 09:09:39 [WARN] request error (0x100000006): https://pan.baidu.com/api/quota 
2019-05-03 09:09:53 [WARN] account error (-1): http请求错误 0x6
2019-05-03 09:10:28 [WARN] request error (0x100000006): https://pan.baidu.com/api/quota 
2019-05-03 09:11:17 [WARN] request error (0x100000006): https://pan.baidu.com/api/quota 
2019-05-03 09:11:18 [WARN] account error (-1): http请求错误 0x6
2019-05-03 09:12:06 [WARN] request error (0x100000006): https://pan.baidu.com/api/quota 
2019-05-03 09:12:43 [WARN] account error (-1): http请求错误 0x6
2019-05-03 09:13:38 [WARN] request error (0x100000006): https://pan.baidu.com/api/quota 
2019-05-03 09:14:08 [WARN] account error (-1): http请求错误 0x6
2019-05-03 09:14:27 [WARN] request error (0x100000006): https://pan.baidu.com/api/quota 
2019-05-03 09:15:16 [WARN] request error (0x100000006): https://pan.baidu.com/api/quota 
2019-05-03 09:15:33 [WARN] account error (-1): http请求错误 0x6
2019-05-03 09:16:05 [WARN] request error (0x100000006): https://pan.baidu.com/api/quota 
2019-05-03 09:16:58 [WARN] account error (-1): http请求错误 0x6
2019-05-03 09:17:37 [WARN] request error (0x100000006): https://pan.baidu.com/api/quota 
2019-05-03 09:18:23 [WARN] account error (-1): http请求错误 0x6
2019-05-03 09:18:26 [WARN] request error (0x100000006): https://pan.baidu.com/api/quota 
2019-05-03 09:19:15 [WARN] request error (0x100000006): https://pan.baidu.com/api/quota 
2019-05-03 09:19:48 [WARN] account error (-1): http请求错误 0x6
2019-05-03 09:20:04 [WARN] request error (0x100000006): https://pan.baidu.com/api/quota 
2019-05-03 09:21:13 [WARN] account error (-1): http请求错误 0x6
2019-05-03 09:21:36 [WARN] request error (0x100000006): https://pan.baidu.com/api/quota 
2019-05-03 09:22:25 [WARN] request error (0x100000006): https://pan.baidu.com/api/quota 
2019-05-03 09:22:38 [WARN] account error (-1): http请求错误 0x6
2019-05-03 09:23:14 [WARN] request error (0x100000006): https://pan.baidu.com/api/quota 
2019-05-03 09:24:03 [WARN] account error (-1): http请求错误 0x6
2019-05-03 09:24:03 [WARN] request error (0x100000006): https://pan.baidu.com/api/quota 
2019-05-03 09:25:28 [WARN] account error (-1): http请求错误 0x6
2019-05-03 09:25:35 [WARN] request error (0x100000006): https://pan.baidu.com/api/quota 
2019-05-03 09:26:24 [WARN] request error (0x100000006): https://pan.baidu.com/api/quota 
2019-05-03 09:26:53 [WARN] account error (-1): http请求错误 0x6
2019-05-03 09:27:13 [WARN] request error (0x100000006): https://pan.baidu.com/api/quota 
2019-05-03 09:28:02 [WARN] request error (0x100000006): https://pan.baidu.com/api/quota 
2019-05-03 09:28:18 [WARN] account error (-1): http请求错误 0x6
2019-05-03 09:29:34 [WARN] request error (0x100000006): https://pan.baidu.com/api/quota 
2019-05-03 09:29:43 [WARN] account error (-1): http请求错误 0x6
2019-05-03 09:30:23 [WARN] request error (0x100000006): https://pan.baidu.com/api/quota 
2019-05-03 09:31:08 [WARN] account error (-1): http请求错误 0x6
2019-05-03 09:31:12 [WARN] request error (0x100000006): https://pan.baidu.com/api/quota 
2019-05-03 09:32:01 [WARN] request error (0x100000006): https://pan.baidu.com/api/quota 
2019-05-03 09:32:33 [WARN] account error (-1): http请求错误 0x6
2019-05-03 09:33:33 [WARN] request error (0x100000006): https://pan.baidu.com/api/quota 
2019-05-03 09:33:58 [WARN] account error (-1): http请求错误 0x6
2019-05-03 09:34:22 [WARN] request error (0x100000006): https://pan.baidu.com/api/quota 
2019-05-03 09:35:11 [WARN] request error (0x100000006): https://pan.baidu.com/api/quota 
2019-05-03 09:35:23 [WARN] account error (-1): http请求错误 0x6
2019-05-03 09:36:00 [WARN] request error (0x100000006): https://pan.baidu.com/api/quota 
2019-05-03 09:36:48 [WARN] account error (-1): http请求错误 0x6
2019-05-03 09:37:32 [WARN] request error (0x100000006): https://pan.baidu.com/api/quota 
2019-05-03 09:38:13 [WARN] account error (-1): http请求错误 0x6
2019-05-03 09:38:21 [WARN] request error (0x100000006): https://pan.baidu.com/api/quota 
2019-05-03 09:39:10 [WARN] request error (0x100000006): https://pan.baidu.com/api/quota 
2019-05-03 09:39:38 [WARN] account error (-1): http请求错误 0x6
2019-05-03 09:39:59 [WARN] request error (0x100000006): https://pan.baidu.com/api/quota 
2019-05-03 09:41:03 [WARN] account error (-1): http请求错误 0x6
2019-05-03 09:41:31 [WARN] request error (0x100000006): https://pan.baidu.com/api/quota 
2019-05-03 09:42:20 [WARN] request error (0x100000006): https://pan.baidu.com/api/quota 
2019-05-03 09:42:28 [WARN] account error (-1): http请求错误 0x6
2019-05-03 09:43:09 [WARN] request error (0x100000006): https://pan.baidu.com/api/quota 
2019-05-03 09:43:53 [WARN] account error (-1): http请求错误 0x6
2019-05-03 09:43:58 [WARN] request error (0x100000006): https://pan.baidu.com/api/quota 
2019-05-03 09:45:18 [WARN] account error (-1): http请求错误 0x6
2019-05-03 09:45:30 [WARN] request error (0x100000006): https://pan.baidu.com/api/quota 
2019-05-03 09:46:19 [WARN] request error (0x100000006): https://pan.baidu.com/api/quota 
2019-05-03 09:46:43 [WARN] account error (-1): http请求错误 0x6
2019-05-03 09:47:08 [WARN] request error (0x100000006): https://pan.baidu.com/api/quota 
2019-05-03 09:47:57 [WARN] request error (0x100000006): https://pan.baidu.com/api/quota 
2019-05-03 09:48:08 [WARN] account error (-1): http请求错误 0x6
2019-05-03 09:49:29 [WARN] request error (0x100000006): https://pan.baidu.com/api/quota 
2019-05-03 09:49:33 [WARN] account error (-1): http请求错误 0x6
2019-05-03 09:50:18 [WARN] request error (0x100000006): https://pan.baidu.com/api/quota 
2019-05-03 09:50:58 [WARN] account error (-1): http请求错误 0x6
2019-05-03 09:51:07 [WARN] request error (0x100000006): https://pan.baidu.com/api/quota 
2019-05-03 09:51:56 [WARN] request error (0x100000006): https://pan.baidu.com/api/quota 
2019-05-03 09:52:23 [WARN] account error (-1): http请求错误 0x6
2019-05-03 09:53:28 [WARN] request error (0x100000006): https://pan.baidu.com/api/quota 
2019-05-03 09:53:48 [WARN] account error (-1): http请求错误 0x6
2019-05-03 09:54:17 [WARN] request error (0x100000006): https://pan.baidu.com/api/quota 
2019-05-03 09:55:06 [WARN] request error (0x100000006): https://pan.baidu.com/api/quota 
2019-05-03 09:55:13 [WARN] account error (-1): http请求错误 0x6
2019-05-03 09:55:55 [WARN] request error (0x100000006): https://pan.baidu.com/api/quota 
2019-05-03 09:56:38 [WARN] account error (-1): http请求错误 0x6
2019-05-03 09:57:27 [WARN] request error (0x100000006): https://pan.baidu.com/api/quota 
2019-05-03 09:58:03 [WARN] account error (-1): http请求错误 0x6
2019-05-03 09:58:16 [WARN] request error (0x100000006): https://pan.baidu.com/api/quota 
2019-05-03 09:59:05 [WARN] request error (0x100000006): https://pan.baidu.com/api/quota 
2019-05-03 09:59:28 [WARN] account error (-1): http请求错误 0x6
2019-05-03 09:59:54 [WARN] request error (0x100000006): https://pan.baidu.com/api/quota 
2019-05-03 10:00:53 [WARN] account error (-1): http请求错误 0x6
2019-05-03 10:01:26 [WARN] request error (0x100000006): https://pan.baidu.com/api/quota 
2019-05-03 10:02:15 [WARN] request error (0x100000006): https://pan.baidu.com/api/quota 
2019-05-03 10:02:18 [WARN] account error (-1): http请求错误 0x6
2019-05-03 10:03:04 [WARN] request error (0x100000006): https://pan.baidu.com/api/quota 
2019-05-03 10:03:43 [WARN] account error (-1): http请求错误 0x6
2019-05-03 10:03:53 [WARN] request error (0x100000006): https://pan.baidu.com/api/quota 
2019-05-03 10:05:08 [WARN] account error (-1): http请求错误 0x6
2019-05-03 10:05:26 [WARN] request error (0x100000006): https://pan.baidu.com/api/quota 
2019-05-03 10:12:29 [WARN] account error (-1): http请求错误 0x6
2019-05-03 10:13:00 [WARN] request error (0x100000006): https://pan.baidu.com/api/quota 
2019-05-03 10:13:49 [WARN] request error (0x100000006): https://pan.baidu.com/api/quota 
2019-05-03 10:13:54 [WARN] account error (-1): http请求错误 0x6
2019-05-03 10:14:39 [WARN] request error (0x100000006): https://pan.baidu.com/api/quota 
2019-05-03 10:15:22 [WARN] request error (0x100000006): https://pan.baidu.com/api/quota 
2019-05-03 10:16:11 [WARN] request error (0x100000006): https://pan.baidu.com/api/quota 
2019-05-03 10:16:20 [WARN] account error (-1): http请求错误 0x6
2019-05-03 10:17:00 [WARN] request error (0x100000006): https://pan.baidu.com/api/quota 
2019-05-03 10:17:45 [WARN] account error (-1): http请求错误 0x6
2019-05-03 10:17:49 [WARN] request error (0x100000006): https://pan.baidu.com/api/quota 
2019-05-03 10:19:10 [WARN] account error (-1): http请求错误 0x6
2019-05-03 10:19:21 [WARN] request error (0x100000006): https://pan.baidu.com/api/quota 
2019-05-03 10:20:10 [WARN] request error (0x100000006): https://pan.baidu.com/api/quota 
2019-05-03 10:20:35 [WARN] account error (-1): http请求错误 0x6
2019-05-03 10:21:00 [WARN] request error (0x100000006): https://pan.baidu.com/api/quota 
2019-05-03 10:21:49 [WARN] request error (0x100000006): https://pan.baidu.com/api/quota 
2019-05-03 10:22:00 [WARN] account error (-1): http请求错误 0x6
2019-05-03 10:23:22 [WARN] request error (0x100000006): https://pan.baidu.com/api/quota 
2019-05-03 10:23:25 [WARN] account error (-1): http请求错误 0x6
2019-05-03 10:24:11 [WARN] request error (0x100000006): https://pan.baidu.com/api/quota 
2019-05-03 10:24:50 [WARN] account error (-1): http请求错误 0x6
2019-05-03 10:25:00 [WARN] request error (0x100000006): https://pan.baidu.com/api/quota 
2019-05-03 10:25:49 [WARN] request error (0x100000006): https://pan.baidu.com/api/quota 
2019-05-03 10:26:15 [WARN] account error (-1): http请求错误 0x6
2019-05-03 10:27:22 [WARN] request error (0x100000006): https://pan.baidu.com/api/quota 
2019-05-03 10:27:40 [WARN] account error (-1): http请求错误 0x6
2019-05-03 10:28:11 [WARN] request error (0x100000006): https://pan.baidu.com/api/quota 
2019-05-03 10:29:01 [WARN] request error (0x100000006): https://pan.baidu.com/api/quota 
2019-05-03 10:29:05 [WARN] account error (-1): http请求错误 0x6
2019-05-03 10:29:50 [WARN] request error (0x100000006): https://pan.baidu.com/api/quota 
2019-05-03 10:30:30 [WARN] account error (-1): http请求错误 0x6
2019-05-03 10:31:22 [WARN] request error (0x100000006): https://pan.baidu.com/api/quota 
2019-05-03 10:31:55 [WARN] account error (-1): http请求错误 0x6
2019-05-03 10:32:11 [WARN] request error (0x100000006): https://pan.baidu.com/api/quota 
2019-05-03 10:33:01 [WARN] request error (0x100000006): https://pan.baidu.com/api/quota 
2019-05-03 10:33:20 [WARN] account error (-1): http请求错误 0x6
2019-05-03 10:33:50 [WARN] request error (0x100000006): https://pan.baidu.com/api/quota 
2019-05-03 10:34:45 [WARN] account error (-1): http请求错误 0x6
2019-05-03 10:35:22 [WARN] request error (0x100000006): https://pan.baidu.com/api/quota 
2019-05-03 10:36:10 [WARN] account error (-1): http请求错误 0x6
2019-05-03 10:36:11 [WARN] request error (0x100000006): https://pan.baidu.com/api/quota 
2019-05-03 10:37:01 [WARN] request error (0x100000006): https://pan.baidu.com/api/quota 
2019-05-03 10:37:35 [WARN] account error (-1): http请求错误 0x6
2019-05-03 10:37:50 [WARN] request error (0x100000006): https://pan.baidu.com/api/quota 
2019-05-03 10:39:00 [WARN] account error (-1): http请求错误 0x6
2019-05-03 10:39:22 [WARN] request error (0x100000006): https://pan.baidu.com/api/quota 
2019-05-03 10:40:11 [WARN] request error (0x100000006): https://pan.baidu.com/api/quota 
2019-05-03 10:40:25 [WARN] account error (-1): http请求错误 0x6
2019-05-03 10:41:00 [WARN] request error (0x100000006): https://pan.baidu.com/api/quota 
2019-05-03 10:41:49 [WARN] request error (0x100000006): https://pan.baidu.com/api/quota 
2019-05-03 10:41:50 [WARN] account error (-1): http请求错误 0x6
2019-05-03 10:43:15 [WARN] account error (-1): http请求错误 0x6
2019-05-03 10:43:22 [WARN] request error (0x100000006): https://pan.baidu.com/api/quota 
2019-05-03 10:44:11 [WARN] request error (0x100000006): https://pan.baidu.com/api/quota 
2019-05-03 10:44:40 [WARN] account error (-1): http请求错误 0x6
2019-05-03 10:45:00 [WARN] request error (0x100000006): https://pan.baidu.com/api/quota 
2019-05-03 10:46:20 [WARN] request error (0x100000006): https://pan.baidu.com/api/quota 
2019-05-03 10:47:06 [WARN] account error (-1): http请求错误 0x6
2019-05-03 10:47:09 [WARN] request error (0x100000006): https://pan.baidu.com/api/quota 
2019-05-03 10:47:58 [WARN] request error (0x100000006): https://pan.baidu.com/api/quota 
2019-05-03 10:48:31 [WARN] account error (-1): http请求错误 0x6
2019-05-03 10:48:47 [WARN] request error (0x100000006): https://pan.baidu.com/api/quota 
2019-05-03 10:49:56 [WARN] account error (-1): http请求错误 0x6
2019-05-03 10:50:20 [WARN] request error (0x100000006): https://pan.baidu.com/api/quota 
2019-05-03 10:51:09 [WARN] request error (0x100000006): https://pan.baidu.com/api/quota 
2019-05-03 10:51:21 [WARN] account error (-1): http请求错误 0x6
2019-05-03 10:51:58 [WARN] request error (0x100000006): https://pan.baidu.com/api/quota 
2019-05-03 10:52:46 [WARN] account error (-1): http请求错误 0x6
2019-05-03 10:52:48 [WARN] request error (0x100000006): https://pan.baidu.com/api/quota 
2019-05-03 10:54:11 [WARN] account error (-1): http请求错误 0x6
2019-05-03 10:54:20 [WARN] request error (0x100000006): https://pan.baidu.com/api/quota 
2019-05-03 10:55:09 [WARN] request error (0x100000006): https://pan.baidu.com/api/quota 
2019-05-03 10:55:36 [WARN] account error (-1): http请求错误 0x6
2019-05-03 10:55:58 [WARN] request error (0x100000006): https://pan.baidu.com/api/quota 
2019-05-03 10:56:47 [WARN] request error (0x100000006): https://pan.baidu.com/api/quota 
2019-05-03 10:57:01 [WARN] account error (-1): http请求错误 0x6
2019-05-03 10:58:19 [WARN] request error (0x100000006): https://pan.baidu.com/api/quota 
2019-05-03 10:58:26 [WARN] account error (-1): http请求错误 0x6
2019-05-03 10:59:09 [WARN] request error (0x100000006): https://pan.baidu.com/api/quota 
2019-05-03 10:59:51 [WARN] account error (-1): http请求错误 0x6
2019-05-03 10:59:58 [WARN] request error (0x100000006): https://pan.baidu.com/api/quota 
2019-05-03 11:00:47 [WARN] request error (0x100000006): https://pan.baidu.com/api/quota 
2019-05-03 11:01:16 [WARN] account error (-1): http请求错误 0x6
2019-05-03 11:02:20 [WARN] request error (0x100000006): https://pan.baidu.com/api/quota 
2019-05-03 11:02:41 [WARN] account error (-1): http请求错误 0x6
2019-05-03 11:03:09 [WARN] request error (0x100000006): https://pan.baidu.com/api/quota 
2019-05-03 11:03:58 [WARN] request error (0x100000006): https://pan.baidu.com/api/quota 
2019-05-03 11:04:06 [WARN] account error (-1): http请求错误 0x6
2019-05-03 11:04:48 [WARN] request error (0x100000006): https://pan.baidu.com/api/quota 
2019-05-03 11:05:31 [WARN] account error (-1): http请求错误 0x6
2019-05-03 11:06:20 [WARN] request error (0x100000006): https://pan.baidu.com/api/quota 
2019-05-03 11:06:56 [WARN] account error (-1): http请求错误 0x6
2019-05-03 11:07:09 [WARN] request error (0x100000006): https://pan.baidu.com/api/quota 
2019-05-03 11:07:59 [WARN] request error (0x100000006): https://pan.baidu.com/api/quota 
2019-05-03 11:08:21 [WARN] account error (-1): http请求错误 0x6
2019-05-03 11:08:48 [WARN] request error (0x100000006): https://pan.baidu.com/api/quota 
2019-05-03 11:09:46 [WARN] account error (-1): http请求错误 0x6
2019-05-03 11:10:20 [WARN] request error (0x100000006): https://pan.baidu.com/api/quota 
2019-05-03 11:11:09 [WARN] request error (0x100000006): https://pan.baidu.com/api/quota 
2019-05-03 11:11:11 [WARN] account error (-1): http请求错误 0x6
2019-05-03 11:11:58 [WARN] request error (0x100000006): https://pan.baidu.com/api/quota 
2019-05-03 11:12:36 [WARN] account error (-1): http请求错误 0x6
2019-05-03 11:12:47 [WARN] request error (0x100000006): https://pan.baidu.com/api/quota 
2019-05-03 11:14:17 [WARN] request error (0x10000001c): https://pan.baidu.com/api/quota 
2019-05-03 11:15:02 [WARN] account error (-1): http请求错误 0x6
2019-05-03 11:15:06 [WARN] request error (0x100000006): https://pan.baidu.com/api/quota 
2019-05-03 11:15:58 [WARN] aria2 websocket connection closed (127.0.0.1:6808), code: 1006 (Abnormal close), reason: 
