2019-05-02 23:07:10 [INFO] pandownload version: 2.1.0 beta
2019-05-02 23:07:13 [INFO] aria2 websocket connection opened (127.0.0.1:6808)
2019-05-02 23:07:13 [INFO] aria2 version: 1.34.0
2019-05-02 23:07:13 [INFO] aria2 json-rpc path: http://token:pandownload@127.0.0.1:6808/jsonrpc
2019-05-02 23:07:13 [INFO] create main window
2019-05-02 23:07:13 [INFO] verify cookie (600)
2019-05-02 23:07:15 [INFO] user login success (4052464532): zji739
2019-05-02 23:07:25 [WARN] ID#108 - The response status is not successful. status=403(22) FILE="C:/Users/Administrator/Desktop/从零起步 系统入门Python爬虫工程师-v/8-3 python的GIL真的会导致多线程慢吗？.vep" SIZE="157319451"
2019-05-02 23:07:25 [WARN] ID#117 - The response status is not successful. status=403(22) FILE="C:/Users/Administrator/Desktop/从零起步 系统入门Python爬虫工程师-v/7-6 分析和获取所有的版块 - 1.vep" SIZE="105830937"
2019-05-02 23:07:25 [WARN] ID#118 - The response status is not successful. status=403(22) FILE="C:/Users/Administrator/Desktop/从零起步 系统入门Python爬虫工程师-v/7-5 models表结构设.vep" SIZE="106965321"
2019-05-02 23:07:25 [WARN] ID#120 - The response status is not successful. status=403(22) FILE="C:/Users/Administrator/Desktop/从零起步 系统入门Python爬虫工程师-v/7-3 peewee自动生成表_1.vep" SIZE="122510859"
2019-05-02 23:07:25 [WARN] ID#121 - The response status is not successful. status=403(22) FILE="C:/Users/Administrator/Desktop/从零起步 系统入门Python爬虫工程师-v/7-2 pymysql的简单使用.vep" SIZE="126322557"
2019-05-02 23:07:25 [WARN] ID#122 - The response status is not successful. status=403(22) FILE="C:/Users/Administrator/Desktop/从零起步 系统入门Python爬虫工程师-v/7-13 获取个人信息详情 - 2.vep" SIZE="71196071"
2019-05-02 23:07:25 [WARN] ID#123 - The response status is not successful. status=403(22) FILE="C:/Users/Administrator/Desktop/从零起步 系统入门Python爬虫工程师-v/7-12 获取个人信息详情-1.vep" SIZE="81806223"
2019-05-02 23:07:25 [WARN] ID#124 - The response status is not successful. status=403(22) FILE="C:/Users/Administrator/Desktop/从零起步 系统入门Python爬虫工程师-v/7-11 获取和解析详情页 - 2.vep" SIZE="95601667"
2019-05-02 23:07:25 [WARN] ID#125 - The response status is not successful. status=403(22) FILE="C:/Users/Administrator/Desktop/从零起步 系统入门Python爬虫工程师-v/7-10 获取和解析详情页 - 1.vep" SIZE="120443987"
2019-05-02 23:07:25 [WARN] ID#126 - The response status is not successful. status=403(22) FILE="C:/Users/Administrator/Desktop/从零起步 系统入门Python爬虫工程师-v/7-1 需求分析.vep" SIZE="117097005"
2019-05-02 23:07:30 [WARN] ID#108 - The response status is not successful. status=403(22) FILE="C:/Users/Administrator/Desktop/从零起步 系统入门Python爬虫工程师-v/8-3 python的GIL真的会导致多线程慢吗？.vep" SIZE="157319451"
2019-05-02 23:07:30 [WARN] ID#117 - The response status is not successful. status=403(22) FILE="C:/Users/Administrator/Desktop/从零起步 系统入门Python爬虫工程师-v/7-6 分析和获取所有的版块 - 1.vep" SIZE="105830937"
2019-05-02 23:07:30 [WARN] ID#118 - The response status is not successful. status=403(22) FILE="C:/Users/Administrator/Desktop/从零起步 系统入门Python爬虫工程师-v/7-5 models表结构设.vep" SIZE="106965321"
2019-05-02 23:07:30 [WARN] ID#120 - The response status is not successful. status=403(22) FILE="C:/Users/Administrator/Desktop/从零起步 系统入门Python爬虫工程师-v/7-3 peewee自动生成表_1.vep" SIZE="122510859"
2019-05-02 23:07:30 [WARN] ID#121 - The response status is not successful. status=403(22) FILE="C:/Users/Administrator/Desktop/从零起步 系统入门Python爬虫工程师-v/7-2 pymysql的简单使用.vep" SIZE="126322557"
2019-05-02 23:07:30 [WARN] ID#122 - The response status is not successful. status=403(22) FILE="C:/Users/Administrator/Desktop/从零起步 系统入门Python爬虫工程师-v/7-13 获取个人信息详情 - 2.vep" SIZE="71196071"
2019-05-02 23:07:31 [WARN] ID#123 - The response status is not successful. status=403(22) FILE="C:/Users/Administrator/Desktop/从零起步 系统入门Python爬虫工程师-v/7-12 获取个人信息详情-1.vep" SIZE="81806223"
2019-05-02 23:07:31 [WARN] ID#124 - The response status is not successful. status=403(22) FILE="C:/Users/Administrator/Desktop/从零起步 系统入门Python爬虫工程师-v/7-11 获取和解析详情页 - 2.vep" SIZE="95601667"
2019-05-02 23:07:31 [WARN] ID#125 - The response status is not successful. status=403(22) FILE="C:/Users/Administrator/Desktop/从零起步 系统入门Python爬虫工程师-v/7-10 获取和解析详情页 - 1.vep" SIZE="120443987"
2019-05-02 23:07:31 [WARN] ID#126 - The response status is not successful. status=403(22) FILE="C:/Users/Administrator/Desktop/从零起步 系统入门Python爬虫工程师-v/7-1 需求分析.vep" SIZE="117097005"
2019-05-02 23:07:34 [WARN] ID#108 - The response status is not successful. status=403(22) FILE="C:/Users/Administrator/Desktop/从零起步 系统入门Python爬虫工程师-v/8-3 python的GIL真的会导致多线程慢吗？.vep" SIZE="157319451"
2019-05-02 23:07:34 [WARN] ID#117 - The response status is not successful. status=403(22) FILE="C:/Users/Administrator/Desktop/从零起步 系统入门Python爬虫工程师-v/7-6 分析和获取所有的版块 - 1.vep" SIZE="105830937"
2019-05-02 23:07:34 [WARN] ID#118 - The response status is not successful. status=403(22) FILE="C:/Users/Administrator/Desktop/从零起步 系统入门Python爬虫工程师-v/7-5 models表结构设.vep" SIZE="106965321"
2019-05-02 23:07:34 [WARN] ID#121 - The response status is not successful. status=403(22) FILE="C:/Users/Administrator/Desktop/从零起步 系统入门Python爬虫工程师-v/7-2 pymysql的简单使用.vep" SIZE="126322557"
2019-05-02 23:07:34 [WARN] ID#122 - The response status is not successful. status=403(22) FILE="C:/Users/Administrator/Desktop/从零起步 系统入门Python爬虫工程师-v/7-13 获取个人信息详情 - 2.vep" SIZE="71196071"
2019-05-02 23:07:34 [WARN] ID#123 - The response status is not successful. status=403(22) FILE="C:/Users/Administrator/Desktop/从零起步 系统入门Python爬虫工程师-v/7-12 获取个人信息详情-1.vep" SIZE="81806223"
2019-05-02 23:07:34 [WARN] ID#124 - The response status is not successful. status=403(22) FILE="C:/Users/Administrator/Desktop/从零起步 系统入门Python爬虫工程师-v/7-11 获取和解析详情页 - 2.vep" SIZE="95601667"
2019-05-02 23:07:34 [WARN] ID#125 - The response status is not successful. status=403(22) FILE="C:/Users/Administrator/Desktop/从零起步 系统入门Python爬虫工程师-v/7-10 获取和解析详情页 - 1.vep" SIZE="120443987"
2019-05-02 23:07:34 [WARN] ID#126 - The response status is not successful. status=403(22) FILE="C:/Users/Administrator/Desktop/从零起步 系统入门Python爬虫工程师-v/7-1 需求分析.vep" SIZE="117097005"
2019-05-02 23:07:53 [WARN] ID#120 - The response status is not successful. status=403(22) FILE="C:/Users/Administrator/Desktop/从零起步 系统入门Python爬虫工程师-v/7-3 peewee自动生成表_1.vep" SIZE="122510859"
2019-05-02 23:07:53 [WARN] ID#128 - The response status is not successful. status=403(22) FILE="C:/Users/Administrator/Desktop/从零起步 系统入门Python爬虫工程师-v/6-7 xpath基本语法 - 1.vep" SIZE="98035515"
2019-05-02 23:07:54 [WARN] ID#127 - The response status is not successful. status=403(22) FILE="C:/Users/Administrator/Desktop/从零起步 系统入门Python爬虫工程师-v/6-8 xpath基本语法 - 2.vep" SIZE="96686427"
2019-05-02 23:07:54 [WARN] ID#130 - The response status is not successful. status=403(22) FILE="C:/Users/Administrator/Desktop/从零起步 系统入门Python爬虫工程师-v/6-5 beautifulsoup用法 - find方法.vep" SIZE="124967477"
2019-05-02 23:07:54 [WARN] ID#131 - The response status is not successful. status=403(22) FILE="C:/Users/Administrator/Desktop/从零起步 系统入门Python爬虫工程师-v/6-4 正则表达式 - python接口.vep" SIZE="101382673"
2019-05-02 23:07:55 [WARN] ID#132 - The response status is not successful. status=403(22) FILE="C:/Users/Administrator/Desktop/从零起步 系统入门Python爬虫工程师-v/6-3 正则表达式-基本语法.vep" SIZE="149669521"
2019-05-02 23:07:55 [WARN] ID#134 - The response status is not successful. status=403(22) FILE="C:/Users/Administrator/Desktop/从零起步 系统入门Python爬虫工程师-v/6-1 爬虫采集方案分类.vep" SIZE="79189257"
2019-05-02 23:07:55 [WARN] ID#135 - The response status is not successful. status=403(22) FILE="C:/Users/Administrator/Desktop/从零起步 系统入门Python爬虫工程师-v/5-8 本章课后作业。.vep" SIZE="30236499"
2019-05-02 23:07:55 [WARN] ID#133 - The response status is not successful. status=403(22) FILE="C:/Users/Administrator/Desktop/从零起步 系统入门Python爬虫工程师-v/6-2 requests功能详解.vep" SIZE="154618249"
2019-05-02 23:08:44 [WARN] rpc error (0): timeout
2019-05-02 23:15:34 [WARN] request error (0x10000001c): https://pan.baidu.com/api/quota 
2019-05-02 23:16:25 [WARN] ID#16 - No URI available.(22) FILE="C:/Users/Administrator/Desktop/Kubernetes（k8s）生产级实践指南 从部署到核心应用vep/4-5 部署dashboard.vep" SIZE="48784963"
2019-05-02 23:16:28 [WARN] ID#14 - No URI available.(22) FILE="C:/Users/Administrator/Desktop/Kubernetes（k8s）生产级实践指南 从部署到核心应用vep/4-3 高可用集群部署（下.vep" SIZE="123210211"
2019-05-02 23:16:44 [WARN] ID#12 - No URI available.(22) FILE="C:/Users/Administrator/Desktop/Kubernetes（k8s）生产级实践指南 从部署到核心应用vep/4-1 实践环境准备.vep" SIZE="135051009"
2019-05-02 23:16:44 [WARN] ID#13 - No URI available.(22) FILE="C:/Users/Administrator/Desktop/Kubernetes（k8s）生产级实践指南 从部署到核心应用vep/4-2 高可用集群部署（上）.vep" SIZE="123698261"
2019-05-02 23:17:05 [WARN] ID#18 - No URI available.(22) FILE="C:/Users/Administrator/Desktop/Kubernetes（k8s）生产级实践指南 从部署到核心应用vep/5-2 Harbor高可用部署（.vep" SIZE="65525613"
2019-05-02 23:17:48 [WARN] ID#17 - No URI available.(22) FILE="C:/Users/Administrator/Desktop/Kubernetes（k8s）生产级实践指南 从部署到核心应用vep/5-1 Harbor入.vep" SIZE="114292803"
2019-05-02 23:18:18 [WARN] request error (0x10000001c): https://pan.baidu.com/rest/2.0/membership/speeds/freqctrl?method=get 
2019-05-02 23:18:41 [WARN] request error (0x10000001c): https://pan.baidu.com/share/list 
2019-05-02 23:19:37 [WARN] request error (0x10000001c): https://pan.baidu.com/share/list 
2019-05-02 23:20:35 [WARN] ID#24 - Write disk cache flush failure index=51(9) FILE="C:/Users/Administrator/Desktop/Kubernetes（k8s）生产级实践指南 从部署到核心应用vep/6-3 springboot的web服务迁移kubernetes.vep" SIZE="61641565"
2019-05-02 23:20:35 [WARN] ID#17 - Write disk cache flush failure index=66(9) FILE="C:/Users/Administrator/Desktop/Kubernetes（k8s）生产级实践指南 从部署到核心应用vep/5-1 Harbor入.vep" SIZE="114292803"
2019-05-02 23:20:36 [WARN] ID#12 - Write disk cache flush failure index=15(9) FILE="C:/Users/Administrator/Desktop/Kubernetes（k8s）生产级实践指南 从部署到核心应用vep/4-1 实践环境准备.vep" SIZE="135051009"
2019-05-02 23:20:37 [WARN] ID#25 - Write disk cache flush failure index=22(9) FILE="C:/Users/Administrator/Desktop/Kubernetes（k8s）生产级实践指南 从部署到核心应用vep/6-4 传统dubbo服务迁移kubernetes（上.vep" SIZE="91344239"
2019-05-02 23:20:37 [WARN] ID#13 - Write disk cache flush failure index=82(9) FILE="C:/Users/Administrator/Desktop/Kubernetes（k8s）生产级实践指南 从部署到核心应用vep/4-2 高可用集群部署（上）.vep" SIZE="123698261"
2019-05-02 23:20:37 [WARN] ID#14 - Write disk cache flush failure index=17(9) FILE="C:/Users/Administrator/Desktop/Kubernetes（k8s）生产级实践指南 从部署到核心应用vep/4-3 高可用集群部署（下.vep" SIZE="123210211"
2019-05-02 23:20:38 [WARN] ID#26 - Write disk cache flush failure index=28(9) FILE="C:/Users/Administrator/Desktop/Kubernetes（k8s）生产级实践指南 从部署到核心应用vep/6-6 传统dubbo服务迁移kubernetes（下.vep" SIZE="91622103"
2019-05-02 23:20:39 [WARN] ID#23 - Write disk cache flush failure index=92(9) FILE="C:/Users/Administrator/Desktop/Kubernetes（k8s）生产级实践指南 从部署到核心应用vep/6-1 定时任务迁移kubernetes.vep" SIZE="129201409"
2019-05-02 23:20:40 [WARN] ID#28 - Write disk cache flush failure index=2(9) FILE="C:/Users/Administrator/Desktop/Kubernetes（k8s）生产级实践指南 从部署到核心应用vep/资料.zip" SIZE="2793761"
2019-05-02 23:20:41 [WARN] ID#27 - Write disk cache flush failure index=91(9) FILE="C:/Users/Administrator/Desktop/Kubernetes（k8s）生产级实践指南 从部署到核心应用vep/6-7 传统web服务迁移kubernet.vep" SIZE="108706779"
2019-05-02 23:20:43 [WARN] ID#12 - Write disk cache flush failure index=78(9) FILE="C:/Users/Administrator/Desktop/Kubernetes（k8s）生产级实践指南 从部署到核心应用vep/4-1 实践环境准备.vep" SIZE="135051009"
2019-05-02 23:20:43 [WARN] ID#13 - Write disk cache flush failure index=25(9) FILE="C:/Users/Administrator/Desktop/Kubernetes（k8s）生产级实践指南 从部署到核心应用vep/4-2 高可用集群部署（上）.vep" SIZE="123698261"
2019-05-02 23:20:43 [WARN] ID#14 - Write disk cache flush failure index=111(9) FILE="C:/Users/Administrator/Desktop/Kubernetes（k8s）生产级实践指南 从部署到核心应用vep/4-3 高可用集群部署（下.vep" SIZE="123210211"
2019-05-02 23:20:44 [WARN] ID#25 - Write disk cache flush failure index=42(9) FILE="C:/Users/Administrator/Desktop/Kubernetes（k8s）生产级实践指南 从部署到核心应用vep/6-4 传统dubbo服务迁移kubernetes（上.vep" SIZE="91344239"
2019-05-02 23:20:44 [WARN] ID#24 - Write disk cache flush failure index=15(9) FILE="C:/Users/Administrator/Desktop/Kubernetes（k8s）生产级实践指南 从部署到核心应用vep/6-3 springboot的web服务迁移kubernetes.vep" SIZE="61641565"
2019-05-02 23:20:45 [WARN] ID#17 - Write disk cache flush failure index=18(9) FILE="C:/Users/Administrator/Desktop/Kubernetes（k8s）生产级实践指南 从部署到核心应用vep/5-1 Harbor入.vep" SIZE="114292803"
2019-05-02 23:20:46 [WARN] ID#26 - Write disk cache flush failure index=22(9) FILE="C:/Users/Administrator/Desktop/Kubernetes（k8s）生产级实践指南 从部署到核心应用vep/6-6 传统dubbo服务迁移kubernetes（下.vep" SIZE="91622103"
2019-05-02 23:20:46 [WARN] ID#28 - Write disk cache flush failure index=2(9) FILE="C:/Users/Administrator/Desktop/Kubernetes（k8s）生产级实践指南 从部署到核心应用vep/资料.zip" SIZE="2793761"
2019-05-02 23:20:47 [WARN] ID#27 - Write disk cache flush failure index=65(9) FILE="C:/Users/Administrator/Desktop/Kubernetes（k8s）生产级实践指南 从部署到核心应用vep/6-7 传统web服务迁移kubernet.vep" SIZE="108706779"
2019-05-02 23:20:48 [WARN] ID#23 - Write disk cache flush failure index=21(9) FILE="C:/Users/Administrator/Desktop/Kubernetes（k8s）生产级实践指南 从部署到核心应用vep/6-1 定时任务迁移kubernetes.vep" SIZE="129201409"
2019-05-02 23:20:49 [WARN] ID#25 - Write disk cache flush failure index=7(9) FILE="C:/Users/Administrator/Desktop/Kubernetes（k8s）生产级实践指南 从部署到核心应用vep/6-4 传统dubbo服务迁移kubernetes（上.vep" SIZE="91344239"
2019-05-02 23:20:49 [WARN] ID#24 - Write disk cache flush failure index=8(9) FILE="C:/Users/Administrator/Desktop/Kubernetes（k8s）生产级实践指南 从部署到核心应用vep/6-3 springboot的web服务迁移kubernetes.vep" SIZE="61641565"
2019-05-02 23:20:49 [WARN] ID#28 - Write disk cache flush failure index=1(9) FILE="C:/Users/Administrator/Desktop/Kubernetes（k8s）生产级实践指南 从部署到核心应用vep/资料.zip" SIZE="2793761"
2019-05-02 23:29:17 [WARN] rpc error (0): timeout
2019-05-02 23:29:36 [WARN] request error (0x10000001c): https://pan.baidu.com/api/quota 
2019-05-02 23:29:58 [WARN] ID#2 - Write disk cache flush failure index=20(9) FILE="C:/Users/Administrator/Desktop/Kubernetes（k8s）生产级实践指南 从部署到核心应用vep/6-7 传统web服务迁移kubernet.vep" SIZE="108706779"
2019-05-02 23:29:58 [WARN] ID#4 - Write disk cache flush failure index=28(9) FILE="C:/Users/Administrator/Desktop/Kubernetes（k8s）生产级实践指南 从部署到核心应用vep/6-4 传统dubbo服务迁移kubernetes（上.vep" SIZE="91344239"
2019-05-02 23:29:59 [WARN] ID#15 - Write disk cache flush failure index=104(9) FILE="C:/Users/Administrator/Desktop/Kubernetes（k8s）生产级实践指南 从部署到核心应用vep/4-3 高可用集群部署（下.vep" SIZE="123210211"
2019-05-02 23:29:59 [WARN] ID#16 - Write disk cache flush failure index=60(9) FILE="C:/Users/Administrator/Desktop/Kubernetes（k8s）生产级实践指南 从部署到核心应用vep/4-2 高可用集群部署（上）.vep" SIZE="123698261"
2019-05-02 23:29:59 [WARN] ID#17 - Write disk cache flush failure index=21(9) FILE="C:/Users/Administrator/Desktop/Kubernetes（k8s）生产级实践指南 从部署到核心应用vep/4-1 实践环境准备.vep" SIZE="135051009"
2019-05-02 23:29:59 [WARN] ID#1 - Write disk cache flush failure index=1(9) FILE="C:/Users/Administrator/Desktop/Kubernetes（k8s）生产级实践指南 从部署到核心应用vep/资料.zip" SIZE="2793761"
2019-05-02 23:29:59 [WARN] ID#3 - Write disk cache flush failure index=70(9) FILE="C:/Users/Administrator/Desktop/Kubernetes（k8s）生产级实践指南 从部署到核心应用vep/6-6 传统dubbo服务迁移kubernetes（下.vep" SIZE="91622103"
2019-05-02 23:29:59 [WARN] ID#5 - Write disk cache flush failure index=43(9) FILE="C:/Users/Administrator/Desktop/Kubernetes（k8s）生产级实践指南 从部署到核心应用vep/6-3 springboot的web服务迁移kubernetes.vep" SIZE="61641565"
2019-05-02 23:29:59 [WARN] ID#6 - Write disk cache flush failure index=17(9) FILE="C:/Users/Administrator/Desktop/Kubernetes（k8s）生产级实践指南 从部署到核心应用vep/6-1 定时任务迁移kubernetes.vep" SIZE="129201409"
2019-05-02 23:29:59 [WARN] ID#12 - Write disk cache flush failure index=57(9) FILE="C:/Users/Administrator/Desktop/Kubernetes（k8s）生产级实践指南 从部署到核心应用vep/5-1 Harbor入.vep" SIZE="114292803"
2019-05-02 23:30:01 [WARN] ID#2 - Write disk cache flush failure index=79(9) FILE="C:/Users/Administrator/Desktop/Kubernetes（k8s）生产级实践指南 从部署到核心应用vep/6-7 传统web服务迁移kubernet.vep" SIZE="108706779"
2019-05-02 23:30:03 [WARN] ID#16 - Write disk cache flush failure index=0(9) FILE="C:/Users/Administrator/Desktop/Kubernetes（k8s）生产级实践指南 从部署到核心应用vep/4-2 高可用集群部署（上）.vep" SIZE="123698261"
2019-05-02 23:30:03 [WARN] ID#6 - Write disk cache flush failure index=70(9) FILE="C:/Users/Administrator/Desktop/Kubernetes（k8s）生产级实践指南 从部署到核心应用vep/6-1 定时任务迁移kubernetes.vep" SIZE="129201409"
2019-05-02 23:30:03 [WARN] ID#17 - Write disk cache flush failure index=106(9) FILE="C:/Users/Administrator/Desktop/Kubernetes（k8s）生产级实践指南 从部署到核心应用vep/4-1 实践环境准备.vep" SIZE="135051009"
2019-05-02 23:30:11 [WARN] ID#4 - Write disk cache flush failure index=81(9) FILE="C:/Users/Administrator/Desktop/Kubernetes（k8s）生产级实践指南 从部署到核心应用vep/6-4 传统dubbo服务迁移kubernetes（上.vep" SIZE="91344239"
2019-05-02 23:30:41 [WARN] ID#16 - The response status is not successful. status=403(22) FILE="C:/Users/Administrator/Desktop/Kubernetes（k8s）生产级实践指南 从部署到核心应用vep/4-2 高可用集群部署（上）.vep" SIZE="123698261"
2019-05-02 23:32:16 [WARN] ID#1 - The response status is not successful. status=503(29) FILE="C:/Users/Administrator/Desktop/Kubernetes（k8s）生产级实践指南 从部署到核心应用vep/资料.zip" SIZE="2793761"
2019-05-02 23:32:30 [WARN] delete download task error: database or disk is full
2019-05-02 23:32:30 [WARN] insert download history error: database or disk is full
2019-05-02 23:32:31 [WARN] ID#15 - Write disk cache flush failure index=41(9) FILE="C:/Users/Administrator/Desktop/Kubernetes（k8s）生产级实践指南 从部署到核心应用vep/4-3 高可用集群部署（下.vep" SIZE="123210211"
2019-05-02 23:32:31 [WARN] delete download task error: database or disk is full
2019-05-02 23:32:31 [WARN] insert download history error: database or disk is full
2019-05-02 23:32:31 [WARN] ID#53 - Write disk cache flush failure index=60(9) FILE="C:/Users/Administrator/Desktop/从零起步 系统入门Python爬虫工程师-v/8-3 python的GIL真的会导致多线程慢吗？.vep" SIZE="157319451"
2019-05-02 23:32:33 [WARN] ID#17 - Write disk cache flush failure index=115(9) FILE="C:/Users/Administrator/Desktop/Kubernetes（k8s）生产级实践指南 从部署到核心应用vep/4-1 实践环境准备.vep" SIZE="135051009"
2019-05-02 23:32:33 [WARN] delete download task error: database or disk is full
2019-05-02 23:32:33 [WARN] insert download history error: database or disk is full
2019-05-02 23:32:34 [WARN] delete download task error: database or disk is full
2019-05-02 23:32:34 [WARN] insert download history error: database or disk is full
2019-05-02 23:32:34 [WARN] delete download task error: database or disk is full
2019-05-02 23:32:34 [WARN] insert download history error: database or disk is full
2019-05-02 23:32:37 [WARN] ID#53 - Write disk cache flush failure index=78(9) FILE="C:/Users/Administrator/Desktop/从零起步 系统入门Python爬虫工程师-v/8-3 python的GIL真的会导致多线程慢吗？.vep" SIZE="157319451"
2019-05-02 23:32:39 [WARN] ID#62 - Write disk cache flush failure index=0(9) FILE="C:/Users/Administrator/Desktop/从零起步 系统入门Python爬虫工程师-v/7-6 分析和获取所有的版块 - 1.vep" SIZE="105830937"
2019-05-02 23:32:40 [WARN] delete download task error: database or disk is full
2019-05-02 23:32:40 [WARN] insert download history error: database or disk is full
2019-05-02 23:32:42 [WARN] delete download task error: database or disk is full
2019-05-02 23:32:42 [WARN] insert download history error: database or disk is full
2019-05-02 23:32:44 [WARN] aria2 websocket connection closed (127.0.0.1:6808), code: 1006 (Abnormal close), reason: 
2019-05-02 23:32:46 [WARN] aria2 websocket connection failed (127.0.0.1:6808), state: 3 (websocketpp.transport:2 - Underlying Transport Error)
	local close code: 1006 (Abnormal close), local close reason: Underlying Transport Error
	remote close code: 1006 (Abnormal close), remote close reason: 
2019-05-02 23:32:46 [WARN] rpc error (0): connection failed
2019-05-02 23:32:46 [WARN] ID#65 - connection failed(0) FILE="C:/Users/Administrator/Desktop/从零起步 系统入门Python爬虫工程师-v/7-3 peewee自动生成表_1.vep" SIZE="122510859"
2019-05-02 23:32:46 [WARN] rpc error (0): connection failed
2019-05-02 23:32:46 [WARN] ID#62 - connection failed(0) FILE="C:/Users/Administrator/Desktop/从零起步 系统入门Python爬虫工程师-v/7-6 分析和获取所有的版块 - 1.vep" SIZE="105830937"
2019-05-02 23:32:48 [WARN] aria2 websocket connection failed (127.0.0.1:6808), state: 3 (websocketpp.transport:2 - Underlying Transport Error)
	local close code: 1006 (Abnormal close), local close reason: Underlying Transport Error
	remote close code: 1006 (Abnormal close), remote close reason: 
2019-05-02 23:32:48 [WARN] rpc error (0): connection failed
2019-05-02 23:32:48 [WARN] ID#61 - connection failed(0) FILE="C:/Users/Administrator/Desktop/从零起步 系统入门Python爬虫工程师-v/7-7 分析和获取所有的版块 - 2.vep" SIZE="76627205"
2019-05-02 23:32:48 [WARN] rpc error (0): connection failed
2019-05-02 23:32:48 [WARN] ID#56 - connection failed(0) FILE="C:/Users/Administrator/Desktop/从零起步 系统入门Python爬虫工程师-v/8-2 多线程编程(1).vep" SIZE="103818379"
2019-05-02 23:32:48 [WARN] rpc error (0): connection failed
2019-05-02 23:32:48 [WARN] ID#60 - connection failed(0) FILE="C:/Users/Administrator/Desktop/从零起步 系统入门Python爬虫工程师-v/7-8 获取和解析列表页-1.vep" SIZE="120488537"
2019-05-02 23:32:48 [WARN] rpc error (0): connection failed
2019-05-02 23:32:48 [WARN] ID#66 - connection failed(0) FILE="C:/Users/Administrator/Desktop/从零起步 系统入门Python爬虫工程师-v/7-2 pymysql的简单使用.vep" SIZE="126322557"
2019-05-02 23:32:50 [WARN] aria2 websocket connection failed (127.0.0.1:6808), state: 3 (websocketpp.transport:2 - Underlying Transport Error)
	local close code: 1006 (Abnormal close), local close reason: Underlying Transport Error
	remote close code: 1006 (Abnormal close), remote close reason: 
2019-05-02 23:32:50 [WARN] rpc error (0): connection failed
2019-05-02 23:32:50 [WARN] ID#53 - connection failed(0) FILE="C:/Users/Administrator/Desktop/从零起步 系统入门Python爬虫工程师-v/8-3 python的GIL真的会导致多线程慢吗？.vep" SIZE="157319451"
2019-05-02 23:32:51 [WARN] rpc error (0): connection failed
2019-05-02 23:32:51 [WARN] ID#61 - connection failed(0) FILE="C:/Users/Administrator/Desktop/从零起步 系统入门Python爬虫工程师-v/7-7 分析和获取所有的版块 - 2.vep" SIZE="76627205"
2019-05-02 23:32:51 [WARN] rpc error (0): connection failed
2019-05-02 23:32:51 [WARN] ID#67 - connection failed(0) FILE="C:/Users/Administrator/Desktop/从零起步 系统入门Python爬虫工程师-v/7-13 获取个人信息详情 - 2.vep" SIZE="71196071"
2019-05-02 23:32:51 [WARN] rpc error (0): connection failed
2019-05-02 23:32:51 [WARN] ID#68 - connection failed(0) FILE="C:/Users/Administrator/Desktop/从零起步 系统入门Python爬虫工程师-v/7-12 获取个人信息详情-1.vep" SIZE="81806223"
2019-05-02 23:32:53 [WARN] rpc error (0): connection failed
2019-05-02 23:32:53 [WARN] ID#65 - connection failed(0) FILE="C:/Users/Administrator/Desktop/从零起步 系统入门Python爬虫工程师-v/7-3 peewee自动生成表_1.vep" SIZE="122510859"
2019-05-02 23:32:54 [WARN] rpc error (0): connection failed
2019-05-02 23:32:54 [WARN] ID#71 - connection failed(0) FILE="C:/Users/Administrator/Desktop/从零起步 系统入门Python爬虫工程师-v/7-1 需求分析.vep" SIZE="117097005"
2019-05-02 23:32:54 [WARN] rpc error (0): connection failed
2019-05-02 23:32:54 [WARN] ID#15 - connection failed(0) FILE="C:/Users/Administrator/Desktop/Kubernetes（k8s）生产级实践指南 从部署到核心应用vep/4-3 高可用集群部署（下.vep" SIZE="123210211"
2019-05-02 23:32:56 [WARN] rpc error (0): connection failed
2019-05-02 23:32:56 [WARN] ID#62 - connection failed(0) FILE="C:/Users/Administrator/Desktop/从零起步 系统入门Python爬虫工程师-v/7-6 分析和获取所有的版块 - 1.vep" SIZE="105830937"
2019-05-02 23:32:59 [WARN] rpc error (0): connection failed
2019-05-02 23:32:59 [WARN] ID#72 - connection failed(0) FILE="C:/Users/Administrator/Desktop/从零起步 系统入门Python爬虫工程师-v/6-8 xpath基本语法 - 2.vep" SIZE="96686427"
2019-05-02 23:33:00 [WARN] rpc error (0): connection failed
2019-05-02 23:33:00 [WARN] ID#67 - connection failed(0) FILE="C:/Users/Administrator/Desktop/从零起步 系统入门Python爬虫工程师-v/7-13 获取个人信息详情 - 2.vep" SIZE="71196071"
2019-05-02 23:33:01 [WARN] rpc error (0): connection failed
2019-05-02 23:33:01 [WARN] ID#60 - connection failed(0) FILE="C:/Users/Administrator/Desktop/从零起步 系统入门Python爬虫工程师-v/7-8 获取和解析列表页-1.vep" SIZE="120488537"
2019-05-02 23:33:03 [WARN] rpc error (0): connection failed
2019-05-02 23:33:03 [WARN] ID#65 - connection failed(0) FILE="C:/Users/Administrator/Desktop/从零起步 系统入门Python爬虫工程师-v/7-3 peewee自动生成表_1.vep" SIZE="122510859"
2019-05-02 23:33:04 [WARN] rpc error (0): connection failed
2019-05-02 23:33:04 [WARN] ID#69 - connection failed(0) FILE="C:/Users/Administrator/Desktop/从零起步 系统入门Python爬虫工程师-v/7-11 获取和解析详情页 - 2.vep" SIZE="95601667"
2019-05-02 23:33:04 [WARN] rpc error (0): connection failed
2019-05-02 23:33:04 [WARN] ID#73 - connection failed(0) FILE="C:/Users/Administrator/Desktop/从零起步 系统入门Python爬虫工程师-v/6-7 xpath基本语法 - 1.vep" SIZE="98035515"
2019-05-02 23:33:05 [WARN] rpc error (0): connection failed
2019-05-02 23:33:05 [WARN] ID#68 - connection failed(0) FILE="C:/Users/Administrator/Desktop/从零起步 系统入门Python爬虫工程师-v/7-12 获取个人信息详情-1.vep" SIZE="81806223"
2019-05-02 23:33:06 [WARN] rpc error (0): connection failed
2019-05-02 23:33:06 [WARN] ID#66 - connection failed(0) FILE="C:/Users/Administrator/Desktop/从零起步 系统入门Python爬虫工程师-v/7-2 pymysql的简单使用.vep" SIZE="126322557"
2019-05-02 23:33:08 [WARN] rpc error (0): connection failed
2019-05-02 23:33:08 [WARN] ID#67 - connection failed(0) FILE="C:/Users/Administrator/Desktop/从零起步 系统入门Python爬虫工程师-v/7-13 获取个人信息详情 - 2.vep" SIZE="71196071"
2019-05-02 23:33:08 [WARN] rpc error (0): connection failed
2019-05-02 23:33:08 [WARN] ID#68 - connection failed(0) FILE="C:/Users/Administrator/Desktop/从零起步 系统入门Python爬虫工程师-v/7-12 获取个人信息详情-1.vep" SIZE="81806223"
2019-05-02 23:33:10 [WARN] rpc error (0): connection failed
2019-05-02 23:33:10 [WARN] ID#70 - connection failed(0) FILE="C:/Users/Administrator/Desktop/从零起步 系统入门Python爬虫工程师-v/7-10 获取和解析详情页 - 1.vep" SIZE="120443987"
2019-05-02 23:33:10 [WARN] rpc error (0): connection failed
2019-05-02 23:33:10 [WARN] ID#71 - connection failed(0) FILE="C:/Users/Administrator/Desktop/从零起步 系统入门Python爬虫工程师-v/7-1 需求分析.vep" SIZE="117097005"
2019-05-02 23:33:10 [WARN] rpc error (0): connection failed
2019-05-02 23:33:10 [WARN] ID#73 - connection failed(0) FILE="C:/Users/Administrator/Desktop/从零起步 系统入门Python爬虫工程师-v/6-7 xpath基本语法 - 1.vep" SIZE="98035515"
2019-05-02 23:33:11 [WARN] rpc error (0): connection failed
2019-05-02 23:33:11 [WARN] ID#72 - connection failed(0) FILE="C:/Users/Administrator/Desktop/从零起步 系统入门Python爬虫工程师-v/6-8 xpath基本语法 - 2.vep" SIZE="96686427"
2019-05-02 23:33:11 [WARN] rpc error (0): connection failed
2019-05-02 23:33:11 [WARN] ID#74 - connection failed(0) FILE="C:/Users/Administrator/Desktop/从零起步 系统入门Python爬虫工程师-v/6-6 beautifulsoup用法 - 父子节点和兄弟节点获取.vep" SIZE="93368071"
2019-05-02 23:33:12 [WARN] rpc error (0): connection failed
2019-05-02 23:33:12 [WARN] ID#56 - connection failed(0) FILE="C:/Users/Administrator/Desktop/从零起步 系统入门Python爬虫工程师-v/8-2 多线程编程(1).vep" SIZE="103818379"
2019-05-02 23:33:15 [WARN] rpc error (0): connection failed
2019-05-02 23:33:15 [WARN] ID#61 - connection failed(0) FILE="C:/Users/Administrator/Desktop/从零起步 系统入门Python爬虫工程师-v/7-7 分析和获取所有的版块 - 2.vep" SIZE="76627205"
2019-05-02 23:33:15 [WARN] rpc error (0): connection failed
2019-05-02 23:33:15 [WARN] ID#76 - connection failed(0) FILE="C:/Users/Administrator/Desktop/从零起步 系统入门Python爬虫工程师-v/6-4 正则表达式 - python接口.vep" SIZE="101382673"
2019-05-02 23:33:17 [WARN] rpc error (0): connection failed
2019-05-02 23:33:17 [WARN] ID#75 - connection failed(0) FILE="C:/Users/Administrator/Desktop/从零起步 系统入门Python爬虫工程师-v/6-5 beautifulsoup用法 - find方法.vep" SIZE="124967477"
2019-05-02 23:33:18 [WARN] rpc error (0): connection failed
2019-05-02 23:33:18 [WARN] ID#66 - connection failed(0) FILE="C:/Users/Administrator/Desktop/从零起步 系统入门Python爬虫工程师-v/7-2 pymysql的简单使用.vep" SIZE="126322557"
2019-05-02 23:33:18 [WARN] rpc error (0): connection failed
2019-05-02 23:40:49 [WARN] rpc error (0): connection failed
2019-05-02 23:40:49 [WARN] rpc error (0): connection failed
2019-05-02 23:40:52 [WARN] rpc error (0): connection failed
2019-05-02 23:40:52 [WARN] rpc error (0): connection failed
2019-05-02 23:40:53 [WARN] rpc error (0): connection failed
2019-05-02 23:40:53 [WARN] rpc error (0): connection failed
2019-05-02 23:40:54 [WARN] rpc error (0): connection failed
2019-05-02 23:40:54 [WARN] rpc error (0): connection failed
2019-05-02 23:40:55 [WARN] rpc error (0): connection failed
2019-05-02 23:40:55 [WARN] rpc error (0): connection failed
2019-05-02 23:41:01 [WARN] rpc error (0): connection failed
2019-05-02 23:41:01 [WARN] rpc error (0): connection failed
2019-05-02 23:41:02 [WARN] rpc error (0): connection failed
2019-05-02 23:41:14 [WARN] request error (0x200000001): https://pan.baidu.com/api/quota {"errno":1,"request_id":2829220575048602989}
2019-05-02 23:41:15 [WARN] rpc error (0): connection failed
2019-05-02 23:41:15 [WARN] rpc error (0): connection failed
2019-05-02 23:41:32 [WARN] rpc error (0): connection failed
2019-05-02 23:41:33 [WARN] rpc error (0): connection failed
2019-05-02 23:41:44 [WARN] rpc error (0): connection failed
2019-05-02 23:41:44 [WARN] rpc error (0): connection failed
2019-05-02 23:41:46 [WARN] rpc error (0): connection failed
2019-05-02 23:41:46 [WARN] rpc error (0): connection failed
2019-05-02 23:41:52 [INFO] close main window
2019-05-02 23:41:52 [WARN] rpc error (0): connection failed
2019-05-02 23:41:52 [WARN] rpc error (0): connection failed
2019-05-02 23:41:52 [WARN] rpc error (0): connection failed
2019-05-02 23:41:53 [INFO] websocket client stop
2019-05-02 23:41:53 [INFO] exit
